<?xml version="1.0" encoding="UTF-8"?>
<!-- Generated by org.testng.reporters.JUnitReportReporter -->
<testsuite skipped="0" hostname="ip-192-168-6-60.ap-southeast-1.compute.internal" name="org.traveloka.experience.test.api.AutoCompleteApiTest" tests="278" failures="82" timestamp="16 May 2019 03:28:22 GMT" time="150.925" errors="0">
  <testcase name="testAutoCompleteWeb" time="0.479" classname="org.traveloka.experience.test.api.AutoCompleteApiTest"/>
  <testcase name="testAutoComplete" time="0.474" classname="org.traveloka.experience.test.api.AutoCompleteApiTest"/>
  <testcase name="testAutoCompleteWeb" time="0.499" classname="org.traveloka.experience.test.api.AutoCompleteApiTest"/>
  <testcase name="testAutoComplete" time="0.710" classname="org.traveloka.experience.test.api.AutoCompleteApiTest"/>
  <testcase name="testAutoComplete" time="0.578" classname="org.traveloka.experience.test.api.AutoCompleteApiTest"/>
  <testcase name="testAutoCompleteWeb" time="0.551" classname="org.traveloka.experience.test.api.AutoCompleteApiTest">
    <failure type="java.lang.AssertionError">
      <![CDATA[java.lang.AssertionError
at org.traveloka.experience.test.api.AutoCompleteApiTest.testAutoCompleteWeb(AutoCompleteApiTest.java:78)
at sun.reflect.GeneratedMethodAccessor163.invoke(Unknown Source)
at sun.reflect.DelegatingMethodAccessorImpl.invoke(DelegatingMethodAccessorImpl.java:43)
at java.lang.reflect.Method.invoke(Method.java:498)
at org.testng.internal.MethodInvocationHelper.invokeMethod(MethodInvocationHelper.java:124)
at org.testng.internal.Invoker.invokeMethod(Invoker.java:583)
at org.testng.internal.Invoker.invokeTestMethod(Invoker.java:719)
at org.testng.internal.Invoker.invokeTestMethods(Invoker.java:989)
at org.testng.internal.TestMethodWorker.invokeTestMethods(TestMethodWorker.java:125)
at org.testng.internal.TestMethodWorker.run(TestMethodWorker.java:109)
at java.util.concurrent.ThreadPoolExecutor.runWorker(ThreadPoolExecutor.java:1149)
at java.util.concurrent.ThreadPoolExecutor$Worker.run(ThreadPoolExecutor.java:624)
at java.lang.Thread.run(Thread.java:748)
]]>
    </failure>
  </testcase> <!-- testAutoCompleteWeb -->
  <testcase name="testAutoCompleteWeb" time="0.549" classname="org.traveloka.experience.test.api.AutoCompleteApiTest"/>
  <testcase name="testAutoComplete" time="0.480" classname="org.traveloka.experience.test.api.AutoCompleteApiTest">
    <failure type="java.lang.AssertionError">
      <![CDATA[java.lang.AssertionError
at org.traveloka.experience.test.api.AutoCompleteApiTest.testAutoComplete(AutoCompleteApiTest.java:45)
at sun.reflect.NativeMethodAccessorImpl.invoke0(Native Method)
at sun.reflect.NativeMethodAccessorImpl.invoke(NativeMethodAccessorImpl.java:62)
at sun.reflect.DelegatingMethodAccessorImpl.invoke(DelegatingMethodAccessorImpl.java:43)
at java.lang.reflect.Method.invoke(Method.java:498)
at org.testng.internal.MethodInvocationHelper.invokeMethod(MethodInvocationHelper.java:124)
at org.testng.internal.Invoker.invokeMethod(Invoker.java:583)
at org.testng.internal.Invoker.invokeTestMethod(Invoker.java:719)
at org.testng.internal.Invoker.invokeTestMethods(Invoker.java:989)
at org.testng.internal.TestMethodWorker.invokeTestMethods(TestMethodWorker.java:125)
at org.testng.internal.TestMethodWorker.run(TestMethodWorker.java:109)
at java.util.concurrent.ThreadPoolExecutor.runWorker(ThreadPoolExecutor.java:1149)
at java.util.concurrent.ThreadPoolExecutor$Worker.run(ThreadPoolExecutor.java:624)
at java.lang.Thread.run(Thread.java:748)
]]>
    </failure>
  </testcase> <!-- testAutoComplete -->
  <testcase name="testAutoComplete" time="0.554" classname="org.traveloka.experience.test.api.AutoCompleteApiTest"/>
  <testcase name="testAutoComplete" time="0.497" classname="org.traveloka.experience.test.api.AutoCompleteApiTest"/>
  <testcase name="testAutoComplete" time="0.545" classname="org.traveloka.experience.test.api.AutoCompleteApiTest"/>
  <testcase name="testAutoCompleteWeb" time="0.490" classname="org.traveloka.experience.test.api.AutoCompleteApiTest"/>
  <testcase name="testAutoCompleteWeb" time="0.567" classname="org.traveloka.experience.test.api.AutoCompleteApiTest"/>
  <testcase name="testAutoCompleteWeb" time="0.458" classname="org.traveloka.experience.test.api.AutoCompleteApiTest">
    <failure type="java.lang.AssertionError">
      <![CDATA[java.lang.AssertionError
at org.traveloka.experience.test.api.AutoCompleteApiTest.testAutoCompleteWeb(AutoCompleteApiTest.java:78)
at sun.reflect.NativeMethodAccessorImpl.invoke0(Native Method)
at sun.reflect.NativeMethodAccessorImpl.invoke(NativeMethodAccessorImpl.java:62)
at sun.reflect.DelegatingMethodAccessorImpl.invoke(DelegatingMethodAccessorImpl.java:43)
at java.lang.reflect.Method.invoke(Method.java:498)
at org.testng.internal.MethodInvocationHelper.invokeMethod(MethodInvocationHelper.java:124)
at org.testng.internal.Invoker.invokeMethod(Invoker.java:583)
at org.testng.internal.Invoker.invokeTestMethod(Invoker.java:719)
at org.testng.internal.Invoker.invokeTestMethods(Invoker.java:989)
at org.testng.internal.TestMethodWorker.invokeTestMethods(TestMethodWorker.java:125)
at org.testng.internal.TestMethodWorker.run(TestMethodWorker.java:109)
at java.util.concurrent.ThreadPoolExecutor.runWorker(ThreadPoolExecutor.java:1149)
at java.util.concurrent.ThreadPoolExecutor$Worker.run(ThreadPoolExecutor.java:624)
at java.lang.Thread.run(Thread.java:748)
]]>
    </failure>
  </testcase> <!-- testAutoCompleteWeb -->
  <testcase name="testAutoCompleteWeb" time="0.494" classname="org.traveloka.experience.test.api.AutoCompleteApiTest"/>
  <testcase name="testAutoComplete" time="0.502" classname="org.traveloka.experience.test.api.AutoCompleteApiTest"/>
  <testcase name="testAutoCompleteWeb" time="0.545" classname="org.traveloka.experience.test.api.AutoCompleteApiTest"/>
  <testcase name="testAutoCompleteWeb" time="0.472" classname="org.traveloka.experience.test.api.AutoCompleteApiTest"/>
  <testcase name="testAutoComplete" time="0.473" classname="org.traveloka.experience.test.api.AutoCompleteApiTest"/>
  <testcase name="testAutoCompleteWeb" time="0.475" classname="org.traveloka.experience.test.api.AutoCompleteApiTest">
    <failure type="java.lang.AssertionError">
      <![CDATA[java.lang.AssertionError
at org.traveloka.experience.test.api.AutoCompleteApiTest.testAutoCompleteWeb(AutoCompleteApiTest.java:78)
at sun.reflect.NativeMethodAccessorImpl.invoke0(Native Method)
at sun.reflect.NativeMethodAccessorImpl.invoke(NativeMethodAccessorImpl.java:62)
at sun.reflect.DelegatingMethodAccessorImpl.invoke(DelegatingMethodAccessorImpl.java:43)
at java.lang.reflect.Method.invoke(Method.java:498)
at org.testng.internal.MethodInvocationHelper.invokeMethod(MethodInvocationHelper.java:124)
at org.testng.internal.Invoker.invokeMethod(Invoker.java:583)
at org.testng.internal.Invoker.invokeTestMethod(Invoker.java:719)
at org.testng.internal.Invoker.invokeTestMethods(Invoker.java:989)
at org.testng.internal.TestMethodWorker.invokeTestMethods(TestMethodWorker.java:125)
at org.testng.internal.TestMethodWorker.run(TestMethodWorker.java:109)
at java.util.concurrent.ThreadPoolExecutor.runWorker(ThreadPoolExecutor.java:1149)
at java.util.concurrent.ThreadPoolExecutor$Worker.run(ThreadPoolExecutor.java:624)
at java.lang.Thread.run(Thread.java:748)
]]>
    </failure>
  </testcase> <!-- testAutoCompleteWeb -->
  <testcase name="testAutoComplete" time="0.483" classname="org.traveloka.experience.test.api.AutoCompleteApiTest">
    <failure type="java.lang.AssertionError">
      <![CDATA[java.lang.AssertionError
at org.traveloka.experience.test.api.AutoCompleteApiTest.testAutoComplete(AutoCompleteApiTest.java:45)
at sun.reflect.NativeMethodAccessorImpl.invoke0(Native Method)
at sun.reflect.NativeMethodAccessorImpl.invoke(NativeMethodAccessorImpl.java:62)
at sun.reflect.DelegatingMethodAccessorImpl.invoke(DelegatingMethodAccessorImpl.java:43)
at java.lang.reflect.Method.invoke(Method.java:498)
at org.testng.internal.MethodInvocationHelper.invokeMethod(MethodInvocationHelper.java:124)
at org.testng.internal.Invoker.invokeMethod(Invoker.java:583)
at org.testng.internal.Invoker.invokeTestMethod(Invoker.java:719)
at org.testng.internal.Invoker.invokeTestMethods(Invoker.java:989)
at org.testng.internal.TestMethodWorker.invokeTestMethods(TestMethodWorker.java:125)
at org.testng.internal.TestMethodWorker.run(TestMethodWorker.java:109)
at java.util.concurrent.ThreadPoolExecutor.runWorker(ThreadPoolExecutor.java:1149)
at java.util.concurrent.ThreadPoolExecutor$Worker.run(ThreadPoolExecutor.java:624)
at java.lang.Thread.run(Thread.java:748)
]]>
    </failure>
  </testcase> <!-- testAutoComplete -->
  <testcase name="testAutoComplete" time="0.477" classname="org.traveloka.experience.test.api.AutoCompleteApiTest"/>
  <testcase name="testAutoCompleteWeb" time="0.474" classname="org.traveloka.experience.test.api.AutoCompleteApiTest">
    <failure type="java.lang.AssertionError">
      <![CDATA[java.lang.AssertionError
at org.traveloka.experience.test.api.AutoCompleteApiTest.testAutoCompleteWeb(AutoCompleteApiTest.java:78)
at sun.reflect.GeneratedMethodAccessor163.invoke(Unknown Source)
at sun.reflect.DelegatingMethodAccessorImpl.invoke(DelegatingMethodAccessorImpl.java:43)
at java.lang.reflect.Method.invoke(Method.java:498)
at org.testng.internal.MethodInvocationHelper.invokeMethod(MethodInvocationHelper.java:124)
at org.testng.internal.Invoker.invokeMethod(Invoker.java:583)
at org.testng.internal.Invoker.invokeTestMethod(Invoker.java:719)
at org.testng.internal.Invoker.invokeTestMethods(Invoker.java:989)
at org.testng.internal.TestMethodWorker.invokeTestMethods(TestMethodWorker.java:125)
at org.testng.internal.TestMethodWorker.run(TestMethodWorker.java:109)
at java.util.concurrent.ThreadPoolExecutor.runWorker(ThreadPoolExecutor.java:1149)
at java.util.concurrent.ThreadPoolExecutor$Worker.run(ThreadPoolExecutor.java:624)
at java.lang.Thread.run(Thread.java:748)
]]>
    </failure>
  </testcase> <!-- testAutoCompleteWeb -->
  <testcase name="testAutoCompleteWeb" time="0.449" classname="org.traveloka.experience.test.api.AutoCompleteApiTest">
    <failure type="java.lang.AssertionError">
      <![CDATA[java.lang.AssertionError
at org.traveloka.experience.test.api.AutoCompleteApiTest.testAutoCompleteWeb(AutoCompleteApiTest.java:78)
at sun.reflect.NativeMethodAccessorImpl.invoke0(Native Method)
at sun.reflect.NativeMethodAccessorImpl.invoke(NativeMethodAccessorImpl.java:62)
at sun.reflect.DelegatingMethodAccessorImpl.invoke(DelegatingMethodAccessorImpl.java:43)
at java.lang.reflect.Method.invoke(Method.java:498)
at org.testng.internal.MethodInvocationHelper.invokeMethod(MethodInvocationHelper.java:124)
at org.testng.internal.Invoker.invokeMethod(Invoker.java:583)
at org.testng.internal.Invoker.invokeTestMethod(Invoker.java:719)
at org.testng.internal.Invoker.invokeTestMethods(Invoker.java:989)
at org.testng.internal.TestMethodWorker.invokeTestMethods(TestMethodWorker.java:125)
at org.testng.internal.TestMethodWorker.run(TestMethodWorker.java:109)
at java.util.concurrent.ThreadPoolExecutor.runWorker(ThreadPoolExecutor.java:1149)
at java.util.concurrent.ThreadPoolExecutor$Worker.run(ThreadPoolExecutor.java:624)
at java.lang.Thread.run(Thread.java:748)
]]>
    </failure>
  </testcase> <!-- testAutoCompleteWeb -->
  <testcase name="testAutoComplete" time="0.572" classname="org.traveloka.experience.test.api.AutoCompleteApiTest"/>
  <testcase name="testAutoCompleteWeb" time="0.450" classname="org.traveloka.experience.test.api.AutoCompleteApiTest">
    <failure type="java.lang.AssertionError">
      <![CDATA[java.lang.AssertionError
at org.traveloka.experience.test.api.AutoCompleteApiTest.testAutoCompleteWeb(AutoCompleteApiTest.java:78)
at sun.reflect.NativeMethodAccessorImpl.invoke0(Native Method)
at sun.reflect.NativeMethodAccessorImpl.invoke(NativeMethodAccessorImpl.java:62)
at sun.reflect.DelegatingMethodAccessorImpl.invoke(DelegatingMethodAccessorImpl.java:43)
at java.lang.reflect.Method.invoke(Method.java:498)
at org.testng.internal.MethodInvocationHelper.invokeMethod(MethodInvocationHelper.java:124)
at org.testng.internal.Invoker.invokeMethod(Invoker.java:583)
at org.testng.internal.Invoker.invokeTestMethod(Invoker.java:719)
at org.testng.internal.Invoker.invokeTestMethods(Invoker.java:989)
at org.testng.internal.TestMethodWorker.invokeTestMethods(TestMethodWorker.java:125)
at org.testng.internal.TestMethodWorker.run(TestMethodWorker.java:109)
at java.util.concurrent.ThreadPoolExecutor.runWorker(ThreadPoolExecutor.java:1149)
at java.util.concurrent.ThreadPoolExecutor$Worker.run(ThreadPoolExecutor.java:624)
at java.lang.Thread.run(Thread.java:748)
]]>
    </failure>
  </testcase> <!-- testAutoCompleteWeb -->
  <testcase name="testAutoCompleteWeb" time="0.502" classname="org.traveloka.experience.test.api.AutoCompleteApiTest"/>
  <testcase name="testAutoComplete" time="0.461" classname="org.traveloka.experience.test.api.AutoCompleteApiTest"/>
  <testcase name="testAutoComplete" time="0.615" classname="org.traveloka.experience.test.api.AutoCompleteApiTest"/>
  <testcase name="testAutoComplete" time="0.789" classname="org.traveloka.experience.test.api.AutoCompleteApiTest"/>
  <testcase name="testAutoComplete" time="0.920" classname="org.traveloka.experience.test.api.AutoCompleteApiTest"/>
  <testcase name="testAutoCompleteWeb" time="0.470" classname="org.traveloka.experience.test.api.AutoCompleteApiTest"/>
  <testcase name="testAutoComplete" time="0.480" classname="org.traveloka.experience.test.api.AutoCompleteApiTest">
    <failure type="java.lang.AssertionError">
      <![CDATA[java.lang.AssertionError
at org.traveloka.experience.test.api.AutoCompleteApiTest.testAutoComplete(AutoCompleteApiTest.java:45)
at sun.reflect.GeneratedMethodAccessor84.invoke(Unknown Source)
at sun.reflect.DelegatingMethodAccessorImpl.invoke(DelegatingMethodAccessorImpl.java:43)
at java.lang.reflect.Method.invoke(Method.java:498)
at org.testng.internal.MethodInvocationHelper.invokeMethod(MethodInvocationHelper.java:124)
at org.testng.internal.Invoker.invokeMethod(Invoker.java:583)
at org.testng.internal.Invoker.invokeTestMethod(Invoker.java:719)
at org.testng.internal.Invoker.invokeTestMethods(Invoker.java:989)
at org.testng.internal.TestMethodWorker.invokeTestMethods(TestMethodWorker.java:125)
at org.testng.internal.TestMethodWorker.run(TestMethodWorker.java:109)
at java.util.concurrent.ThreadPoolExecutor.runWorker(ThreadPoolExecutor.java:1149)
at java.util.concurrent.ThreadPoolExecutor$Worker.run(ThreadPoolExecutor.java:624)
at java.lang.Thread.run(Thread.java:748)
]]>
    </failure>
  </testcase> <!-- testAutoComplete -->
  <testcase name="testAutoCompleteWeb" time="0.475" classname="org.traveloka.experience.test.api.AutoCompleteApiTest">
    <failure type="java.lang.AssertionError">
      <![CDATA[java.lang.AssertionError
at org.traveloka.experience.test.api.AutoCompleteApiTest.testAutoCompleteWeb(AutoCompleteApiTest.java:78)
at sun.reflect.GeneratedMethodAccessor163.invoke(Unknown Source)
at sun.reflect.DelegatingMethodAccessorImpl.invoke(DelegatingMethodAccessorImpl.java:43)
at java.lang.reflect.Method.invoke(Method.java:498)
at org.testng.internal.MethodInvocationHelper.invokeMethod(MethodInvocationHelper.java:124)
at org.testng.internal.Invoker.invokeMethod(Invoker.java:583)
at org.testng.internal.Invoker.invokeTestMethod(Invoker.java:719)
at org.testng.internal.Invoker.invokeTestMethods(Invoker.java:989)
at org.testng.internal.TestMethodWorker.invokeTestMethods(TestMethodWorker.java:125)
at org.testng.internal.TestMethodWorker.run(TestMethodWorker.java:109)
at java.util.concurrent.ThreadPoolExecutor.runWorker(ThreadPoolExecutor.java:1149)
at java.util.concurrent.ThreadPoolExecutor$Worker.run(ThreadPoolExecutor.java:624)
at java.lang.Thread.run(Thread.java:748)
]]>
    </failure>
  </testcase> <!-- testAutoCompleteWeb -->
  <testcase name="testAutoCompleteWeb" time="0.477" classname="org.traveloka.experience.test.api.AutoCompleteApiTest"/>
  <testcase name="testAutoCompleteWeb" time="0.558" classname="org.traveloka.experience.test.api.AutoCompleteApiTest">
    <failure type="java.lang.AssertionError">
      <![CDATA[java.lang.AssertionError
at org.traveloka.experience.test.api.AutoCompleteApiTest.testAutoCompleteWeb(AutoCompleteApiTest.java:78)
at sun.reflect.GeneratedMethodAccessor163.invoke(Unknown Source)
at sun.reflect.DelegatingMethodAccessorImpl.invoke(DelegatingMethodAccessorImpl.java:43)
at java.lang.reflect.Method.invoke(Method.java:498)
at org.testng.internal.MethodInvocationHelper.invokeMethod(MethodInvocationHelper.java:124)
at org.testng.internal.Invoker.invokeMethod(Invoker.java:583)
at org.testng.internal.Invoker.invokeTestMethod(Invoker.java:719)
at org.testng.internal.Invoker.invokeTestMethods(Invoker.java:989)
at org.testng.internal.TestMethodWorker.invokeTestMethods(TestMethodWorker.java:125)
at org.testng.internal.TestMethodWorker.run(TestMethodWorker.java:109)
at java.util.concurrent.ThreadPoolExecutor.runWorker(ThreadPoolExecutor.java:1149)
at java.util.concurrent.ThreadPoolExecutor$Worker.run(ThreadPoolExecutor.java:624)
at java.lang.Thread.run(Thread.java:748)
]]>
    </failure>
  </testcase> <!-- testAutoCompleteWeb -->
  <testcase name="testAutoCompleteWeb" time="0.491" classname="org.traveloka.experience.test.api.AutoCompleteApiTest">
    <failure type="java.lang.AssertionError">
      <![CDATA[java.lang.AssertionError
at org.traveloka.experience.test.api.AutoCompleteApiTest.testAutoCompleteWeb(AutoCompleteApiTest.java:78)
at sun.reflect.GeneratedMethodAccessor163.invoke(Unknown Source)
at sun.reflect.DelegatingMethodAccessorImpl.invoke(DelegatingMethodAccessorImpl.java:43)
at java.lang.reflect.Method.invoke(Method.java:498)
at org.testng.internal.MethodInvocationHelper.invokeMethod(MethodInvocationHelper.java:124)
at org.testng.internal.Invoker.invokeMethod(Invoker.java:583)
at org.testng.internal.Invoker.invokeTestMethod(Invoker.java:719)
at org.testng.internal.Invoker.invokeTestMethods(Invoker.java:989)
at org.testng.internal.TestMethodWorker.invokeTestMethods(TestMethodWorker.java:125)
at org.testng.internal.TestMethodWorker.run(TestMethodWorker.java:109)
at java.util.concurrent.ThreadPoolExecutor.runWorker(ThreadPoolExecutor.java:1149)
at java.util.concurrent.ThreadPoolExecutor$Worker.run(ThreadPoolExecutor.java:624)
at java.lang.Thread.run(Thread.java:748)
]]>
    </failure>
  </testcase> <!-- testAutoCompleteWeb -->
  <testcase name="testAutoComplete" time="0.537" classname="org.traveloka.experience.test.api.AutoCompleteApiTest"/>
  <testcase name="testAutoComplete" time="0.545" classname="org.traveloka.experience.test.api.AutoCompleteApiTest"/>
  <testcase name="testAutoCompleteWeb" time="0.470" classname="org.traveloka.experience.test.api.AutoCompleteApiTest"/>
  <testcase name="testAutoCompleteWeb" time="0.546" classname="org.traveloka.experience.test.api.AutoCompleteApiTest"/>
  <testcase name="testAutoCompleteWeb" time="0.465" classname="org.traveloka.experience.test.api.AutoCompleteApiTest"/>
  <testcase name="testAutoCompleteWeb" time="0.502" classname="org.traveloka.experience.test.api.AutoCompleteApiTest"/>
  <testcase name="testAutoCompleteWeb" time="0.487" classname="org.traveloka.experience.test.api.AutoCompleteApiTest"/>
  <testcase name="testAutoComplete" time="0.511" classname="org.traveloka.experience.test.api.AutoCompleteApiTest"/>
  <testcase name="testAutoCompleteWeb" time="0.492" classname="org.traveloka.experience.test.api.AutoCompleteApiTest"/>
  <testcase name="testAutoComplete" time="0.501" classname="org.traveloka.experience.test.api.AutoCompleteApiTest"/>
  <testcase name="testAutoCompleteWeb" time="0.483" classname="org.traveloka.experience.test.api.AutoCompleteApiTest">
    <failure type="java.lang.AssertionError">
      <![CDATA[java.lang.AssertionError
at org.traveloka.experience.test.api.AutoCompleteApiTest.testAutoCompleteWeb(AutoCompleteApiTest.java:78)
at sun.reflect.GeneratedMethodAccessor163.invoke(Unknown Source)
at sun.reflect.DelegatingMethodAccessorImpl.invoke(DelegatingMethodAccessorImpl.java:43)
at java.lang.reflect.Method.invoke(Method.java:498)
at org.testng.internal.MethodInvocationHelper.invokeMethod(MethodInvocationHelper.java:124)
at org.testng.internal.Invoker.invokeMethod(Invoker.java:583)
at org.testng.internal.Invoker.invokeTestMethod(Invoker.java:719)
at org.testng.internal.Invoker.invokeTestMethods(Invoker.java:989)
at org.testng.internal.TestMethodWorker.invokeTestMethods(TestMethodWorker.java:125)
at org.testng.internal.TestMethodWorker.run(TestMethodWorker.java:109)
at java.util.concurrent.ThreadPoolExecutor.runWorker(ThreadPoolExecutor.java:1149)
at java.util.concurrent.ThreadPoolExecutor$Worker.run(ThreadPoolExecutor.java:624)
at java.lang.Thread.run(Thread.java:748)
]]>
    </failure>
  </testcase> <!-- testAutoCompleteWeb -->
  <testcase name="testAutoCompleteWeb" time="0.505" classname="org.traveloka.experience.test.api.AutoCompleteApiTest"/>
  <testcase name="testAutoCompleteWeb" time="0.449" classname="org.traveloka.experience.test.api.AutoCompleteApiTest">
    <failure type="java.lang.AssertionError">
      <![CDATA[java.lang.AssertionError
at org.traveloka.experience.test.api.AutoCompleteApiTest.testAutoCompleteWeb(AutoCompleteApiTest.java:78)
at sun.reflect.GeneratedMethodAccessor163.invoke(Unknown Source)
at sun.reflect.DelegatingMethodAccessorImpl.invoke(DelegatingMethodAccessorImpl.java:43)
at java.lang.reflect.Method.invoke(Method.java:498)
at org.testng.internal.MethodInvocationHelper.invokeMethod(MethodInvocationHelper.java:124)
at org.testng.internal.Invoker.invokeMethod(Invoker.java:583)
at org.testng.internal.Invoker.invokeTestMethod(Invoker.java:719)
at org.testng.internal.Invoker.invokeTestMethods(Invoker.java:989)
at org.testng.internal.TestMethodWorker.invokeTestMethods(TestMethodWorker.java:125)
at org.testng.internal.TestMethodWorker.run(TestMethodWorker.java:109)
at java.util.concurrent.ThreadPoolExecutor.runWorker(ThreadPoolExecutor.java:1149)
at java.util.concurrent.ThreadPoolExecutor$Worker.run(ThreadPoolExecutor.java:624)
at java.lang.Thread.run(Thread.java:748)
]]>
    </failure>
  </testcase> <!-- testAutoCompleteWeb -->
  <testcase name="testAutoCompleteWeb" time="0.479" classname="org.traveloka.experience.test.api.AutoCompleteApiTest"/>
  <testcase name="testAutoCompleteWeb" time="0.489" classname="org.traveloka.experience.test.api.AutoCompleteApiTest"/>
  <testcase name="testAutoComplete" time="0.476" classname="org.traveloka.experience.test.api.AutoCompleteApiTest"/>
  <testcase name="testAutoComplete" time="0.503" classname="org.traveloka.experience.test.api.AutoCompleteApiTest"/>
  <testcase name="testAutoComplete" time="0.522" classname="org.traveloka.experience.test.api.AutoCompleteApiTest">
    <failure type="java.lang.AssertionError">
      <![CDATA[java.lang.AssertionError
at org.traveloka.experience.test.api.AutoCompleteApiTest.testAutoComplete(AutoCompleteApiTest.java:45)
at sun.reflect.NativeMethodAccessorImpl.invoke0(Native Method)
at sun.reflect.NativeMethodAccessorImpl.invoke(NativeMethodAccessorImpl.java:62)
at sun.reflect.DelegatingMethodAccessorImpl.invoke(DelegatingMethodAccessorImpl.java:43)
at java.lang.reflect.Method.invoke(Method.java:498)
at org.testng.internal.MethodInvocationHelper.invokeMethod(MethodInvocationHelper.java:124)
at org.testng.internal.Invoker.invokeMethod(Invoker.java:583)
at org.testng.internal.Invoker.invokeTestMethod(Invoker.java:719)
at org.testng.internal.Invoker.invokeTestMethods(Invoker.java:989)
at org.testng.internal.TestMethodWorker.invokeTestMethods(TestMethodWorker.java:125)
at org.testng.internal.TestMethodWorker.run(TestMethodWorker.java:109)
at java.util.concurrent.ThreadPoolExecutor.runWorker(ThreadPoolExecutor.java:1149)
at java.util.concurrent.ThreadPoolExecutor$Worker.run(ThreadPoolExecutor.java:624)
at java.lang.Thread.run(Thread.java:748)
]]>
    </failure>
  </testcase> <!-- testAutoComplete -->
  <testcase name="testAutoCompleteWeb" time="0.485" classname="org.traveloka.experience.test.api.AutoCompleteApiTest"/>
  <testcase name="testAutoComplete" time="0.527" classname="org.traveloka.experience.test.api.AutoCompleteApiTest"/>
  <testcase name="testAutoComplete" time="0.518" classname="org.traveloka.experience.test.api.AutoCompleteApiTest">
    <failure type="java.lang.AssertionError">
      <![CDATA[java.lang.AssertionError
at org.traveloka.experience.test.api.AutoCompleteApiTest.testAutoComplete(AutoCompleteApiTest.java:45)
at sun.reflect.GeneratedMethodAccessor84.invoke(Unknown Source)
at sun.reflect.DelegatingMethodAccessorImpl.invoke(DelegatingMethodAccessorImpl.java:43)
at java.lang.reflect.Method.invoke(Method.java:498)
at org.testng.internal.MethodInvocationHelper.invokeMethod(MethodInvocationHelper.java:124)
at org.testng.internal.Invoker.invokeMethod(Invoker.java:583)
at org.testng.internal.Invoker.invokeTestMethod(Invoker.java:719)
at org.testng.internal.Invoker.invokeTestMethods(Invoker.java:989)
at org.testng.internal.TestMethodWorker.invokeTestMethods(TestMethodWorker.java:125)
at org.testng.internal.TestMethodWorker.run(TestMethodWorker.java:109)
at java.util.concurrent.ThreadPoolExecutor.runWorker(ThreadPoolExecutor.java:1149)
at java.util.concurrent.ThreadPoolExecutor$Worker.run(ThreadPoolExecutor.java:624)
at java.lang.Thread.run(Thread.java:748)
]]>
    </failure>
  </testcase> <!-- testAutoComplete -->
  <testcase name="testAutoComplete" time="0.505" classname="org.traveloka.experience.test.api.AutoCompleteApiTest"/>
  <testcase name="testAutoComplete" time="0.479" classname="org.traveloka.experience.test.api.AutoCompleteApiTest"/>
  <testcase name="testAutoComplete" time="0.477" classname="org.traveloka.experience.test.api.AutoCompleteApiTest"/>
  <testcase name="testAutoCompleteWeb" time="0.548" classname="org.traveloka.experience.test.api.AutoCompleteApiTest"/>
  <testcase name="testAutoComplete" time="0.475" classname="org.traveloka.experience.test.api.AutoCompleteApiTest"/>
  <testcase name="testAutoCompleteWeb" time="0.465" classname="org.traveloka.experience.test.api.AutoCompleteApiTest"/>
  <testcase name="testAutoCompleteWeb" time="0.498" classname="org.traveloka.experience.test.api.AutoCompleteApiTest"/>
  <testcase name="testAutoCompleteWeb" time="0.540" classname="org.traveloka.experience.test.api.AutoCompleteApiTest"/>
  <testcase name="testAutoCompleteWeb" time="0.483" classname="org.traveloka.experience.test.api.AutoCompleteApiTest"/>
  <testcase name="testAutoCompleteWeb" time="0.525" classname="org.traveloka.experience.test.api.AutoCompleteApiTest"/>
  <testcase name="testAutoCompleteWeb" time="0.595" classname="org.traveloka.experience.test.api.AutoCompleteApiTest"/>
  <testcase name="testAutoComplete" time="0.514" classname="org.traveloka.experience.test.api.AutoCompleteApiTest"/>
  <testcase name="testAutoComplete" time="0.575" classname="org.traveloka.experience.test.api.AutoCompleteApiTest"/>
  <testcase name="testAutoCompleteWeb" time="0.449" classname="org.traveloka.experience.test.api.AutoCompleteApiTest">
    <failure type="java.lang.AssertionError">
      <![CDATA[java.lang.AssertionError
at org.traveloka.experience.test.api.AutoCompleteApiTest.testAutoCompleteWeb(AutoCompleteApiTest.java:78)
at sun.reflect.GeneratedMethodAccessor163.invoke(Unknown Source)
at sun.reflect.DelegatingMethodAccessorImpl.invoke(DelegatingMethodAccessorImpl.java:43)
at java.lang.reflect.Method.invoke(Method.java:498)
at org.testng.internal.MethodInvocationHelper.invokeMethod(MethodInvocationHelper.java:124)
at org.testng.internal.Invoker.invokeMethod(Invoker.java:583)
at org.testng.internal.Invoker.invokeTestMethod(Invoker.java:719)
at org.testng.internal.Invoker.invokeTestMethods(Invoker.java:989)
at org.testng.internal.TestMethodWorker.invokeTestMethods(TestMethodWorker.java:125)
at org.testng.internal.TestMethodWorker.run(TestMethodWorker.java:109)
at java.util.concurrent.ThreadPoolExecutor.runWorker(ThreadPoolExecutor.java:1149)
at java.util.concurrent.ThreadPoolExecutor$Worker.run(ThreadPoolExecutor.java:624)
at java.lang.Thread.run(Thread.java:748)
]]>
    </failure>
  </testcase> <!-- testAutoCompleteWeb -->
  <testcase name="testAutoComplete" time="1.503" classname="org.traveloka.experience.test.api.AutoCompleteApiTest">
    <failure type="java.lang.AssertionError">
      <![CDATA[java.lang.AssertionError
at org.traveloka.experience.test.api.AutoCompleteApiTest.testAutoComplete(AutoCompleteApiTest.java:45)
at sun.reflect.GeneratedMethodAccessor84.invoke(Unknown Source)
at sun.reflect.DelegatingMethodAccessorImpl.invoke(DelegatingMethodAccessorImpl.java:43)
at java.lang.reflect.Method.invoke(Method.java:498)
at org.testng.internal.MethodInvocationHelper.invokeMethod(MethodInvocationHelper.java:124)
at org.testng.internal.Invoker.invokeMethod(Invoker.java:583)
at org.testng.internal.Invoker.invokeTestMethod(Invoker.java:719)
at org.testng.internal.Invoker.invokeTestMethods(Invoker.java:989)
at org.testng.internal.TestMethodWorker.invokeTestMethods(TestMethodWorker.java:125)
at org.testng.internal.TestMethodWorker.run(TestMethodWorker.java:109)
at java.util.concurrent.ThreadPoolExecutor.runWorker(ThreadPoolExecutor.java:1149)
at java.util.concurrent.ThreadPoolExecutor$Worker.run(ThreadPoolExecutor.java:624)
at java.lang.Thread.run(Thread.java:748)
]]>
    </failure>
  </testcase> <!-- testAutoComplete -->
  <testcase name="testAutoCompleteWeb" time="0.477" classname="org.traveloka.experience.test.api.AutoCompleteApiTest"/>
  <testcase name="testAutoCompleteWeb" time="0.452" classname="org.traveloka.experience.test.api.AutoCompleteApiTest">
    <failure type="java.lang.AssertionError">
      <![CDATA[java.lang.AssertionError
at org.traveloka.experience.test.api.AutoCompleteApiTest.testAutoCompleteWeb(AutoCompleteApiTest.java:78)
at sun.reflect.NativeMethodAccessorImpl.invoke0(Native Method)
at sun.reflect.NativeMethodAccessorImpl.invoke(NativeMethodAccessorImpl.java:62)
at sun.reflect.DelegatingMethodAccessorImpl.invoke(DelegatingMethodAccessorImpl.java:43)
at java.lang.reflect.Method.invoke(Method.java:498)
at org.testng.internal.MethodInvocationHelper.invokeMethod(MethodInvocationHelper.java:124)
at org.testng.internal.Invoker.invokeMethod(Invoker.java:583)
at org.testng.internal.Invoker.invokeTestMethod(Invoker.java:719)
at org.testng.internal.Invoker.invokeTestMethods(Invoker.java:989)
at org.testng.internal.TestMethodWorker.invokeTestMethods(TestMethodWorker.java:125)
at org.testng.internal.TestMethodWorker.run(TestMethodWorker.java:109)
at java.util.concurrent.ThreadPoolExecutor.runWorker(ThreadPoolExecutor.java:1149)
at java.util.concurrent.ThreadPoolExecutor$Worker.run(ThreadPoolExecutor.java:624)
at java.lang.Thread.run(Thread.java:748)
]]>
    </failure>
  </testcase> <!-- testAutoCompleteWeb -->
  <testcase name="testAutoComplete" time="0.491" classname="org.traveloka.experience.test.api.AutoCompleteApiTest"/>
  <testcase name="testAutoComplete" time="0.567" classname="org.traveloka.experience.test.api.AutoCompleteApiTest"/>
  <testcase name="testAutoComplete" time="0.568" classname="org.traveloka.experience.test.api.AutoCompleteApiTest"/>
  <testcase name="testAutoCompleteWeb" time="1.548" classname="org.traveloka.experience.test.api.AutoCompleteApiTest"/>
  <testcase name="testAutoComplete" time="0.493" classname="org.traveloka.experience.test.api.AutoCompleteApiTest"/>
  <testcase name="testAutoCompleteWeb" time="0.542" classname="org.traveloka.experience.test.api.AutoCompleteApiTest"/>
  <testcase name="testAutoCompleteWeb" time="0.484" classname="org.traveloka.experience.test.api.AutoCompleteApiTest">
    <failure type="java.lang.AssertionError">
      <![CDATA[java.lang.AssertionError
at org.traveloka.experience.test.api.AutoCompleteApiTest.testAutoCompleteWeb(AutoCompleteApiTest.java:78)
at sun.reflect.GeneratedMethodAccessor163.invoke(Unknown Source)
at sun.reflect.DelegatingMethodAccessorImpl.invoke(DelegatingMethodAccessorImpl.java:43)
at java.lang.reflect.Method.invoke(Method.java:498)
at org.testng.internal.MethodInvocationHelper.invokeMethod(MethodInvocationHelper.java:124)
at org.testng.internal.Invoker.invokeMethod(Invoker.java:583)
at org.testng.internal.Invoker.invokeTestMethod(Invoker.java:719)
at org.testng.internal.Invoker.invokeTestMethods(Invoker.java:989)
at org.testng.internal.TestMethodWorker.invokeTestMethods(TestMethodWorker.java:125)
at org.testng.internal.TestMethodWorker.run(TestMethodWorker.java:109)
at java.util.concurrent.ThreadPoolExecutor.runWorker(ThreadPoolExecutor.java:1149)
at java.util.concurrent.ThreadPoolExecutor$Worker.run(ThreadPoolExecutor.java:624)
at java.lang.Thread.run(Thread.java:748)
]]>
    </failure>
  </testcase> <!-- testAutoCompleteWeb -->
  <testcase name="testAutoCompleteWeb" time="0.485" classname="org.traveloka.experience.test.api.AutoCompleteApiTest"/>
  <testcase name="testAutoCompleteWeb" time="0.499" classname="org.traveloka.experience.test.api.AutoCompleteApiTest">
    <failure type="java.lang.AssertionError">
      <![CDATA[java.lang.AssertionError
at org.traveloka.experience.test.api.AutoCompleteApiTest.testAutoCompleteWeb(AutoCompleteApiTest.java:78)
at sun.reflect.NativeMethodAccessorImpl.invoke0(Native Method)
at sun.reflect.NativeMethodAccessorImpl.invoke(NativeMethodAccessorImpl.java:62)
at sun.reflect.DelegatingMethodAccessorImpl.invoke(DelegatingMethodAccessorImpl.java:43)
at java.lang.reflect.Method.invoke(Method.java:498)
at org.testng.internal.MethodInvocationHelper.invokeMethod(MethodInvocationHelper.java:124)
at org.testng.internal.Invoker.invokeMethod(Invoker.java:583)
at org.testng.internal.Invoker.invokeTestMethod(Invoker.java:719)
at org.testng.internal.Invoker.invokeTestMethods(Invoker.java:989)
at org.testng.internal.TestMethodWorker.invokeTestMethods(TestMethodWorker.java:125)
at org.testng.internal.TestMethodWorker.run(TestMethodWorker.java:109)
at java.util.concurrent.ThreadPoolExecutor.runWorker(ThreadPoolExecutor.java:1149)
at java.util.concurrent.ThreadPoolExecutor$Worker.run(ThreadPoolExecutor.java:624)
at java.lang.Thread.run(Thread.java:748)
]]>
    </failure>
  </testcase> <!-- testAutoCompleteWeb -->
  <testcase name="testAutoCompleteWeb" time="0.562" classname="org.traveloka.experience.test.api.AutoCompleteApiTest">
    <failure type="java.lang.AssertionError">
      <![CDATA[java.lang.AssertionError
at org.traveloka.experience.test.api.AutoCompleteApiTest.testAutoCompleteWeb(AutoCompleteApiTest.java:78)
at sun.reflect.GeneratedMethodAccessor163.invoke(Unknown Source)
at sun.reflect.DelegatingMethodAccessorImpl.invoke(DelegatingMethodAccessorImpl.java:43)
at java.lang.reflect.Method.invoke(Method.java:498)
at org.testng.internal.MethodInvocationHelper.invokeMethod(MethodInvocationHelper.java:124)
at org.testng.internal.Invoker.invokeMethod(Invoker.java:583)
at org.testng.internal.Invoker.invokeTestMethod(Invoker.java:719)
at org.testng.internal.Invoker.invokeTestMethods(Invoker.java:989)
at org.testng.internal.TestMethodWorker.invokeTestMethods(TestMethodWorker.java:125)
at org.testng.internal.TestMethodWorker.run(TestMethodWorker.java:109)
at java.util.concurrent.ThreadPoolExecutor.runWorker(ThreadPoolExecutor.java:1149)
at java.util.concurrent.ThreadPoolExecutor$Worker.run(ThreadPoolExecutor.java:624)
at java.lang.Thread.run(Thread.java:748)
]]>
    </failure>
  </testcase> <!-- testAutoCompleteWeb -->
  <testcase name="testAutoCompleteWeb" time="0.542" classname="org.traveloka.experience.test.api.AutoCompleteApiTest"/>
  <testcase name="testAutoCompleteWeb" time="0.469" classname="org.traveloka.experience.test.api.AutoCompleteApiTest"/>
  <testcase name="testAutoComplete" time="0.488" classname="org.traveloka.experience.test.api.AutoCompleteApiTest"/>
  <testcase name="testAutoCompleteWeb" time="0.488" classname="org.traveloka.experience.test.api.AutoCompleteApiTest">
    <failure type="java.lang.AssertionError">
      <![CDATA[java.lang.AssertionError
at org.traveloka.experience.test.api.AutoCompleteApiTest.testAutoCompleteWeb(AutoCompleteApiTest.java:78)
at sun.reflect.GeneratedMethodAccessor163.invoke(Unknown Source)
at sun.reflect.DelegatingMethodAccessorImpl.invoke(DelegatingMethodAccessorImpl.java:43)
at java.lang.reflect.Method.invoke(Method.java:498)
at org.testng.internal.MethodInvocationHelper.invokeMethod(MethodInvocationHelper.java:124)
at org.testng.internal.Invoker.invokeMethod(Invoker.java:583)
at org.testng.internal.Invoker.invokeTestMethod(Invoker.java:719)
at org.testng.internal.Invoker.invokeTestMethods(Invoker.java:989)
at org.testng.internal.TestMethodWorker.invokeTestMethods(TestMethodWorker.java:125)
at org.testng.internal.TestMethodWorker.run(TestMethodWorker.java:109)
at java.util.concurrent.ThreadPoolExecutor.runWorker(ThreadPoolExecutor.java:1149)
at java.util.concurrent.ThreadPoolExecutor$Worker.run(ThreadPoolExecutor.java:624)
at java.lang.Thread.run(Thread.java:748)
]]>
    </failure>
  </testcase> <!-- testAutoCompleteWeb -->
  <testcase name="testAutoComplete" time="0.550" classname="org.traveloka.experience.test.api.AutoCompleteApiTest"/>
  <testcase name="testAutoCompleteWeb" time="0.524" classname="org.traveloka.experience.test.api.AutoCompleteApiTest">
    <failure type="java.lang.AssertionError">
      <![CDATA[java.lang.AssertionError
at org.traveloka.experience.test.api.AutoCompleteApiTest.testAutoCompleteWeb(AutoCompleteApiTest.java:78)
at sun.reflect.GeneratedMethodAccessor163.invoke(Unknown Source)
at sun.reflect.DelegatingMethodAccessorImpl.invoke(DelegatingMethodAccessorImpl.java:43)
at java.lang.reflect.Method.invoke(Method.java:498)
at org.testng.internal.MethodInvocationHelper.invokeMethod(MethodInvocationHelper.java:124)
at org.testng.internal.Invoker.invokeMethod(Invoker.java:583)
at org.testng.internal.Invoker.invokeTestMethod(Invoker.java:719)
at org.testng.internal.Invoker.invokeTestMethods(Invoker.java:989)
at org.testng.internal.TestMethodWorker.invokeTestMethods(TestMethodWorker.java:125)
at org.testng.internal.TestMethodWorker.run(TestMethodWorker.java:109)
at java.util.concurrent.ThreadPoolExecutor.runWorker(ThreadPoolExecutor.java:1149)
at java.util.concurrent.ThreadPoolExecutor$Worker.run(ThreadPoolExecutor.java:624)
at java.lang.Thread.run(Thread.java:748)
]]>
    </failure>
  </testcase> <!-- testAutoCompleteWeb -->
  <testcase name="testAutoCompleteWeb" time="0.454" classname="org.traveloka.experience.test.api.AutoCompleteApiTest">
    <failure type="java.lang.AssertionError">
      <![CDATA[java.lang.AssertionError
at org.traveloka.experience.test.api.AutoCompleteApiTest.testAutoCompleteWeb(AutoCompleteApiTest.java:78)
at sun.reflect.GeneratedMethodAccessor163.invoke(Unknown Source)
at sun.reflect.DelegatingMethodAccessorImpl.invoke(DelegatingMethodAccessorImpl.java:43)
at java.lang.reflect.Method.invoke(Method.java:498)
at org.testng.internal.MethodInvocationHelper.invokeMethod(MethodInvocationHelper.java:124)
at org.testng.internal.Invoker.invokeMethod(Invoker.java:583)
at org.testng.internal.Invoker.invokeTestMethod(Invoker.java:719)
at org.testng.internal.Invoker.invokeTestMethods(Invoker.java:989)
at org.testng.internal.TestMethodWorker.invokeTestMethods(TestMethodWorker.java:125)
at org.testng.internal.TestMethodWorker.run(TestMethodWorker.java:109)
at java.util.concurrent.ThreadPoolExecutor.runWorker(ThreadPoolExecutor.java:1149)
at java.util.concurrent.ThreadPoolExecutor$Worker.run(ThreadPoolExecutor.java:624)
at java.lang.Thread.run(Thread.java:748)
]]>
    </failure>
  </testcase> <!-- testAutoCompleteWeb -->
  <testcase name="testAutoComplete" time="0.528" classname="org.traveloka.experience.test.api.AutoCompleteApiTest"/>
  <testcase name="testAutoCompleteWeb" time="1.121" classname="org.traveloka.experience.test.api.AutoCompleteApiTest"/>
  <testcase name="testAutoComplete" time="0.546" classname="org.traveloka.experience.test.api.AutoCompleteApiTest"/>
  <testcase name="testAutoCompleteWeb" time="0.538" classname="org.traveloka.experience.test.api.AutoCompleteApiTest">
    <failure type="java.lang.AssertionError">
      <![CDATA[java.lang.AssertionError
at org.traveloka.experience.test.api.AutoCompleteApiTest.testAutoCompleteWeb(AutoCompleteApiTest.java:78)
at sun.reflect.GeneratedMethodAccessor163.invoke(Unknown Source)
at sun.reflect.DelegatingMethodAccessorImpl.invoke(DelegatingMethodAccessorImpl.java:43)
at java.lang.reflect.Method.invoke(Method.java:498)
at org.testng.internal.MethodInvocationHelper.invokeMethod(MethodInvocationHelper.java:124)
at org.testng.internal.Invoker.invokeMethod(Invoker.java:583)
at org.testng.internal.Invoker.invokeTestMethod(Invoker.java:719)
at org.testng.internal.Invoker.invokeTestMethods(Invoker.java:989)
at org.testng.internal.TestMethodWorker.invokeTestMethods(TestMethodWorker.java:125)
at org.testng.internal.TestMethodWorker.run(TestMethodWorker.java:109)
at java.util.concurrent.ThreadPoolExecutor.runWorker(ThreadPoolExecutor.java:1149)
at java.util.concurrent.ThreadPoolExecutor$Worker.run(ThreadPoolExecutor.java:624)
at java.lang.Thread.run(Thread.java:748)
]]>
    </failure>
  </testcase> <!-- testAutoCompleteWeb -->
  <testcase name="testAutoComplete" time="0.499" classname="org.traveloka.experience.test.api.AutoCompleteApiTest"/>
  <testcase name="testAutoComplete" time="0.475" classname="org.traveloka.experience.test.api.AutoCompleteApiTest"/>
  <testcase name="testAutoCompleteWeb" time="0.604" classname="org.traveloka.experience.test.api.AutoCompleteApiTest"/>
  <testcase name="testAutoComplete" time="1.618" classname="org.traveloka.experience.test.api.AutoCompleteApiTest">
    <failure type="java.lang.AssertionError">
      <![CDATA[java.lang.AssertionError
at org.traveloka.experience.test.api.AutoCompleteApiTest.testAutoComplete(AutoCompleteApiTest.java:45)
at sun.reflect.NativeMethodAccessorImpl.invoke0(Native Method)
at sun.reflect.NativeMethodAccessorImpl.invoke(NativeMethodAccessorImpl.java:62)
at sun.reflect.DelegatingMethodAccessorImpl.invoke(DelegatingMethodAccessorImpl.java:43)
at java.lang.reflect.Method.invoke(Method.java:498)
at org.testng.internal.MethodInvocationHelper.invokeMethod(MethodInvocationHelper.java:124)
at org.testng.internal.Invoker.invokeMethod(Invoker.java:583)
at org.testng.internal.Invoker.invokeTestMethod(Invoker.java:719)
at org.testng.internal.Invoker.invokeTestMethods(Invoker.java:989)
at org.testng.internal.TestMethodWorker.invokeTestMethods(TestMethodWorker.java:125)
at org.testng.internal.TestMethodWorker.run(TestMethodWorker.java:109)
at java.util.concurrent.ThreadPoolExecutor.runWorker(ThreadPoolExecutor.java:1149)
at java.util.concurrent.ThreadPoolExecutor$Worker.run(ThreadPoolExecutor.java:624)
at java.lang.Thread.run(Thread.java:748)
]]>
    </failure>
  </testcase> <!-- testAutoComplete -->
  <testcase name="testAutoComplete" time="0.553" classname="org.traveloka.experience.test.api.AutoCompleteApiTest"/>
  <testcase name="testAutoComplete" time="0.550" classname="org.traveloka.experience.test.api.AutoCompleteApiTest"/>
  <testcase name="testAutoCompleteWeb" time="0.559" classname="org.traveloka.experience.test.api.AutoCompleteApiTest"/>
  <testcase name="testAutoCompleteWeb" time="0.550" classname="org.traveloka.experience.test.api.AutoCompleteApiTest"/>
  <testcase name="testAutoComplete" time="0.479" classname="org.traveloka.experience.test.api.AutoCompleteApiTest"/>
  <testcase name="testAutoCompleteWeb" time="0.474" classname="org.traveloka.experience.test.api.AutoCompleteApiTest"/>
  <testcase name="testAutoComplete" time="0.573" classname="org.traveloka.experience.test.api.AutoCompleteApiTest">
    <failure type="java.lang.AssertionError">
      <![CDATA[java.lang.AssertionError
at org.traveloka.experience.test.api.AutoCompleteApiTest.testAutoComplete(AutoCompleteApiTest.java:45)
at sun.reflect.NativeMethodAccessorImpl.invoke0(Native Method)
at sun.reflect.NativeMethodAccessorImpl.invoke(NativeMethodAccessorImpl.java:62)
at sun.reflect.DelegatingMethodAccessorImpl.invoke(DelegatingMethodAccessorImpl.java:43)
at java.lang.reflect.Method.invoke(Method.java:498)
at org.testng.internal.MethodInvocationHelper.invokeMethod(MethodInvocationHelper.java:124)
at org.testng.internal.Invoker.invokeMethod(Invoker.java:583)
at org.testng.internal.Invoker.invokeTestMethod(Invoker.java:719)
at org.testng.internal.Invoker.invokeTestMethods(Invoker.java:989)
at org.testng.internal.TestMethodWorker.invokeTestMethods(TestMethodWorker.java:125)
at org.testng.internal.TestMethodWorker.run(TestMethodWorker.java:109)
at java.util.concurrent.ThreadPoolExecutor.runWorker(ThreadPoolExecutor.java:1149)
at java.util.concurrent.ThreadPoolExecutor$Worker.run(ThreadPoolExecutor.java:624)
at java.lang.Thread.run(Thread.java:748)
]]>
    </failure>
  </testcase> <!-- testAutoComplete -->
  <testcase name="testAutoComplete" time="0.554" classname="org.traveloka.experience.test.api.AutoCompleteApiTest"/>
  <testcase name="testAutoComplete" time="0.476" classname="org.traveloka.experience.test.api.AutoCompleteApiTest">
    <failure type="java.lang.AssertionError">
      <![CDATA[java.lang.AssertionError
at org.traveloka.experience.test.api.AutoCompleteApiTest.testAutoComplete(AutoCompleteApiTest.java:45)
at sun.reflect.GeneratedMethodAccessor84.invoke(Unknown Source)
at sun.reflect.DelegatingMethodAccessorImpl.invoke(DelegatingMethodAccessorImpl.java:43)
at java.lang.reflect.Method.invoke(Method.java:498)
at org.testng.internal.MethodInvocationHelper.invokeMethod(MethodInvocationHelper.java:124)
at org.testng.internal.Invoker.invokeMethod(Invoker.java:583)
at org.testng.internal.Invoker.invokeTestMethod(Invoker.java:719)
at org.testng.internal.Invoker.invokeTestMethods(Invoker.java:989)
at org.testng.internal.TestMethodWorker.invokeTestMethods(TestMethodWorker.java:125)
at org.testng.internal.TestMethodWorker.run(TestMethodWorker.java:109)
at java.util.concurrent.ThreadPoolExecutor.runWorker(ThreadPoolExecutor.java:1149)
at java.util.concurrent.ThreadPoolExecutor$Worker.run(ThreadPoolExecutor.java:624)
at java.lang.Thread.run(Thread.java:748)
]]>
    </failure>
  </testcase> <!-- testAutoComplete -->
  <testcase name="testAutoComplete" time="0.469" classname="org.traveloka.experience.test.api.AutoCompleteApiTest">
    <failure type="java.lang.AssertionError">
      <![CDATA[java.lang.AssertionError
at org.traveloka.experience.test.api.AutoCompleteApiTest.testAutoComplete(AutoCompleteApiTest.java:45)
at sun.reflect.GeneratedMethodAccessor84.invoke(Unknown Source)
at sun.reflect.DelegatingMethodAccessorImpl.invoke(DelegatingMethodAccessorImpl.java:43)
at java.lang.reflect.Method.invoke(Method.java:498)
at org.testng.internal.MethodInvocationHelper.invokeMethod(MethodInvocationHelper.java:124)
at org.testng.internal.Invoker.invokeMethod(Invoker.java:583)
at org.testng.internal.Invoker.invokeTestMethod(Invoker.java:719)
at org.testng.internal.Invoker.invokeTestMethods(Invoker.java:989)
at org.testng.internal.TestMethodWorker.invokeTestMethods(TestMethodWorker.java:125)
at org.testng.internal.TestMethodWorker.run(TestMethodWorker.java:109)
at java.util.concurrent.ThreadPoolExecutor.runWorker(ThreadPoolExecutor.java:1149)
at java.util.concurrent.ThreadPoolExecutor$Worker.run(ThreadPoolExecutor.java:624)
at java.lang.Thread.run(Thread.java:748)
]]>
    </failure>
  </testcase> <!-- testAutoComplete -->
  <testcase name="testAutoComplete" time="0.551" classname="org.traveloka.experience.test.api.AutoCompleteApiTest"/>
  <testcase name="testAutoCompleteWeb" time="0.564" classname="org.traveloka.experience.test.api.AutoCompleteApiTest"/>
  <testcase name="testAutoCompleteWeb" time="0.491" classname="org.traveloka.experience.test.api.AutoCompleteApiTest"/>
  <testcase name="testAutoComplete" time="0.602" classname="org.traveloka.experience.test.api.AutoCompleteApiTest"/>
  <testcase name="testAutoCompleteWeb" time="0.542" classname="org.traveloka.experience.test.api.AutoCompleteApiTest"/>
  <testcase name="testAutoCompleteWeb" time="0.506" classname="org.traveloka.experience.test.api.AutoCompleteApiTest"/>
  <testcase name="testAutoComplete" time="0.556" classname="org.traveloka.experience.test.api.AutoCompleteApiTest"/>
  <testcase name="testAutoComplete" time="1.111" classname="org.traveloka.experience.test.api.AutoCompleteApiTest"/>
  <testcase name="testAutoCompleteWeb" time="0.467" classname="org.traveloka.experience.test.api.AutoCompleteApiTest">
    <failure type="java.lang.AssertionError">
      <![CDATA[java.lang.AssertionError
at org.traveloka.experience.test.api.AutoCompleteApiTest.testAutoCompleteWeb(AutoCompleteApiTest.java:78)
at sun.reflect.NativeMethodAccessorImpl.invoke0(Native Method)
at sun.reflect.NativeMethodAccessorImpl.invoke(NativeMethodAccessorImpl.java:62)
at sun.reflect.DelegatingMethodAccessorImpl.invoke(DelegatingMethodAccessorImpl.java:43)
at java.lang.reflect.Method.invoke(Method.java:498)
at org.testng.internal.MethodInvocationHelper.invokeMethod(MethodInvocationHelper.java:124)
at org.testng.internal.Invoker.invokeMethod(Invoker.java:583)
at org.testng.internal.Invoker.invokeTestMethod(Invoker.java:719)
at org.testng.internal.Invoker.invokeTestMethods(Invoker.java:989)
at org.testng.internal.TestMethodWorker.invokeTestMethods(TestMethodWorker.java:125)
at org.testng.internal.TestMethodWorker.run(TestMethodWorker.java:109)
at java.util.concurrent.ThreadPoolExecutor.runWorker(ThreadPoolExecutor.java:1149)
at java.util.concurrent.ThreadPoolExecutor$Worker.run(ThreadPoolExecutor.java:624)
at java.lang.Thread.run(Thread.java:748)
]]>
    </failure>
  </testcase> <!-- testAutoCompleteWeb -->
  <testcase name="testAutoCompleteWeb" time="0.469" classname="org.traveloka.experience.test.api.AutoCompleteApiTest"/>
  <testcase name="testAutoCompleteWeb" time="0.466" classname="org.traveloka.experience.test.api.AutoCompleteApiTest"/>
  <testcase name="testAutoCompleteWeb" time="0.541" classname="org.traveloka.experience.test.api.AutoCompleteApiTest"/>
  <testcase name="testAutoCompleteWeb" time="0.559" classname="org.traveloka.experience.test.api.AutoCompleteApiTest"/>
  <testcase name="testAutoCompleteWeb" time="0.819" classname="org.traveloka.experience.test.api.AutoCompleteApiTest"/>
  <testcase name="testAutoCompleteWeb" time="0.601" classname="org.traveloka.experience.test.api.AutoCompleteApiTest"/>
  <testcase name="testAutoCompleteWeb" time="0.447" classname="org.traveloka.experience.test.api.AutoCompleteApiTest">
    <failure type="java.lang.AssertionError">
      <![CDATA[java.lang.AssertionError
at org.traveloka.experience.test.api.AutoCompleteApiTest.testAutoCompleteWeb(AutoCompleteApiTest.java:78)
at sun.reflect.NativeMethodAccessorImpl.invoke0(Native Method)
at sun.reflect.NativeMethodAccessorImpl.invoke(NativeMethodAccessorImpl.java:62)
at sun.reflect.DelegatingMethodAccessorImpl.invoke(DelegatingMethodAccessorImpl.java:43)
at java.lang.reflect.Method.invoke(Method.java:498)
at org.testng.internal.MethodInvocationHelper.invokeMethod(MethodInvocationHelper.java:124)
at org.testng.internal.Invoker.invokeMethod(Invoker.java:583)
at org.testng.internal.Invoker.invokeTestMethod(Invoker.java:719)
at org.testng.internal.Invoker.invokeTestMethods(Invoker.java:989)
at org.testng.internal.TestMethodWorker.invokeTestMethods(TestMethodWorker.java:125)
at org.testng.internal.TestMethodWorker.run(TestMethodWorker.java:109)
at java.util.concurrent.ThreadPoolExecutor.runWorker(ThreadPoolExecutor.java:1149)
at java.util.concurrent.ThreadPoolExecutor$Worker.run(ThreadPoolExecutor.java:624)
at java.lang.Thread.run(Thread.java:748)
]]>
    </failure>
  </testcase> <!-- testAutoCompleteWeb -->
  <testcase name="testAutoComplete" time="0.556" classname="org.traveloka.experience.test.api.AutoCompleteApiTest">
    <failure type="java.lang.AssertionError">
      <![CDATA[java.lang.AssertionError
at org.traveloka.experience.test.api.AutoCompleteApiTest.testAutoComplete(AutoCompleteApiTest.java:45)
at sun.reflect.GeneratedMethodAccessor84.invoke(Unknown Source)
at sun.reflect.DelegatingMethodAccessorImpl.invoke(DelegatingMethodAccessorImpl.java:43)
at java.lang.reflect.Method.invoke(Method.java:498)
at org.testng.internal.MethodInvocationHelper.invokeMethod(MethodInvocationHelper.java:124)
at org.testng.internal.Invoker.invokeMethod(Invoker.java:583)
at org.testng.internal.Invoker.invokeTestMethod(Invoker.java:719)
at org.testng.internal.Invoker.invokeTestMethods(Invoker.java:989)
at org.testng.internal.TestMethodWorker.invokeTestMethods(TestMethodWorker.java:125)
at org.testng.internal.TestMethodWorker.run(TestMethodWorker.java:109)
at java.util.concurrent.ThreadPoolExecutor.runWorker(ThreadPoolExecutor.java:1149)
at java.util.concurrent.ThreadPoolExecutor$Worker.run(ThreadPoolExecutor.java:624)
at java.lang.Thread.run(Thread.java:748)
]]>
    </failure>
  </testcase> <!-- testAutoComplete -->
  <testcase name="testAutoComplete" time="0.480" classname="org.traveloka.experience.test.api.AutoCompleteApiTest"/>
  <testcase name="testAutoComplete" time="0.893" classname="org.traveloka.experience.test.api.AutoCompleteApiTest"/>
  <testcase name="testAutoComplete" time="0.484" classname="org.traveloka.experience.test.api.AutoCompleteApiTest">
    <failure type="java.lang.AssertionError">
      <![CDATA[java.lang.AssertionError
at org.traveloka.experience.test.api.AutoCompleteApiTest.testAutoComplete(AutoCompleteApiTest.java:45)
at sun.reflect.GeneratedMethodAccessor84.invoke(Unknown Source)
at sun.reflect.DelegatingMethodAccessorImpl.invoke(DelegatingMethodAccessorImpl.java:43)
at java.lang.reflect.Method.invoke(Method.java:498)
at org.testng.internal.MethodInvocationHelper.invokeMethod(MethodInvocationHelper.java:124)
at org.testng.internal.Invoker.invokeMethod(Invoker.java:583)
at org.testng.internal.Invoker.invokeTestMethod(Invoker.java:719)
at org.testng.internal.Invoker.invokeTestMethods(Invoker.java:989)
at org.testng.internal.TestMethodWorker.invokeTestMethods(TestMethodWorker.java:125)
at org.testng.internal.TestMethodWorker.run(TestMethodWorker.java:109)
at java.util.concurrent.ThreadPoolExecutor.runWorker(ThreadPoolExecutor.java:1149)
at java.util.concurrent.ThreadPoolExecutor$Worker.run(ThreadPoolExecutor.java:624)
at java.lang.Thread.run(Thread.java:748)
]]>
    </failure>
  </testcase> <!-- testAutoComplete -->
  <testcase name="testAutoCompleteWeb" time="0.535" classname="org.traveloka.experience.test.api.AutoCompleteApiTest"/>
  <testcase name="testAutoComplete" time="0.831" classname="org.traveloka.experience.test.api.AutoCompleteApiTest"/>
  <testcase name="testAutoCompleteWeb" time="0.553" classname="org.traveloka.experience.test.api.AutoCompleteApiTest"/>
  <testcase name="testAutoComplete" time="0.493" classname="org.traveloka.experience.test.api.AutoCompleteApiTest"/>
  <testcase name="testAutoComplete" time="0.484" classname="org.traveloka.experience.test.api.AutoCompleteApiTest"/>
  <testcase name="testAutoCompleteWeb" time="0.549" classname="org.traveloka.experience.test.api.AutoCompleteApiTest"/>
  <testcase name="testAutoComplete" time="0.551" classname="org.traveloka.experience.test.api.AutoCompleteApiTest"/>
  <testcase name="testAutoComplete" time="0.473" classname="org.traveloka.experience.test.api.AutoCompleteApiTest">
    <failure type="java.lang.AssertionError">
      <![CDATA[java.lang.AssertionError
at org.traveloka.experience.test.api.AutoCompleteApiTest.testAutoComplete(AutoCompleteApiTest.java:45)
at sun.reflect.NativeMethodAccessorImpl.invoke0(Native Method)
at sun.reflect.NativeMethodAccessorImpl.invoke(NativeMethodAccessorImpl.java:62)
at sun.reflect.DelegatingMethodAccessorImpl.invoke(DelegatingMethodAccessorImpl.java:43)
at java.lang.reflect.Method.invoke(Method.java:498)
at org.testng.internal.MethodInvocationHelper.invokeMethod(MethodInvocationHelper.java:124)
at org.testng.internal.Invoker.invokeMethod(Invoker.java:583)
at org.testng.internal.Invoker.invokeTestMethod(Invoker.java:719)
at org.testng.internal.Invoker.invokeTestMethods(Invoker.java:989)
at org.testng.internal.TestMethodWorker.invokeTestMethods(TestMethodWorker.java:125)
at org.testng.internal.TestMethodWorker.run(TestMethodWorker.java:109)
at java.util.concurrent.ThreadPoolExecutor.runWorker(ThreadPoolExecutor.java:1149)
at java.util.concurrent.ThreadPoolExecutor$Worker.run(ThreadPoolExecutor.java:624)
at java.lang.Thread.run(Thread.java:748)
]]>
    </failure>
  </testcase> <!-- testAutoComplete -->
  <testcase name="testAutoComplete" time="0.470" classname="org.traveloka.experience.test.api.AutoCompleteApiTest"/>
  <testcase name="testAutoCompleteWeb" time="0.478" classname="org.traveloka.experience.test.api.AutoCompleteApiTest"/>
  <testcase name="testAutoComplete" time="0.573" classname="org.traveloka.experience.test.api.AutoCompleteApiTest"/>
  <testcase name="testAutoComplete" time="0.540" classname="org.traveloka.experience.test.api.AutoCompleteApiTest"/>
  <testcase name="testAutoComplete" time="0.473" classname="org.traveloka.experience.test.api.AutoCompleteApiTest"/>
  <testcase name="testAutoComplete" time="0.466" classname="org.traveloka.experience.test.api.AutoCompleteApiTest"/>
  <testcase name="testAutoComplete" time="0.956" classname="org.traveloka.experience.test.api.AutoCompleteApiTest">
    <failure type="java.lang.AssertionError">
      <![CDATA[java.lang.AssertionError
at org.traveloka.experience.test.api.AutoCompleteApiTest.testAutoComplete(AutoCompleteApiTest.java:45)
at sun.reflect.NativeMethodAccessorImpl.invoke0(Native Method)
at sun.reflect.NativeMethodAccessorImpl.invoke(NativeMethodAccessorImpl.java:62)
at sun.reflect.DelegatingMethodAccessorImpl.invoke(DelegatingMethodAccessorImpl.java:43)
at java.lang.reflect.Method.invoke(Method.java:498)
at org.testng.internal.MethodInvocationHelper.invokeMethod(MethodInvocationHelper.java:124)
at org.testng.internal.Invoker.invokeMethod(Invoker.java:583)
at org.testng.internal.Invoker.invokeTestMethod(Invoker.java:719)
at org.testng.internal.Invoker.invokeTestMethods(Invoker.java:989)
at org.testng.internal.TestMethodWorker.invokeTestMethods(TestMethodWorker.java:125)
at org.testng.internal.TestMethodWorker.run(TestMethodWorker.java:109)
at java.util.concurrent.ThreadPoolExecutor.runWorker(ThreadPoolExecutor.java:1149)
at java.util.concurrent.ThreadPoolExecutor$Worker.run(ThreadPoolExecutor.java:624)
at java.lang.Thread.run(Thread.java:748)
]]>
    </failure>
  </testcase> <!-- testAutoComplete -->
  <testcase name="testAutoCompleteWeb" time="0.481" classname="org.traveloka.experience.test.api.AutoCompleteApiTest"/>
  <testcase name="testAutoComplete" time="0.469" classname="org.traveloka.experience.test.api.AutoCompleteApiTest">
    <failure type="java.lang.AssertionError">
      <![CDATA[java.lang.AssertionError
at org.traveloka.experience.test.api.AutoCompleteApiTest.testAutoComplete(AutoCompleteApiTest.java:45)
at sun.reflect.NativeMethodAccessorImpl.invoke0(Native Method)
at sun.reflect.NativeMethodAccessorImpl.invoke(NativeMethodAccessorImpl.java:62)
at sun.reflect.DelegatingMethodAccessorImpl.invoke(DelegatingMethodAccessorImpl.java:43)
at java.lang.reflect.Method.invoke(Method.java:498)
at org.testng.internal.MethodInvocationHelper.invokeMethod(MethodInvocationHelper.java:124)
at org.testng.internal.Invoker.invokeMethod(Invoker.java:583)
at org.testng.internal.Invoker.invokeTestMethod(Invoker.java:719)
at org.testng.internal.Invoker.invokeTestMethods(Invoker.java:989)
at org.testng.internal.TestMethodWorker.invokeTestMethods(TestMethodWorker.java:125)
at org.testng.internal.TestMethodWorker.run(TestMethodWorker.java:109)
at java.util.concurrent.ThreadPoolExecutor.runWorker(ThreadPoolExecutor.java:1149)
at java.util.concurrent.ThreadPoolExecutor$Worker.run(ThreadPoolExecutor.java:624)
at java.lang.Thread.run(Thread.java:748)
]]>
    </failure>
  </testcase> <!-- testAutoComplete -->
  <testcase name="testAutoCompleteWeb" time="0.507" classname="org.traveloka.experience.test.api.AutoCompleteApiTest"/>
  <testcase name="testAutoComplete" time="0.532" classname="org.traveloka.experience.test.api.AutoCompleteApiTest"/>
  <testcase name="testAutoComplete" time="0.515" classname="org.traveloka.experience.test.api.AutoCompleteApiTest">
    <failure type="java.lang.AssertionError">
      <![CDATA[java.lang.AssertionError
at org.traveloka.experience.test.api.AutoCompleteApiTest.testAutoComplete(AutoCompleteApiTest.java:45)
at sun.reflect.GeneratedMethodAccessor84.invoke(Unknown Source)
at sun.reflect.DelegatingMethodAccessorImpl.invoke(DelegatingMethodAccessorImpl.java:43)
at java.lang.reflect.Method.invoke(Method.java:498)
at org.testng.internal.MethodInvocationHelper.invokeMethod(MethodInvocationHelper.java:124)
at org.testng.internal.Invoker.invokeMethod(Invoker.java:583)
at org.testng.internal.Invoker.invokeTestMethod(Invoker.java:719)
at org.testng.internal.Invoker.invokeTestMethods(Invoker.java:989)
at org.testng.internal.TestMethodWorker.invokeTestMethods(TestMethodWorker.java:125)
at org.testng.internal.TestMethodWorker.run(TestMethodWorker.java:109)
at java.util.concurrent.ThreadPoolExecutor.runWorker(ThreadPoolExecutor.java:1149)
at java.util.concurrent.ThreadPoolExecutor$Worker.run(ThreadPoolExecutor.java:624)
at java.lang.Thread.run(Thread.java:748)
]]>
    </failure>
  </testcase> <!-- testAutoComplete -->
  <testcase name="testAutoComplete" time="0.605" classname="org.traveloka.experience.test.api.AutoCompleteApiTest"/>
  <testcase name="testAutoCompleteWeb" time="0.474" classname="org.traveloka.experience.test.api.AutoCompleteApiTest"/>
  <testcase name="testAutoComplete" time="0.567" classname="org.traveloka.experience.test.api.AutoCompleteApiTest"/>
  <testcase name="testAutoCompleteWeb" time="0.486" classname="org.traveloka.experience.test.api.AutoCompleteApiTest"/>
  <testcase name="testAutoComplete" time="0.488" classname="org.traveloka.experience.test.api.AutoCompleteApiTest"/>
  <testcase name="testAutoComplete" time="0.478" classname="org.traveloka.experience.test.api.AutoCompleteApiTest"/>
  <testcase name="testAutoCompleteWeb" time="0.509" classname="org.traveloka.experience.test.api.AutoCompleteApiTest"/>
  <testcase name="testAutoComplete" time="0.494" classname="org.traveloka.experience.test.api.AutoCompleteApiTest"/>
  <testcase name="testAutoCompleteWeb" time="0.456" classname="org.traveloka.experience.test.api.AutoCompleteApiTest">
    <failure type="java.lang.AssertionError">
      <![CDATA[java.lang.AssertionError
at org.traveloka.experience.test.api.AutoCompleteApiTest.testAutoCompleteWeb(AutoCompleteApiTest.java:78)
at sun.reflect.NativeMethodAccessorImpl.invoke0(Native Method)
at sun.reflect.NativeMethodAccessorImpl.invoke(NativeMethodAccessorImpl.java:62)
at sun.reflect.DelegatingMethodAccessorImpl.invoke(DelegatingMethodAccessorImpl.java:43)
at java.lang.reflect.Method.invoke(Method.java:498)
at org.testng.internal.MethodInvocationHelper.invokeMethod(MethodInvocationHelper.java:124)
at org.testng.internal.Invoker.invokeMethod(Invoker.java:583)
at org.testng.internal.Invoker.invokeTestMethod(Invoker.java:719)
at org.testng.internal.Invoker.invokeTestMethods(Invoker.java:989)
at org.testng.internal.TestMethodWorker.invokeTestMethods(TestMethodWorker.java:125)
at org.testng.internal.TestMethodWorker.run(TestMethodWorker.java:109)
at java.util.concurrent.ThreadPoolExecutor.runWorker(ThreadPoolExecutor.java:1149)
at java.util.concurrent.ThreadPoolExecutor$Worker.run(ThreadPoolExecutor.java:624)
at java.lang.Thread.run(Thread.java:748)
]]>
    </failure>
  </testcase> <!-- testAutoCompleteWeb -->
  <testcase name="testAutoCompleteWeb" time="0.547" classname="org.traveloka.experience.test.api.AutoCompleteApiTest"/>
  <testcase name="testAutoComplete" time="0.548" classname="org.traveloka.experience.test.api.AutoCompleteApiTest"/>
  <testcase name="testAutoComplete" time="0.561" classname="org.traveloka.experience.test.api.AutoCompleteApiTest"/>
  <testcase name="testAutoCompleteWeb" time="0.457" classname="org.traveloka.experience.test.api.AutoCompleteApiTest">
    <failure type="java.lang.AssertionError">
      <![CDATA[java.lang.AssertionError
at org.traveloka.experience.test.api.AutoCompleteApiTest.testAutoCompleteWeb(AutoCompleteApiTest.java:78)
at sun.reflect.NativeMethodAccessorImpl.invoke0(Native Method)
at sun.reflect.NativeMethodAccessorImpl.invoke(NativeMethodAccessorImpl.java:62)
at sun.reflect.DelegatingMethodAccessorImpl.invoke(DelegatingMethodAccessorImpl.java:43)
at java.lang.reflect.Method.invoke(Method.java:498)
at org.testng.internal.MethodInvocationHelper.invokeMethod(MethodInvocationHelper.java:124)
at org.testng.internal.Invoker.invokeMethod(Invoker.java:583)
at org.testng.internal.Invoker.invokeTestMethod(Invoker.java:719)
at org.testng.internal.Invoker.invokeTestMethods(Invoker.java:989)
at org.testng.internal.TestMethodWorker.invokeTestMethods(TestMethodWorker.java:125)
at org.testng.internal.TestMethodWorker.run(TestMethodWorker.java:109)
at java.util.concurrent.ThreadPoolExecutor.runWorker(ThreadPoolExecutor.java:1149)
at java.util.concurrent.ThreadPoolExecutor$Worker.run(ThreadPoolExecutor.java:624)
at java.lang.Thread.run(Thread.java:748)
]]>
    </failure>
  </testcase> <!-- testAutoCompleteWeb -->
  <testcase name="testAutoComplete" time="0.466" classname="org.traveloka.experience.test.api.AutoCompleteApiTest">
    <failure type="java.lang.AssertionError">
      <![CDATA[java.lang.AssertionError
at org.traveloka.experience.test.api.AutoCompleteApiTest.testAutoComplete(AutoCompleteApiTest.java:45)
at sun.reflect.GeneratedMethodAccessor84.invoke(Unknown Source)
at sun.reflect.DelegatingMethodAccessorImpl.invoke(DelegatingMethodAccessorImpl.java:43)
at java.lang.reflect.Method.invoke(Method.java:498)
at org.testng.internal.MethodInvocationHelper.invokeMethod(MethodInvocationHelper.java:124)
at org.testng.internal.Invoker.invokeMethod(Invoker.java:583)
at org.testng.internal.Invoker.invokeTestMethod(Invoker.java:719)
at org.testng.internal.Invoker.invokeTestMethods(Invoker.java:989)
at org.testng.internal.TestMethodWorker.invokeTestMethods(TestMethodWorker.java:125)
at org.testng.internal.TestMethodWorker.run(TestMethodWorker.java:109)
at java.util.concurrent.ThreadPoolExecutor.runWorker(ThreadPoolExecutor.java:1149)
at java.util.concurrent.ThreadPoolExecutor$Worker.run(ThreadPoolExecutor.java:624)
at java.lang.Thread.run(Thread.java:748)
]]>
    </failure>
  </testcase> <!-- testAutoComplete -->
  <testcase name="testAutoCompleteWeb" time="0.499" classname="org.traveloka.experience.test.api.AutoCompleteApiTest"/>
  <testcase name="testAutoCompleteWeb" time="0.517" classname="org.traveloka.experience.test.api.AutoCompleteApiTest">
    <failure type="java.lang.AssertionError">
      <![CDATA[java.lang.AssertionError
at org.traveloka.experience.test.api.AutoCompleteApiTest.testAutoCompleteWeb(AutoCompleteApiTest.java:78)
at sun.reflect.GeneratedMethodAccessor163.invoke(Unknown Source)
at sun.reflect.DelegatingMethodAccessorImpl.invoke(DelegatingMethodAccessorImpl.java:43)
at java.lang.reflect.Method.invoke(Method.java:498)
at org.testng.internal.MethodInvocationHelper.invokeMethod(MethodInvocationHelper.java:124)
at org.testng.internal.Invoker.invokeMethod(Invoker.java:583)
at org.testng.internal.Invoker.invokeTestMethod(Invoker.java:719)
at org.testng.internal.Invoker.invokeTestMethods(Invoker.java:989)
at org.testng.internal.TestMethodWorker.invokeTestMethods(TestMethodWorker.java:125)
at org.testng.internal.TestMethodWorker.run(TestMethodWorker.java:109)
at java.util.concurrent.ThreadPoolExecutor.runWorker(ThreadPoolExecutor.java:1149)
at java.util.concurrent.ThreadPoolExecutor$Worker.run(ThreadPoolExecutor.java:624)
at java.lang.Thread.run(Thread.java:748)
]]>
    </failure>
  </testcase> <!-- testAutoCompleteWeb -->
  <testcase name="testAutoComplete" time="0.470" classname="org.traveloka.experience.test.api.AutoCompleteApiTest">
    <failure type="java.lang.AssertionError">
      <![CDATA[java.lang.AssertionError
at org.traveloka.experience.test.api.AutoCompleteApiTest.testAutoComplete(AutoCompleteApiTest.java:45)
at sun.reflect.NativeMethodAccessorImpl.invoke0(Native Method)
at sun.reflect.NativeMethodAccessorImpl.invoke(NativeMethodAccessorImpl.java:62)
at sun.reflect.DelegatingMethodAccessorImpl.invoke(DelegatingMethodAccessorImpl.java:43)
at java.lang.reflect.Method.invoke(Method.java:498)
at org.testng.internal.MethodInvocationHelper.invokeMethod(MethodInvocationHelper.java:124)
at org.testng.internal.Invoker.invokeMethod(Invoker.java:583)
at org.testng.internal.Invoker.invokeTestMethod(Invoker.java:719)
at org.testng.internal.Invoker.invokeTestMethods(Invoker.java:989)
at org.testng.internal.TestMethodWorker.invokeTestMethods(TestMethodWorker.java:125)
at org.testng.internal.TestMethodWorker.run(TestMethodWorker.java:109)
at java.util.concurrent.ThreadPoolExecutor.runWorker(ThreadPoolExecutor.java:1149)
at java.util.concurrent.ThreadPoolExecutor$Worker.run(ThreadPoolExecutor.java:624)
at java.lang.Thread.run(Thread.java:748)
]]>
    </failure>
  </testcase> <!-- testAutoComplete -->
  <testcase name="testAutoCompleteWeb" time="0.508" classname="org.traveloka.experience.test.api.AutoCompleteApiTest"/>
  <testcase name="testAutoComplete" time="0.567" classname="org.traveloka.experience.test.api.AutoCompleteApiTest">
    <failure type="java.lang.AssertionError">
      <![CDATA[java.lang.AssertionError
at org.traveloka.experience.test.api.AutoCompleteApiTest.testAutoComplete(AutoCompleteApiTest.java:45)
at sun.reflect.GeneratedMethodAccessor84.invoke(Unknown Source)
at sun.reflect.DelegatingMethodAccessorImpl.invoke(DelegatingMethodAccessorImpl.java:43)
at java.lang.reflect.Method.invoke(Method.java:498)
at org.testng.internal.MethodInvocationHelper.invokeMethod(MethodInvocationHelper.java:124)
at org.testng.internal.Invoker.invokeMethod(Invoker.java:583)
at org.testng.internal.Invoker.invokeTestMethod(Invoker.java:719)
at org.testng.internal.Invoker.invokeTestMethods(Invoker.java:989)
at org.testng.internal.TestMethodWorker.invokeTestMethods(TestMethodWorker.java:125)
at org.testng.internal.TestMethodWorker.run(TestMethodWorker.java:109)
at java.util.concurrent.ThreadPoolExecutor.runWorker(ThreadPoolExecutor.java:1149)
at java.util.concurrent.ThreadPoolExecutor$Worker.run(ThreadPoolExecutor.java:624)
at java.lang.Thread.run(Thread.java:748)
]]>
    </failure>
  </testcase> <!-- testAutoComplete -->
  <testcase name="testAutoComplete" time="0.472" classname="org.traveloka.experience.test.api.AutoCompleteApiTest"/>
  <testcase name="testAutoCompleteWeb" time="0.476" classname="org.traveloka.experience.test.api.AutoCompleteApiTest"/>
  <testcase name="testAutoComplete" time="0.481" classname="org.traveloka.experience.test.api.AutoCompleteApiTest"/>
  <testcase name="testAutoComplete" time="0.564" classname="org.traveloka.experience.test.api.AutoCompleteApiTest">
    <failure type="java.lang.AssertionError">
      <![CDATA[java.lang.AssertionError
at org.traveloka.experience.test.api.AutoCompleteApiTest.testAutoComplete(AutoCompleteApiTest.java:45)
at sun.reflect.GeneratedMethodAccessor84.invoke(Unknown Source)
at sun.reflect.DelegatingMethodAccessorImpl.invoke(DelegatingMethodAccessorImpl.java:43)
at java.lang.reflect.Method.invoke(Method.java:498)
at org.testng.internal.MethodInvocationHelper.invokeMethod(MethodInvocationHelper.java:124)
at org.testng.internal.Invoker.invokeMethod(Invoker.java:583)
at org.testng.internal.Invoker.invokeTestMethod(Invoker.java:719)
at org.testng.internal.Invoker.invokeTestMethods(Invoker.java:989)
at org.testng.internal.TestMethodWorker.invokeTestMethods(TestMethodWorker.java:125)
at org.testng.internal.TestMethodWorker.run(TestMethodWorker.java:109)
at java.util.concurrent.ThreadPoolExecutor.runWorker(ThreadPoolExecutor.java:1149)
at java.util.concurrent.ThreadPoolExecutor$Worker.run(ThreadPoolExecutor.java:624)
at java.lang.Thread.run(Thread.java:748)
]]>
    </failure>
  </testcase> <!-- testAutoComplete -->
  <testcase name="testAutoCompleteWeb" time="0.468" classname="org.traveloka.experience.test.api.AutoCompleteApiTest"/>
  <testcase name="testAutoCompleteWeb" time="0.545" classname="org.traveloka.experience.test.api.AutoCompleteApiTest"/>
  <testcase name="testAutoComplete" time="0.775" classname="org.traveloka.experience.test.api.AutoCompleteApiTest">
    <failure type="java.lang.AssertionError">
      <![CDATA[java.lang.AssertionError
at org.traveloka.experience.test.api.AutoCompleteApiTest.testAutoComplete(AutoCompleteApiTest.java:45)
at sun.reflect.GeneratedMethodAccessor84.invoke(Unknown Source)
at sun.reflect.DelegatingMethodAccessorImpl.invoke(DelegatingMethodAccessorImpl.java:43)
at java.lang.reflect.Method.invoke(Method.java:498)
at org.testng.internal.MethodInvocationHelper.invokeMethod(MethodInvocationHelper.java:124)
at org.testng.internal.Invoker.invokeMethod(Invoker.java:583)
at org.testng.internal.Invoker.invokeTestMethod(Invoker.java:719)
at org.testng.internal.Invoker.invokeTestMethods(Invoker.java:989)
at org.testng.internal.TestMethodWorker.invokeTestMethods(TestMethodWorker.java:125)
at org.testng.internal.TestMethodWorker.run(TestMethodWorker.java:109)
at java.util.concurrent.ThreadPoolExecutor.runWorker(ThreadPoolExecutor.java:1149)
at java.util.concurrent.ThreadPoolExecutor$Worker.run(ThreadPoolExecutor.java:624)
at java.lang.Thread.run(Thread.java:748)
]]>
    </failure>
  </testcase> <!-- testAutoComplete -->
  <testcase name="testAutoCompleteWeb" time="0.469" classname="org.traveloka.experience.test.api.AutoCompleteApiTest">
    <failure type="java.lang.AssertionError">
      <![CDATA[java.lang.AssertionError
at org.traveloka.experience.test.api.AutoCompleteApiTest.testAutoCompleteWeb(AutoCompleteApiTest.java:78)
at sun.reflect.GeneratedMethodAccessor163.invoke(Unknown Source)
at sun.reflect.DelegatingMethodAccessorImpl.invoke(DelegatingMethodAccessorImpl.java:43)
at java.lang.reflect.Method.invoke(Method.java:498)
at org.testng.internal.MethodInvocationHelper.invokeMethod(MethodInvocationHelper.java:124)
at org.testng.internal.Invoker.invokeMethod(Invoker.java:583)
at org.testng.internal.Invoker.invokeTestMethod(Invoker.java:719)
at org.testng.internal.Invoker.invokeTestMethods(Invoker.java:989)
at org.testng.internal.TestMethodWorker.invokeTestMethods(TestMethodWorker.java:125)
at org.testng.internal.TestMethodWorker.run(TestMethodWorker.java:109)
at java.util.concurrent.ThreadPoolExecutor.runWorker(ThreadPoolExecutor.java:1149)
at java.util.concurrent.ThreadPoolExecutor$Worker.run(ThreadPoolExecutor.java:624)
at java.lang.Thread.run(Thread.java:748)
]]>
    </failure>
  </testcase> <!-- testAutoCompleteWeb -->
  <testcase name="testAutoComplete" time="0.479" classname="org.traveloka.experience.test.api.AutoCompleteApiTest">
    <failure type="java.lang.AssertionError">
      <![CDATA[java.lang.AssertionError
at org.traveloka.experience.test.api.AutoCompleteApiTest.testAutoComplete(AutoCompleteApiTest.java:45)
at sun.reflect.NativeMethodAccessorImpl.invoke0(Native Method)
at sun.reflect.NativeMethodAccessorImpl.invoke(NativeMethodAccessorImpl.java:62)
at sun.reflect.DelegatingMethodAccessorImpl.invoke(DelegatingMethodAccessorImpl.java:43)
at java.lang.reflect.Method.invoke(Method.java:498)
at org.testng.internal.MethodInvocationHelper.invokeMethod(MethodInvocationHelper.java:124)
at org.testng.internal.Invoker.invokeMethod(Invoker.java:583)
at org.testng.internal.Invoker.invokeTestMethod(Invoker.java:719)
at org.testng.internal.Invoker.invokeTestMethods(Invoker.java:989)
at org.testng.internal.TestMethodWorker.invokeTestMethods(TestMethodWorker.java:125)
at org.testng.internal.TestMethodWorker.run(TestMethodWorker.java:109)
at java.util.concurrent.ThreadPoolExecutor.runWorker(ThreadPoolExecutor.java:1149)
at java.util.concurrent.ThreadPoolExecutor$Worker.run(ThreadPoolExecutor.java:624)
at java.lang.Thread.run(Thread.java:748)
]]>
    </failure>
  </testcase> <!-- testAutoComplete -->
  <testcase name="testAutoCompleteWeb" time="0.447" classname="org.traveloka.experience.test.api.AutoCompleteApiTest">
    <failure type="java.lang.AssertionError">
      <![CDATA[java.lang.AssertionError
at org.traveloka.experience.test.api.AutoCompleteApiTest.testAutoCompleteWeb(AutoCompleteApiTest.java:78)
at sun.reflect.NativeMethodAccessorImpl.invoke0(Native Method)
at sun.reflect.NativeMethodAccessorImpl.invoke(NativeMethodAccessorImpl.java:62)
at sun.reflect.DelegatingMethodAccessorImpl.invoke(DelegatingMethodAccessorImpl.java:43)
at java.lang.reflect.Method.invoke(Method.java:498)
at org.testng.internal.MethodInvocationHelper.invokeMethod(MethodInvocationHelper.java:124)
at org.testng.internal.Invoker.invokeMethod(Invoker.java:583)
at org.testng.internal.Invoker.invokeTestMethod(Invoker.java:719)
at org.testng.internal.Invoker.invokeTestMethods(Invoker.java:989)
at org.testng.internal.TestMethodWorker.invokeTestMethods(TestMethodWorker.java:125)
at org.testng.internal.TestMethodWorker.run(TestMethodWorker.java:109)
at java.util.concurrent.ThreadPoolExecutor.runWorker(ThreadPoolExecutor.java:1149)
at java.util.concurrent.ThreadPoolExecutor$Worker.run(ThreadPoolExecutor.java:624)
at java.lang.Thread.run(Thread.java:748)
]]>
    </failure>
  </testcase> <!-- testAutoCompleteWeb -->
  <testcase name="testAutoCompleteWeb" time="0.514" classname="org.traveloka.experience.test.api.AutoCompleteApiTest"/>
  <testcase name="testAutoComplete" time="0.526" classname="org.traveloka.experience.test.api.AutoCompleteApiTest"/>
  <testcase name="testAutoComplete" time="0.490" classname="org.traveloka.experience.test.api.AutoCompleteApiTest"/>
  <testcase name="testAutoCompleteWeb" time="0.465" classname="org.traveloka.experience.test.api.AutoCompleteApiTest">
    <failure type="java.lang.AssertionError">
      <![CDATA[java.lang.AssertionError
at org.traveloka.experience.test.api.AutoCompleteApiTest.testAutoCompleteWeb(AutoCompleteApiTest.java:78)
at sun.reflect.NativeMethodAccessorImpl.invoke0(Native Method)
at sun.reflect.NativeMethodAccessorImpl.invoke(NativeMethodAccessorImpl.java:62)
at sun.reflect.DelegatingMethodAccessorImpl.invoke(DelegatingMethodAccessorImpl.java:43)
at java.lang.reflect.Method.invoke(Method.java:498)
at org.testng.internal.MethodInvocationHelper.invokeMethod(MethodInvocationHelper.java:124)
at org.testng.internal.Invoker.invokeMethod(Invoker.java:583)
at org.testng.internal.Invoker.invokeTestMethod(Invoker.java:719)
at org.testng.internal.Invoker.invokeTestMethods(Invoker.java:989)
at org.testng.internal.TestMethodWorker.invokeTestMethods(TestMethodWorker.java:125)
at org.testng.internal.TestMethodWorker.run(TestMethodWorker.java:109)
at java.util.concurrent.ThreadPoolExecutor.runWorker(ThreadPoolExecutor.java:1149)
at java.util.concurrent.ThreadPoolExecutor$Worker.run(ThreadPoolExecutor.java:624)
at java.lang.Thread.run(Thread.java:748)
]]>
    </failure>
  </testcase> <!-- testAutoCompleteWeb -->
  <testcase name="testAutoCompleteWeb" time="0.467" classname="org.traveloka.experience.test.api.AutoCompleteApiTest"/>
  <testcase name="testAutoComplete" time="0.460" classname="org.traveloka.experience.test.api.AutoCompleteApiTest">
    <failure type="java.lang.AssertionError">
      <![CDATA[java.lang.AssertionError
at org.traveloka.experience.test.api.AutoCompleteApiTest.testAutoComplete(AutoCompleteApiTest.java:45)
at sun.reflect.NativeMethodAccessorImpl.invoke0(Native Method)
at sun.reflect.NativeMethodAccessorImpl.invoke(NativeMethodAccessorImpl.java:62)
at sun.reflect.DelegatingMethodAccessorImpl.invoke(DelegatingMethodAccessorImpl.java:43)
at java.lang.reflect.Method.invoke(Method.java:498)
at org.testng.internal.MethodInvocationHelper.invokeMethod(MethodInvocationHelper.java:124)
at org.testng.internal.Invoker.invokeMethod(Invoker.java:583)
at org.testng.internal.Invoker.invokeTestMethod(Invoker.java:719)
at org.testng.internal.Invoker.invokeTestMethods(Invoker.java:989)
at org.testng.internal.TestMethodWorker.invokeTestMethods(TestMethodWorker.java:125)
at org.testng.internal.TestMethodWorker.run(TestMethodWorker.java:109)
at java.util.concurrent.ThreadPoolExecutor.runWorker(ThreadPoolExecutor.java:1149)
at java.util.concurrent.ThreadPoolExecutor$Worker.run(ThreadPoolExecutor.java:624)
at java.lang.Thread.run(Thread.java:748)
]]>
    </failure>
  </testcase> <!-- testAutoComplete -->
  <testcase name="testAutoCompleteWeb" time="0.556" classname="org.traveloka.experience.test.api.AutoCompleteApiTest">
    <failure type="java.lang.AssertionError">
      <![CDATA[java.lang.AssertionError
at org.traveloka.experience.test.api.AutoCompleteApiTest.testAutoCompleteWeb(AutoCompleteApiTest.java:78)
at sun.reflect.GeneratedMethodAccessor163.invoke(Unknown Source)
at sun.reflect.DelegatingMethodAccessorImpl.invoke(DelegatingMethodAccessorImpl.java:43)
at java.lang.reflect.Method.invoke(Method.java:498)
at org.testng.internal.MethodInvocationHelper.invokeMethod(MethodInvocationHelper.java:124)
at org.testng.internal.Invoker.invokeMethod(Invoker.java:583)
at org.testng.internal.Invoker.invokeTestMethod(Invoker.java:719)
at org.testng.internal.Invoker.invokeTestMethods(Invoker.java:989)
at org.testng.internal.TestMethodWorker.invokeTestMethods(TestMethodWorker.java:125)
at org.testng.internal.TestMethodWorker.run(TestMethodWorker.java:109)
at java.util.concurrent.ThreadPoolExecutor.runWorker(ThreadPoolExecutor.java:1149)
at java.util.concurrent.ThreadPoolExecutor$Worker.run(ThreadPoolExecutor.java:624)
at java.lang.Thread.run(Thread.java:748)
]]>
    </failure>
  </testcase> <!-- testAutoCompleteWeb -->
  <testcase name="testAutoComplete" time="0.490" classname="org.traveloka.experience.test.api.AutoCompleteApiTest"/>
  <testcase name="testAutoComplete" time="0.561" classname="org.traveloka.experience.test.api.AutoCompleteApiTest"/>
  <testcase name="testAutoComplete" time="0.465" classname="org.traveloka.experience.test.api.AutoCompleteApiTest">
    <failure type="java.lang.AssertionError">
      <![CDATA[java.lang.AssertionError
at org.traveloka.experience.test.api.AutoCompleteApiTest.testAutoComplete(AutoCompleteApiTest.java:45)
at sun.reflect.GeneratedMethodAccessor84.invoke(Unknown Source)
at sun.reflect.DelegatingMethodAccessorImpl.invoke(DelegatingMethodAccessorImpl.java:43)
at java.lang.reflect.Method.invoke(Method.java:498)
at org.testng.internal.MethodInvocationHelper.invokeMethod(MethodInvocationHelper.java:124)
at org.testng.internal.Invoker.invokeMethod(Invoker.java:583)
at org.testng.internal.Invoker.invokeTestMethod(Invoker.java:719)
at org.testng.internal.Invoker.invokeTestMethods(Invoker.java:989)
at org.testng.internal.TestMethodWorker.invokeTestMethods(TestMethodWorker.java:125)
at org.testng.internal.TestMethodWorker.run(TestMethodWorker.java:109)
at java.util.concurrent.ThreadPoolExecutor.runWorker(ThreadPoolExecutor.java:1149)
at java.util.concurrent.ThreadPoolExecutor$Worker.run(ThreadPoolExecutor.java:624)
at java.lang.Thread.run(Thread.java:748)
]]>
    </failure>
  </testcase> <!-- testAutoComplete -->
  <testcase name="testAutoCompleteWeb" time="0.471" classname="org.traveloka.experience.test.api.AutoCompleteApiTest"/>
  <testcase name="testAutoComplete" time="0.526" classname="org.traveloka.experience.test.api.AutoCompleteApiTest"/>
  <testcase name="testAutoComplete" time="0.548" classname="org.traveloka.experience.test.api.AutoCompleteApiTest"/>
  <testcase name="testAutoComplete" time="0.582" classname="org.traveloka.experience.test.api.AutoCompleteApiTest"/>
  <testcase name="testAutoComplete" time="0.473" classname="org.traveloka.experience.test.api.AutoCompleteApiTest">
    <failure type="java.lang.AssertionError">
      <![CDATA[java.lang.AssertionError
at org.traveloka.experience.test.api.AutoCompleteApiTest.testAutoComplete(AutoCompleteApiTest.java:45)
at sun.reflect.GeneratedMethodAccessor84.invoke(Unknown Source)
at sun.reflect.DelegatingMethodAccessorImpl.invoke(DelegatingMethodAccessorImpl.java:43)
at java.lang.reflect.Method.invoke(Method.java:498)
at org.testng.internal.MethodInvocationHelper.invokeMethod(MethodInvocationHelper.java:124)
at org.testng.internal.Invoker.invokeMethod(Invoker.java:583)
at org.testng.internal.Invoker.invokeTestMethod(Invoker.java:719)
at org.testng.internal.Invoker.invokeTestMethods(Invoker.java:989)
at org.testng.internal.TestMethodWorker.invokeTestMethods(TestMethodWorker.java:125)
at org.testng.internal.TestMethodWorker.run(TestMethodWorker.java:109)
at java.util.concurrent.ThreadPoolExecutor.runWorker(ThreadPoolExecutor.java:1149)
at java.util.concurrent.ThreadPoolExecutor$Worker.run(ThreadPoolExecutor.java:624)
at java.lang.Thread.run(Thread.java:748)
]]>
    </failure>
  </testcase> <!-- testAutoComplete -->
  <testcase name="testAutoComplete" time="0.482" classname="org.traveloka.experience.test.api.AutoCompleteApiTest">
    <failure type="java.lang.AssertionError">
      <![CDATA[java.lang.AssertionError
at org.traveloka.experience.test.api.AutoCompleteApiTest.testAutoComplete(AutoCompleteApiTest.java:45)
at sun.reflect.GeneratedMethodAccessor84.invoke(Unknown Source)
at sun.reflect.DelegatingMethodAccessorImpl.invoke(DelegatingMethodAccessorImpl.java:43)
at java.lang.reflect.Method.invoke(Method.java:498)
at org.testng.internal.MethodInvocationHelper.invokeMethod(MethodInvocationHelper.java:124)
at org.testng.internal.Invoker.invokeMethod(Invoker.java:583)
at org.testng.internal.Invoker.invokeTestMethod(Invoker.java:719)
at org.testng.internal.Invoker.invokeTestMethods(Invoker.java:989)
at org.testng.internal.TestMethodWorker.invokeTestMethods(TestMethodWorker.java:125)
at org.testng.internal.TestMethodWorker.run(TestMethodWorker.java:109)
at java.util.concurrent.ThreadPoolExecutor.runWorker(ThreadPoolExecutor.java:1149)
at java.util.concurrent.ThreadPoolExecutor$Worker.run(ThreadPoolExecutor.java:624)
at java.lang.Thread.run(Thread.java:748)
]]>
    </failure>
  </testcase> <!-- testAutoComplete -->
  <testcase name="testAutoComplete" time="0.723" classname="org.traveloka.experience.test.api.AutoCompleteApiTest"/>
  <testcase name="testAutoComplete" time="0.565" classname="org.traveloka.experience.test.api.AutoCompleteApiTest"/>
  <testcase name="testAutoCompleteWeb" time="0.493" classname="org.traveloka.experience.test.api.AutoCompleteApiTest">
    <failure type="java.lang.AssertionError">
      <![CDATA[java.lang.AssertionError
at org.traveloka.experience.test.api.AutoCompleteApiTest.testAutoCompleteWeb(AutoCompleteApiTest.java:78)
at sun.reflect.GeneratedMethodAccessor163.invoke(Unknown Source)
at sun.reflect.DelegatingMethodAccessorImpl.invoke(DelegatingMethodAccessorImpl.java:43)
at java.lang.reflect.Method.invoke(Method.java:498)
at org.testng.internal.MethodInvocationHelper.invokeMethod(MethodInvocationHelper.java:124)
at org.testng.internal.Invoker.invokeMethod(Invoker.java:583)
at org.testng.internal.Invoker.invokeTestMethod(Invoker.java:719)
at org.testng.internal.Invoker.invokeTestMethods(Invoker.java:989)
at org.testng.internal.TestMethodWorker.invokeTestMethods(TestMethodWorker.java:125)
at org.testng.internal.TestMethodWorker.run(TestMethodWorker.java:109)
at java.util.concurrent.ThreadPoolExecutor.runWorker(ThreadPoolExecutor.java:1149)
at java.util.concurrent.ThreadPoolExecutor$Worker.run(ThreadPoolExecutor.java:624)
at java.lang.Thread.run(Thread.java:748)
]]>
    </failure>
  </testcase> <!-- testAutoCompleteWeb -->
  <testcase name="testAutoComplete" time="0.458" classname="org.traveloka.experience.test.api.AutoCompleteApiTest">
    <failure type="java.lang.AssertionError">
      <![CDATA[java.lang.AssertionError
at org.traveloka.experience.test.api.AutoCompleteApiTest.testAutoComplete(AutoCompleteApiTest.java:45)
at sun.reflect.NativeMethodAccessorImpl.invoke0(Native Method)
at sun.reflect.NativeMethodAccessorImpl.invoke(NativeMethodAccessorImpl.java:62)
at sun.reflect.DelegatingMethodAccessorImpl.invoke(DelegatingMethodAccessorImpl.java:43)
at java.lang.reflect.Method.invoke(Method.java:498)
at org.testng.internal.MethodInvocationHelper.invokeMethod(MethodInvocationHelper.java:124)
at org.testng.internal.Invoker.invokeMethod(Invoker.java:583)
at org.testng.internal.Invoker.invokeTestMethod(Invoker.java:719)
at org.testng.internal.Invoker.invokeTestMethods(Invoker.java:989)
at org.testng.internal.TestMethodWorker.invokeTestMethods(TestMethodWorker.java:125)
at org.testng.internal.TestMethodWorker.run(TestMethodWorker.java:109)
at java.util.concurrent.ThreadPoolExecutor.runWorker(ThreadPoolExecutor.java:1149)
at java.util.concurrent.ThreadPoolExecutor$Worker.run(ThreadPoolExecutor.java:624)
at java.lang.Thread.run(Thread.java:748)
]]>
    </failure>
  </testcase> <!-- testAutoComplete -->
  <testcase name="testAutoCompleteWeb" time="0.543" classname="org.traveloka.experience.test.api.AutoCompleteApiTest"/>
  <testcase name="testAutoComplete" time="0.574" classname="org.traveloka.experience.test.api.AutoCompleteApiTest">
    <failure type="java.lang.AssertionError">
      <![CDATA[java.lang.AssertionError
at org.traveloka.experience.test.api.AutoCompleteApiTest.testAutoComplete(AutoCompleteApiTest.java:45)
at sun.reflect.GeneratedMethodAccessor84.invoke(Unknown Source)
at sun.reflect.DelegatingMethodAccessorImpl.invoke(DelegatingMethodAccessorImpl.java:43)
at java.lang.reflect.Method.invoke(Method.java:498)
at org.testng.internal.MethodInvocationHelper.invokeMethod(MethodInvocationHelper.java:124)
at org.testng.internal.Invoker.invokeMethod(Invoker.java:583)
at org.testng.internal.Invoker.invokeTestMethod(Invoker.java:719)
at org.testng.internal.Invoker.invokeTestMethods(Invoker.java:989)
at org.testng.internal.TestMethodWorker.invokeTestMethods(TestMethodWorker.java:125)
at org.testng.internal.TestMethodWorker.run(TestMethodWorker.java:109)
at java.util.concurrent.ThreadPoolExecutor.runWorker(ThreadPoolExecutor.java:1149)
at java.util.concurrent.ThreadPoolExecutor$Worker.run(ThreadPoolExecutor.java:624)
at java.lang.Thread.run(Thread.java:748)
]]>
    </failure>
  </testcase> <!-- testAutoComplete -->
  <testcase name="testAutoCompleteWeb" time="0.501" classname="org.traveloka.experience.test.api.AutoCompleteApiTest"/>
  <testcase name="testAutoCompleteWeb" time="0.448" classname="org.traveloka.experience.test.api.AutoCompleteApiTest">
    <failure type="java.lang.AssertionError">
      <![CDATA[java.lang.AssertionError
at org.traveloka.experience.test.api.AutoCompleteApiTest.testAutoCompleteWeb(AutoCompleteApiTest.java:78)
at sun.reflect.NativeMethodAccessorImpl.invoke0(Native Method)
at sun.reflect.NativeMethodAccessorImpl.invoke(NativeMethodAccessorImpl.java:62)
at sun.reflect.DelegatingMethodAccessorImpl.invoke(DelegatingMethodAccessorImpl.java:43)
at java.lang.reflect.Method.invoke(Method.java:498)
at org.testng.internal.MethodInvocationHelper.invokeMethod(MethodInvocationHelper.java:124)
at org.testng.internal.Invoker.invokeMethod(Invoker.java:583)
at org.testng.internal.Invoker.invokeTestMethod(Invoker.java:719)
at org.testng.internal.Invoker.invokeTestMethods(Invoker.java:989)
at org.testng.internal.TestMethodWorker.invokeTestMethods(TestMethodWorker.java:125)
at org.testng.internal.TestMethodWorker.run(TestMethodWorker.java:109)
at java.util.concurrent.ThreadPoolExecutor.runWorker(ThreadPoolExecutor.java:1149)
at java.util.concurrent.ThreadPoolExecutor$Worker.run(ThreadPoolExecutor.java:624)
at java.lang.Thread.run(Thread.java:748)
]]>
    </failure>
  </testcase> <!-- testAutoCompleteWeb -->
  <testcase name="testAutoCompleteWeb" time="0.499" classname="org.traveloka.experience.test.api.AutoCompleteApiTest"/>
  <testcase name="testAutoCompleteWeb" time="0.448" classname="org.traveloka.experience.test.api.AutoCompleteApiTest">
    <failure type="java.lang.AssertionError">
      <![CDATA[java.lang.AssertionError
at org.traveloka.experience.test.api.AutoCompleteApiTest.testAutoCompleteWeb(AutoCompleteApiTest.java:78)
at sun.reflect.NativeMethodAccessorImpl.invoke0(Native Method)
at sun.reflect.NativeMethodAccessorImpl.invoke(NativeMethodAccessorImpl.java:62)
at sun.reflect.DelegatingMethodAccessorImpl.invoke(DelegatingMethodAccessorImpl.java:43)
at java.lang.reflect.Method.invoke(Method.java:498)
at org.testng.internal.MethodInvocationHelper.invokeMethod(MethodInvocationHelper.java:124)
at org.testng.internal.Invoker.invokeMethod(Invoker.java:583)
at org.testng.internal.Invoker.invokeTestMethod(Invoker.java:719)
at org.testng.internal.Invoker.invokeTestMethods(Invoker.java:989)
at org.testng.internal.TestMethodWorker.invokeTestMethods(TestMethodWorker.java:125)
at org.testng.internal.TestMethodWorker.run(TestMethodWorker.java:109)
at java.util.concurrent.ThreadPoolExecutor.runWorker(ThreadPoolExecutor.java:1149)
at java.util.concurrent.ThreadPoolExecutor$Worker.run(ThreadPoolExecutor.java:624)
at java.lang.Thread.run(Thread.java:748)
]]>
    </failure>
  </testcase> <!-- testAutoCompleteWeb -->
  <testcase name="testAutoCompleteWeb" time="0.577" classname="org.traveloka.experience.test.api.AutoCompleteApiTest"/>
  <testcase name="testAutoComplete" time="0.490" classname="org.traveloka.experience.test.api.AutoCompleteApiTest"/>
  <testcase name="testAutoComplete" time="0.484" classname="org.traveloka.experience.test.api.AutoCompleteApiTest"/>
  <testcase name="testAutoCompleteWeb" time="0.491" classname="org.traveloka.experience.test.api.AutoCompleteApiTest">
    <failure type="java.lang.AssertionError">
      <![CDATA[java.lang.AssertionError
at org.traveloka.experience.test.api.AutoCompleteApiTest.testAutoCompleteWeb(AutoCompleteApiTest.java:78)
at sun.reflect.GeneratedMethodAccessor163.invoke(Unknown Source)
at sun.reflect.DelegatingMethodAccessorImpl.invoke(DelegatingMethodAccessorImpl.java:43)
at java.lang.reflect.Method.invoke(Method.java:498)
at org.testng.internal.MethodInvocationHelper.invokeMethod(MethodInvocationHelper.java:124)
at org.testng.internal.Invoker.invokeMethod(Invoker.java:583)
at org.testng.internal.Invoker.invokeTestMethod(Invoker.java:719)
at org.testng.internal.Invoker.invokeTestMethods(Invoker.java:989)
at org.testng.internal.TestMethodWorker.invokeTestMethods(TestMethodWorker.java:125)
at org.testng.internal.TestMethodWorker.run(TestMethodWorker.java:109)
at java.util.concurrent.ThreadPoolExecutor.runWorker(ThreadPoolExecutor.java:1149)
at java.util.concurrent.ThreadPoolExecutor$Worker.run(ThreadPoolExecutor.java:624)
at java.lang.Thread.run(Thread.java:748)
]]>
    </failure>
  </testcase> <!-- testAutoCompleteWeb -->
  <testcase name="testAutoComplete" time="0.470" classname="org.traveloka.experience.test.api.AutoCompleteApiTest">
    <failure type="java.lang.AssertionError">
      <![CDATA[java.lang.AssertionError
at org.traveloka.experience.test.api.AutoCompleteApiTest.testAutoComplete(AutoCompleteApiTest.java:45)
at sun.reflect.GeneratedMethodAccessor84.invoke(Unknown Source)
at sun.reflect.DelegatingMethodAccessorImpl.invoke(DelegatingMethodAccessorImpl.java:43)
at java.lang.reflect.Method.invoke(Method.java:498)
at org.testng.internal.MethodInvocationHelper.invokeMethod(MethodInvocationHelper.java:124)
at org.testng.internal.Invoker.invokeMethod(Invoker.java:583)
at org.testng.internal.Invoker.invokeTestMethod(Invoker.java:719)
at org.testng.internal.Invoker.invokeTestMethods(Invoker.java:989)
at org.testng.internal.TestMethodWorker.invokeTestMethods(TestMethodWorker.java:125)
at org.testng.internal.TestMethodWorker.run(TestMethodWorker.java:109)
at java.util.concurrent.ThreadPoolExecutor.runWorker(ThreadPoolExecutor.java:1149)
at java.util.concurrent.ThreadPoolExecutor$Worker.run(ThreadPoolExecutor.java:624)
at java.lang.Thread.run(Thread.java:748)
]]>
    </failure>
  </testcase> <!-- testAutoComplete -->
  <testcase name="testAutoCompleteWeb" time="0.536" classname="org.traveloka.experience.test.api.AutoCompleteApiTest"/>
  <testcase name="testAutoCompleteWeb" time="0.544" classname="org.traveloka.experience.test.api.AutoCompleteApiTest"/>
  <testcase name="testAutoCompleteWeb" time="0.909" classname="org.traveloka.experience.test.api.AutoCompleteApiTest"/>
  <testcase name="testAutoComplete" time="0.491" classname="org.traveloka.experience.test.api.AutoCompleteApiTest"/>
  <testcase name="testAutoCompleteWeb" time="0.495" classname="org.traveloka.experience.test.api.AutoCompleteApiTest"/>
  <testcase name="testAutoCompleteWeb" time="0.467" classname="org.traveloka.experience.test.api.AutoCompleteApiTest">
    <failure type="java.lang.AssertionError">
      <![CDATA[java.lang.AssertionError
at org.traveloka.experience.test.api.AutoCompleteApiTest.testAutoCompleteWeb(AutoCompleteApiTest.java:78)
at sun.reflect.GeneratedMethodAccessor163.invoke(Unknown Source)
at sun.reflect.DelegatingMethodAccessorImpl.invoke(DelegatingMethodAccessorImpl.java:43)
at java.lang.reflect.Method.invoke(Method.java:498)
at org.testng.internal.MethodInvocationHelper.invokeMethod(MethodInvocationHelper.java:124)
at org.testng.internal.Invoker.invokeMethod(Invoker.java:583)
at org.testng.internal.Invoker.invokeTestMethod(Invoker.java:719)
at org.testng.internal.Invoker.invokeTestMethods(Invoker.java:989)
at org.testng.internal.TestMethodWorker.invokeTestMethods(TestMethodWorker.java:125)
at org.testng.internal.TestMethodWorker.run(TestMethodWorker.java:109)
at java.util.concurrent.ThreadPoolExecutor.runWorker(ThreadPoolExecutor.java:1149)
at java.util.concurrent.ThreadPoolExecutor$Worker.run(ThreadPoolExecutor.java:624)
at java.lang.Thread.run(Thread.java:748)
]]>
    </failure>
  </testcase> <!-- testAutoCompleteWeb -->
  <testcase name="testAutoCompleteWeb" time="0.472" classname="org.traveloka.experience.test.api.AutoCompleteApiTest"/>
  <testcase name="testAutoComplete" time="0.573" classname="org.traveloka.experience.test.api.AutoCompleteApiTest"/>
  <testcase name="testAutoComplete" time="0.597" classname="org.traveloka.experience.test.api.AutoCompleteApiTest"/>
  <testcase name="testAutoCompleteWeb" time="0.539" classname="org.traveloka.experience.test.api.AutoCompleteApiTest"/>
  <testcase name="testAutoComplete" time="0.494" classname="org.traveloka.experience.test.api.AutoCompleteApiTest"/>
  <testcase name="testAutoCompleteWeb" time="0.549" classname="org.traveloka.experience.test.api.AutoCompleteApiTest"/>
  <testcase name="testAutoComplete" time="0.477" classname="org.traveloka.experience.test.api.AutoCompleteApiTest"/>
  <testcase name="testAutoCompleteWeb" time="0.557" classname="org.traveloka.experience.test.api.AutoCompleteApiTest"/>
  <testcase name="testAutoCompleteWeb" time="0.479" classname="org.traveloka.experience.test.api.AutoCompleteApiTest">
    <failure type="java.lang.AssertionError">
      <![CDATA[java.lang.AssertionError
at org.traveloka.experience.test.api.AutoCompleteApiTest.testAutoCompleteWeb(AutoCompleteApiTest.java:78)
at sun.reflect.GeneratedMethodAccessor163.invoke(Unknown Source)
at sun.reflect.DelegatingMethodAccessorImpl.invoke(DelegatingMethodAccessorImpl.java:43)
at java.lang.reflect.Method.invoke(Method.java:498)
at org.testng.internal.MethodInvocationHelper.invokeMethod(MethodInvocationHelper.java:124)
at org.testng.internal.Invoker.invokeMethod(Invoker.java:583)
at org.testng.internal.Invoker.invokeTestMethod(Invoker.java:719)
at org.testng.internal.Invoker.invokeTestMethods(Invoker.java:989)
at org.testng.internal.TestMethodWorker.invokeTestMethods(TestMethodWorker.java:125)
at org.testng.internal.TestMethodWorker.run(TestMethodWorker.java:109)
at java.util.concurrent.ThreadPoolExecutor.runWorker(ThreadPoolExecutor.java:1149)
at java.util.concurrent.ThreadPoolExecutor$Worker.run(ThreadPoolExecutor.java:624)
at java.lang.Thread.run(Thread.java:748)
]]>
    </failure>
  </testcase> <!-- testAutoCompleteWeb -->
  <testcase name="testAutoCompleteWeb" time="0.747" classname="org.traveloka.experience.test.api.AutoCompleteApiTest"/>
  <testcase name="testAutoComplete" time="0.483" classname="org.traveloka.experience.test.api.AutoCompleteApiTest">
    <failure type="java.lang.AssertionError">
      <![CDATA[java.lang.AssertionError
at org.traveloka.experience.test.api.AutoCompleteApiTest.testAutoComplete(AutoCompleteApiTest.java:45)
at sun.reflect.GeneratedMethodAccessor84.invoke(Unknown Source)
at sun.reflect.DelegatingMethodAccessorImpl.invoke(DelegatingMethodAccessorImpl.java:43)
at java.lang.reflect.Method.invoke(Method.java:498)
at org.testng.internal.MethodInvocationHelper.invokeMethod(MethodInvocationHelper.java:124)
at org.testng.internal.Invoker.invokeMethod(Invoker.java:583)
at org.testng.internal.Invoker.invokeTestMethod(Invoker.java:719)
at org.testng.internal.Invoker.invokeTestMethods(Invoker.java:989)
at org.testng.internal.TestMethodWorker.invokeTestMethods(TestMethodWorker.java:125)
at org.testng.internal.TestMethodWorker.run(TestMethodWorker.java:109)
at java.util.concurrent.ThreadPoolExecutor.runWorker(ThreadPoolExecutor.java:1149)
at java.util.concurrent.ThreadPoolExecutor$Worker.run(ThreadPoolExecutor.java:624)
at java.lang.Thread.run(Thread.java:748)
]]>
    </failure>
  </testcase> <!-- testAutoComplete -->
  <testcase name="testAutoCompleteWeb" time="0.467" classname="org.traveloka.experience.test.api.AutoCompleteApiTest"/>
  <testcase name="testAutoComplete" time="0.511" classname="org.traveloka.experience.test.api.AutoCompleteApiTest">
    <failure type="java.lang.AssertionError">
      <![CDATA[java.lang.AssertionError
at org.traveloka.experience.test.api.AutoCompleteApiTest.testAutoComplete(AutoCompleteApiTest.java:45)
at sun.reflect.GeneratedMethodAccessor84.invoke(Unknown Source)
at sun.reflect.DelegatingMethodAccessorImpl.invoke(DelegatingMethodAccessorImpl.java:43)
at java.lang.reflect.Method.invoke(Method.java:498)
at org.testng.internal.MethodInvocationHelper.invokeMethod(MethodInvocationHelper.java:124)
at org.testng.internal.Invoker.invokeMethod(Invoker.java:583)
at org.testng.internal.Invoker.invokeTestMethod(Invoker.java:719)
at org.testng.internal.Invoker.invokeTestMethods(Invoker.java:989)
at org.testng.internal.TestMethodWorker.invokeTestMethods(TestMethodWorker.java:125)
at org.testng.internal.TestMethodWorker.run(TestMethodWorker.java:109)
at java.util.concurrent.ThreadPoolExecutor.runWorker(ThreadPoolExecutor.java:1149)
at java.util.concurrent.ThreadPoolExecutor$Worker.run(ThreadPoolExecutor.java:624)
at java.lang.Thread.run(Thread.java:748)
]]>
    </failure>
  </testcase> <!-- testAutoComplete -->
  <testcase name="testAutoComplete" time="0.464" classname="org.traveloka.experience.test.api.AutoCompleteApiTest">
    <failure type="java.lang.AssertionError">
      <![CDATA[java.lang.AssertionError
at org.traveloka.experience.test.api.AutoCompleteApiTest.testAutoComplete(AutoCompleteApiTest.java:45)
at sun.reflect.GeneratedMethodAccessor84.invoke(Unknown Source)
at sun.reflect.DelegatingMethodAccessorImpl.invoke(DelegatingMethodAccessorImpl.java:43)
at java.lang.reflect.Method.invoke(Method.java:498)
at org.testng.internal.MethodInvocationHelper.invokeMethod(MethodInvocationHelper.java:124)
at org.testng.internal.Invoker.invokeMethod(Invoker.java:583)
at org.testng.internal.Invoker.invokeTestMethod(Invoker.java:719)
at org.testng.internal.Invoker.invokeTestMethods(Invoker.java:989)
at org.testng.internal.TestMethodWorker.invokeTestMethods(TestMethodWorker.java:125)
at org.testng.internal.TestMethodWorker.run(TestMethodWorker.java:109)
at java.util.concurrent.ThreadPoolExecutor.runWorker(ThreadPoolExecutor.java:1149)
at java.util.concurrent.ThreadPoolExecutor$Worker.run(ThreadPoolExecutor.java:624)
at java.lang.Thread.run(Thread.java:748)
]]>
    </failure>
  </testcase> <!-- testAutoComplete -->
  <testcase name="testAutoCompleteWeb" time="0.468" classname="org.traveloka.experience.test.api.AutoCompleteApiTest"/>
  <testcase name="testAutoCompleteWeb" time="0.618" classname="org.traveloka.experience.test.api.AutoCompleteApiTest"/>
  <testcase name="testAutoComplete" time="0.496" classname="org.traveloka.experience.test.api.AutoCompleteApiTest"/>
  <testcase name="testAutoComplete" time="0.477" classname="org.traveloka.experience.test.api.AutoCompleteApiTest"/>
  <testcase name="testAutoCompleteWeb" time="0.548" classname="org.traveloka.experience.test.api.AutoCompleteApiTest"/>
  <testcase name="testAutoCompleteWeb" time="0.534" classname="org.traveloka.experience.test.api.AutoCompleteApiTest">
    <failure type="java.lang.AssertionError">
      <![CDATA[java.lang.AssertionError
at org.traveloka.experience.test.api.AutoCompleteApiTest.testAutoCompleteWeb(AutoCompleteApiTest.java:78)
at sun.reflect.NativeMethodAccessorImpl.invoke0(Native Method)
at sun.reflect.NativeMethodAccessorImpl.invoke(NativeMethodAccessorImpl.java:62)
at sun.reflect.DelegatingMethodAccessorImpl.invoke(DelegatingMethodAccessorImpl.java:43)
at java.lang.reflect.Method.invoke(Method.java:498)
at org.testng.internal.MethodInvocationHelper.invokeMethod(MethodInvocationHelper.java:124)
at org.testng.internal.Invoker.invokeMethod(Invoker.java:583)
at org.testng.internal.Invoker.invokeTestMethod(Invoker.java:719)
at org.testng.internal.Invoker.invokeTestMethods(Invoker.java:989)
at org.testng.internal.TestMethodWorker.invokeTestMethods(TestMethodWorker.java:125)
at org.testng.internal.TestMethodWorker.run(TestMethodWorker.java:109)
at java.util.concurrent.ThreadPoolExecutor.runWorker(ThreadPoolExecutor.java:1149)
at java.util.concurrent.ThreadPoolExecutor$Worker.run(ThreadPoolExecutor.java:624)
at java.lang.Thread.run(Thread.java:748)
]]>
    </failure>
  </testcase> <!-- testAutoCompleteWeb -->
  <testcase name="testAutoComplete" time="0.479" classname="org.traveloka.experience.test.api.AutoCompleteApiTest"/>
  <testcase name="testAutoCompleteWeb" time="0.471" classname="org.traveloka.experience.test.api.AutoCompleteApiTest"/>
  <testcase name="testAutoComplete" time="0.540" classname="org.traveloka.experience.test.api.AutoCompleteApiTest"/>
  <testcase name="testAutoComplete" time="0.475" classname="org.traveloka.experience.test.api.AutoCompleteApiTest"/>
  <testcase name="testAutoCompleteWeb" time="0.531" classname="org.traveloka.experience.test.api.AutoCompleteApiTest"/>
  <testcase name="testAutoComplete" time="0.958" classname="org.traveloka.experience.test.api.AutoCompleteApiTest">
    <failure type="java.lang.AssertionError">
      <![CDATA[java.lang.AssertionError
at org.traveloka.experience.test.api.AutoCompleteApiTest.testAutoComplete(AutoCompleteApiTest.java:45)
at sun.reflect.NativeMethodAccessorImpl.invoke0(Native Method)
at sun.reflect.NativeMethodAccessorImpl.invoke(NativeMethodAccessorImpl.java:62)
at sun.reflect.DelegatingMethodAccessorImpl.invoke(DelegatingMethodAccessorImpl.java:43)
at java.lang.reflect.Method.invoke(Method.java:498)
at org.testng.internal.MethodInvocationHelper.invokeMethod(MethodInvocationHelper.java:124)
at org.testng.internal.Invoker.invokeMethod(Invoker.java:583)
at org.testng.internal.Invoker.invokeTestMethod(Invoker.java:719)
at org.testng.internal.Invoker.invokeTestMethods(Invoker.java:989)
at org.testng.internal.TestMethodWorker.invokeTestMethods(TestMethodWorker.java:125)
at org.testng.internal.TestMethodWorker.run(TestMethodWorker.java:109)
at java.util.concurrent.ThreadPoolExecutor.runWorker(ThreadPoolExecutor.java:1149)
at java.util.concurrent.ThreadPoolExecutor$Worker.run(ThreadPoolExecutor.java:624)
at java.lang.Thread.run(Thread.java:748)
]]>
    </failure>
  </testcase> <!-- testAutoComplete -->
  <testcase name="testAutoComplete" time="0.468" classname="org.traveloka.experience.test.api.AutoCompleteApiTest">
    <failure type="java.lang.AssertionError">
      <![CDATA[java.lang.AssertionError
at org.traveloka.experience.test.api.AutoCompleteApiTest.testAutoComplete(AutoCompleteApiTest.java:45)
at sun.reflect.NativeMethodAccessorImpl.invoke0(Native Method)
at sun.reflect.NativeMethodAccessorImpl.invoke(NativeMethodAccessorImpl.java:62)
at sun.reflect.DelegatingMethodAccessorImpl.invoke(DelegatingMethodAccessorImpl.java:43)
at java.lang.reflect.Method.invoke(Method.java:498)
at org.testng.internal.MethodInvocationHelper.invokeMethod(MethodInvocationHelper.java:124)
at org.testng.internal.Invoker.invokeMethod(Invoker.java:583)
at org.testng.internal.Invoker.invokeTestMethod(Invoker.java:719)
at org.testng.internal.Invoker.invokeTestMethods(Invoker.java:989)
at org.testng.internal.TestMethodWorker.invokeTestMethods(TestMethodWorker.java:125)
at org.testng.internal.TestMethodWorker.run(TestMethodWorker.java:109)
at java.util.concurrent.ThreadPoolExecutor.runWorker(ThreadPoolExecutor.java:1149)
at java.util.concurrent.ThreadPoolExecutor$Worker.run(ThreadPoolExecutor.java:624)
at java.lang.Thread.run(Thread.java:748)
]]>
    </failure>
  </testcase> <!-- testAutoComplete -->
  <testcase name="testAutoComplete" time="0.482" classname="org.traveloka.experience.test.api.AutoCompleteApiTest">
    <failure type="java.lang.AssertionError">
      <![CDATA[java.lang.AssertionError
at org.traveloka.experience.test.api.AutoCompleteApiTest.testAutoComplete(AutoCompleteApiTest.java:45)
at sun.reflect.GeneratedMethodAccessor84.invoke(Unknown Source)
at sun.reflect.DelegatingMethodAccessorImpl.invoke(DelegatingMethodAccessorImpl.java:43)
at java.lang.reflect.Method.invoke(Method.java:498)
at org.testng.internal.MethodInvocationHelper.invokeMethod(MethodInvocationHelper.java:124)
at org.testng.internal.Invoker.invokeMethod(Invoker.java:583)
at org.testng.internal.Invoker.invokeTestMethod(Invoker.java:719)
at org.testng.internal.Invoker.invokeTestMethods(Invoker.java:989)
at org.testng.internal.TestMethodWorker.invokeTestMethods(TestMethodWorker.java:125)
at org.testng.internal.TestMethodWorker.run(TestMethodWorker.java:109)
at java.util.concurrent.ThreadPoolExecutor.runWorker(ThreadPoolExecutor.java:1149)
at java.util.concurrent.ThreadPoolExecutor$Worker.run(ThreadPoolExecutor.java:624)
at java.lang.Thread.run(Thread.java:748)
]]>
    </failure>
  </testcase> <!-- testAutoComplete -->
  <testcase name="testAutoCompleteWeb" time="0.552" classname="org.traveloka.experience.test.api.AutoCompleteApiTest"/>
  <testcase name="testAutoComplete" time="0.492" classname="org.traveloka.experience.test.api.AutoCompleteApiTest"/>
  <testcase name="testAutoComplete" time="0.483" classname="org.traveloka.experience.test.api.AutoCompleteApiTest"/>
  <testcase name="testAutoComplete" time="0.751" classname="org.traveloka.experience.test.api.AutoCompleteApiTest">
    <failure type="java.lang.AssertionError">
      <![CDATA[java.lang.AssertionError
at org.traveloka.experience.test.api.AutoCompleteApiTest.testAutoComplete(AutoCompleteApiTest.java:45)
at sun.reflect.GeneratedMethodAccessor84.invoke(Unknown Source)
at sun.reflect.DelegatingMethodAccessorImpl.invoke(DelegatingMethodAccessorImpl.java:43)
at java.lang.reflect.Method.invoke(Method.java:498)
at org.testng.internal.MethodInvocationHelper.invokeMethod(MethodInvocationHelper.java:124)
at org.testng.internal.Invoker.invokeMethod(Invoker.java:583)
at org.testng.internal.Invoker.invokeTestMethod(Invoker.java:719)
at org.testng.internal.Invoker.invokeTestMethods(Invoker.java:989)
at org.testng.internal.TestMethodWorker.invokeTestMethods(TestMethodWorker.java:125)
at org.testng.internal.TestMethodWorker.run(TestMethodWorker.java:109)
at java.util.concurrent.ThreadPoolExecutor.runWorker(ThreadPoolExecutor.java:1149)
at java.util.concurrent.ThreadPoolExecutor$Worker.run(ThreadPoolExecutor.java:624)
at java.lang.Thread.run(Thread.java:748)
]]>
    </failure>
  </testcase> <!-- testAutoComplete -->
  <testcase name="testAutoComplete" time="0.487" classname="org.traveloka.experience.test.api.AutoCompleteApiTest"/>
  <testcase name="testAutoCompleteWeb" time="0.598" classname="org.traveloka.experience.test.api.AutoCompleteApiTest">
    <failure type="java.lang.AssertionError">
      <![CDATA[java.lang.AssertionError
at org.traveloka.experience.test.api.AutoCompleteApiTest.testAutoCompleteWeb(AutoCompleteApiTest.java:78)
at sun.reflect.GeneratedMethodAccessor163.invoke(Unknown Source)
at sun.reflect.DelegatingMethodAccessorImpl.invoke(DelegatingMethodAccessorImpl.java:43)
at java.lang.reflect.Method.invoke(Method.java:498)
at org.testng.internal.MethodInvocationHelper.invokeMethod(MethodInvocationHelper.java:124)
at org.testng.internal.Invoker.invokeMethod(Invoker.java:583)
at org.testng.internal.Invoker.invokeTestMethod(Invoker.java:719)
at org.testng.internal.Invoker.invokeTestMethods(Invoker.java:989)
at org.testng.internal.TestMethodWorker.invokeTestMethods(TestMethodWorker.java:125)
at org.testng.internal.TestMethodWorker.run(TestMethodWorker.java:109)
at java.util.concurrent.ThreadPoolExecutor.runWorker(ThreadPoolExecutor.java:1149)
at java.util.concurrent.ThreadPoolExecutor$Worker.run(ThreadPoolExecutor.java:624)
at java.lang.Thread.run(Thread.java:748)
]]>
    </failure>
  </testcase> <!-- testAutoCompleteWeb -->
  <testcase name="testAutoComplete" time="0.541" classname="org.traveloka.experience.test.api.AutoCompleteApiTest"/>
  <testcase name="testAutoComplete" time="0.464" classname="org.traveloka.experience.test.api.AutoCompleteApiTest">
    <failure type="java.lang.AssertionError">
      <![CDATA[java.lang.AssertionError
at org.traveloka.experience.test.api.AutoCompleteApiTest.testAutoComplete(AutoCompleteApiTest.java:45)
at sun.reflect.GeneratedMethodAccessor84.invoke(Unknown Source)
at sun.reflect.DelegatingMethodAccessorImpl.invoke(DelegatingMethodAccessorImpl.java:43)
at java.lang.reflect.Method.invoke(Method.java:498)
at org.testng.internal.MethodInvocationHelper.invokeMethod(MethodInvocationHelper.java:124)
at org.testng.internal.Invoker.invokeMethod(Invoker.java:583)
at org.testng.internal.Invoker.invokeTestMethod(Invoker.java:719)
at org.testng.internal.Invoker.invokeTestMethods(Invoker.java:989)
at org.testng.internal.TestMethodWorker.invokeTestMethods(TestMethodWorker.java:125)
at org.testng.internal.TestMethodWorker.run(TestMethodWorker.java:109)
at java.util.concurrent.ThreadPoolExecutor.runWorker(ThreadPoolExecutor.java:1149)
at java.util.concurrent.ThreadPoolExecutor$Worker.run(ThreadPoolExecutor.java:624)
at java.lang.Thread.run(Thread.java:748)
]]>
    </failure>
  </testcase> <!-- testAutoComplete -->
  <testcase name="testAutoCompleteWeb" time="0.480" classname="org.traveloka.experience.test.api.AutoCompleteApiTest">
    <failure type="java.lang.AssertionError">
      <![CDATA[java.lang.AssertionError
at org.traveloka.experience.test.api.AutoCompleteApiTest.testAutoCompleteWeb(AutoCompleteApiTest.java:78)
at sun.reflect.GeneratedMethodAccessor163.invoke(Unknown Source)
at sun.reflect.DelegatingMethodAccessorImpl.invoke(DelegatingMethodAccessorImpl.java:43)
at java.lang.reflect.Method.invoke(Method.java:498)
at org.testng.internal.MethodInvocationHelper.invokeMethod(MethodInvocationHelper.java:124)
at org.testng.internal.Invoker.invokeMethod(Invoker.java:583)
at org.testng.internal.Invoker.invokeTestMethod(Invoker.java:719)
at org.testng.internal.Invoker.invokeTestMethods(Invoker.java:989)
at org.testng.internal.TestMethodWorker.invokeTestMethods(TestMethodWorker.java:125)
at org.testng.internal.TestMethodWorker.run(TestMethodWorker.java:109)
at java.util.concurrent.ThreadPoolExecutor.runWorker(ThreadPoolExecutor.java:1149)
at java.util.concurrent.ThreadPoolExecutor$Worker.run(ThreadPoolExecutor.java:624)
at java.lang.Thread.run(Thread.java:748)
]]>
    </failure>
  </testcase> <!-- testAutoCompleteWeb -->
  <testcase name="testAutoCompleteWeb" time="0.549" classname="org.traveloka.experience.test.api.AutoCompleteApiTest"/>
  <testcase name="testAutoCompleteWeb" time="0.457" classname="org.traveloka.experience.test.api.AutoCompleteApiTest">
    <failure type="java.lang.AssertionError">
      <![CDATA[java.lang.AssertionError
at org.traveloka.experience.test.api.AutoCompleteApiTest.testAutoCompleteWeb(AutoCompleteApiTest.java:78)
at sun.reflect.GeneratedMethodAccessor163.invoke(Unknown Source)
at sun.reflect.DelegatingMethodAccessorImpl.invoke(DelegatingMethodAccessorImpl.java:43)
at java.lang.reflect.Method.invoke(Method.java:498)
at org.testng.internal.MethodInvocationHelper.invokeMethod(MethodInvocationHelper.java:124)
at org.testng.internal.Invoker.invokeMethod(Invoker.java:583)
at org.testng.internal.Invoker.invokeTestMethod(Invoker.java:719)
at org.testng.internal.Invoker.invokeTestMethods(Invoker.java:989)
at org.testng.internal.TestMethodWorker.invokeTestMethods(TestMethodWorker.java:125)
at org.testng.internal.TestMethodWorker.run(TestMethodWorker.java:109)
at java.util.concurrent.ThreadPoolExecutor.runWorker(ThreadPoolExecutor.java:1149)
at java.util.concurrent.ThreadPoolExecutor$Worker.run(ThreadPoolExecutor.java:624)
at java.lang.Thread.run(Thread.java:748)
]]>
    </failure>
  </testcase> <!-- testAutoCompleteWeb -->
  <testcase name="testAutoComplete" time="0.581" classname="org.traveloka.experience.test.api.AutoCompleteApiTest"/>
  <testcase name="testAutoComplete" time="0.572" classname="org.traveloka.experience.test.api.AutoCompleteApiTest"/>
  <testcase name="testAutoCompleteWeb" time="0.469" classname="org.traveloka.experience.test.api.AutoCompleteApiTest"/>
  <testcase name="testAutoCompleteWeb" time="0.508" classname="org.traveloka.experience.test.api.AutoCompleteApiTest"/>
  <testcase name="testAutoCompleteWeb" time="0.466" classname="org.traveloka.experience.test.api.AutoCompleteApiTest">
    <failure type="java.lang.AssertionError">
      <![CDATA[java.lang.AssertionError
at org.traveloka.experience.test.api.AutoCompleteApiTest.testAutoCompleteWeb(AutoCompleteApiTest.java:78)
at sun.reflect.NativeMethodAccessorImpl.invoke0(Native Method)
at sun.reflect.NativeMethodAccessorImpl.invoke(NativeMethodAccessorImpl.java:62)
at sun.reflect.DelegatingMethodAccessorImpl.invoke(DelegatingMethodAccessorImpl.java:43)
at java.lang.reflect.Method.invoke(Method.java:498)
at org.testng.internal.MethodInvocationHelper.invokeMethod(MethodInvocationHelper.java:124)
at org.testng.internal.Invoker.invokeMethod(Invoker.java:583)
at org.testng.internal.Invoker.invokeTestMethod(Invoker.java:719)
at org.testng.internal.Invoker.invokeTestMethods(Invoker.java:989)
at org.testng.internal.TestMethodWorker.invokeTestMethods(TestMethodWorker.java:125)
at org.testng.internal.TestMethodWorker.run(TestMethodWorker.java:109)
at java.util.concurrent.ThreadPoolExecutor.runWorker(ThreadPoolExecutor.java:1149)
at java.util.concurrent.ThreadPoolExecutor$Worker.run(ThreadPoolExecutor.java:624)
at java.lang.Thread.run(Thread.java:748)
]]>
    </failure>
  </testcase> <!-- testAutoCompleteWeb -->
  <testcase name="testAutoComplete" time="0.563" classname="org.traveloka.experience.test.api.AutoCompleteApiTest"/>
  <testcase name="testAutoComplete" time="0.514" classname="org.traveloka.experience.test.api.AutoCompleteApiTest"/>
  <testcase name="testAutoCompleteWeb" time="0.470" classname="org.traveloka.experience.test.api.AutoCompleteApiTest">
    <failure type="java.lang.AssertionError">
      <![CDATA[java.lang.AssertionError
at org.traveloka.experience.test.api.AutoCompleteApiTest.testAutoCompleteWeb(AutoCompleteApiTest.java:78)
at sun.reflect.GeneratedMethodAccessor163.invoke(Unknown Source)
at sun.reflect.DelegatingMethodAccessorImpl.invoke(DelegatingMethodAccessorImpl.java:43)
at java.lang.reflect.Method.invoke(Method.java:498)
at org.testng.internal.MethodInvocationHelper.invokeMethod(MethodInvocationHelper.java:124)
at org.testng.internal.Invoker.invokeMethod(Invoker.java:583)
at org.testng.internal.Invoker.invokeTestMethod(Invoker.java:719)
at org.testng.internal.Invoker.invokeTestMethods(Invoker.java:989)
at org.testng.internal.TestMethodWorker.invokeTestMethods(TestMethodWorker.java:125)
at org.testng.internal.TestMethodWorker.run(TestMethodWorker.java:109)
at java.util.concurrent.ThreadPoolExecutor.runWorker(ThreadPoolExecutor.java:1149)
at java.util.concurrent.ThreadPoolExecutor$Worker.run(ThreadPoolExecutor.java:624)
at java.lang.Thread.run(Thread.java:748)
]]>
    </failure>
  </testcase> <!-- testAutoCompleteWeb -->
  <testcase name="testAutoCompleteWeb" time="0.547" classname="org.traveloka.experience.test.api.AutoCompleteApiTest"/>
  <testcase name="testAutoCompleteWeb" time="0.478" classname="org.traveloka.experience.test.api.AutoCompleteApiTest"/>
  <testcase name="testAutoComplete" time="0.573" classname="org.traveloka.experience.test.api.AutoCompleteApiTest"/>
  <testcase name="testAutoComplete" time="0.542" classname="org.traveloka.experience.test.api.AutoCompleteApiTest">
    <failure type="java.lang.AssertionError">
      <![CDATA[java.lang.AssertionError
at org.traveloka.experience.test.api.AutoCompleteApiTest.testAutoComplete(AutoCompleteApiTest.java:45)
at sun.reflect.GeneratedMethodAccessor84.invoke(Unknown Source)
at sun.reflect.DelegatingMethodAccessorImpl.invoke(DelegatingMethodAccessorImpl.java:43)
at java.lang.reflect.Method.invoke(Method.java:498)
at org.testng.internal.MethodInvocationHelper.invokeMethod(MethodInvocationHelper.java:124)
at org.testng.internal.Invoker.invokeMethod(Invoker.java:583)
at org.testng.internal.Invoker.invokeTestMethod(Invoker.java:719)
at org.testng.internal.Invoker.invokeTestMethods(Invoker.java:989)
at org.testng.internal.TestMethodWorker.invokeTestMethods(TestMethodWorker.java:125)
at org.testng.internal.TestMethodWorker.run(TestMethodWorker.java:109)
at java.util.concurrent.ThreadPoolExecutor.runWorker(ThreadPoolExecutor.java:1149)
at java.util.concurrent.ThreadPoolExecutor$Worker.run(ThreadPoolExecutor.java:624)
at java.lang.Thread.run(Thread.java:748)
]]>
    </failure>
  </testcase> <!-- testAutoComplete -->
  <testcase name="testAutoCompleteWeb" time="0.545" classname="org.traveloka.experience.test.api.AutoCompleteApiTest"/>
  <testcase name="testAutoCompleteWeb" time="1.119" classname="org.traveloka.experience.test.api.AutoCompleteApiTest"/>
  <testcase name="testAutoCompleteWeb" time="0.566" classname="org.traveloka.experience.test.api.AutoCompleteApiTest"/>
  <testcase name="testAutoComplete" time="0.479" classname="org.traveloka.experience.test.api.AutoCompleteApiTest">
    <failure type="java.lang.AssertionError">
      <![CDATA[java.lang.AssertionError
at org.traveloka.experience.test.api.AutoCompleteApiTest.testAutoComplete(AutoCompleteApiTest.java:45)
at sun.reflect.GeneratedMethodAccessor84.invoke(Unknown Source)
at sun.reflect.DelegatingMethodAccessorImpl.invoke(DelegatingMethodAccessorImpl.java:43)
at java.lang.reflect.Method.invoke(Method.java:498)
at org.testng.internal.MethodInvocationHelper.invokeMethod(MethodInvocationHelper.java:124)
at org.testng.internal.Invoker.invokeMethod(Invoker.java:583)
at org.testng.internal.Invoker.invokeTestMethod(Invoker.java:719)
at org.testng.internal.Invoker.invokeTestMethods(Invoker.java:989)
at org.testng.internal.TestMethodWorker.invokeTestMethods(TestMethodWorker.java:125)
at org.testng.internal.TestMethodWorker.run(TestMethodWorker.java:109)
at java.util.concurrent.ThreadPoolExecutor.runWorker(ThreadPoolExecutor.java:1149)
at java.util.concurrent.ThreadPoolExecutor$Worker.run(ThreadPoolExecutor.java:624)
at java.lang.Thread.run(Thread.java:748)
]]>
    </failure>
  </testcase> <!-- testAutoComplete -->
  <testcase name="testAutoCompleteWeb" time="0.814" classname="org.traveloka.experience.test.api.AutoCompleteApiTest"/>
  <testcase name="testAutoComplete" time="0.484" classname="org.traveloka.experience.test.api.AutoCompleteApiTest">
    <failure type="java.lang.AssertionError">
      <![CDATA[java.lang.AssertionError
at org.traveloka.experience.test.api.AutoCompleteApiTest.testAutoComplete(AutoCompleteApiTest.java:45)
at sun.reflect.NativeMethodAccessorImpl.invoke0(Native Method)
at sun.reflect.NativeMethodAccessorImpl.invoke(NativeMethodAccessorImpl.java:62)
at sun.reflect.DelegatingMethodAccessorImpl.invoke(DelegatingMethodAccessorImpl.java:43)
at java.lang.reflect.Method.invoke(Method.java:498)
at org.testng.internal.MethodInvocationHelper.invokeMethod(MethodInvocationHelper.java:124)
at org.testng.internal.Invoker.invokeMethod(Invoker.java:583)
at org.testng.internal.Invoker.invokeTestMethod(Invoker.java:719)
at org.testng.internal.Invoker.invokeTestMethods(Invoker.java:989)
at org.testng.internal.TestMethodWorker.invokeTestMethods(TestMethodWorker.java:125)
at org.testng.internal.TestMethodWorker.run(TestMethodWorker.java:109)
at java.util.concurrent.ThreadPoolExecutor.runWorker(ThreadPoolExecutor.java:1149)
at java.util.concurrent.ThreadPoolExecutor$Worker.run(ThreadPoolExecutor.java:624)
at java.lang.Thread.run(Thread.java:748)
]]>
    </failure>
  </testcase> <!-- testAutoComplete -->
  <testcase name="testAutoComplete" time="0.482" classname="org.traveloka.experience.test.api.AutoCompleteApiTest">
    <failure type="java.lang.AssertionError">
      <![CDATA[java.lang.AssertionError
at org.traveloka.experience.test.api.AutoCompleteApiTest.testAutoComplete(AutoCompleteApiTest.java:45)
at sun.reflect.NativeMethodAccessorImpl.invoke0(Native Method)
at sun.reflect.NativeMethodAccessorImpl.invoke(NativeMethodAccessorImpl.java:62)
at sun.reflect.DelegatingMethodAccessorImpl.invoke(DelegatingMethodAccessorImpl.java:43)
at java.lang.reflect.Method.invoke(Method.java:498)
at org.testng.internal.MethodInvocationHelper.invokeMethod(MethodInvocationHelper.java:124)
at org.testng.internal.Invoker.invokeMethod(Invoker.java:583)
at org.testng.internal.Invoker.invokeTestMethod(Invoker.java:719)
at org.testng.internal.Invoker.invokeTestMethods(Invoker.java:989)
at org.testng.internal.TestMethodWorker.invokeTestMethods(TestMethodWorker.java:125)
at org.testng.internal.TestMethodWorker.run(TestMethodWorker.java:109)
at java.util.concurrent.ThreadPoolExecutor.runWorker(ThreadPoolExecutor.java:1149)
at java.util.concurrent.ThreadPoolExecutor$Worker.run(ThreadPoolExecutor.java:624)
at java.lang.Thread.run(Thread.java:748)
]]>
    </failure>
  </testcase> <!-- testAutoComplete -->
  <testcase name="testAutoComplete" time="0.518" classname="org.traveloka.experience.test.api.AutoCompleteApiTest"/>
  <testcase name="testAutoComplete" time="0.495" classname="org.traveloka.experience.test.api.AutoCompleteApiTest"/>
  <testcase name="testAutoCompleteWeb" time="0.492" classname="org.traveloka.experience.test.api.AutoCompleteApiTest"/>
  <testcase name="testAutoCompleteWeb" time="0.544" classname="org.traveloka.experience.test.api.AutoCompleteApiTest"/>
</testsuite> <!-- org.traveloka.experience.test.api.AutoCompleteApiTest -->
