<?xml version="1.0" encoding="UTF-8"?>
<!-- Generated by org.testng.reporters.JUnitReportReporter -->
<testsuite skipped="0" hostname="ip-192-168-6-60.ap-southeast-1.compute.internal" name="org.traveloka.experience.test.api.ProductSearchSortApiTest" tests="28" failures="4" timestamp="16 May 2019 03:28:22 GMT" time="90.987" errors="4">
  <testcase name="testProductSearchSortBy" time="0.577" classname="org.traveloka.experience.test.api.ProductSearchSortApiTest"/>
  <testcase name="testProductSearchSortBy" time="2.467" classname="org.traveloka.experience.test.api.ProductSearchSortApiTest"/>
  <testcase name="testProductSearchSortBy" time="0.636" classname="org.traveloka.experience.test.api.ProductSearchSortApiTest"/>
  <testcase name="testProductSearchSortBy" time="1.031" classname="org.traveloka.experience.test.api.ProductSearchSortApiTest"/>
  <testcase name="testProductSearchSortBy" time="0.683" classname="org.traveloka.experience.test.api.ProductSearchSortApiTest"/>
  <testcase name="testProductSearchSortBy" time="0.607" classname="org.traveloka.experience.test.api.ProductSearchSortApiTest"/>
  <testcase name="testProductSearchSortBy" time="1.455" classname="org.traveloka.experience.test.api.ProductSearchSortApiTest"/>
  <testcase name="testProductSearchSortBy" time="0.610" classname="org.traveloka.experience.test.api.ProductSearchSortApiTest"/>
  <testcase name="testProductSearchSortBy" time="1.332" classname="org.traveloka.experience.test.api.ProductSearchSortApiTest"/>
  <testcase name="testProductSearchSortBy" time="0.655" classname="org.traveloka.experience.test.api.ProductSearchSortApiTest"/>
  <testcase name="testProductSearchSortBy" time="2.398" classname="org.traveloka.experience.test.api.ProductSearchSortApiTest"/>
  <testcase name="testProductSearchSortBy" time="0.670" classname="org.traveloka.experience.test.api.ProductSearchSortApiTest"/>
  <testcase name="testProductSearchSortBy" time="24.819" classname="org.traveloka.experience.test.api.ProductSearchSortApiTest">
    <error type="org.testng.internal.thread.ThreadTimeoutException" message="Method org.traveloka.experience.test.api.ProductSearchSortApiTest.testProductSearchSortBy() didn&#039;t finish within the time-out 4000">
      <![CDATA[org.testng.internal.thread.ThreadTimeoutException: Method org.traveloka.experience.test.api.ProductSearchSortApiTest.testProductSearchSortBy() didn't finish within the time-out 4000
at org.testng.internal.MethodInvocationHelper.invokeWithTimeoutWithNoExecutor(MethodInvocationHelper.java:283)
at org.testng.internal.MethodInvocationHelper.invokeWithTimeout(MethodInvocationHelper.java:265)
at org.testng.internal.Invoker.invokeMethod(Invoker.java:589)
at org.testng.internal.Invoker.invokeTestMethod(Invoker.java:719)
at org.testng.internal.Invoker.invokeTestMethods(Invoker.java:989)
at org.testng.internal.TestMethodWorker.invokeTestMethods(TestMethodWorker.java:125)
at org.testng.internal.TestMethodWorker.run(TestMethodWorker.java:109)
at java.util.concurrent.ThreadPoolExecutor.runWorker(ThreadPoolExecutor.java:1149)
at java.util.concurrent.ThreadPoolExecutor$Worker.run(ThreadPoolExecutor.java:624)
at java.lang.Thread.run(Thread.java:748)
]]>
    </error>
  </testcase> <!-- testProductSearchSortBy -->
  <testcase name="testProductSearchSortBy" time="0.933" classname="org.traveloka.experience.test.api.ProductSearchSortApiTest"/>
  <testcase name="testProductSearchSortBy" time="1.154" classname="org.traveloka.experience.test.api.ProductSearchSortApiTest"/>
  <testcase name="testProductSearchSortBy" time="6.449" classname="org.traveloka.experience.test.api.ProductSearchSortApiTest">
    <error type="org.testng.internal.thread.ThreadTimeoutException" message="Method org.traveloka.experience.test.api.ProductSearchSortApiTest.testProductSearchSortBy() didn&#039;t finish within the time-out 4000">
      <![CDATA[org.testng.internal.thread.ThreadTimeoutException: Method org.traveloka.experience.test.api.ProductSearchSortApiTest.testProductSearchSortBy() didn't finish within the time-out 4000
at org.testng.internal.MethodInvocationHelper.invokeWithTimeoutWithNoExecutor(MethodInvocationHelper.java:283)
at org.testng.internal.MethodInvocationHelper.invokeWithTimeout(MethodInvocationHelper.java:265)
at org.testng.internal.Invoker.invokeMethod(Invoker.java:589)
at org.testng.internal.Invoker.invokeTestMethod(Invoker.java:719)
at org.testng.internal.Invoker.invokeTestMethods(Invoker.java:989)
at org.testng.internal.TestMethodWorker.invokeTestMethods(TestMethodWorker.java:125)
at org.testng.internal.TestMethodWorker.run(TestMethodWorker.java:109)
at java.util.concurrent.ThreadPoolExecutor.runWorker(ThreadPoolExecutor.java:1149)
at java.util.concurrent.ThreadPoolExecutor$Worker.run(ThreadPoolExecutor.java:624)
at java.lang.Thread.run(Thread.java:748)
]]>
    </error>
  </testcase> <!-- testProductSearchSortBy -->
  <testcase name="testProductSearchSortBy" time="0.565" classname="org.traveloka.experience.test.api.ProductSearchSortApiTest"/>
  <testcase name="testProductSearchSortBy" time="10.775" classname="org.traveloka.experience.test.api.ProductSearchSortApiTest">
    <error type="org.testng.internal.thread.ThreadTimeoutException" message="Method org.traveloka.experience.test.api.ProductSearchSortApiTest.testProductSearchSortBy() didn&#039;t finish within the time-out 4000">
      <![CDATA[org.testng.internal.thread.ThreadTimeoutException: Method org.traveloka.experience.test.api.ProductSearchSortApiTest.testProductSearchSortBy() didn't finish within the time-out 4000
at org.testng.internal.MethodInvocationHelper.invokeWithTimeoutWithNoExecutor(MethodInvocationHelper.java:283)
at org.testng.internal.MethodInvocationHelper.invokeWithTimeout(MethodInvocationHelper.java:265)
at org.testng.internal.Invoker.invokeMethod(Invoker.java:589)
at org.testng.internal.Invoker.invokeTestMethod(Invoker.java:719)
at org.testng.internal.Invoker.invokeTestMethods(Invoker.java:989)
at org.testng.internal.TestMethodWorker.invokeTestMethods(TestMethodWorker.java:125)
at org.testng.internal.TestMethodWorker.run(TestMethodWorker.java:109)
at java.util.concurrent.ThreadPoolExecutor.runWorker(ThreadPoolExecutor.java:1149)
at java.util.concurrent.ThreadPoolExecutor$Worker.run(ThreadPoolExecutor.java:624)
at java.lang.Thread.run(Thread.java:748)
]]>
    </error>
  </testcase> <!-- testProductSearchSortBy -->
  <testcase name="testProductSearchSortBy" time="0.847" classname="org.traveloka.experience.test.api.ProductSearchSortApiTest">
    <failure type="org.junit.ComparisonFailure" message="expected:&lt;[fals]e&gt; but was:&lt;[tru]e&gt;">
      <![CDATA[org.junit.ComparisonFailure: expected:<[fals]e> but was:<[tru]e>
at sun.reflect.GeneratedConstructorAccessor84.newInstance(Unknown Source)
at sun.reflect.DelegatingConstructorAccessorImpl.newInstance(DelegatingConstructorAccessorImpl.java:45)
at org.traveloka.experience.test.api.ProductSearchSortApiTest.testProductSearchSortBy(ProductSearchSortApiTest.java:58)
at sun.reflect.NativeMethodAccessorImpl.invoke0(Native Method)
at sun.reflect.NativeMethodAccessorImpl.invoke(NativeMethodAccessorImpl.java:62)
at sun.reflect.DelegatingMethodAccessorImpl.invoke(DelegatingMethodAccessorImpl.java:43)
at java.lang.reflect.Method.invoke(Method.java:498)
at org.testng.internal.MethodInvocationHelper.invokeMethod(MethodInvocationHelper.java:124)
at org.testng.internal.InvokeMethodRunnable.runOne(InvokeMethodRunnable.java:54)
at org.testng.internal.InvokeMethodRunnable.run(InvokeMethodRunnable.java:44)
at org.testng.internal.MethodInvocationHelper.invokeWithTimeoutWithNoExecutor(MethodInvocationHelper.java:278)
at org.testng.internal.MethodInvocationHelper.invokeWithTimeout(MethodInvocationHelper.java:265)
at org.testng.internal.Invoker.invokeMethod(Invoker.java:589)
at org.testng.internal.Invoker.invokeTestMethod(Invoker.java:719)
at org.testng.internal.Invoker.invokeTestMethods(Invoker.java:989)
at org.testng.internal.TestMethodWorker.invokeTestMethods(TestMethodWorker.java:125)
at org.testng.internal.TestMethodWorker.run(TestMethodWorker.java:109)
at java.util.concurrent.ThreadPoolExecutor.runWorker(ThreadPoolExecutor.java:1149)
at java.util.concurrent.ThreadPoolExecutor$Worker.run(ThreadPoolExecutor.java:624)
at java.lang.Thread.run(Thread.java:748)
]]>
    </failure>
  </testcase> <!-- testProductSearchSortBy -->
  <testcase name="testProductSearchSortBy" time="0.728" classname="org.traveloka.experience.test.api.ProductSearchSortApiTest">
    <failure type="org.junit.ComparisonFailure" message="expected:&lt;[fals]e&gt; but was:&lt;[tru]e&gt;">
      <![CDATA[org.junit.ComparisonFailure: expected:<[fals]e> but was:<[tru]e>
at sun.reflect.GeneratedConstructorAccessor84.newInstance(Unknown Source)
at sun.reflect.DelegatingConstructorAccessorImpl.newInstance(DelegatingConstructorAccessorImpl.java:45)
at org.traveloka.experience.test.api.ProductSearchSortApiTest.testProductSearchSortBy(ProductSearchSortApiTest.java:58)
at sun.reflect.GeneratedMethodAccessor170.invoke(Unknown Source)
at sun.reflect.DelegatingMethodAccessorImpl.invoke(DelegatingMethodAccessorImpl.java:43)
at java.lang.reflect.Method.invoke(Method.java:498)
at org.testng.internal.MethodInvocationHelper.invokeMethod(MethodInvocationHelper.java:124)
at org.testng.internal.InvokeMethodRunnable.runOne(InvokeMethodRunnable.java:54)
at org.testng.internal.InvokeMethodRunnable.run(InvokeMethodRunnable.java:44)
at org.testng.internal.MethodInvocationHelper.invokeWithTimeoutWithNoExecutor(MethodInvocationHelper.java:278)
at org.testng.internal.MethodInvocationHelper.invokeWithTimeout(MethodInvocationHelper.java:265)
at org.testng.internal.Invoker.invokeMethod(Invoker.java:589)
at org.testng.internal.Invoker.invokeTestMethod(Invoker.java:719)
at org.testng.internal.Invoker.invokeTestMethods(Invoker.java:989)
at org.testng.internal.TestMethodWorker.invokeTestMethods(TestMethodWorker.java:125)
at org.testng.internal.TestMethodWorker.run(TestMethodWorker.java:109)
at java.util.concurrent.ThreadPoolExecutor.runWorker(ThreadPoolExecutor.java:1149)
at java.util.concurrent.ThreadPoolExecutor$Worker.run(ThreadPoolExecutor.java:624)
at java.lang.Thread.run(Thread.java:748)
]]>
    </failure>
  </testcase> <!-- testProductSearchSortBy -->
  <testcase name="testProductSearchSortBy" time="1.073" classname="org.traveloka.experience.test.api.ProductSearchSortApiTest">
    <failure type="org.junit.ComparisonFailure" message="expected:&lt;[fals]e&gt; but was:&lt;[tru]e&gt;">
      <![CDATA[org.junit.ComparisonFailure: expected:<[fals]e> but was:<[tru]e>
at sun.reflect.GeneratedConstructorAccessor84.newInstance(Unknown Source)
at sun.reflect.DelegatingConstructorAccessorImpl.newInstance(DelegatingConstructorAccessorImpl.java:45)
at org.traveloka.experience.test.api.ProductSearchSortApiTest.testProductSearchSortBy(ProductSearchSortApiTest.java:58)
at sun.reflect.NativeMethodAccessorImpl.invoke0(Native Method)
at sun.reflect.NativeMethodAccessorImpl.invoke(NativeMethodAccessorImpl.java:62)
at sun.reflect.DelegatingMethodAccessorImpl.invoke(DelegatingMethodAccessorImpl.java:43)
at java.lang.reflect.Method.invoke(Method.java:498)
at org.testng.internal.MethodInvocationHelper.invokeMethod(MethodInvocationHelper.java:124)
at org.testng.internal.InvokeMethodRunnable.runOne(InvokeMethodRunnable.java:54)
at org.testng.internal.InvokeMethodRunnable.run(InvokeMethodRunnable.java:44)
at org.testng.internal.MethodInvocationHelper.invokeWithTimeoutWithNoExecutor(MethodInvocationHelper.java:278)
at org.testng.internal.MethodInvocationHelper.invokeWithTimeout(MethodInvocationHelper.java:265)
at org.testng.internal.Invoker.invokeMethod(Invoker.java:589)
at org.testng.internal.Invoker.invokeTestMethod(Invoker.java:719)
at org.testng.internal.Invoker.invokeTestMethods(Invoker.java:989)
at org.testng.internal.TestMethodWorker.invokeTestMethods(TestMethodWorker.java:125)
at org.testng.internal.TestMethodWorker.run(TestMethodWorker.java:109)
at java.util.concurrent.ThreadPoolExecutor.runWorker(ThreadPoolExecutor.java:1149)
at java.util.concurrent.ThreadPoolExecutor$Worker.run(ThreadPoolExecutor.java:624)
at java.lang.Thread.run(Thread.java:748)
]]>
    </failure>
  </testcase> <!-- testProductSearchSortBy -->
  <testcase name="testProductSearchSortBy" time="0.623" classname="org.traveloka.experience.test.api.ProductSearchSortApiTest"/>
  <testcase name="testProductSearchSortBy" time="2.251" classname="org.traveloka.experience.test.api.ProductSearchSortApiTest"/>
  <testcase name="testProductSearchSortBy" time="3.726" classname="org.traveloka.experience.test.api.ProductSearchSortApiTest"/>
  <testcase name="testProductSearchSortBy" time="1.012" classname="org.traveloka.experience.test.api.ProductSearchSortApiTest"/>
  <testcase name="testProductSearchSortBy" time="16.501" classname="org.traveloka.experience.test.api.ProductSearchSortApiTest">
    <error type="org.testng.internal.thread.ThreadTimeoutException" message="Method org.traveloka.experience.test.api.ProductSearchSortApiTest.testProductSearchSortBy() didn&#039;t finish within the time-out 4000">
      <![CDATA[org.testng.internal.thread.ThreadTimeoutException: Method org.traveloka.experience.test.api.ProductSearchSortApiTest.testProductSearchSortBy() didn't finish within the time-out 4000
at org.testng.internal.MethodInvocationHelper.invokeWithTimeoutWithNoExecutor(MethodInvocationHelper.java:283)
at org.testng.internal.MethodInvocationHelper.invokeWithTimeout(MethodInvocationHelper.java:265)
at org.testng.internal.Invoker.invokeMethod(Invoker.java:589)
at org.testng.internal.Invoker.invokeTestMethod(Invoker.java:719)
at org.testng.internal.Invoker.invokeTestMethods(Invoker.java:989)
at org.testng.internal.TestMethodWorker.invokeTestMethods(TestMethodWorker.java:125)
at org.testng.internal.TestMethodWorker.run(TestMethodWorker.java:109)
at java.util.concurrent.ThreadPoolExecutor.runWorker(ThreadPoolExecutor.java:1149)
at java.util.concurrent.ThreadPoolExecutor$Worker.run(ThreadPoolExecutor.java:624)
at java.lang.Thread.run(Thread.java:748)
]]>
    </error>
  </testcase> <!-- testProductSearchSortBy -->
  <testcase name="testProductSearchSortBy" time="5.768" classname="org.traveloka.experience.test.api.ProductSearchSortApiTest">
    <failure type="org.junit.ComparisonFailure" message="expected:&lt;[fals]e&gt; but was:&lt;[tru]e&gt;">
      <![CDATA[org.junit.ComparisonFailure: expected:<[fals]e> but was:<[tru]e>
at sun.reflect.GeneratedConstructorAccessor84.newInstance(Unknown Source)
at sun.reflect.DelegatingConstructorAccessorImpl.newInstance(DelegatingConstructorAccessorImpl.java:45)
at org.traveloka.experience.test.api.ProductSearchSortApiTest.testProductSearchSortBy(ProductSearchSortApiTest.java:58)
at sun.reflect.NativeMethodAccessorImpl.invoke0(Native Method)
at sun.reflect.NativeMethodAccessorImpl.invoke(NativeMethodAccessorImpl.java:62)
at sun.reflect.DelegatingMethodAccessorImpl.invoke(DelegatingMethodAccessorImpl.java:43)
at java.lang.reflect.Method.invoke(Method.java:498)
at org.testng.internal.MethodInvocationHelper.invokeMethod(MethodInvocationHelper.java:124)
at org.testng.internal.InvokeMethodRunnable.runOne(InvokeMethodRunnable.java:54)
at org.testng.internal.InvokeMethodRunnable.run(InvokeMethodRunnable.java:44)
at org.testng.internal.MethodInvocationHelper.invokeWithTimeoutWithNoExecutor(MethodInvocationHelper.java:278)
at org.testng.internal.MethodInvocationHelper.invokeWithTimeout(MethodInvocationHelper.java:265)
at org.testng.internal.Invoker.invokeMethod(Invoker.java:589)
at org.testng.internal.Invoker.invokeTestMethod(Invoker.java:719)
at org.testng.internal.Invoker.invokeTestMethods(Invoker.java:989)
at org.testng.internal.TestMethodWorker.invokeTestMethods(TestMethodWorker.java:125)
at org.testng.internal.TestMethodWorker.run(TestMethodWorker.java:109)
at java.util.concurrent.ThreadPoolExecutor.runWorker(ThreadPoolExecutor.java:1149)
at java.util.concurrent.ThreadPoolExecutor$Worker.run(ThreadPoolExecutor.java:624)
at java.lang.Thread.run(Thread.java:748)
]]>
    </failure>
  </testcase> <!-- testProductSearchSortBy -->
  <testcase name="testProductSearchSortBy" time="0.642" classname="org.traveloka.experience.test.api.ProductSearchSortApiTest"/>
</testsuite> <!-- org.traveloka.experience.test.api.ProductSearchSortApiTest -->
