<?xml version="1.0" encoding="UTF-8"?>
<!-- Generated by org.testng.reporters.JUnitReportReporter -->
<testsuite skipped="0" hostname="ip-192-168-6-60.ap-southeast-1.compute.internal" name="org.traveloka.experience.test.api.ProductSearchFilterApiTest" tests="22" failures="10" timestamp="16 May 2019 03:28:22 GMT" time="397.912" errors="0">
  <testcase name="testProductSearchFilterV2" time="22.570" classname="org.traveloka.experience.test.api.ProductSearchFilterApiTest"/>
  <testcase name="testProductSearchFilterV2" time="22.043" classname="org.traveloka.experience.test.api.ProductSearchFilterApiTest"/>
  <testcase name="testProductSearchFilterV2" time="23.825" classname="org.traveloka.experience.test.api.ProductSearchFilterApiTest"/>
  <testcase name="testProductSearchFilterV2" time="25.166" classname="org.traveloka.experience.test.api.ProductSearchFilterApiTest"/>
  <testcase name="testProductSearchFilterV2" time="6.760" classname="org.traveloka.experience.test.api.ProductSearchFilterApiTest">
    <failure type="org.junit.ComparisonFailure" message="expected:&lt;[tru]e&gt; but was:&lt;[fals]e&gt;">
      <![CDATA[org.junit.ComparisonFailure: expected:<[tru]e> but was:<[fals]e>
at sun.reflect.NativeConstructorAccessorImpl.newInstance0(Native Method)
at sun.reflect.NativeConstructorAccessorImpl.newInstance(NativeConstructorAccessorImpl.java:62)
at sun.reflect.DelegatingConstructorAccessorImpl.newInstance(DelegatingConstructorAccessorImpl.java:45)
at org.traveloka.commonUtils.Utils.verifyPriceRange(Utils.java:239)
at org.traveloka.experience.test.api.Helpers.ExperienceTestHelperMethods.checkPriceRange(ExperienceTestHelperMethods.java:24)
at org.traveloka.experience.test.api.ProductSearchFilterApiTest.doFiltering(ProductSearchFilterApiTest.java:221)
at org.traveloka.experience.test.api.ProductSearchFilterApiTest.testProductSearchFilterV2(ProductSearchFilterApiTest.java:67)
at sun.reflect.NativeMethodAccessorImpl.invoke0(Native Method)
at sun.reflect.NativeMethodAccessorImpl.invoke(NativeMethodAccessorImpl.java:62)
at sun.reflect.DelegatingMethodAccessorImpl.invoke(DelegatingMethodAccessorImpl.java:43)
at java.lang.reflect.Method.invoke(Method.java:498)
at org.testng.internal.MethodInvocationHelper.invokeMethod(MethodInvocationHelper.java:124)
at org.testng.internal.Invoker.invokeMethod(Invoker.java:583)
at org.testng.internal.Invoker.invokeTestMethod(Invoker.java:719)
at org.testng.internal.Invoker.invokeTestMethods(Invoker.java:989)
at org.testng.internal.TestMethodWorker.invokeTestMethods(TestMethodWorker.java:125)
at org.testng.internal.TestMethodWorker.run(TestMethodWorker.java:109)
at java.util.concurrent.ThreadPoolExecutor.runWorker(ThreadPoolExecutor.java:1149)
at java.util.concurrent.ThreadPoolExecutor$Worker.run(ThreadPoolExecutor.java:624)
at java.lang.Thread.run(Thread.java:748)
]]>
    </failure>
  </testcase> <!-- testProductSearchFilterV2 -->
  <testcase name="testProductSearchFilterV2" time="21.390" classname="org.traveloka.experience.test.api.ProductSearchFilterApiTest"/>
  <testcase name="testProductSearchFilterV2" time="0.582" classname="org.traveloka.experience.test.api.ProductSearchFilterApiTest">
    <failure type="org.junit.ComparisonFailure" message="expected:&lt;[tru]e&gt; but was:&lt;[fals]e&gt;">
      <![CDATA[org.junit.ComparisonFailure: expected:<[tru]e> but was:<[fals]e>
at sun.reflect.NativeConstructorAccessorImpl.newInstance0(Native Method)
at sun.reflect.NativeConstructorAccessorImpl.newInstance(NativeConstructorAccessorImpl.java:62)
at sun.reflect.DelegatingConstructorAccessorImpl.newInstance(DelegatingConstructorAccessorImpl.java:45)
at org.traveloka.commonUtils.Utils.verifyPriceRange(Utils.java:239)
at org.traveloka.experience.test.api.Helpers.ExperienceTestHelperMethods.checkPriceRange(ExperienceTestHelperMethods.java:30)
at org.traveloka.experience.test.api.ProductSearchFilterApiTest.doFiltering(ProductSearchFilterApiTest.java:221)
at org.traveloka.experience.test.api.ProductSearchFilterApiTest.testProductSearchFilterV2(ProductSearchFilterApiTest.java:64)
at sun.reflect.NativeMethodAccessorImpl.invoke0(Native Method)
at sun.reflect.NativeMethodAccessorImpl.invoke(NativeMethodAccessorImpl.java:62)
at sun.reflect.DelegatingMethodAccessorImpl.invoke(DelegatingMethodAccessorImpl.java:43)
at java.lang.reflect.Method.invoke(Method.java:498)
at org.testng.internal.MethodInvocationHelper.invokeMethod(MethodInvocationHelper.java:124)
at org.testng.internal.Invoker.invokeMethod(Invoker.java:583)
at org.testng.internal.Invoker.invokeTestMethod(Invoker.java:719)
at org.testng.internal.Invoker.invokeTestMethods(Invoker.java:989)
at org.testng.internal.TestMethodWorker.invokeTestMethods(TestMethodWorker.java:125)
at org.testng.internal.TestMethodWorker.run(TestMethodWorker.java:109)
at java.util.concurrent.ThreadPoolExecutor.runWorker(ThreadPoolExecutor.java:1149)
at java.util.concurrent.ThreadPoolExecutor$Worker.run(ThreadPoolExecutor.java:624)
at java.lang.Thread.run(Thread.java:748)
]]>
    </failure>
  </testcase> <!-- testProductSearchFilterV2 -->
  <testcase name="testProductSearchFilterV2" time="0.550" classname="org.traveloka.experience.test.api.ProductSearchFilterApiTest">
    <failure type="org.junit.ComparisonFailure" message="expected:&lt;[tru]e&gt; but was:&lt;[fals]e&gt;">
      <![CDATA[org.junit.ComparisonFailure: expected:<[tru]e> but was:<[fals]e>
at sun.reflect.NativeConstructorAccessorImpl.newInstance0(Native Method)
at sun.reflect.NativeConstructorAccessorImpl.newInstance(NativeConstructorAccessorImpl.java:62)
at sun.reflect.DelegatingConstructorAccessorImpl.newInstance(DelegatingConstructorAccessorImpl.java:45)
at org.traveloka.commonUtils.Utils.verifyPriceRange(Utils.java:239)
at org.traveloka.experience.test.api.Helpers.ExperienceTestHelperMethods.checkPriceRange(ExperienceTestHelperMethods.java:24)
at org.traveloka.experience.test.api.ProductSearchFilterApiTest.doFiltering(ProductSearchFilterApiTest.java:221)
at org.traveloka.experience.test.api.ProductSearchFilterApiTest.testProductSearchFilterV2(ProductSearchFilterApiTest.java:67)
at sun.reflect.NativeMethodAccessorImpl.invoke0(Native Method)
at sun.reflect.NativeMethodAccessorImpl.invoke(NativeMethodAccessorImpl.java:62)
at sun.reflect.DelegatingMethodAccessorImpl.invoke(DelegatingMethodAccessorImpl.java:43)
at java.lang.reflect.Method.invoke(Method.java:498)
at org.testng.internal.MethodInvocationHelper.invokeMethod(MethodInvocationHelper.java:124)
at org.testng.internal.Invoker.invokeMethod(Invoker.java:583)
at org.testng.internal.Invoker.invokeTestMethod(Invoker.java:719)
at org.testng.internal.Invoker.invokeTestMethods(Invoker.java:989)
at org.testng.internal.TestMethodWorker.invokeTestMethods(TestMethodWorker.java:125)
at org.testng.internal.TestMethodWorker.run(TestMethodWorker.java:109)
at java.util.concurrent.ThreadPoolExecutor.runWorker(ThreadPoolExecutor.java:1149)
at java.util.concurrent.ThreadPoolExecutor$Worker.run(ThreadPoolExecutor.java:624)
at java.lang.Thread.run(Thread.java:748)
]]>
    </failure>
  </testcase> <!-- testProductSearchFilterV2 -->
  <testcase name="testProductSearchFilterV2" time="23.277" classname="org.traveloka.experience.test.api.ProductSearchFilterApiTest"/>
  <testcase name="testProductSearchFilterV2" time="0.503" classname="org.traveloka.experience.test.api.ProductSearchFilterApiTest">
    <failure type="org.junit.ComparisonFailure" message="expected:&lt;[tru]e&gt; but was:&lt;[fals]e&gt;">
      <![CDATA[org.junit.ComparisonFailure: expected:<[tru]e> but was:<[fals]e>
at sun.reflect.NativeConstructorAccessorImpl.newInstance0(Native Method)
at sun.reflect.NativeConstructorAccessorImpl.newInstance(NativeConstructorAccessorImpl.java:62)
at sun.reflect.DelegatingConstructorAccessorImpl.newInstance(DelegatingConstructorAccessorImpl.java:45)
at org.traveloka.commonUtils.Utils.verifyPriceRange(Utils.java:239)
at org.traveloka.experience.test.api.Helpers.ExperienceTestHelperMethods.checkPriceRange(ExperienceTestHelperMethods.java:24)
at org.traveloka.experience.test.api.ProductSearchFilterApiTest.doFiltering(ProductSearchFilterApiTest.java:221)
at org.traveloka.experience.test.api.ProductSearchFilterApiTest.testProductSearchFilterV2(ProductSearchFilterApiTest.java:67)
at sun.reflect.NativeMethodAccessorImpl.invoke0(Native Method)
at sun.reflect.NativeMethodAccessorImpl.invoke(NativeMethodAccessorImpl.java:62)
at sun.reflect.DelegatingMethodAccessorImpl.invoke(DelegatingMethodAccessorImpl.java:43)
at java.lang.reflect.Method.invoke(Method.java:498)
at org.testng.internal.MethodInvocationHelper.invokeMethod(MethodInvocationHelper.java:124)
at org.testng.internal.Invoker.invokeMethod(Invoker.java:583)
at org.testng.internal.Invoker.invokeTestMethod(Invoker.java:719)
at org.testng.internal.Invoker.invokeTestMethods(Invoker.java:989)
at org.testng.internal.TestMethodWorker.invokeTestMethods(TestMethodWorker.java:125)
at org.testng.internal.TestMethodWorker.run(TestMethodWorker.java:109)
at java.util.concurrent.ThreadPoolExecutor.runWorker(ThreadPoolExecutor.java:1149)
at java.util.concurrent.ThreadPoolExecutor$Worker.run(ThreadPoolExecutor.java:624)
at java.lang.Thread.run(Thread.java:748)
]]>
    </failure>
  </testcase> <!-- testProductSearchFilterV2 -->
  <testcase name="testProductSearchFilterV2" time="21.917" classname="org.traveloka.experience.test.api.ProductSearchFilterApiTest"/>
  <testcase name="testProductSearchFilterV2" time="22.217" classname="org.traveloka.experience.test.api.ProductSearchFilterApiTest"/>
  <testcase name="testProductSearchFilterV2" time="14.618" classname="org.traveloka.experience.test.api.ProductSearchFilterApiTest">
    <failure type="org.junit.ComparisonFailure" message="expected:&lt;[tru]e&gt; but was:&lt;[fals]e&gt;">
      <![CDATA[org.junit.ComparisonFailure: expected:<[tru]e> but was:<[fals]e>
at sun.reflect.NativeConstructorAccessorImpl.newInstance0(Native Method)
at sun.reflect.NativeConstructorAccessorImpl.newInstance(NativeConstructorAccessorImpl.java:62)
at sun.reflect.DelegatingConstructorAccessorImpl.newInstance(DelegatingConstructorAccessorImpl.java:45)
at org.traveloka.commonUtils.Utils.verifyPriceRange(Utils.java:239)
at org.traveloka.experience.test.api.Helpers.ExperienceTestHelperMethods.checkPriceRange(ExperienceTestHelperMethods.java:24)
at org.traveloka.experience.test.api.ProductSearchFilterApiTest.doFiltering(ProductSearchFilterApiTest.java:221)
at org.traveloka.experience.test.api.ProductSearchFilterApiTest.testProductSearchFilterV2(ProductSearchFilterApiTest.java:67)
at sun.reflect.NativeMethodAccessorImpl.invoke0(Native Method)
at sun.reflect.NativeMethodAccessorImpl.invoke(NativeMethodAccessorImpl.java:62)
at sun.reflect.DelegatingMethodAccessorImpl.invoke(DelegatingMethodAccessorImpl.java:43)
at java.lang.reflect.Method.invoke(Method.java:498)
at org.testng.internal.MethodInvocationHelper.invokeMethod(MethodInvocationHelper.java:124)
at org.testng.internal.Invoker.invokeMethod(Invoker.java:583)
at org.testng.internal.Invoker.invokeTestMethod(Invoker.java:719)
at org.testng.internal.Invoker.invokeTestMethods(Invoker.java:989)
at org.testng.internal.TestMethodWorker.invokeTestMethods(TestMethodWorker.java:125)
at org.testng.internal.TestMethodWorker.run(TestMethodWorker.java:109)
at java.util.concurrent.ThreadPoolExecutor.runWorker(ThreadPoolExecutor.java:1149)
at java.util.concurrent.ThreadPoolExecutor$Worker.run(ThreadPoolExecutor.java:624)
at java.lang.Thread.run(Thread.java:748)
]]>
    </failure>
  </testcase> <!-- testProductSearchFilterV2 -->
  <testcase name="testProductSearchFilterV2" time="23.316" classname="org.traveloka.experience.test.api.ProductSearchFilterApiTest"/>
  <testcase name="testProductSearchFilterV2" time="0.993" classname="org.traveloka.experience.test.api.ProductSearchFilterApiTest">
    <failure type="org.junit.ComparisonFailure" message="expected:&lt;[tru]e&gt; but was:&lt;[fals]e&gt;">
      <![CDATA[org.junit.ComparisonFailure: expected:<[tru]e> but was:<[fals]e>
at sun.reflect.NativeConstructorAccessorImpl.newInstance0(Native Method)
at sun.reflect.NativeConstructorAccessorImpl.newInstance(NativeConstructorAccessorImpl.java:62)
at sun.reflect.DelegatingConstructorAccessorImpl.newInstance(DelegatingConstructorAccessorImpl.java:45)
at org.traveloka.commonUtils.Utils.verifyPriceRange(Utils.java:239)
at org.traveloka.experience.test.api.Helpers.ExperienceTestHelperMethods.checkPriceRange(ExperienceTestHelperMethods.java:24)
at org.traveloka.experience.test.api.ProductSearchFilterApiTest.doFiltering(ProductSearchFilterApiTest.java:221)
at org.traveloka.experience.test.api.ProductSearchFilterApiTest.testProductSearchFilterV2(ProductSearchFilterApiTest.java:67)
at sun.reflect.NativeMethodAccessorImpl.invoke0(Native Method)
at sun.reflect.NativeMethodAccessorImpl.invoke(NativeMethodAccessorImpl.java:62)
at sun.reflect.DelegatingMethodAccessorImpl.invoke(DelegatingMethodAccessorImpl.java:43)
at java.lang.reflect.Method.invoke(Method.java:498)
at org.testng.internal.MethodInvocationHelper.invokeMethod(MethodInvocationHelper.java:124)
at org.testng.internal.Invoker.invokeMethod(Invoker.java:583)
at org.testng.internal.Invoker.invokeTestMethod(Invoker.java:719)
at org.testng.internal.Invoker.invokeTestMethods(Invoker.java:989)
at org.testng.internal.TestMethodWorker.invokeTestMethods(TestMethodWorker.java:125)
at org.testng.internal.TestMethodWorker.run(TestMethodWorker.java:109)
at java.util.concurrent.ThreadPoolExecutor.runWorker(ThreadPoolExecutor.java:1149)
at java.util.concurrent.ThreadPoolExecutor$Worker.run(ThreadPoolExecutor.java:624)
at java.lang.Thread.run(Thread.java:748)
]]>
    </failure>
  </testcase> <!-- testProductSearchFilterV2 -->
  <testcase name="testProductSearchFilterV2" time="121.079" classname="org.traveloka.experience.test.api.ProductSearchFilterApiTest"/>
  <testcase name="testProductSearchFilterV2" time="22.513" classname="org.traveloka.experience.test.api.ProductSearchFilterApiTest"/>
  <testcase name="testProductSearchFilterV2" time="0.496" classname="org.traveloka.experience.test.api.ProductSearchFilterApiTest">
    <failure type="org.junit.ComparisonFailure" message="expected:&lt;[tru]e&gt; but was:&lt;[fals]e&gt;">
      <![CDATA[org.junit.ComparisonFailure: expected:<[tru]e> but was:<[fals]e>
at sun.reflect.NativeConstructorAccessorImpl.newInstance0(Native Method)
at sun.reflect.NativeConstructorAccessorImpl.newInstance(NativeConstructorAccessorImpl.java:62)
at sun.reflect.DelegatingConstructorAccessorImpl.newInstance(DelegatingConstructorAccessorImpl.java:45)
at org.traveloka.commonUtils.Utils.verifyPriceRange(Utils.java:239)
at org.traveloka.experience.test.api.Helpers.ExperienceTestHelperMethods.checkPriceRange(ExperienceTestHelperMethods.java:30)
at org.traveloka.experience.test.api.ProductSearchFilterApiTest.doFiltering(ProductSearchFilterApiTest.java:221)
at org.traveloka.experience.test.api.ProductSearchFilterApiTest.testProductSearchFilterV2(ProductSearchFilterApiTest.java:67)
at sun.reflect.NativeMethodAccessorImpl.invoke0(Native Method)
at sun.reflect.NativeMethodAccessorImpl.invoke(NativeMethodAccessorImpl.java:62)
at sun.reflect.DelegatingMethodAccessorImpl.invoke(DelegatingMethodAccessorImpl.java:43)
at java.lang.reflect.Method.invoke(Method.java:498)
at org.testng.internal.MethodInvocationHelper.invokeMethod(MethodInvocationHelper.java:124)
at org.testng.internal.Invoker.invokeMethod(Invoker.java:583)
at org.testng.internal.Invoker.invokeTestMethod(Invoker.java:719)
at org.testng.internal.Invoker.invokeTestMethods(Invoker.java:989)
at org.testng.internal.TestMethodWorker.invokeTestMethods(TestMethodWorker.java:125)
at org.testng.internal.TestMethodWorker.run(TestMethodWorker.java:109)
at java.util.concurrent.ThreadPoolExecutor.runWorker(ThreadPoolExecutor.java:1149)
at java.util.concurrent.ThreadPoolExecutor$Worker.run(ThreadPoolExecutor.java:624)
at java.lang.Thread.run(Thread.java:748)
]]>
    </failure>
  </testcase> <!-- testProductSearchFilterV2 -->
  <testcase name="testProductSearchFilterV2" time="0.505" classname="org.traveloka.experience.test.api.ProductSearchFilterApiTest">
    <failure type="org.junit.ComparisonFailure" message="expected:&lt;[tru]e&gt; but was:&lt;[fals]e&gt;">
      <![CDATA[org.junit.ComparisonFailure: expected:<[tru]e> but was:<[fals]e>
at sun.reflect.NativeConstructorAccessorImpl.newInstance0(Native Method)
at sun.reflect.NativeConstructorAccessorImpl.newInstance(NativeConstructorAccessorImpl.java:62)
at sun.reflect.DelegatingConstructorAccessorImpl.newInstance(DelegatingConstructorAccessorImpl.java:45)
at org.traveloka.commonUtils.Utils.verifyPriceRange(Utils.java:239)
at org.traveloka.experience.test.api.Helpers.ExperienceTestHelperMethods.checkPriceRange(ExperienceTestHelperMethods.java:30)
at org.traveloka.experience.test.api.ProductSearchFilterApiTest.doFiltering(ProductSearchFilterApiTest.java:221)
at org.traveloka.experience.test.api.ProductSearchFilterApiTest.testProductSearchFilterV2(ProductSearchFilterApiTest.java:64)
at sun.reflect.NativeMethodAccessorImpl.invoke0(Native Method)
at sun.reflect.NativeMethodAccessorImpl.invoke(NativeMethodAccessorImpl.java:62)
at sun.reflect.DelegatingMethodAccessorImpl.invoke(DelegatingMethodAccessorImpl.java:43)
at java.lang.reflect.Method.invoke(Method.java:498)
at org.testng.internal.MethodInvocationHelper.invokeMethod(MethodInvocationHelper.java:124)
at org.testng.internal.Invoker.invokeMethod(Invoker.java:583)
at org.testng.internal.Invoker.invokeTestMethod(Invoker.java:719)
at org.testng.internal.Invoker.invokeTestMethods(Invoker.java:989)
at org.testng.internal.TestMethodWorker.invokeTestMethods(TestMethodWorker.java:125)
at org.testng.internal.TestMethodWorker.run(TestMethodWorker.java:109)
at java.util.concurrent.ThreadPoolExecutor.runWorker(ThreadPoolExecutor.java:1149)
at java.util.concurrent.ThreadPoolExecutor$Worker.run(ThreadPoolExecutor.java:624)
at java.lang.Thread.run(Thread.java:748)
]]>
    </failure>
  </testcase> <!-- testProductSearchFilterV2 -->
  <testcase name="testProductSearchFilterV2" time="0.575" classname="org.traveloka.experience.test.api.ProductSearchFilterApiTest">
    <failure type="org.junit.ComparisonFailure" message="expected:&lt;[tru]e&gt; but was:&lt;[fals]e&gt;">
      <![CDATA[org.junit.ComparisonFailure: expected:<[tru]e> but was:<[fals]e>
at sun.reflect.NativeConstructorAccessorImpl.newInstance0(Native Method)
at sun.reflect.NativeConstructorAccessorImpl.newInstance(NativeConstructorAccessorImpl.java:62)
at sun.reflect.DelegatingConstructorAccessorImpl.newInstance(DelegatingConstructorAccessorImpl.java:45)
at org.traveloka.commonUtils.Utils.verifyPriceRange(Utils.java:239)
at org.traveloka.experience.test.api.Helpers.ExperienceTestHelperMethods.checkPriceRange(ExperienceTestHelperMethods.java:30)
at org.traveloka.experience.test.api.ProductSearchFilterApiTest.doFiltering(ProductSearchFilterApiTest.java:221)
at org.traveloka.experience.test.api.ProductSearchFilterApiTest.testProductSearchFilterV2(ProductSearchFilterApiTest.java:67)
at sun.reflect.NativeMethodAccessorImpl.invoke0(Native Method)
at sun.reflect.NativeMethodAccessorImpl.invoke(NativeMethodAccessorImpl.java:62)
at sun.reflect.DelegatingMethodAccessorImpl.invoke(DelegatingMethodAccessorImpl.java:43)
at java.lang.reflect.Method.invoke(Method.java:498)
at org.testng.internal.MethodInvocationHelper.invokeMethod(MethodInvocationHelper.java:124)
at org.testng.internal.Invoker.invokeMethod(Invoker.java:583)
at org.testng.internal.Invoker.invokeTestMethod(Invoker.java:719)
at org.testng.internal.Invoker.invokeTestMethods(Invoker.java:989)
at org.testng.internal.TestMethodWorker.invokeTestMethods(TestMethodWorker.java:125)
at org.testng.internal.TestMethodWorker.run(TestMethodWorker.java:109)
at java.util.concurrent.ThreadPoolExecutor.runWorker(ThreadPoolExecutor.java:1149)
at java.util.concurrent.ThreadPoolExecutor$Worker.run(ThreadPoolExecutor.java:624)
at java.lang.Thread.run(Thread.java:748)
]]>
    </failure>
  </testcase> <!-- testProductSearchFilterV2 -->
  <testcase name="testProductSearchFilterV2" time="0.510" classname="org.traveloka.experience.test.api.ProductSearchFilterApiTest">
    <failure type="org.junit.ComparisonFailure" message="expected:&lt;[tru]e&gt; but was:&lt;[fals]e&gt;">
      <![CDATA[org.junit.ComparisonFailure: expected:<[tru]e> but was:<[fals]e>
at sun.reflect.NativeConstructorAccessorImpl.newInstance0(Native Method)
at sun.reflect.NativeConstructorAccessorImpl.newInstance(NativeConstructorAccessorImpl.java:62)
at sun.reflect.DelegatingConstructorAccessorImpl.newInstance(DelegatingConstructorAccessorImpl.java:45)
at org.traveloka.commonUtils.Utils.verifyPriceRange(Utils.java:239)
at org.traveloka.experience.test.api.Helpers.ExperienceTestHelperMethods.checkPriceRange(ExperienceTestHelperMethods.java:24)
at org.traveloka.experience.test.api.ProductSearchFilterApiTest.doFiltering(ProductSearchFilterApiTest.java:221)
at org.traveloka.experience.test.api.ProductSearchFilterApiTest.testProductSearchFilterV2(ProductSearchFilterApiTest.java:67)
at sun.reflect.NativeMethodAccessorImpl.invoke0(Native Method)
at sun.reflect.NativeMethodAccessorImpl.invoke(NativeMethodAccessorImpl.java:62)
at sun.reflect.DelegatingMethodAccessorImpl.invoke(DelegatingMethodAccessorImpl.java:43)
at java.lang.reflect.Method.invoke(Method.java:498)
at org.testng.internal.MethodInvocationHelper.invokeMethod(MethodInvocationHelper.java:124)
at org.testng.internal.Invoker.invokeMethod(Invoker.java:583)
at org.testng.internal.Invoker.invokeTestMethod(Invoker.java:719)
at org.testng.internal.Invoker.invokeTestMethods(Invoker.java:989)
at org.testng.internal.TestMethodWorker.invokeTestMethods(TestMethodWorker.java:125)
at org.testng.internal.TestMethodWorker.run(TestMethodWorker.java:109)
at java.util.concurrent.ThreadPoolExecutor.runWorker(ThreadPoolExecutor.java:1149)
at java.util.concurrent.ThreadPoolExecutor$Worker.run(ThreadPoolExecutor.java:624)
at java.lang.Thread.run(Thread.java:748)
]]>
    </failure>
  </testcase> <!-- testProductSearchFilterV2 -->
  <testcase name="testProductSearchFilterV2" time="22.507" classname="org.traveloka.experience.test.api.ProductSearchFilterApiTest"/>
</testsuite> <!-- org.traveloka.experience.test.api.ProductSearchFilterApiTest -->
