<?xml version="1.0" encoding="UTF-8"?>
<!-- Generated by org.testng.reporters.JUnitReportReporter -->
<testsuite skipped="0" hostname="ip-192-168-6-60.ap-southeast-1.compute.internal" name="org.traveloka.experience.test.api.DestinationDetailsApiTest" tests="106" failures="0" timestamp="16 May 2019 03:28:22 GMT" time="297.800" errors="106">
  <testcase name="testDestinationPage" time="0.517" classname="org.traveloka.experience.test.api.DestinationDetailsApiTest">
    <error type="org.everit.json.schema.ValidationException" message="#/data: 4 schema violations found">
      <![CDATA[org.everit.json.schema.ValidationException: #/data: 4 schema violations found
at org.everit.json.schema.ValidationException.prepend(ValidationException.java:397)
at org.everit.json.schema.ValidationException.prepend(ValidationException.java:377)
at org.everit.json.schema.ObjectSchemaValidatingVisitor.visitPropertySchema(ObjectSchemaValidatingVisitor.java:160)
at org.everit.json.schema.Visitor.visitObjectSchema(Visitor.java:131)
at org.everit.json.schema.ObjectSchemaValidatingVisitor.visitObjectSchema(ObjectSchemaValidatingVisitor.java:36)
at org.everit.json.schema.ObjectSchema.accept(ObjectSchema.java:266)
at org.everit.json.schema.ValidatingVisitor.visitObjectSchema(ValidatingVisitor.java:143)
at org.everit.json.schema.ObjectSchema.accept(ObjectSchema.java:266)
at org.everit.json.schema.Visitor.visit(Visitor.java:43)
at org.everit.json.schema.ValidatingVisitor.visit(ValidatingVisitor.java:52)
at org.everit.json.schema.DefaultValidator.performValidation(Validator.java:69)
at org.everit.json.schema.Schema.validate(Schema.java:140)
at org.traveloka.commonUtils.Utils.validateJsonSchema(Utils.java:487)
at org.traveloka.experience.test.api.DestinationDetailsApiTest.testDestinationPage(DestinationDetailsApiTest.java:40)
at sun.reflect.GeneratedMethodAccessor165.invoke(Unknown Source)
at sun.reflect.DelegatingMethodAccessorImpl.invoke(DelegatingMethodAccessorImpl.java:43)
at java.lang.reflect.Method.invoke(Method.java:498)
at org.testng.internal.MethodInvocationHelper.invokeMethod(MethodInvocationHelper.java:124)
at org.testng.internal.Invoker.invokeMethod(Invoker.java:583)
at org.testng.internal.Invoker.invokeTestMethod(Invoker.java:719)
at org.testng.internal.Invoker.invokeTestMethods(Invoker.java:989)
at org.testng.internal.TestMethodWorker.invokeTestMethods(TestMethodWorker.java:125)
at org.testng.internal.TestMethodWorker.run(TestMethodWorker.java:109)
at java.util.concurrent.ThreadPoolExecutor.runWorker(ThreadPoolExecutor.java:1149)
at java.util.concurrent.ThreadPoolExecutor$Worker.run(ThreadPoolExecutor.java:624)
at java.lang.Thread.run(Thread.java:748)
]]>
    </error>
  </testcase> <!-- testDestinationPage -->
  <testcase name="testDestinationPage" time="0.755" classname="org.traveloka.experience.test.api.DestinationDetailsApiTest">
    <error type="org.everit.json.schema.ValidationException" message="#/data: 4 schema violations found">
      <![CDATA[org.everit.json.schema.ValidationException: #/data: 4 schema violations found
at org.everit.json.schema.ValidationException.prepend(ValidationException.java:397)
at org.everit.json.schema.ValidationException.prepend(ValidationException.java:377)
at org.everit.json.schema.ObjectSchemaValidatingVisitor.visitPropertySchema(ObjectSchemaValidatingVisitor.java:160)
at org.everit.json.schema.Visitor.visitObjectSchema(Visitor.java:131)
at org.everit.json.schema.ObjectSchemaValidatingVisitor.visitObjectSchema(ObjectSchemaValidatingVisitor.java:36)
at org.everit.json.schema.ObjectSchema.accept(ObjectSchema.java:266)
at org.everit.json.schema.ValidatingVisitor.visitObjectSchema(ValidatingVisitor.java:143)
at org.everit.json.schema.ObjectSchema.accept(ObjectSchema.java:266)
at org.everit.json.schema.Visitor.visit(Visitor.java:43)
at org.everit.json.schema.ValidatingVisitor.visit(ValidatingVisitor.java:52)
at org.everit.json.schema.DefaultValidator.performValidation(Validator.java:69)
at org.everit.json.schema.Schema.validate(Schema.java:140)
at org.traveloka.commonUtils.Utils.validateJsonSchema(Utils.java:487)
at org.traveloka.experience.test.api.DestinationDetailsApiTest.testDestinationPage(DestinationDetailsApiTest.java:40)
at sun.reflect.NativeMethodAccessorImpl.invoke0(Native Method)
at sun.reflect.NativeMethodAccessorImpl.invoke(NativeMethodAccessorImpl.java:62)
at sun.reflect.DelegatingMethodAccessorImpl.invoke(DelegatingMethodAccessorImpl.java:43)
at java.lang.reflect.Method.invoke(Method.java:498)
at org.testng.internal.MethodInvocationHelper.invokeMethod(MethodInvocationHelper.java:124)
at org.testng.internal.Invoker.invokeMethod(Invoker.java:583)
at org.testng.internal.Invoker.invokeTestMethod(Invoker.java:719)
at org.testng.internal.Invoker.invokeTestMethods(Invoker.java:989)
at org.testng.internal.TestMethodWorker.invokeTestMethods(TestMethodWorker.java:125)
at org.testng.internal.TestMethodWorker.run(TestMethodWorker.java:109)
at java.util.concurrent.ThreadPoolExecutor.runWorker(ThreadPoolExecutor.java:1149)
at java.util.concurrent.ThreadPoolExecutor$Worker.run(ThreadPoolExecutor.java:624)
at java.lang.Thread.run(Thread.java:748)
]]>
    </error>
  </testcase> <!-- testDestinationPage -->
  <testcase name="testDestinationPage" time="0.472" classname="org.traveloka.experience.test.api.DestinationDetailsApiTest">
    <error type="org.everit.json.schema.ValidationException" message="#/data: 4 schema violations found">
      <![CDATA[org.everit.json.schema.ValidationException: #/data: 4 schema violations found
at org.everit.json.schema.ValidationException.prepend(ValidationException.java:397)
at org.everit.json.schema.ValidationException.prepend(ValidationException.java:377)
at org.everit.json.schema.ObjectSchemaValidatingVisitor.visitPropertySchema(ObjectSchemaValidatingVisitor.java:160)
at org.everit.json.schema.Visitor.visitObjectSchema(Visitor.java:131)
at org.everit.json.schema.ObjectSchemaValidatingVisitor.visitObjectSchema(ObjectSchemaValidatingVisitor.java:36)
at org.everit.json.schema.ObjectSchema.accept(ObjectSchema.java:266)
at org.everit.json.schema.ValidatingVisitor.visitObjectSchema(ValidatingVisitor.java:143)
at org.everit.json.schema.ObjectSchema.accept(ObjectSchema.java:266)
at org.everit.json.schema.Visitor.visit(Visitor.java:43)
at org.everit.json.schema.ValidatingVisitor.visit(ValidatingVisitor.java:52)
at org.everit.json.schema.DefaultValidator.performValidation(Validator.java:69)
at org.everit.json.schema.Schema.validate(Schema.java:140)
at org.traveloka.commonUtils.Utils.validateJsonSchema(Utils.java:487)
at org.traveloka.experience.test.api.DestinationDetailsApiTest.testDestinationPage(DestinationDetailsApiTest.java:40)
at sun.reflect.GeneratedMethodAccessor165.invoke(Unknown Source)
at sun.reflect.DelegatingMethodAccessorImpl.invoke(DelegatingMethodAccessorImpl.java:43)
at java.lang.reflect.Method.invoke(Method.java:498)
at org.testng.internal.MethodInvocationHelper.invokeMethod(MethodInvocationHelper.java:124)
at org.testng.internal.Invoker.invokeMethod(Invoker.java:583)
at org.testng.internal.Invoker.invokeTestMethod(Invoker.java:719)
at org.testng.internal.Invoker.invokeTestMethods(Invoker.java:989)
at org.testng.internal.TestMethodWorker.invokeTestMethods(TestMethodWorker.java:125)
at org.testng.internal.TestMethodWorker.run(TestMethodWorker.java:109)
at java.util.concurrent.ThreadPoolExecutor.runWorker(ThreadPoolExecutor.java:1149)
at java.util.concurrent.ThreadPoolExecutor$Worker.run(ThreadPoolExecutor.java:624)
at java.lang.Thread.run(Thread.java:748)
]]>
    </error>
  </testcase> <!-- testDestinationPage -->
  <testcase name="testDestinationPage" time="0.457" classname="org.traveloka.experience.test.api.DestinationDetailsApiTest">
    <error type="java.lang.NullPointerException">
      <![CDATA[java.lang.NullPointerException
at org.traveloka.experience.test.api.DestinationDetailsApiTest.testDestinationPage(DestinationDetailsApiTest.java:39)
at sun.reflect.NativeMethodAccessorImpl.invoke0(Native Method)
at sun.reflect.NativeMethodAccessorImpl.invoke(NativeMethodAccessorImpl.java:62)
at sun.reflect.DelegatingMethodAccessorImpl.invoke(DelegatingMethodAccessorImpl.java:43)
at java.lang.reflect.Method.invoke(Method.java:498)
at org.testng.internal.MethodInvocationHelper.invokeMethod(MethodInvocationHelper.java:124)
at org.testng.internal.Invoker.invokeMethod(Invoker.java:583)
at org.testng.internal.Invoker.invokeTestMethod(Invoker.java:719)
at org.testng.internal.Invoker.invokeTestMethods(Invoker.java:989)
at org.testng.internal.TestMethodWorker.invokeTestMethods(TestMethodWorker.java:125)
at org.testng.internal.TestMethodWorker.run(TestMethodWorker.java:109)
at java.util.concurrent.ThreadPoolExecutor.runWorker(ThreadPoolExecutor.java:1149)
at java.util.concurrent.ThreadPoolExecutor$Worker.run(ThreadPoolExecutor.java:624)
at java.lang.Thread.run(Thread.java:748)
]]>
    </error>
  </testcase> <!-- testDestinationPage -->
  <testcase name="testDestinationPage" time="0.460" classname="org.traveloka.experience.test.api.DestinationDetailsApiTest">
    <error type="org.everit.json.schema.ValidationException" message="#/data: 4 schema violations found">
      <![CDATA[org.everit.json.schema.ValidationException: #/data: 4 schema violations found
at org.everit.json.schema.ValidationException.prepend(ValidationException.java:397)
at org.everit.json.schema.ValidationException.prepend(ValidationException.java:377)
at org.everit.json.schema.ObjectSchemaValidatingVisitor.visitPropertySchema(ObjectSchemaValidatingVisitor.java:160)
at org.everit.json.schema.Visitor.visitObjectSchema(Visitor.java:131)
at org.everit.json.schema.ObjectSchemaValidatingVisitor.visitObjectSchema(ObjectSchemaValidatingVisitor.java:36)
at org.everit.json.schema.ObjectSchema.accept(ObjectSchema.java:266)
at org.everit.json.schema.ValidatingVisitor.visitObjectSchema(ValidatingVisitor.java:143)
at org.everit.json.schema.ObjectSchema.accept(ObjectSchema.java:266)
at org.everit.json.schema.Visitor.visit(Visitor.java:43)
at org.everit.json.schema.ValidatingVisitor.visit(ValidatingVisitor.java:52)
at org.everit.json.schema.DefaultValidator.performValidation(Validator.java:69)
at org.everit.json.schema.Schema.validate(Schema.java:140)
at org.traveloka.commonUtils.Utils.validateJsonSchema(Utils.java:487)
at org.traveloka.experience.test.api.DestinationDetailsApiTest.testDestinationPage(DestinationDetailsApiTest.java:40)
at sun.reflect.GeneratedMethodAccessor165.invoke(Unknown Source)
at sun.reflect.DelegatingMethodAccessorImpl.invoke(DelegatingMethodAccessorImpl.java:43)
at java.lang.reflect.Method.invoke(Method.java:498)
at org.testng.internal.MethodInvocationHelper.invokeMethod(MethodInvocationHelper.java:124)
at org.testng.internal.Invoker.invokeMethod(Invoker.java:583)
at org.testng.internal.Invoker.invokeTestMethod(Invoker.java:719)
at org.testng.internal.Invoker.invokeTestMethods(Invoker.java:989)
at org.testng.internal.TestMethodWorker.invokeTestMethods(TestMethodWorker.java:125)
at org.testng.internal.TestMethodWorker.run(TestMethodWorker.java:109)
at java.util.concurrent.ThreadPoolExecutor.runWorker(ThreadPoolExecutor.java:1149)
at java.util.concurrent.ThreadPoolExecutor$Worker.run(ThreadPoolExecutor.java:624)
at java.lang.Thread.run(Thread.java:748)
]]>
    </error>
  </testcase> <!-- testDestinationPage -->
  <testcase name="testDestinationPage" time="0.471" classname="org.traveloka.experience.test.api.DestinationDetailsApiTest">
    <error type="org.everit.json.schema.ValidationException" message="#/data: 4 schema violations found">
      <![CDATA[org.everit.json.schema.ValidationException: #/data: 4 schema violations found
at org.everit.json.schema.ValidationException.prepend(ValidationException.java:397)
at org.everit.json.schema.ValidationException.prepend(ValidationException.java:377)
at org.everit.json.schema.ObjectSchemaValidatingVisitor.visitPropertySchema(ObjectSchemaValidatingVisitor.java:160)
at org.everit.json.schema.Visitor.visitObjectSchema(Visitor.java:131)
at org.everit.json.schema.ObjectSchemaValidatingVisitor.visitObjectSchema(ObjectSchemaValidatingVisitor.java:36)
at org.everit.json.schema.ObjectSchema.accept(ObjectSchema.java:266)
at org.everit.json.schema.ValidatingVisitor.visitObjectSchema(ValidatingVisitor.java:143)
at org.everit.json.schema.ObjectSchema.accept(ObjectSchema.java:266)
at org.everit.json.schema.Visitor.visit(Visitor.java:43)
at org.everit.json.schema.ValidatingVisitor.visit(ValidatingVisitor.java:52)
at org.everit.json.schema.DefaultValidator.performValidation(Validator.java:69)
at org.everit.json.schema.Schema.validate(Schema.java:140)
at org.traveloka.commonUtils.Utils.validateJsonSchema(Utils.java:487)
at org.traveloka.experience.test.api.DestinationDetailsApiTest.testDestinationPage(DestinationDetailsApiTest.java:40)
at sun.reflect.NativeMethodAccessorImpl.invoke0(Native Method)
at sun.reflect.NativeMethodAccessorImpl.invoke(NativeMethodAccessorImpl.java:62)
at sun.reflect.DelegatingMethodAccessorImpl.invoke(DelegatingMethodAccessorImpl.java:43)
at java.lang.reflect.Method.invoke(Method.java:498)
at org.testng.internal.MethodInvocationHelper.invokeMethod(MethodInvocationHelper.java:124)
at org.testng.internal.Invoker.invokeMethod(Invoker.java:583)
at org.testng.internal.Invoker.invokeTestMethod(Invoker.java:719)
at org.testng.internal.Invoker.invokeTestMethods(Invoker.java:989)
at org.testng.internal.TestMethodWorker.invokeTestMethods(TestMethodWorker.java:125)
at org.testng.internal.TestMethodWorker.run(TestMethodWorker.java:109)
at java.util.concurrent.ThreadPoolExecutor.runWorker(ThreadPoolExecutor.java:1149)
at java.util.concurrent.ThreadPoolExecutor$Worker.run(ThreadPoolExecutor.java:624)
at java.lang.Thread.run(Thread.java:748)
]]>
    </error>
  </testcase> <!-- testDestinationPage -->
  <testcase name="testDestinationPage" time="0.478" classname="org.traveloka.experience.test.api.DestinationDetailsApiTest">
    <error type="org.everit.json.schema.ValidationException" message="#/data: 4 schema violations found">
      <![CDATA[org.everit.json.schema.ValidationException: #/data: 4 schema violations found
at org.everit.json.schema.ValidationException.prepend(ValidationException.java:397)
at org.everit.json.schema.ValidationException.prepend(ValidationException.java:377)
at org.everit.json.schema.ObjectSchemaValidatingVisitor.visitPropertySchema(ObjectSchemaValidatingVisitor.java:160)
at org.everit.json.schema.Visitor.visitObjectSchema(Visitor.java:131)
at org.everit.json.schema.ObjectSchemaValidatingVisitor.visitObjectSchema(ObjectSchemaValidatingVisitor.java:36)
at org.everit.json.schema.ObjectSchema.accept(ObjectSchema.java:266)
at org.everit.json.schema.ValidatingVisitor.visitObjectSchema(ValidatingVisitor.java:143)
at org.everit.json.schema.ObjectSchema.accept(ObjectSchema.java:266)
at org.everit.json.schema.Visitor.visit(Visitor.java:43)
at org.everit.json.schema.ValidatingVisitor.visit(ValidatingVisitor.java:52)
at org.everit.json.schema.DefaultValidator.performValidation(Validator.java:69)
at org.everit.json.schema.Schema.validate(Schema.java:140)
at org.traveloka.commonUtils.Utils.validateJsonSchema(Utils.java:487)
at org.traveloka.experience.test.api.DestinationDetailsApiTest.testDestinationPage(DestinationDetailsApiTest.java:40)
at sun.reflect.GeneratedMethodAccessor165.invoke(Unknown Source)
at sun.reflect.DelegatingMethodAccessorImpl.invoke(DelegatingMethodAccessorImpl.java:43)
at java.lang.reflect.Method.invoke(Method.java:498)
at org.testng.internal.MethodInvocationHelper.invokeMethod(MethodInvocationHelper.java:124)
at org.testng.internal.Invoker.invokeMethod(Invoker.java:583)
at org.testng.internal.Invoker.invokeTestMethod(Invoker.java:719)
at org.testng.internal.Invoker.invokeTestMethods(Invoker.java:989)
at org.testng.internal.TestMethodWorker.invokeTestMethods(TestMethodWorker.java:125)
at org.testng.internal.TestMethodWorker.run(TestMethodWorker.java:109)
at java.util.concurrent.ThreadPoolExecutor.runWorker(ThreadPoolExecutor.java:1149)
at java.util.concurrent.ThreadPoolExecutor$Worker.run(ThreadPoolExecutor.java:624)
at java.lang.Thread.run(Thread.java:748)
]]>
    </error>
  </testcase> <!-- testDestinationPage -->
  <testcase name="testDestinationPage" time="0.475" classname="org.traveloka.experience.test.api.DestinationDetailsApiTest">
    <error type="org.everit.json.schema.ValidationException" message="#/data: 4 schema violations found">
      <![CDATA[org.everit.json.schema.ValidationException: #/data: 4 schema violations found
at org.everit.json.schema.ValidationException.prepend(ValidationException.java:397)
at org.everit.json.schema.ValidationException.prepend(ValidationException.java:377)
at org.everit.json.schema.ObjectSchemaValidatingVisitor.visitPropertySchema(ObjectSchemaValidatingVisitor.java:160)
at org.everit.json.schema.Visitor.visitObjectSchema(Visitor.java:131)
at org.everit.json.schema.ObjectSchemaValidatingVisitor.visitObjectSchema(ObjectSchemaValidatingVisitor.java:36)
at org.everit.json.schema.ObjectSchema.accept(ObjectSchema.java:266)
at org.everit.json.schema.ValidatingVisitor.visitObjectSchema(ValidatingVisitor.java:143)
at org.everit.json.schema.ObjectSchema.accept(ObjectSchema.java:266)
at org.everit.json.schema.Visitor.visit(Visitor.java:43)
at org.everit.json.schema.ValidatingVisitor.visit(ValidatingVisitor.java:52)
at org.everit.json.schema.DefaultValidator.performValidation(Validator.java:69)
at org.everit.json.schema.Schema.validate(Schema.java:140)
at org.traveloka.commonUtils.Utils.validateJsonSchema(Utils.java:487)
at org.traveloka.experience.test.api.DestinationDetailsApiTest.testDestinationPage(DestinationDetailsApiTest.java:40)
at sun.reflect.GeneratedMethodAccessor165.invoke(Unknown Source)
at sun.reflect.DelegatingMethodAccessorImpl.invoke(DelegatingMethodAccessorImpl.java:43)
at java.lang.reflect.Method.invoke(Method.java:498)
at org.testng.internal.MethodInvocationHelper.invokeMethod(MethodInvocationHelper.java:124)
at org.testng.internal.Invoker.invokeMethod(Invoker.java:583)
at org.testng.internal.Invoker.invokeTestMethod(Invoker.java:719)
at org.testng.internal.Invoker.invokeTestMethods(Invoker.java:989)
at org.testng.internal.TestMethodWorker.invokeTestMethods(TestMethodWorker.java:125)
at org.testng.internal.TestMethodWorker.run(TestMethodWorker.java:109)
at java.util.concurrent.ThreadPoolExecutor.runWorker(ThreadPoolExecutor.java:1149)
at java.util.concurrent.ThreadPoolExecutor$Worker.run(ThreadPoolExecutor.java:624)
at java.lang.Thread.run(Thread.java:748)
]]>
    </error>
  </testcase> <!-- testDestinationPage -->
  <testcase name="testDestinationPage" time="0.464" classname="org.traveloka.experience.test.api.DestinationDetailsApiTest">
    <error type="java.lang.NullPointerException">
      <![CDATA[java.lang.NullPointerException
at org.traveloka.experience.test.api.DestinationDetailsApiTest.testDestinationPage(DestinationDetailsApiTest.java:39)
at sun.reflect.GeneratedMethodAccessor165.invoke(Unknown Source)
at sun.reflect.DelegatingMethodAccessorImpl.invoke(DelegatingMethodAccessorImpl.java:43)
at java.lang.reflect.Method.invoke(Method.java:498)
at org.testng.internal.MethodInvocationHelper.invokeMethod(MethodInvocationHelper.java:124)
at org.testng.internal.Invoker.invokeMethod(Invoker.java:583)
at org.testng.internal.Invoker.invokeTestMethod(Invoker.java:719)
at org.testng.internal.Invoker.invokeTestMethods(Invoker.java:989)
at org.testng.internal.TestMethodWorker.invokeTestMethods(TestMethodWorker.java:125)
at org.testng.internal.TestMethodWorker.run(TestMethodWorker.java:109)
at java.util.concurrent.ThreadPoolExecutor.runWorker(ThreadPoolExecutor.java:1149)
at java.util.concurrent.ThreadPoolExecutor$Worker.run(ThreadPoolExecutor.java:624)
at java.lang.Thread.run(Thread.java:748)
]]>
    </error>
  </testcase> <!-- testDestinationPage -->
  <testcase name="testDestinationPage" time="0.462" classname="org.traveloka.experience.test.api.DestinationDetailsApiTest">
    <error type="org.everit.json.schema.ValidationException" message="#/data: 4 schema violations found">
      <![CDATA[org.everit.json.schema.ValidationException: #/data: 4 schema violations found
at org.everit.json.schema.ValidationException.prepend(ValidationException.java:397)
at org.everit.json.schema.ValidationException.prepend(ValidationException.java:377)
at org.everit.json.schema.ObjectSchemaValidatingVisitor.visitPropertySchema(ObjectSchemaValidatingVisitor.java:160)
at org.everit.json.schema.Visitor.visitObjectSchema(Visitor.java:131)
at org.everit.json.schema.ObjectSchemaValidatingVisitor.visitObjectSchema(ObjectSchemaValidatingVisitor.java:36)
at org.everit.json.schema.ObjectSchema.accept(ObjectSchema.java:266)
at org.everit.json.schema.ValidatingVisitor.visitObjectSchema(ValidatingVisitor.java:143)
at org.everit.json.schema.ObjectSchema.accept(ObjectSchema.java:266)
at org.everit.json.schema.Visitor.visit(Visitor.java:43)
at org.everit.json.schema.ValidatingVisitor.visit(ValidatingVisitor.java:52)
at org.everit.json.schema.DefaultValidator.performValidation(Validator.java:69)
at org.everit.json.schema.Schema.validate(Schema.java:140)
at org.traveloka.commonUtils.Utils.validateJsonSchema(Utils.java:487)
at org.traveloka.experience.test.api.DestinationDetailsApiTest.testDestinationPage(DestinationDetailsApiTest.java:40)
at sun.reflect.GeneratedMethodAccessor165.invoke(Unknown Source)
at sun.reflect.DelegatingMethodAccessorImpl.invoke(DelegatingMethodAccessorImpl.java:43)
at java.lang.reflect.Method.invoke(Method.java:498)
at org.testng.internal.MethodInvocationHelper.invokeMethod(MethodInvocationHelper.java:124)
at org.testng.internal.Invoker.invokeMethod(Invoker.java:583)
at org.testng.internal.Invoker.invokeTestMethod(Invoker.java:719)
at org.testng.internal.Invoker.invokeTestMethods(Invoker.java:989)
at org.testng.internal.TestMethodWorker.invokeTestMethods(TestMethodWorker.java:125)
at org.testng.internal.TestMethodWorker.run(TestMethodWorker.java:109)
at java.util.concurrent.ThreadPoolExecutor.runWorker(ThreadPoolExecutor.java:1149)
at java.util.concurrent.ThreadPoolExecutor$Worker.run(ThreadPoolExecutor.java:624)
at java.lang.Thread.run(Thread.java:748)
]]>
    </error>
  </testcase> <!-- testDestinationPage -->
  <testcase name="testDestinationPage" time="0.466" classname="org.traveloka.experience.test.api.DestinationDetailsApiTest">
    <error type="org.everit.json.schema.ValidationException" message="#/data: 4 schema violations found">
      <![CDATA[org.everit.json.schema.ValidationException: #/data: 4 schema violations found
at org.everit.json.schema.ValidationException.prepend(ValidationException.java:397)
at org.everit.json.schema.ValidationException.prepend(ValidationException.java:377)
at org.everit.json.schema.ObjectSchemaValidatingVisitor.visitPropertySchema(ObjectSchemaValidatingVisitor.java:160)
at org.everit.json.schema.Visitor.visitObjectSchema(Visitor.java:131)
at org.everit.json.schema.ObjectSchemaValidatingVisitor.visitObjectSchema(ObjectSchemaValidatingVisitor.java:36)
at org.everit.json.schema.ObjectSchema.accept(ObjectSchema.java:266)
at org.everit.json.schema.ValidatingVisitor.visitObjectSchema(ValidatingVisitor.java:143)
at org.everit.json.schema.ObjectSchema.accept(ObjectSchema.java:266)
at org.everit.json.schema.Visitor.visit(Visitor.java:43)
at org.everit.json.schema.ValidatingVisitor.visit(ValidatingVisitor.java:52)
at org.everit.json.schema.DefaultValidator.performValidation(Validator.java:69)
at org.everit.json.schema.Schema.validate(Schema.java:140)
at org.traveloka.commonUtils.Utils.validateJsonSchema(Utils.java:487)
at org.traveloka.experience.test.api.DestinationDetailsApiTest.testDestinationPage(DestinationDetailsApiTest.java:40)
at sun.reflect.NativeMethodAccessorImpl.invoke0(Native Method)
at sun.reflect.NativeMethodAccessorImpl.invoke(NativeMethodAccessorImpl.java:62)
at sun.reflect.DelegatingMethodAccessorImpl.invoke(DelegatingMethodAccessorImpl.java:43)
at java.lang.reflect.Method.invoke(Method.java:498)
at org.testng.internal.MethodInvocationHelper.invokeMethod(MethodInvocationHelper.java:124)
at org.testng.internal.Invoker.invokeMethod(Invoker.java:583)
at org.testng.internal.Invoker.invokeTestMethod(Invoker.java:719)
at org.testng.internal.Invoker.invokeTestMethods(Invoker.java:989)
at org.testng.internal.TestMethodWorker.invokeTestMethods(TestMethodWorker.java:125)
at org.testng.internal.TestMethodWorker.run(TestMethodWorker.java:109)
at java.util.concurrent.ThreadPoolExecutor.runWorker(ThreadPoolExecutor.java:1149)
at java.util.concurrent.ThreadPoolExecutor$Worker.run(ThreadPoolExecutor.java:624)
at java.lang.Thread.run(Thread.java:748)
]]>
    </error>
  </testcase> <!-- testDestinationPage -->
  <testcase name="testDestinationPage" time="0.905" classname="org.traveloka.experience.test.api.DestinationDetailsApiTest">
    <error type="org.everit.json.schema.ValidationException" message="#/data: 4 schema violations found">
      <![CDATA[org.everit.json.schema.ValidationException: #/data: 4 schema violations found
at org.everit.json.schema.ValidationException.prepend(ValidationException.java:397)
at org.everit.json.schema.ValidationException.prepend(ValidationException.java:377)
at org.everit.json.schema.ObjectSchemaValidatingVisitor.visitPropertySchema(ObjectSchemaValidatingVisitor.java:160)
at org.everit.json.schema.Visitor.visitObjectSchema(Visitor.java:131)
at org.everit.json.schema.ObjectSchemaValidatingVisitor.visitObjectSchema(ObjectSchemaValidatingVisitor.java:36)
at org.everit.json.schema.ObjectSchema.accept(ObjectSchema.java:266)
at org.everit.json.schema.ValidatingVisitor.visitObjectSchema(ValidatingVisitor.java:143)
at org.everit.json.schema.ObjectSchema.accept(ObjectSchema.java:266)
at org.everit.json.schema.Visitor.visit(Visitor.java:43)
at org.everit.json.schema.ValidatingVisitor.visit(ValidatingVisitor.java:52)
at org.everit.json.schema.DefaultValidator.performValidation(Validator.java:69)
at org.everit.json.schema.Schema.validate(Schema.java:140)
at org.traveloka.commonUtils.Utils.validateJsonSchema(Utils.java:487)
at org.traveloka.experience.test.api.DestinationDetailsApiTest.testDestinationPage(DestinationDetailsApiTest.java:40)
at sun.reflect.GeneratedMethodAccessor165.invoke(Unknown Source)
at sun.reflect.DelegatingMethodAccessorImpl.invoke(DelegatingMethodAccessorImpl.java:43)
at java.lang.reflect.Method.invoke(Method.java:498)
at org.testng.internal.MethodInvocationHelper.invokeMethod(MethodInvocationHelper.java:124)
at org.testng.internal.Invoker.invokeMethod(Invoker.java:583)
at org.testng.internal.Invoker.invokeTestMethod(Invoker.java:719)
at org.testng.internal.Invoker.invokeTestMethods(Invoker.java:989)
at org.testng.internal.TestMethodWorker.invokeTestMethods(TestMethodWorker.java:125)
at org.testng.internal.TestMethodWorker.run(TestMethodWorker.java:109)
at java.util.concurrent.ThreadPoolExecutor.runWorker(ThreadPoolExecutor.java:1149)
at java.util.concurrent.ThreadPoolExecutor$Worker.run(ThreadPoolExecutor.java:624)
at java.lang.Thread.run(Thread.java:748)
]]>
    </error>
  </testcase> <!-- testDestinationPage -->
  <testcase name="testDestinationPage" time="0.485" classname="org.traveloka.experience.test.api.DestinationDetailsApiTest">
    <error type="org.everit.json.schema.ValidationException" message="#/data: 4 schema violations found">
      <![CDATA[org.everit.json.schema.ValidationException: #/data: 4 schema violations found
at org.everit.json.schema.ValidationException.prepend(ValidationException.java:397)
at org.everit.json.schema.ValidationException.prepend(ValidationException.java:377)
at org.everit.json.schema.ObjectSchemaValidatingVisitor.visitPropertySchema(ObjectSchemaValidatingVisitor.java:160)
at org.everit.json.schema.Visitor.visitObjectSchema(Visitor.java:131)
at org.everit.json.schema.ObjectSchemaValidatingVisitor.visitObjectSchema(ObjectSchemaValidatingVisitor.java:36)
at org.everit.json.schema.ObjectSchema.accept(ObjectSchema.java:266)
at org.everit.json.schema.ValidatingVisitor.visitObjectSchema(ValidatingVisitor.java:143)
at org.everit.json.schema.ObjectSchema.accept(ObjectSchema.java:266)
at org.everit.json.schema.Visitor.visit(Visitor.java:43)
at org.everit.json.schema.ValidatingVisitor.visit(ValidatingVisitor.java:52)
at org.everit.json.schema.DefaultValidator.performValidation(Validator.java:69)
at org.everit.json.schema.Schema.validate(Schema.java:140)
at org.traveloka.commonUtils.Utils.validateJsonSchema(Utils.java:487)
at org.traveloka.experience.test.api.DestinationDetailsApiTest.testDestinationPage(DestinationDetailsApiTest.java:40)
at sun.reflect.GeneratedMethodAccessor165.invoke(Unknown Source)
at sun.reflect.DelegatingMethodAccessorImpl.invoke(DelegatingMethodAccessorImpl.java:43)
at java.lang.reflect.Method.invoke(Method.java:498)
at org.testng.internal.MethodInvocationHelper.invokeMethod(MethodInvocationHelper.java:124)
at org.testng.internal.Invoker.invokeMethod(Invoker.java:583)
at org.testng.internal.Invoker.invokeTestMethod(Invoker.java:719)
at org.testng.internal.Invoker.invokeTestMethods(Invoker.java:989)
at org.testng.internal.TestMethodWorker.invokeTestMethods(TestMethodWorker.java:125)
at org.testng.internal.TestMethodWorker.run(TestMethodWorker.java:109)
at java.util.concurrent.ThreadPoolExecutor.runWorker(ThreadPoolExecutor.java:1149)
at java.util.concurrent.ThreadPoolExecutor$Worker.run(ThreadPoolExecutor.java:624)
at java.lang.Thread.run(Thread.java:748)
]]>
    </error>
  </testcase> <!-- testDestinationPage -->
  <testcase name="testDestinationPage" time="0.460" classname="org.traveloka.experience.test.api.DestinationDetailsApiTest">
    <error type="org.everit.json.schema.ValidationException" message="#/data: 4 schema violations found">
      <![CDATA[org.everit.json.schema.ValidationException: #/data: 4 schema violations found
at org.everit.json.schema.ValidationException.prepend(ValidationException.java:397)
at org.everit.json.schema.ValidationException.prepend(ValidationException.java:377)
at org.everit.json.schema.ObjectSchemaValidatingVisitor.visitPropertySchema(ObjectSchemaValidatingVisitor.java:160)
at org.everit.json.schema.Visitor.visitObjectSchema(Visitor.java:131)
at org.everit.json.schema.ObjectSchemaValidatingVisitor.visitObjectSchema(ObjectSchemaValidatingVisitor.java:36)
at org.everit.json.schema.ObjectSchema.accept(ObjectSchema.java:266)
at org.everit.json.schema.ValidatingVisitor.visitObjectSchema(ValidatingVisitor.java:143)
at org.everit.json.schema.ObjectSchema.accept(ObjectSchema.java:266)
at org.everit.json.schema.Visitor.visit(Visitor.java:43)
at org.everit.json.schema.ValidatingVisitor.visit(ValidatingVisitor.java:52)
at org.everit.json.schema.DefaultValidator.performValidation(Validator.java:69)
at org.everit.json.schema.Schema.validate(Schema.java:140)
at org.traveloka.commonUtils.Utils.validateJsonSchema(Utils.java:487)
at org.traveloka.experience.test.api.DestinationDetailsApiTest.testDestinationPage(DestinationDetailsApiTest.java:40)
at sun.reflect.NativeMethodAccessorImpl.invoke0(Native Method)
at sun.reflect.NativeMethodAccessorImpl.invoke(NativeMethodAccessorImpl.java:62)
at sun.reflect.DelegatingMethodAccessorImpl.invoke(DelegatingMethodAccessorImpl.java:43)
at java.lang.reflect.Method.invoke(Method.java:498)
at org.testng.internal.MethodInvocationHelper.invokeMethod(MethodInvocationHelper.java:124)
at org.testng.internal.Invoker.invokeMethod(Invoker.java:583)
at org.testng.internal.Invoker.invokeTestMethod(Invoker.java:719)
at org.testng.internal.Invoker.invokeTestMethods(Invoker.java:989)
at org.testng.internal.TestMethodWorker.invokeTestMethods(TestMethodWorker.java:125)
at org.testng.internal.TestMethodWorker.run(TestMethodWorker.java:109)
at java.util.concurrent.ThreadPoolExecutor.runWorker(ThreadPoolExecutor.java:1149)
at java.util.concurrent.ThreadPoolExecutor$Worker.run(ThreadPoolExecutor.java:624)
at java.lang.Thread.run(Thread.java:748)
]]>
    </error>
  </testcase> <!-- testDestinationPage -->
  <testcase name="testDestinationPage" time="0.458" classname="org.traveloka.experience.test.api.DestinationDetailsApiTest">
    <error type="org.everit.json.schema.ValidationException" message="#/data: 4 schema violations found">
      <![CDATA[org.everit.json.schema.ValidationException: #/data: 4 schema violations found
at org.everit.json.schema.ValidationException.prepend(ValidationException.java:397)
at org.everit.json.schema.ValidationException.prepend(ValidationException.java:377)
at org.everit.json.schema.ObjectSchemaValidatingVisitor.visitPropertySchema(ObjectSchemaValidatingVisitor.java:160)
at org.everit.json.schema.Visitor.visitObjectSchema(Visitor.java:131)
at org.everit.json.schema.ObjectSchemaValidatingVisitor.visitObjectSchema(ObjectSchemaValidatingVisitor.java:36)
at org.everit.json.schema.ObjectSchema.accept(ObjectSchema.java:266)
at org.everit.json.schema.ValidatingVisitor.visitObjectSchema(ValidatingVisitor.java:143)
at org.everit.json.schema.ObjectSchema.accept(ObjectSchema.java:266)
at org.everit.json.schema.Visitor.visit(Visitor.java:43)
at org.everit.json.schema.ValidatingVisitor.visit(ValidatingVisitor.java:52)
at org.everit.json.schema.DefaultValidator.performValidation(Validator.java:69)
at org.everit.json.schema.Schema.validate(Schema.java:140)
at org.traveloka.commonUtils.Utils.validateJsonSchema(Utils.java:487)
at org.traveloka.experience.test.api.DestinationDetailsApiTest.testDestinationPage(DestinationDetailsApiTest.java:40)
at sun.reflect.GeneratedMethodAccessor165.invoke(Unknown Source)
at sun.reflect.DelegatingMethodAccessorImpl.invoke(DelegatingMethodAccessorImpl.java:43)
at java.lang.reflect.Method.invoke(Method.java:498)
at org.testng.internal.MethodInvocationHelper.invokeMethod(MethodInvocationHelper.java:124)
at org.testng.internal.Invoker.invokeMethod(Invoker.java:583)
at org.testng.internal.Invoker.invokeTestMethod(Invoker.java:719)
at org.testng.internal.Invoker.invokeTestMethods(Invoker.java:989)
at org.testng.internal.TestMethodWorker.invokeTestMethods(TestMethodWorker.java:125)
at org.testng.internal.TestMethodWorker.run(TestMethodWorker.java:109)
at java.util.concurrent.ThreadPoolExecutor.runWorker(ThreadPoolExecutor.java:1149)
at java.util.concurrent.ThreadPoolExecutor$Worker.run(ThreadPoolExecutor.java:624)
at java.lang.Thread.run(Thread.java:748)
]]>
    </error>
  </testcase> <!-- testDestinationPage -->
  <testcase name="testDestinationPage" time="10.551" classname="org.traveloka.experience.test.api.DestinationDetailsApiTest">
    <error type="java.lang.NullPointerException">
      <![CDATA[java.lang.NullPointerException
at org.traveloka.experience.test.api.DestinationDetailsApiTest.testDestinationPage(DestinationDetailsApiTest.java:39)
at sun.reflect.GeneratedMethodAccessor165.invoke(Unknown Source)
at sun.reflect.DelegatingMethodAccessorImpl.invoke(DelegatingMethodAccessorImpl.java:43)
at java.lang.reflect.Method.invoke(Method.java:498)
at org.testng.internal.MethodInvocationHelper.invokeMethod(MethodInvocationHelper.java:124)
at org.testng.internal.Invoker.invokeMethod(Invoker.java:583)
at org.testng.internal.Invoker.invokeTestMethod(Invoker.java:719)
at org.testng.internal.Invoker.invokeTestMethods(Invoker.java:989)
at org.testng.internal.TestMethodWorker.invokeTestMethods(TestMethodWorker.java:125)
at org.testng.internal.TestMethodWorker.run(TestMethodWorker.java:109)
at java.util.concurrent.ThreadPoolExecutor.runWorker(ThreadPoolExecutor.java:1149)
at java.util.concurrent.ThreadPoolExecutor$Worker.run(ThreadPoolExecutor.java:624)
at java.lang.Thread.run(Thread.java:748)
]]>
    </error>
  </testcase> <!-- testDestinationPage -->
  <testcase name="testDestinationPage" time="10.560" classname="org.traveloka.experience.test.api.DestinationDetailsApiTest">
    <error type="java.lang.NullPointerException">
      <![CDATA[java.lang.NullPointerException
at org.traveloka.experience.test.api.DestinationDetailsApiTest.testDestinationPage(DestinationDetailsApiTest.java:39)
at sun.reflect.GeneratedMethodAccessor165.invoke(Unknown Source)
at sun.reflect.DelegatingMethodAccessorImpl.invoke(DelegatingMethodAccessorImpl.java:43)
at java.lang.reflect.Method.invoke(Method.java:498)
at org.testng.internal.MethodInvocationHelper.invokeMethod(MethodInvocationHelper.java:124)
at org.testng.internal.Invoker.invokeMethod(Invoker.java:583)
at org.testng.internal.Invoker.invokeTestMethod(Invoker.java:719)
at org.testng.internal.Invoker.invokeTestMethods(Invoker.java:989)
at org.testng.internal.TestMethodWorker.invokeTestMethods(TestMethodWorker.java:125)
at org.testng.internal.TestMethodWorker.run(TestMethodWorker.java:109)
at java.util.concurrent.ThreadPoolExecutor.runWorker(ThreadPoolExecutor.java:1149)
at java.util.concurrent.ThreadPoolExecutor$Worker.run(ThreadPoolExecutor.java:624)
at java.lang.Thread.run(Thread.java:748)
]]>
    </error>
  </testcase> <!-- testDestinationPage -->
  <testcase name="testDestinationPage" time="0.463" classname="org.traveloka.experience.test.api.DestinationDetailsApiTest">
    <error type="org.everit.json.schema.ValidationException" message="#/data: 4 schema violations found">
      <![CDATA[org.everit.json.schema.ValidationException: #/data: 4 schema violations found
at org.everit.json.schema.ValidationException.prepend(ValidationException.java:397)
at org.everit.json.schema.ValidationException.prepend(ValidationException.java:377)
at org.everit.json.schema.ObjectSchemaValidatingVisitor.visitPropertySchema(ObjectSchemaValidatingVisitor.java:160)
at org.everit.json.schema.Visitor.visitObjectSchema(Visitor.java:131)
at org.everit.json.schema.ObjectSchemaValidatingVisitor.visitObjectSchema(ObjectSchemaValidatingVisitor.java:36)
at org.everit.json.schema.ObjectSchema.accept(ObjectSchema.java:266)
at org.everit.json.schema.ValidatingVisitor.visitObjectSchema(ValidatingVisitor.java:143)
at org.everit.json.schema.ObjectSchema.accept(ObjectSchema.java:266)
at org.everit.json.schema.Visitor.visit(Visitor.java:43)
at org.everit.json.schema.ValidatingVisitor.visit(ValidatingVisitor.java:52)
at org.everit.json.schema.DefaultValidator.performValidation(Validator.java:69)
at org.everit.json.schema.Schema.validate(Schema.java:140)
at org.traveloka.commonUtils.Utils.validateJsonSchema(Utils.java:487)
at org.traveloka.experience.test.api.DestinationDetailsApiTest.testDestinationPage(DestinationDetailsApiTest.java:40)
at sun.reflect.GeneratedMethodAccessor165.invoke(Unknown Source)
at sun.reflect.DelegatingMethodAccessorImpl.invoke(DelegatingMethodAccessorImpl.java:43)
at java.lang.reflect.Method.invoke(Method.java:498)
at org.testng.internal.MethodInvocationHelper.invokeMethod(MethodInvocationHelper.java:124)
at org.testng.internal.Invoker.invokeMethod(Invoker.java:583)
at org.testng.internal.Invoker.invokeTestMethod(Invoker.java:719)
at org.testng.internal.Invoker.invokeTestMethods(Invoker.java:989)
at org.testng.internal.TestMethodWorker.invokeTestMethods(TestMethodWorker.java:125)
at org.testng.internal.TestMethodWorker.run(TestMethodWorker.java:109)
at java.util.concurrent.ThreadPoolExecutor.runWorker(ThreadPoolExecutor.java:1149)
at java.util.concurrent.ThreadPoolExecutor$Worker.run(ThreadPoolExecutor.java:624)
at java.lang.Thread.run(Thread.java:748)
]]>
    </error>
  </testcase> <!-- testDestinationPage -->
  <testcase name="testDestinationPage" time="0.469" classname="org.traveloka.experience.test.api.DestinationDetailsApiTest">
    <error type="org.everit.json.schema.ValidationException" message="#/data: 4 schema violations found">
      <![CDATA[org.everit.json.schema.ValidationException: #/data: 4 schema violations found
at org.everit.json.schema.ValidationException.prepend(ValidationException.java:397)
at org.everit.json.schema.ValidationException.prepend(ValidationException.java:377)
at org.everit.json.schema.ObjectSchemaValidatingVisitor.visitPropertySchema(ObjectSchemaValidatingVisitor.java:160)
at org.everit.json.schema.Visitor.visitObjectSchema(Visitor.java:131)
at org.everit.json.schema.ObjectSchemaValidatingVisitor.visitObjectSchema(ObjectSchemaValidatingVisitor.java:36)
at org.everit.json.schema.ObjectSchema.accept(ObjectSchema.java:266)
at org.everit.json.schema.ValidatingVisitor.visitObjectSchema(ValidatingVisitor.java:143)
at org.everit.json.schema.ObjectSchema.accept(ObjectSchema.java:266)
at org.everit.json.schema.Visitor.visit(Visitor.java:43)
at org.everit.json.schema.ValidatingVisitor.visit(ValidatingVisitor.java:52)
at org.everit.json.schema.DefaultValidator.performValidation(Validator.java:69)
at org.everit.json.schema.Schema.validate(Schema.java:140)
at org.traveloka.commonUtils.Utils.validateJsonSchema(Utils.java:487)
at org.traveloka.experience.test.api.DestinationDetailsApiTest.testDestinationPage(DestinationDetailsApiTest.java:40)
at sun.reflect.GeneratedMethodAccessor165.invoke(Unknown Source)
at sun.reflect.DelegatingMethodAccessorImpl.invoke(DelegatingMethodAccessorImpl.java:43)
at java.lang.reflect.Method.invoke(Method.java:498)
at org.testng.internal.MethodInvocationHelper.invokeMethod(MethodInvocationHelper.java:124)
at org.testng.internal.Invoker.invokeMethod(Invoker.java:583)
at org.testng.internal.Invoker.invokeTestMethod(Invoker.java:719)
at org.testng.internal.Invoker.invokeTestMethods(Invoker.java:989)
at org.testng.internal.TestMethodWorker.invokeTestMethods(TestMethodWorker.java:125)
at org.testng.internal.TestMethodWorker.run(TestMethodWorker.java:109)
at java.util.concurrent.ThreadPoolExecutor.runWorker(ThreadPoolExecutor.java:1149)
at java.util.concurrent.ThreadPoolExecutor$Worker.run(ThreadPoolExecutor.java:624)
at java.lang.Thread.run(Thread.java:748)
]]>
    </error>
  </testcase> <!-- testDestinationPage -->
  <testcase name="testDestinationPage" time="0.460" classname="org.traveloka.experience.test.api.DestinationDetailsApiTest">
    <error type="org.everit.json.schema.ValidationException" message="#/data: 4 schema violations found">
      <![CDATA[org.everit.json.schema.ValidationException: #/data: 4 schema violations found
at org.everit.json.schema.ValidationException.prepend(ValidationException.java:397)
at org.everit.json.schema.ValidationException.prepend(ValidationException.java:377)
at org.everit.json.schema.ObjectSchemaValidatingVisitor.visitPropertySchema(ObjectSchemaValidatingVisitor.java:160)
at org.everit.json.schema.Visitor.visitObjectSchema(Visitor.java:131)
at org.everit.json.schema.ObjectSchemaValidatingVisitor.visitObjectSchema(ObjectSchemaValidatingVisitor.java:36)
at org.everit.json.schema.ObjectSchema.accept(ObjectSchema.java:266)
at org.everit.json.schema.ValidatingVisitor.visitObjectSchema(ValidatingVisitor.java:143)
at org.everit.json.schema.ObjectSchema.accept(ObjectSchema.java:266)
at org.everit.json.schema.Visitor.visit(Visitor.java:43)
at org.everit.json.schema.ValidatingVisitor.visit(ValidatingVisitor.java:52)
at org.everit.json.schema.DefaultValidator.performValidation(Validator.java:69)
at org.everit.json.schema.Schema.validate(Schema.java:140)
at org.traveloka.commonUtils.Utils.validateJsonSchema(Utils.java:487)
at org.traveloka.experience.test.api.DestinationDetailsApiTest.testDestinationPage(DestinationDetailsApiTest.java:40)
at sun.reflect.GeneratedMethodAccessor165.invoke(Unknown Source)
at sun.reflect.DelegatingMethodAccessorImpl.invoke(DelegatingMethodAccessorImpl.java:43)
at java.lang.reflect.Method.invoke(Method.java:498)
at org.testng.internal.MethodInvocationHelper.invokeMethod(MethodInvocationHelper.java:124)
at org.testng.internal.Invoker.invokeMethod(Invoker.java:583)
at org.testng.internal.Invoker.invokeTestMethod(Invoker.java:719)
at org.testng.internal.Invoker.invokeTestMethods(Invoker.java:989)
at org.testng.internal.TestMethodWorker.invokeTestMethods(TestMethodWorker.java:125)
at org.testng.internal.TestMethodWorker.run(TestMethodWorker.java:109)
at java.util.concurrent.ThreadPoolExecutor.runWorker(ThreadPoolExecutor.java:1149)
at java.util.concurrent.ThreadPoolExecutor$Worker.run(ThreadPoolExecutor.java:624)
at java.lang.Thread.run(Thread.java:748)
]]>
    </error>
  </testcase> <!-- testDestinationPage -->
  <testcase name="testDestinationPage" time="0.457" classname="org.traveloka.experience.test.api.DestinationDetailsApiTest">
    <error type="org.everit.json.schema.ValidationException" message="#/data: 4 schema violations found">
      <![CDATA[org.everit.json.schema.ValidationException: #/data: 4 schema violations found
at org.everit.json.schema.ValidationException.prepend(ValidationException.java:397)
at org.everit.json.schema.ValidationException.prepend(ValidationException.java:377)
at org.everit.json.schema.ObjectSchemaValidatingVisitor.visitPropertySchema(ObjectSchemaValidatingVisitor.java:160)
at org.everit.json.schema.Visitor.visitObjectSchema(Visitor.java:131)
at org.everit.json.schema.ObjectSchemaValidatingVisitor.visitObjectSchema(ObjectSchemaValidatingVisitor.java:36)
at org.everit.json.schema.ObjectSchema.accept(ObjectSchema.java:266)
at org.everit.json.schema.ValidatingVisitor.visitObjectSchema(ValidatingVisitor.java:143)
at org.everit.json.schema.ObjectSchema.accept(ObjectSchema.java:266)
at org.everit.json.schema.Visitor.visit(Visitor.java:43)
at org.everit.json.schema.ValidatingVisitor.visit(ValidatingVisitor.java:52)
at org.everit.json.schema.DefaultValidator.performValidation(Validator.java:69)
at org.everit.json.schema.Schema.validate(Schema.java:140)
at org.traveloka.commonUtils.Utils.validateJsonSchema(Utils.java:487)
at org.traveloka.experience.test.api.DestinationDetailsApiTest.testDestinationPage(DestinationDetailsApiTest.java:40)
at sun.reflect.GeneratedMethodAccessor165.invoke(Unknown Source)
at sun.reflect.DelegatingMethodAccessorImpl.invoke(DelegatingMethodAccessorImpl.java:43)
at java.lang.reflect.Method.invoke(Method.java:498)
at org.testng.internal.MethodInvocationHelper.invokeMethod(MethodInvocationHelper.java:124)
at org.testng.internal.Invoker.invokeMethod(Invoker.java:583)
at org.testng.internal.Invoker.invokeTestMethod(Invoker.java:719)
at org.testng.internal.Invoker.invokeTestMethods(Invoker.java:989)
at org.testng.internal.TestMethodWorker.invokeTestMethods(TestMethodWorker.java:125)
at org.testng.internal.TestMethodWorker.run(TestMethodWorker.java:109)
at java.util.concurrent.ThreadPoolExecutor.runWorker(ThreadPoolExecutor.java:1149)
at java.util.concurrent.ThreadPoolExecutor$Worker.run(ThreadPoolExecutor.java:624)
at java.lang.Thread.run(Thread.java:748)
]]>
    </error>
  </testcase> <!-- testDestinationPage -->
  <testcase name="testDestinationPage" time="10.498" classname="org.traveloka.experience.test.api.DestinationDetailsApiTest">
    <error type="java.lang.NullPointerException">
      <![CDATA[java.lang.NullPointerException
at org.traveloka.experience.test.api.DestinationDetailsApiTest.testDestinationPage(DestinationDetailsApiTest.java:39)
at sun.reflect.GeneratedMethodAccessor165.invoke(Unknown Source)
at sun.reflect.DelegatingMethodAccessorImpl.invoke(DelegatingMethodAccessorImpl.java:43)
at java.lang.reflect.Method.invoke(Method.java:498)
at org.testng.internal.MethodInvocationHelper.invokeMethod(MethodInvocationHelper.java:124)
at org.testng.internal.Invoker.invokeMethod(Invoker.java:583)
at org.testng.internal.Invoker.invokeTestMethod(Invoker.java:719)
at org.testng.internal.Invoker.invokeTestMethods(Invoker.java:989)
at org.testng.internal.TestMethodWorker.invokeTestMethods(TestMethodWorker.java:125)
at org.testng.internal.TestMethodWorker.run(TestMethodWorker.java:109)
at java.util.concurrent.ThreadPoolExecutor.runWorker(ThreadPoolExecutor.java:1149)
at java.util.concurrent.ThreadPoolExecutor$Worker.run(ThreadPoolExecutor.java:624)
at java.lang.Thread.run(Thread.java:748)
]]>
    </error>
  </testcase> <!-- testDestinationPage -->
  <testcase name="testDestinationPage" time="0.565" classname="org.traveloka.experience.test.api.DestinationDetailsApiTest">
    <error type="org.everit.json.schema.ValidationException" message="#/data: 4 schema violations found">
      <![CDATA[org.everit.json.schema.ValidationException: #/data: 4 schema violations found
at org.everit.json.schema.ValidationException.prepend(ValidationException.java:397)
at org.everit.json.schema.ValidationException.prepend(ValidationException.java:377)
at org.everit.json.schema.ObjectSchemaValidatingVisitor.visitPropertySchema(ObjectSchemaValidatingVisitor.java:160)
at org.everit.json.schema.Visitor.visitObjectSchema(Visitor.java:131)
at org.everit.json.schema.ObjectSchemaValidatingVisitor.visitObjectSchema(ObjectSchemaValidatingVisitor.java:36)
at org.everit.json.schema.ObjectSchema.accept(ObjectSchema.java:266)
at org.everit.json.schema.ValidatingVisitor.visitObjectSchema(ValidatingVisitor.java:143)
at org.everit.json.schema.ObjectSchema.accept(ObjectSchema.java:266)
at org.everit.json.schema.Visitor.visit(Visitor.java:43)
at org.everit.json.schema.ValidatingVisitor.visit(ValidatingVisitor.java:52)
at org.everit.json.schema.DefaultValidator.performValidation(Validator.java:69)
at org.everit.json.schema.Schema.validate(Schema.java:140)
at org.traveloka.commonUtils.Utils.validateJsonSchema(Utils.java:487)
at org.traveloka.experience.test.api.DestinationDetailsApiTest.testDestinationPage(DestinationDetailsApiTest.java:40)
at sun.reflect.GeneratedMethodAccessor165.invoke(Unknown Source)
at sun.reflect.DelegatingMethodAccessorImpl.invoke(DelegatingMethodAccessorImpl.java:43)
at java.lang.reflect.Method.invoke(Method.java:498)
at org.testng.internal.MethodInvocationHelper.invokeMethod(MethodInvocationHelper.java:124)
at org.testng.internal.Invoker.invokeMethod(Invoker.java:583)
at org.testng.internal.Invoker.invokeTestMethod(Invoker.java:719)
at org.testng.internal.Invoker.invokeTestMethods(Invoker.java:989)
at org.testng.internal.TestMethodWorker.invokeTestMethods(TestMethodWorker.java:125)
at org.testng.internal.TestMethodWorker.run(TestMethodWorker.java:109)
at java.util.concurrent.ThreadPoolExecutor.runWorker(ThreadPoolExecutor.java:1149)
at java.util.concurrent.ThreadPoolExecutor$Worker.run(ThreadPoolExecutor.java:624)
at java.lang.Thread.run(Thread.java:748)
]]>
    </error>
  </testcase> <!-- testDestinationPage -->
  <testcase name="testDestinationPage" time="0.534" classname="org.traveloka.experience.test.api.DestinationDetailsApiTest">
    <error type="org.everit.json.schema.ValidationException" message="#/data: 4 schema violations found">
      <![CDATA[org.everit.json.schema.ValidationException: #/data: 4 schema violations found
at org.everit.json.schema.ValidationException.prepend(ValidationException.java:397)
at org.everit.json.schema.ValidationException.prepend(ValidationException.java:377)
at org.everit.json.schema.ObjectSchemaValidatingVisitor.visitPropertySchema(ObjectSchemaValidatingVisitor.java:160)
at org.everit.json.schema.Visitor.visitObjectSchema(Visitor.java:131)
at org.everit.json.schema.ObjectSchemaValidatingVisitor.visitObjectSchema(ObjectSchemaValidatingVisitor.java:36)
at org.everit.json.schema.ObjectSchema.accept(ObjectSchema.java:266)
at org.everit.json.schema.ValidatingVisitor.visitObjectSchema(ValidatingVisitor.java:143)
at org.everit.json.schema.ObjectSchema.accept(ObjectSchema.java:266)
at org.everit.json.schema.Visitor.visit(Visitor.java:43)
at org.everit.json.schema.ValidatingVisitor.visit(ValidatingVisitor.java:52)
at org.everit.json.schema.DefaultValidator.performValidation(Validator.java:69)
at org.everit.json.schema.Schema.validate(Schema.java:140)
at org.traveloka.commonUtils.Utils.validateJsonSchema(Utils.java:487)
at org.traveloka.experience.test.api.DestinationDetailsApiTest.testDestinationPage(DestinationDetailsApiTest.java:40)
at sun.reflect.GeneratedMethodAccessor165.invoke(Unknown Source)
at sun.reflect.DelegatingMethodAccessorImpl.invoke(DelegatingMethodAccessorImpl.java:43)
at java.lang.reflect.Method.invoke(Method.java:498)
at org.testng.internal.MethodInvocationHelper.invokeMethod(MethodInvocationHelper.java:124)
at org.testng.internal.Invoker.invokeMethod(Invoker.java:583)
at org.testng.internal.Invoker.invokeTestMethod(Invoker.java:719)
at org.testng.internal.Invoker.invokeTestMethods(Invoker.java:989)
at org.testng.internal.TestMethodWorker.invokeTestMethods(TestMethodWorker.java:125)
at org.testng.internal.TestMethodWorker.run(TestMethodWorker.java:109)
at java.util.concurrent.ThreadPoolExecutor.runWorker(ThreadPoolExecutor.java:1149)
at java.util.concurrent.ThreadPoolExecutor$Worker.run(ThreadPoolExecutor.java:624)
at java.lang.Thread.run(Thread.java:748)
]]>
    </error>
  </testcase> <!-- testDestinationPage -->
  <testcase name="testDestinationPage" time="0.462" classname="org.traveloka.experience.test.api.DestinationDetailsApiTest">
    <error type="org.everit.json.schema.ValidationException" message="#/data: 4 schema violations found">
      <![CDATA[org.everit.json.schema.ValidationException: #/data: 4 schema violations found
at org.everit.json.schema.ValidationException.prepend(ValidationException.java:397)
at org.everit.json.schema.ValidationException.prepend(ValidationException.java:377)
at org.everit.json.schema.ObjectSchemaValidatingVisitor.visitPropertySchema(ObjectSchemaValidatingVisitor.java:160)
at org.everit.json.schema.Visitor.visitObjectSchema(Visitor.java:131)
at org.everit.json.schema.ObjectSchemaValidatingVisitor.visitObjectSchema(ObjectSchemaValidatingVisitor.java:36)
at org.everit.json.schema.ObjectSchema.accept(ObjectSchema.java:266)
at org.everit.json.schema.ValidatingVisitor.visitObjectSchema(ValidatingVisitor.java:143)
at org.everit.json.schema.ObjectSchema.accept(ObjectSchema.java:266)
at org.everit.json.schema.Visitor.visit(Visitor.java:43)
at org.everit.json.schema.ValidatingVisitor.visit(ValidatingVisitor.java:52)
at org.everit.json.schema.DefaultValidator.performValidation(Validator.java:69)
at org.everit.json.schema.Schema.validate(Schema.java:140)
at org.traveloka.commonUtils.Utils.validateJsonSchema(Utils.java:487)
at org.traveloka.experience.test.api.DestinationDetailsApiTest.testDestinationPage(DestinationDetailsApiTest.java:40)
at sun.reflect.GeneratedMethodAccessor165.invoke(Unknown Source)
at sun.reflect.DelegatingMethodAccessorImpl.invoke(DelegatingMethodAccessorImpl.java:43)
at java.lang.reflect.Method.invoke(Method.java:498)
at org.testng.internal.MethodInvocationHelper.invokeMethod(MethodInvocationHelper.java:124)
at org.testng.internal.Invoker.invokeMethod(Invoker.java:583)
at org.testng.internal.Invoker.invokeTestMethod(Invoker.java:719)
at org.testng.internal.Invoker.invokeTestMethods(Invoker.java:989)
at org.testng.internal.TestMethodWorker.invokeTestMethods(TestMethodWorker.java:125)
at org.testng.internal.TestMethodWorker.run(TestMethodWorker.java:109)
at java.util.concurrent.ThreadPoolExecutor.runWorker(ThreadPoolExecutor.java:1149)
at java.util.concurrent.ThreadPoolExecutor$Worker.run(ThreadPoolExecutor.java:624)
at java.lang.Thread.run(Thread.java:748)
]]>
    </error>
  </testcase> <!-- testDestinationPage -->
  <testcase name="testDestinationPage" time="0.464" classname="org.traveloka.experience.test.api.DestinationDetailsApiTest">
    <error type="org.everit.json.schema.ValidationException" message="#/data: 4 schema violations found">
      <![CDATA[org.everit.json.schema.ValidationException: #/data: 4 schema violations found
at org.everit.json.schema.ValidationException.prepend(ValidationException.java:397)
at org.everit.json.schema.ValidationException.prepend(ValidationException.java:377)
at org.everit.json.schema.ObjectSchemaValidatingVisitor.visitPropertySchema(ObjectSchemaValidatingVisitor.java:160)
at org.everit.json.schema.Visitor.visitObjectSchema(Visitor.java:131)
at org.everit.json.schema.ObjectSchemaValidatingVisitor.visitObjectSchema(ObjectSchemaValidatingVisitor.java:36)
at org.everit.json.schema.ObjectSchema.accept(ObjectSchema.java:266)
at org.everit.json.schema.ValidatingVisitor.visitObjectSchema(ValidatingVisitor.java:143)
at org.everit.json.schema.ObjectSchema.accept(ObjectSchema.java:266)
at org.everit.json.schema.Visitor.visit(Visitor.java:43)
at org.everit.json.schema.ValidatingVisitor.visit(ValidatingVisitor.java:52)
at org.everit.json.schema.DefaultValidator.performValidation(Validator.java:69)
at org.everit.json.schema.Schema.validate(Schema.java:140)
at org.traveloka.commonUtils.Utils.validateJsonSchema(Utils.java:487)
at org.traveloka.experience.test.api.DestinationDetailsApiTest.testDestinationPage(DestinationDetailsApiTest.java:40)
at sun.reflect.GeneratedMethodAccessor165.invoke(Unknown Source)
at sun.reflect.DelegatingMethodAccessorImpl.invoke(DelegatingMethodAccessorImpl.java:43)
at java.lang.reflect.Method.invoke(Method.java:498)
at org.testng.internal.MethodInvocationHelper.invokeMethod(MethodInvocationHelper.java:124)
at org.testng.internal.Invoker.invokeMethod(Invoker.java:583)
at org.testng.internal.Invoker.invokeTestMethod(Invoker.java:719)
at org.testng.internal.Invoker.invokeTestMethods(Invoker.java:989)
at org.testng.internal.TestMethodWorker.invokeTestMethods(TestMethodWorker.java:125)
at org.testng.internal.TestMethodWorker.run(TestMethodWorker.java:109)
at java.util.concurrent.ThreadPoolExecutor.runWorker(ThreadPoolExecutor.java:1149)
at java.util.concurrent.ThreadPoolExecutor$Worker.run(ThreadPoolExecutor.java:624)
at java.lang.Thread.run(Thread.java:748)
]]>
    </error>
  </testcase> <!-- testDestinationPage -->
  <testcase name="testDestinationPage" time="10.547" classname="org.traveloka.experience.test.api.DestinationDetailsApiTest">
    <error type="java.lang.NullPointerException">
      <![CDATA[java.lang.NullPointerException
at org.traveloka.experience.test.api.DestinationDetailsApiTest.testDestinationPage(DestinationDetailsApiTest.java:39)
at sun.reflect.GeneratedMethodAccessor165.invoke(Unknown Source)
at sun.reflect.DelegatingMethodAccessorImpl.invoke(DelegatingMethodAccessorImpl.java:43)
at java.lang.reflect.Method.invoke(Method.java:498)
at org.testng.internal.MethodInvocationHelper.invokeMethod(MethodInvocationHelper.java:124)
at org.testng.internal.Invoker.invokeMethod(Invoker.java:583)
at org.testng.internal.Invoker.invokeTestMethod(Invoker.java:719)
at org.testng.internal.Invoker.invokeTestMethods(Invoker.java:989)
at org.testng.internal.TestMethodWorker.invokeTestMethods(TestMethodWorker.java:125)
at org.testng.internal.TestMethodWorker.run(TestMethodWorker.java:109)
at java.util.concurrent.ThreadPoolExecutor.runWorker(ThreadPoolExecutor.java:1149)
at java.util.concurrent.ThreadPoolExecutor$Worker.run(ThreadPoolExecutor.java:624)
at java.lang.Thread.run(Thread.java:748)
]]>
    </error>
  </testcase> <!-- testDestinationPage -->
  <testcase name="testDestinationPage" time="0.767" classname="org.traveloka.experience.test.api.DestinationDetailsApiTest">
    <error type="org.everit.json.schema.ValidationException" message="#/data: 4 schema violations found">
      <![CDATA[org.everit.json.schema.ValidationException: #/data: 4 schema violations found
at org.everit.json.schema.ValidationException.prepend(ValidationException.java:397)
at org.everit.json.schema.ValidationException.prepend(ValidationException.java:377)
at org.everit.json.schema.ObjectSchemaValidatingVisitor.visitPropertySchema(ObjectSchemaValidatingVisitor.java:160)
at org.everit.json.schema.Visitor.visitObjectSchema(Visitor.java:131)
at org.everit.json.schema.ObjectSchemaValidatingVisitor.visitObjectSchema(ObjectSchemaValidatingVisitor.java:36)
at org.everit.json.schema.ObjectSchema.accept(ObjectSchema.java:266)
at org.everit.json.schema.ValidatingVisitor.visitObjectSchema(ValidatingVisitor.java:143)
at org.everit.json.schema.ObjectSchema.accept(ObjectSchema.java:266)
at org.everit.json.schema.Visitor.visit(Visitor.java:43)
at org.everit.json.schema.ValidatingVisitor.visit(ValidatingVisitor.java:52)
at org.everit.json.schema.DefaultValidator.performValidation(Validator.java:69)
at org.everit.json.schema.Schema.validate(Schema.java:140)
at org.traveloka.commonUtils.Utils.validateJsonSchema(Utils.java:487)
at org.traveloka.experience.test.api.DestinationDetailsApiTest.testDestinationPage(DestinationDetailsApiTest.java:40)
at sun.reflect.NativeMethodAccessorImpl.invoke0(Native Method)
at sun.reflect.NativeMethodAccessorImpl.invoke(NativeMethodAccessorImpl.java:62)
at sun.reflect.DelegatingMethodAccessorImpl.invoke(DelegatingMethodAccessorImpl.java:43)
at java.lang.reflect.Method.invoke(Method.java:498)
at org.testng.internal.MethodInvocationHelper.invokeMethod(MethodInvocationHelper.java:124)
at org.testng.internal.Invoker.invokeMethod(Invoker.java:583)
at org.testng.internal.Invoker.invokeTestMethod(Invoker.java:719)
at org.testng.internal.Invoker.invokeTestMethods(Invoker.java:989)
at org.testng.internal.TestMethodWorker.invokeTestMethods(TestMethodWorker.java:125)
at org.testng.internal.TestMethodWorker.run(TestMethodWorker.java:109)
at java.util.concurrent.ThreadPoolExecutor.runWorker(ThreadPoolExecutor.java:1149)
at java.util.concurrent.ThreadPoolExecutor$Worker.run(ThreadPoolExecutor.java:624)
at java.lang.Thread.run(Thread.java:748)
]]>
    </error>
  </testcase> <!-- testDestinationPage -->
  <testcase name="testDestinationPage" time="0.460" classname="org.traveloka.experience.test.api.DestinationDetailsApiTest">
    <error type="org.everit.json.schema.ValidationException" message="#/data: 4 schema violations found">
      <![CDATA[org.everit.json.schema.ValidationException: #/data: 4 schema violations found
at org.everit.json.schema.ValidationException.prepend(ValidationException.java:397)
at org.everit.json.schema.ValidationException.prepend(ValidationException.java:377)
at org.everit.json.schema.ObjectSchemaValidatingVisitor.visitPropertySchema(ObjectSchemaValidatingVisitor.java:160)
at org.everit.json.schema.Visitor.visitObjectSchema(Visitor.java:131)
at org.everit.json.schema.ObjectSchemaValidatingVisitor.visitObjectSchema(ObjectSchemaValidatingVisitor.java:36)
at org.everit.json.schema.ObjectSchema.accept(ObjectSchema.java:266)
at org.everit.json.schema.ValidatingVisitor.visitObjectSchema(ValidatingVisitor.java:143)
at org.everit.json.schema.ObjectSchema.accept(ObjectSchema.java:266)
at org.everit.json.schema.Visitor.visit(Visitor.java:43)
at org.everit.json.schema.ValidatingVisitor.visit(ValidatingVisitor.java:52)
at org.everit.json.schema.DefaultValidator.performValidation(Validator.java:69)
at org.everit.json.schema.Schema.validate(Schema.java:140)
at org.traveloka.commonUtils.Utils.validateJsonSchema(Utils.java:487)
at org.traveloka.experience.test.api.DestinationDetailsApiTest.testDestinationPage(DestinationDetailsApiTest.java:40)
at sun.reflect.GeneratedMethodAccessor165.invoke(Unknown Source)
at sun.reflect.DelegatingMethodAccessorImpl.invoke(DelegatingMethodAccessorImpl.java:43)
at java.lang.reflect.Method.invoke(Method.java:498)
at org.testng.internal.MethodInvocationHelper.invokeMethod(MethodInvocationHelper.java:124)
at org.testng.internal.Invoker.invokeMethod(Invoker.java:583)
at org.testng.internal.Invoker.invokeTestMethod(Invoker.java:719)
at org.testng.internal.Invoker.invokeTestMethods(Invoker.java:989)
at org.testng.internal.TestMethodWorker.invokeTestMethods(TestMethodWorker.java:125)
at org.testng.internal.TestMethodWorker.run(TestMethodWorker.java:109)
at java.util.concurrent.ThreadPoolExecutor.runWorker(ThreadPoolExecutor.java:1149)
at java.util.concurrent.ThreadPoolExecutor$Worker.run(ThreadPoolExecutor.java:624)
at java.lang.Thread.run(Thread.java:748)
]]>
    </error>
  </testcase> <!-- testDestinationPage -->
  <testcase name="testDestinationPage" time="0.461" classname="org.traveloka.experience.test.api.DestinationDetailsApiTest">
    <error type="java.lang.NullPointerException">
      <![CDATA[java.lang.NullPointerException
at org.traveloka.experience.test.api.DestinationDetailsApiTest.testDestinationPage(DestinationDetailsApiTest.java:39)
at sun.reflect.NativeMethodAccessorImpl.invoke0(Native Method)
at sun.reflect.NativeMethodAccessorImpl.invoke(NativeMethodAccessorImpl.java:62)
at sun.reflect.DelegatingMethodAccessorImpl.invoke(DelegatingMethodAccessorImpl.java:43)
at java.lang.reflect.Method.invoke(Method.java:498)
at org.testng.internal.MethodInvocationHelper.invokeMethod(MethodInvocationHelper.java:124)
at org.testng.internal.Invoker.invokeMethod(Invoker.java:583)
at org.testng.internal.Invoker.invokeTestMethod(Invoker.java:719)
at org.testng.internal.Invoker.invokeTestMethods(Invoker.java:989)
at org.testng.internal.TestMethodWorker.invokeTestMethods(TestMethodWorker.java:125)
at org.testng.internal.TestMethodWorker.run(TestMethodWorker.java:109)
at java.util.concurrent.ThreadPoolExecutor.runWorker(ThreadPoolExecutor.java:1149)
at java.util.concurrent.ThreadPoolExecutor$Worker.run(ThreadPoolExecutor.java:624)
at java.lang.Thread.run(Thread.java:748)
]]>
    </error>
  </testcase> <!-- testDestinationPage -->
  <testcase name="testDestinationPage" time="10.459" classname="org.traveloka.experience.test.api.DestinationDetailsApiTest">
    <error type="java.lang.NullPointerException">
      <![CDATA[java.lang.NullPointerException
at org.traveloka.experience.test.api.DestinationDetailsApiTest.testDestinationPage(DestinationDetailsApiTest.java:39)
at sun.reflect.GeneratedMethodAccessor165.invoke(Unknown Source)
at sun.reflect.DelegatingMethodAccessorImpl.invoke(DelegatingMethodAccessorImpl.java:43)
at java.lang.reflect.Method.invoke(Method.java:498)
at org.testng.internal.MethodInvocationHelper.invokeMethod(MethodInvocationHelper.java:124)
at org.testng.internal.Invoker.invokeMethod(Invoker.java:583)
at org.testng.internal.Invoker.invokeTestMethod(Invoker.java:719)
at org.testng.internal.Invoker.invokeTestMethods(Invoker.java:989)
at org.testng.internal.TestMethodWorker.invokeTestMethods(TestMethodWorker.java:125)
at org.testng.internal.TestMethodWorker.run(TestMethodWorker.java:109)
at java.util.concurrent.ThreadPoolExecutor.runWorker(ThreadPoolExecutor.java:1149)
at java.util.concurrent.ThreadPoolExecutor$Worker.run(ThreadPoolExecutor.java:624)
at java.lang.Thread.run(Thread.java:748)
]]>
    </error>
  </testcase> <!-- testDestinationPage -->
  <testcase name="testDestinationPage" time="0.463" classname="org.traveloka.experience.test.api.DestinationDetailsApiTest">
    <error type="org.everit.json.schema.ValidationException" message="#/data: 4 schema violations found">
      <![CDATA[org.everit.json.schema.ValidationException: #/data: 4 schema violations found
at org.everit.json.schema.ValidationException.prepend(ValidationException.java:397)
at org.everit.json.schema.ValidationException.prepend(ValidationException.java:377)
at org.everit.json.schema.ObjectSchemaValidatingVisitor.visitPropertySchema(ObjectSchemaValidatingVisitor.java:160)
at org.everit.json.schema.Visitor.visitObjectSchema(Visitor.java:131)
at org.everit.json.schema.ObjectSchemaValidatingVisitor.visitObjectSchema(ObjectSchemaValidatingVisitor.java:36)
at org.everit.json.schema.ObjectSchema.accept(ObjectSchema.java:266)
at org.everit.json.schema.ValidatingVisitor.visitObjectSchema(ValidatingVisitor.java:143)
at org.everit.json.schema.ObjectSchema.accept(ObjectSchema.java:266)
at org.everit.json.schema.Visitor.visit(Visitor.java:43)
at org.everit.json.schema.ValidatingVisitor.visit(ValidatingVisitor.java:52)
at org.everit.json.schema.DefaultValidator.performValidation(Validator.java:69)
at org.everit.json.schema.Schema.validate(Schema.java:140)
at org.traveloka.commonUtils.Utils.validateJsonSchema(Utils.java:487)
at org.traveloka.experience.test.api.DestinationDetailsApiTest.testDestinationPage(DestinationDetailsApiTest.java:40)
at sun.reflect.NativeMethodAccessorImpl.invoke0(Native Method)
at sun.reflect.NativeMethodAccessorImpl.invoke(NativeMethodAccessorImpl.java:62)
at sun.reflect.DelegatingMethodAccessorImpl.invoke(DelegatingMethodAccessorImpl.java:43)
at java.lang.reflect.Method.invoke(Method.java:498)
at org.testng.internal.MethodInvocationHelper.invokeMethod(MethodInvocationHelper.java:124)
at org.testng.internal.Invoker.invokeMethod(Invoker.java:583)
at org.testng.internal.Invoker.invokeTestMethod(Invoker.java:719)
at org.testng.internal.Invoker.invokeTestMethods(Invoker.java:989)
at org.testng.internal.TestMethodWorker.invokeTestMethods(TestMethodWorker.java:125)
at org.testng.internal.TestMethodWorker.run(TestMethodWorker.java:109)
at java.util.concurrent.ThreadPoolExecutor.runWorker(ThreadPoolExecutor.java:1149)
at java.util.concurrent.ThreadPoolExecutor$Worker.run(ThreadPoolExecutor.java:624)
at java.lang.Thread.run(Thread.java:748)
]]>
    </error>
  </testcase> <!-- testDestinationPage -->
  <testcase name="testDestinationPage" time="0.537" classname="org.traveloka.experience.test.api.DestinationDetailsApiTest">
    <error type="org.everit.json.schema.ValidationException" message="#/data: 4 schema violations found">
      <![CDATA[org.everit.json.schema.ValidationException: #/data: 4 schema violations found
at org.everit.json.schema.ValidationException.prepend(ValidationException.java:397)
at org.everit.json.schema.ValidationException.prepend(ValidationException.java:377)
at org.everit.json.schema.ObjectSchemaValidatingVisitor.visitPropertySchema(ObjectSchemaValidatingVisitor.java:160)
at org.everit.json.schema.Visitor.visitObjectSchema(Visitor.java:131)
at org.everit.json.schema.ObjectSchemaValidatingVisitor.visitObjectSchema(ObjectSchemaValidatingVisitor.java:36)
at org.everit.json.schema.ObjectSchema.accept(ObjectSchema.java:266)
at org.everit.json.schema.ValidatingVisitor.visitObjectSchema(ValidatingVisitor.java:143)
at org.everit.json.schema.ObjectSchema.accept(ObjectSchema.java:266)
at org.everit.json.schema.Visitor.visit(Visitor.java:43)
at org.everit.json.schema.ValidatingVisitor.visit(ValidatingVisitor.java:52)
at org.everit.json.schema.DefaultValidator.performValidation(Validator.java:69)
at org.everit.json.schema.Schema.validate(Schema.java:140)
at org.traveloka.commonUtils.Utils.validateJsonSchema(Utils.java:487)
at org.traveloka.experience.test.api.DestinationDetailsApiTest.testDestinationPage(DestinationDetailsApiTest.java:40)
at sun.reflect.GeneratedMethodAccessor165.invoke(Unknown Source)
at sun.reflect.DelegatingMethodAccessorImpl.invoke(DelegatingMethodAccessorImpl.java:43)
at java.lang.reflect.Method.invoke(Method.java:498)
at org.testng.internal.MethodInvocationHelper.invokeMethod(MethodInvocationHelper.java:124)
at org.testng.internal.Invoker.invokeMethod(Invoker.java:583)
at org.testng.internal.Invoker.invokeTestMethod(Invoker.java:719)
at org.testng.internal.Invoker.invokeTestMethods(Invoker.java:989)
at org.testng.internal.TestMethodWorker.invokeTestMethods(TestMethodWorker.java:125)
at org.testng.internal.TestMethodWorker.run(TestMethodWorker.java:109)
at java.util.concurrent.ThreadPoolExecutor.runWorker(ThreadPoolExecutor.java:1149)
at java.util.concurrent.ThreadPoolExecutor$Worker.run(ThreadPoolExecutor.java:624)
at java.lang.Thread.run(Thread.java:748)
]]>
    </error>
  </testcase> <!-- testDestinationPage -->
  <testcase name="testDestinationPage" time="0.737" classname="org.traveloka.experience.test.api.DestinationDetailsApiTest">
    <error type="org.everit.json.schema.ValidationException" message="#/data: 4 schema violations found">
      <![CDATA[org.everit.json.schema.ValidationException: #/data: 4 schema violations found
at org.everit.json.schema.ValidationException.prepend(ValidationException.java:397)
at org.everit.json.schema.ValidationException.prepend(ValidationException.java:377)
at org.everit.json.schema.ObjectSchemaValidatingVisitor.visitPropertySchema(ObjectSchemaValidatingVisitor.java:160)
at org.everit.json.schema.Visitor.visitObjectSchema(Visitor.java:131)
at org.everit.json.schema.ObjectSchemaValidatingVisitor.visitObjectSchema(ObjectSchemaValidatingVisitor.java:36)
at org.everit.json.schema.ObjectSchema.accept(ObjectSchema.java:266)
at org.everit.json.schema.ValidatingVisitor.visitObjectSchema(ValidatingVisitor.java:143)
at org.everit.json.schema.ObjectSchema.accept(ObjectSchema.java:266)
at org.everit.json.schema.Visitor.visit(Visitor.java:43)
at org.everit.json.schema.ValidatingVisitor.visit(ValidatingVisitor.java:52)
at org.everit.json.schema.DefaultValidator.performValidation(Validator.java:69)
at org.everit.json.schema.Schema.validate(Schema.java:140)
at org.traveloka.commonUtils.Utils.validateJsonSchema(Utils.java:487)
at org.traveloka.experience.test.api.DestinationDetailsApiTest.testDestinationPage(DestinationDetailsApiTest.java:40)
at sun.reflect.GeneratedMethodAccessor165.invoke(Unknown Source)
at sun.reflect.DelegatingMethodAccessorImpl.invoke(DelegatingMethodAccessorImpl.java:43)
at java.lang.reflect.Method.invoke(Method.java:498)
at org.testng.internal.MethodInvocationHelper.invokeMethod(MethodInvocationHelper.java:124)
at org.testng.internal.Invoker.invokeMethod(Invoker.java:583)
at org.testng.internal.Invoker.invokeTestMethod(Invoker.java:719)
at org.testng.internal.Invoker.invokeTestMethods(Invoker.java:989)
at org.testng.internal.TestMethodWorker.invokeTestMethods(TestMethodWorker.java:125)
at org.testng.internal.TestMethodWorker.run(TestMethodWorker.java:109)
at java.util.concurrent.ThreadPoolExecutor.runWorker(ThreadPoolExecutor.java:1149)
at java.util.concurrent.ThreadPoolExecutor$Worker.run(ThreadPoolExecutor.java:624)
at java.lang.Thread.run(Thread.java:748)
]]>
    </error>
  </testcase> <!-- testDestinationPage -->
  <testcase name="testDestinationPage" time="0.468" classname="org.traveloka.experience.test.api.DestinationDetailsApiTest">
    <error type="org.everit.json.schema.ValidationException" message="#/data: 4 schema violations found">
      <![CDATA[org.everit.json.schema.ValidationException: #/data: 4 schema violations found
at org.everit.json.schema.ValidationException.prepend(ValidationException.java:397)
at org.everit.json.schema.ValidationException.prepend(ValidationException.java:377)
at org.everit.json.schema.ObjectSchemaValidatingVisitor.visitPropertySchema(ObjectSchemaValidatingVisitor.java:160)
at org.everit.json.schema.Visitor.visitObjectSchema(Visitor.java:131)
at org.everit.json.schema.ObjectSchemaValidatingVisitor.visitObjectSchema(ObjectSchemaValidatingVisitor.java:36)
at org.everit.json.schema.ObjectSchema.accept(ObjectSchema.java:266)
at org.everit.json.schema.ValidatingVisitor.visitObjectSchema(ValidatingVisitor.java:143)
at org.everit.json.schema.ObjectSchema.accept(ObjectSchema.java:266)
at org.everit.json.schema.Visitor.visit(Visitor.java:43)
at org.everit.json.schema.ValidatingVisitor.visit(ValidatingVisitor.java:52)
at org.everit.json.schema.DefaultValidator.performValidation(Validator.java:69)
at org.everit.json.schema.Schema.validate(Schema.java:140)
at org.traveloka.commonUtils.Utils.validateJsonSchema(Utils.java:487)
at org.traveloka.experience.test.api.DestinationDetailsApiTest.testDestinationPage(DestinationDetailsApiTest.java:40)
at sun.reflect.GeneratedMethodAccessor165.invoke(Unknown Source)
at sun.reflect.DelegatingMethodAccessorImpl.invoke(DelegatingMethodAccessorImpl.java:43)
at java.lang.reflect.Method.invoke(Method.java:498)
at org.testng.internal.MethodInvocationHelper.invokeMethod(MethodInvocationHelper.java:124)
at org.testng.internal.Invoker.invokeMethod(Invoker.java:583)
at org.testng.internal.Invoker.invokeTestMethod(Invoker.java:719)
at org.testng.internal.Invoker.invokeTestMethods(Invoker.java:989)
at org.testng.internal.TestMethodWorker.invokeTestMethods(TestMethodWorker.java:125)
at org.testng.internal.TestMethodWorker.run(TestMethodWorker.java:109)
at java.util.concurrent.ThreadPoolExecutor.runWorker(ThreadPoolExecutor.java:1149)
at java.util.concurrent.ThreadPoolExecutor$Worker.run(ThreadPoolExecutor.java:624)
at java.lang.Thread.run(Thread.java:748)
]]>
    </error>
  </testcase> <!-- testDestinationPage -->
  <testcase name="testDestinationPage" time="10.540" classname="org.traveloka.experience.test.api.DestinationDetailsApiTest">
    <error type="java.lang.NullPointerException">
      <![CDATA[java.lang.NullPointerException
at org.traveloka.experience.test.api.DestinationDetailsApiTest.testDestinationPage(DestinationDetailsApiTest.java:39)
at sun.reflect.GeneratedMethodAccessor165.invoke(Unknown Source)
at sun.reflect.DelegatingMethodAccessorImpl.invoke(DelegatingMethodAccessorImpl.java:43)
at java.lang.reflect.Method.invoke(Method.java:498)
at org.testng.internal.MethodInvocationHelper.invokeMethod(MethodInvocationHelper.java:124)
at org.testng.internal.Invoker.invokeMethod(Invoker.java:583)
at org.testng.internal.Invoker.invokeTestMethod(Invoker.java:719)
at org.testng.internal.Invoker.invokeTestMethods(Invoker.java:989)
at org.testng.internal.TestMethodWorker.invokeTestMethods(TestMethodWorker.java:125)
at org.testng.internal.TestMethodWorker.run(TestMethodWorker.java:109)
at java.util.concurrent.ThreadPoolExecutor.runWorker(ThreadPoolExecutor.java:1149)
at java.util.concurrent.ThreadPoolExecutor$Worker.run(ThreadPoolExecutor.java:624)
at java.lang.Thread.run(Thread.java:748)
]]>
    </error>
  </testcase> <!-- testDestinationPage -->
  <testcase name="testDestinationPage" time="0.463" classname="org.traveloka.experience.test.api.DestinationDetailsApiTest">
    <error type="org.everit.json.schema.ValidationException" message="#/data: 4 schema violations found">
      <![CDATA[org.everit.json.schema.ValidationException: #/data: 4 schema violations found
at org.everit.json.schema.ValidationException.prepend(ValidationException.java:397)
at org.everit.json.schema.ValidationException.prepend(ValidationException.java:377)
at org.everit.json.schema.ObjectSchemaValidatingVisitor.visitPropertySchema(ObjectSchemaValidatingVisitor.java:160)
at org.everit.json.schema.Visitor.visitObjectSchema(Visitor.java:131)
at org.everit.json.schema.ObjectSchemaValidatingVisitor.visitObjectSchema(ObjectSchemaValidatingVisitor.java:36)
at org.everit.json.schema.ObjectSchema.accept(ObjectSchema.java:266)
at org.everit.json.schema.ValidatingVisitor.visitObjectSchema(ValidatingVisitor.java:143)
at org.everit.json.schema.ObjectSchema.accept(ObjectSchema.java:266)
at org.everit.json.schema.Visitor.visit(Visitor.java:43)
at org.everit.json.schema.ValidatingVisitor.visit(ValidatingVisitor.java:52)
at org.everit.json.schema.DefaultValidator.performValidation(Validator.java:69)
at org.everit.json.schema.Schema.validate(Schema.java:140)
at org.traveloka.commonUtils.Utils.validateJsonSchema(Utils.java:487)
at org.traveloka.experience.test.api.DestinationDetailsApiTest.testDestinationPage(DestinationDetailsApiTest.java:40)
at sun.reflect.GeneratedMethodAccessor165.invoke(Unknown Source)
at sun.reflect.DelegatingMethodAccessorImpl.invoke(DelegatingMethodAccessorImpl.java:43)
at java.lang.reflect.Method.invoke(Method.java:498)
at org.testng.internal.MethodInvocationHelper.invokeMethod(MethodInvocationHelper.java:124)
at org.testng.internal.Invoker.invokeMethod(Invoker.java:583)
at org.testng.internal.Invoker.invokeTestMethod(Invoker.java:719)
at org.testng.internal.Invoker.invokeTestMethods(Invoker.java:989)
at org.testng.internal.TestMethodWorker.invokeTestMethods(TestMethodWorker.java:125)
at org.testng.internal.TestMethodWorker.run(TestMethodWorker.java:109)
at java.util.concurrent.ThreadPoolExecutor.runWorker(ThreadPoolExecutor.java:1149)
at java.util.concurrent.ThreadPoolExecutor$Worker.run(ThreadPoolExecutor.java:624)
at java.lang.Thread.run(Thread.java:748)
]]>
    </error>
  </testcase> <!-- testDestinationPage -->
  <testcase name="testDestinationPage" time="10.492" classname="org.traveloka.experience.test.api.DestinationDetailsApiTest">
    <error type="java.lang.NullPointerException">
      <![CDATA[java.lang.NullPointerException
at org.traveloka.experience.test.api.DestinationDetailsApiTest.testDestinationPage(DestinationDetailsApiTest.java:39)
at sun.reflect.GeneratedMethodAccessor165.invoke(Unknown Source)
at sun.reflect.DelegatingMethodAccessorImpl.invoke(DelegatingMethodAccessorImpl.java:43)
at java.lang.reflect.Method.invoke(Method.java:498)
at org.testng.internal.MethodInvocationHelper.invokeMethod(MethodInvocationHelper.java:124)
at org.testng.internal.Invoker.invokeMethod(Invoker.java:583)
at org.testng.internal.Invoker.invokeTestMethod(Invoker.java:719)
at org.testng.internal.Invoker.invokeTestMethods(Invoker.java:989)
at org.testng.internal.TestMethodWorker.invokeTestMethods(TestMethodWorker.java:125)
at org.testng.internal.TestMethodWorker.run(TestMethodWorker.java:109)
at java.util.concurrent.ThreadPoolExecutor.runWorker(ThreadPoolExecutor.java:1149)
at java.util.concurrent.ThreadPoolExecutor$Worker.run(ThreadPoolExecutor.java:624)
at java.lang.Thread.run(Thread.java:748)
]]>
    </error>
  </testcase> <!-- testDestinationPage -->
  <testcase name="testDestinationPage" time="0.901" classname="org.traveloka.experience.test.api.DestinationDetailsApiTest">
    <error type="org.everit.json.schema.ValidationException" message="#/data: 4 schema violations found">
      <![CDATA[org.everit.json.schema.ValidationException: #/data: 4 schema violations found
at org.everit.json.schema.ValidationException.prepend(ValidationException.java:397)
at org.everit.json.schema.ValidationException.prepend(ValidationException.java:377)
at org.everit.json.schema.ObjectSchemaValidatingVisitor.visitPropertySchema(ObjectSchemaValidatingVisitor.java:160)
at org.everit.json.schema.Visitor.visitObjectSchema(Visitor.java:131)
at org.everit.json.schema.ObjectSchemaValidatingVisitor.visitObjectSchema(ObjectSchemaValidatingVisitor.java:36)
at org.everit.json.schema.ObjectSchema.accept(ObjectSchema.java:266)
at org.everit.json.schema.ValidatingVisitor.visitObjectSchema(ValidatingVisitor.java:143)
at org.everit.json.schema.ObjectSchema.accept(ObjectSchema.java:266)
at org.everit.json.schema.Visitor.visit(Visitor.java:43)
at org.everit.json.schema.ValidatingVisitor.visit(ValidatingVisitor.java:52)
at org.everit.json.schema.DefaultValidator.performValidation(Validator.java:69)
at org.everit.json.schema.Schema.validate(Schema.java:140)
at org.traveloka.commonUtils.Utils.validateJsonSchema(Utils.java:487)
at org.traveloka.experience.test.api.DestinationDetailsApiTest.testDestinationPage(DestinationDetailsApiTest.java:40)
at sun.reflect.GeneratedMethodAccessor165.invoke(Unknown Source)
at sun.reflect.DelegatingMethodAccessorImpl.invoke(DelegatingMethodAccessorImpl.java:43)
at java.lang.reflect.Method.invoke(Method.java:498)
at org.testng.internal.MethodInvocationHelper.invokeMethod(MethodInvocationHelper.java:124)
at org.testng.internal.Invoker.invokeMethod(Invoker.java:583)
at org.testng.internal.Invoker.invokeTestMethod(Invoker.java:719)
at org.testng.internal.Invoker.invokeTestMethods(Invoker.java:989)
at org.testng.internal.TestMethodWorker.invokeTestMethods(TestMethodWorker.java:125)
at org.testng.internal.TestMethodWorker.run(TestMethodWorker.java:109)
at java.util.concurrent.ThreadPoolExecutor.runWorker(ThreadPoolExecutor.java:1149)
at java.util.concurrent.ThreadPoolExecutor$Worker.run(ThreadPoolExecutor.java:624)
at java.lang.Thread.run(Thread.java:748)
]]>
    </error>
  </testcase> <!-- testDestinationPage -->
  <testcase name="testDestinationPage" time="0.463" classname="org.traveloka.experience.test.api.DestinationDetailsApiTest">
    <error type="org.everit.json.schema.ValidationException" message="#/data: 4 schema violations found">
      <![CDATA[org.everit.json.schema.ValidationException: #/data: 4 schema violations found
at org.everit.json.schema.ValidationException.prepend(ValidationException.java:397)
at org.everit.json.schema.ValidationException.prepend(ValidationException.java:377)
at org.everit.json.schema.ObjectSchemaValidatingVisitor.visitPropertySchema(ObjectSchemaValidatingVisitor.java:160)
at org.everit.json.schema.Visitor.visitObjectSchema(Visitor.java:131)
at org.everit.json.schema.ObjectSchemaValidatingVisitor.visitObjectSchema(ObjectSchemaValidatingVisitor.java:36)
at org.everit.json.schema.ObjectSchema.accept(ObjectSchema.java:266)
at org.everit.json.schema.ValidatingVisitor.visitObjectSchema(ValidatingVisitor.java:143)
at org.everit.json.schema.ObjectSchema.accept(ObjectSchema.java:266)
at org.everit.json.schema.Visitor.visit(Visitor.java:43)
at org.everit.json.schema.ValidatingVisitor.visit(ValidatingVisitor.java:52)
at org.everit.json.schema.DefaultValidator.performValidation(Validator.java:69)
at org.everit.json.schema.Schema.validate(Schema.java:140)
at org.traveloka.commonUtils.Utils.validateJsonSchema(Utils.java:487)
at org.traveloka.experience.test.api.DestinationDetailsApiTest.testDestinationPage(DestinationDetailsApiTest.java:40)
at sun.reflect.NativeMethodAccessorImpl.invoke0(Native Method)
at sun.reflect.NativeMethodAccessorImpl.invoke(NativeMethodAccessorImpl.java:62)
at sun.reflect.DelegatingMethodAccessorImpl.invoke(DelegatingMethodAccessorImpl.java:43)
at java.lang.reflect.Method.invoke(Method.java:498)
at org.testng.internal.MethodInvocationHelper.invokeMethod(MethodInvocationHelper.java:124)
at org.testng.internal.Invoker.invokeMethod(Invoker.java:583)
at org.testng.internal.Invoker.invokeTestMethod(Invoker.java:719)
at org.testng.internal.Invoker.invokeTestMethods(Invoker.java:989)
at org.testng.internal.TestMethodWorker.invokeTestMethods(TestMethodWorker.java:125)
at org.testng.internal.TestMethodWorker.run(TestMethodWorker.java:109)
at java.util.concurrent.ThreadPoolExecutor.runWorker(ThreadPoolExecutor.java:1149)
at java.util.concurrent.ThreadPoolExecutor$Worker.run(ThreadPoolExecutor.java:624)
at java.lang.Thread.run(Thread.java:748)
]]>
    </error>
  </testcase> <!-- testDestinationPage -->
  <testcase name="testDestinationPage" time="0.481" classname="org.traveloka.experience.test.api.DestinationDetailsApiTest">
    <error type="org.everit.json.schema.ValidationException" message="#/data: 4 schema violations found">
      <![CDATA[org.everit.json.schema.ValidationException: #/data: 4 schema violations found
at org.everit.json.schema.ValidationException.prepend(ValidationException.java:397)
at org.everit.json.schema.ValidationException.prepend(ValidationException.java:377)
at org.everit.json.schema.ObjectSchemaValidatingVisitor.visitPropertySchema(ObjectSchemaValidatingVisitor.java:160)
at org.everit.json.schema.Visitor.visitObjectSchema(Visitor.java:131)
at org.everit.json.schema.ObjectSchemaValidatingVisitor.visitObjectSchema(ObjectSchemaValidatingVisitor.java:36)
at org.everit.json.schema.ObjectSchema.accept(ObjectSchema.java:266)
at org.everit.json.schema.ValidatingVisitor.visitObjectSchema(ValidatingVisitor.java:143)
at org.everit.json.schema.ObjectSchema.accept(ObjectSchema.java:266)
at org.everit.json.schema.Visitor.visit(Visitor.java:43)
at org.everit.json.schema.ValidatingVisitor.visit(ValidatingVisitor.java:52)
at org.everit.json.schema.DefaultValidator.performValidation(Validator.java:69)
at org.everit.json.schema.Schema.validate(Schema.java:140)
at org.traveloka.commonUtils.Utils.validateJsonSchema(Utils.java:487)
at org.traveloka.experience.test.api.DestinationDetailsApiTest.testDestinationPage(DestinationDetailsApiTest.java:40)
at sun.reflect.NativeMethodAccessorImpl.invoke0(Native Method)
at sun.reflect.NativeMethodAccessorImpl.invoke(NativeMethodAccessorImpl.java:62)
at sun.reflect.DelegatingMethodAccessorImpl.invoke(DelegatingMethodAccessorImpl.java:43)
at java.lang.reflect.Method.invoke(Method.java:498)
at org.testng.internal.MethodInvocationHelper.invokeMethod(MethodInvocationHelper.java:124)
at org.testng.internal.Invoker.invokeMethod(Invoker.java:583)
at org.testng.internal.Invoker.invokeTestMethod(Invoker.java:719)
at org.testng.internal.Invoker.invokeTestMethods(Invoker.java:989)
at org.testng.internal.TestMethodWorker.invokeTestMethods(TestMethodWorker.java:125)
at org.testng.internal.TestMethodWorker.run(TestMethodWorker.java:109)
at java.util.concurrent.ThreadPoolExecutor.runWorker(ThreadPoolExecutor.java:1149)
at java.util.concurrent.ThreadPoolExecutor$Worker.run(ThreadPoolExecutor.java:624)
at java.lang.Thread.run(Thread.java:748)
]]>
    </error>
  </testcase> <!-- testDestinationPage -->
  <testcase name="testDestinationPage" time="0.486" classname="org.traveloka.experience.test.api.DestinationDetailsApiTest">
    <error type="org.everit.json.schema.ValidationException" message="#/data: 4 schema violations found">
      <![CDATA[org.everit.json.schema.ValidationException: #/data: 4 schema violations found
at org.everit.json.schema.ValidationException.prepend(ValidationException.java:397)
at org.everit.json.schema.ValidationException.prepend(ValidationException.java:377)
at org.everit.json.schema.ObjectSchemaValidatingVisitor.visitPropertySchema(ObjectSchemaValidatingVisitor.java:160)
at org.everit.json.schema.Visitor.visitObjectSchema(Visitor.java:131)
at org.everit.json.schema.ObjectSchemaValidatingVisitor.visitObjectSchema(ObjectSchemaValidatingVisitor.java:36)
at org.everit.json.schema.ObjectSchema.accept(ObjectSchema.java:266)
at org.everit.json.schema.ValidatingVisitor.visitObjectSchema(ValidatingVisitor.java:143)
at org.everit.json.schema.ObjectSchema.accept(ObjectSchema.java:266)
at org.everit.json.schema.Visitor.visit(Visitor.java:43)
at org.everit.json.schema.ValidatingVisitor.visit(ValidatingVisitor.java:52)
at org.everit.json.schema.DefaultValidator.performValidation(Validator.java:69)
at org.everit.json.schema.Schema.validate(Schema.java:140)
at org.traveloka.commonUtils.Utils.validateJsonSchema(Utils.java:487)
at org.traveloka.experience.test.api.DestinationDetailsApiTest.testDestinationPage(DestinationDetailsApiTest.java:40)
at sun.reflect.GeneratedMethodAccessor165.invoke(Unknown Source)
at sun.reflect.DelegatingMethodAccessorImpl.invoke(DelegatingMethodAccessorImpl.java:43)
at java.lang.reflect.Method.invoke(Method.java:498)
at org.testng.internal.MethodInvocationHelper.invokeMethod(MethodInvocationHelper.java:124)
at org.testng.internal.Invoker.invokeMethod(Invoker.java:583)
at org.testng.internal.Invoker.invokeTestMethod(Invoker.java:719)
at org.testng.internal.Invoker.invokeTestMethods(Invoker.java:989)
at org.testng.internal.TestMethodWorker.invokeTestMethods(TestMethodWorker.java:125)
at org.testng.internal.TestMethodWorker.run(TestMethodWorker.java:109)
at java.util.concurrent.ThreadPoolExecutor.runWorker(ThreadPoolExecutor.java:1149)
at java.util.concurrent.ThreadPoolExecutor$Worker.run(ThreadPoolExecutor.java:624)
at java.lang.Thread.run(Thread.java:748)
]]>
    </error>
  </testcase> <!-- testDestinationPage -->
  <testcase name="testDestinationPage" time="0.468" classname="org.traveloka.experience.test.api.DestinationDetailsApiTest">
    <error type="org.everit.json.schema.ValidationException" message="#/data: 4 schema violations found">
      <![CDATA[org.everit.json.schema.ValidationException: #/data: 4 schema violations found
at org.everit.json.schema.ValidationException.prepend(ValidationException.java:397)
at org.everit.json.schema.ValidationException.prepend(ValidationException.java:377)
at org.everit.json.schema.ObjectSchemaValidatingVisitor.visitPropertySchema(ObjectSchemaValidatingVisitor.java:160)
at org.everit.json.schema.Visitor.visitObjectSchema(Visitor.java:131)
at org.everit.json.schema.ObjectSchemaValidatingVisitor.visitObjectSchema(ObjectSchemaValidatingVisitor.java:36)
at org.everit.json.schema.ObjectSchema.accept(ObjectSchema.java:266)
at org.everit.json.schema.ValidatingVisitor.visitObjectSchema(ValidatingVisitor.java:143)
at org.everit.json.schema.ObjectSchema.accept(ObjectSchema.java:266)
at org.everit.json.schema.Visitor.visit(Visitor.java:43)
at org.everit.json.schema.ValidatingVisitor.visit(ValidatingVisitor.java:52)
at org.everit.json.schema.DefaultValidator.performValidation(Validator.java:69)
at org.everit.json.schema.Schema.validate(Schema.java:140)
at org.traveloka.commonUtils.Utils.validateJsonSchema(Utils.java:487)
at org.traveloka.experience.test.api.DestinationDetailsApiTest.testDestinationPage(DestinationDetailsApiTest.java:40)
at sun.reflect.GeneratedMethodAccessor165.invoke(Unknown Source)
at sun.reflect.DelegatingMethodAccessorImpl.invoke(DelegatingMethodAccessorImpl.java:43)
at java.lang.reflect.Method.invoke(Method.java:498)
at org.testng.internal.MethodInvocationHelper.invokeMethod(MethodInvocationHelper.java:124)
at org.testng.internal.Invoker.invokeMethod(Invoker.java:583)
at org.testng.internal.Invoker.invokeTestMethod(Invoker.java:719)
at org.testng.internal.Invoker.invokeTestMethods(Invoker.java:989)
at org.testng.internal.TestMethodWorker.invokeTestMethods(TestMethodWorker.java:125)
at org.testng.internal.TestMethodWorker.run(TestMethodWorker.java:109)
at java.util.concurrent.ThreadPoolExecutor.runWorker(ThreadPoolExecutor.java:1149)
at java.util.concurrent.ThreadPoolExecutor$Worker.run(ThreadPoolExecutor.java:624)
at java.lang.Thread.run(Thread.java:748)
]]>
    </error>
  </testcase> <!-- testDestinationPage -->
  <testcase name="testDestinationPage" time="10.502" classname="org.traveloka.experience.test.api.DestinationDetailsApiTest">
    <error type="java.lang.NullPointerException">
      <![CDATA[java.lang.NullPointerException
at org.traveloka.experience.test.api.DestinationDetailsApiTest.testDestinationPage(DestinationDetailsApiTest.java:39)
at sun.reflect.GeneratedMethodAccessor165.invoke(Unknown Source)
at sun.reflect.DelegatingMethodAccessorImpl.invoke(DelegatingMethodAccessorImpl.java:43)
at java.lang.reflect.Method.invoke(Method.java:498)
at org.testng.internal.MethodInvocationHelper.invokeMethod(MethodInvocationHelper.java:124)
at org.testng.internal.Invoker.invokeMethod(Invoker.java:583)
at org.testng.internal.Invoker.invokeTestMethod(Invoker.java:719)
at org.testng.internal.Invoker.invokeTestMethods(Invoker.java:989)
at org.testng.internal.TestMethodWorker.invokeTestMethods(TestMethodWorker.java:125)
at org.testng.internal.TestMethodWorker.run(TestMethodWorker.java:109)
at java.util.concurrent.ThreadPoolExecutor.runWorker(ThreadPoolExecutor.java:1149)
at java.util.concurrent.ThreadPoolExecutor$Worker.run(ThreadPoolExecutor.java:624)
at java.lang.Thread.run(Thread.java:748)
]]>
    </error>
  </testcase> <!-- testDestinationPage -->
  <testcase name="testDestinationPage" time="0.467" classname="org.traveloka.experience.test.api.DestinationDetailsApiTest">
    <error type="org.everit.json.schema.ValidationException" message="#/data: 4 schema violations found">
      <![CDATA[org.everit.json.schema.ValidationException: #/data: 4 schema violations found
at org.everit.json.schema.ValidationException.prepend(ValidationException.java:397)
at org.everit.json.schema.ValidationException.prepend(ValidationException.java:377)
at org.everit.json.schema.ObjectSchemaValidatingVisitor.visitPropertySchema(ObjectSchemaValidatingVisitor.java:160)
at org.everit.json.schema.Visitor.visitObjectSchema(Visitor.java:131)
at org.everit.json.schema.ObjectSchemaValidatingVisitor.visitObjectSchema(ObjectSchemaValidatingVisitor.java:36)
at org.everit.json.schema.ObjectSchema.accept(ObjectSchema.java:266)
at org.everit.json.schema.ValidatingVisitor.visitObjectSchema(ValidatingVisitor.java:143)
at org.everit.json.schema.ObjectSchema.accept(ObjectSchema.java:266)
at org.everit.json.schema.Visitor.visit(Visitor.java:43)
at org.everit.json.schema.ValidatingVisitor.visit(ValidatingVisitor.java:52)
at org.everit.json.schema.DefaultValidator.performValidation(Validator.java:69)
at org.everit.json.schema.Schema.validate(Schema.java:140)
at org.traveloka.commonUtils.Utils.validateJsonSchema(Utils.java:487)
at org.traveloka.experience.test.api.DestinationDetailsApiTest.testDestinationPage(DestinationDetailsApiTest.java:40)
at sun.reflect.GeneratedMethodAccessor165.invoke(Unknown Source)
at sun.reflect.DelegatingMethodAccessorImpl.invoke(DelegatingMethodAccessorImpl.java:43)
at java.lang.reflect.Method.invoke(Method.java:498)
at org.testng.internal.MethodInvocationHelper.invokeMethod(MethodInvocationHelper.java:124)
at org.testng.internal.Invoker.invokeMethod(Invoker.java:583)
at org.testng.internal.Invoker.invokeTestMethod(Invoker.java:719)
at org.testng.internal.Invoker.invokeTestMethods(Invoker.java:989)
at org.testng.internal.TestMethodWorker.invokeTestMethods(TestMethodWorker.java:125)
at org.testng.internal.TestMethodWorker.run(TestMethodWorker.java:109)
at java.util.concurrent.ThreadPoolExecutor.runWorker(ThreadPoolExecutor.java:1149)
at java.util.concurrent.ThreadPoolExecutor$Worker.run(ThreadPoolExecutor.java:624)
at java.lang.Thread.run(Thread.java:748)
]]>
    </error>
  </testcase> <!-- testDestinationPage -->
  <testcase name="testDestinationPage" time="0.457" classname="org.traveloka.experience.test.api.DestinationDetailsApiTest">
    <error type="java.lang.NullPointerException">
      <![CDATA[java.lang.NullPointerException
at org.traveloka.experience.test.api.DestinationDetailsApiTest.testDestinationPage(DestinationDetailsApiTest.java:39)
at sun.reflect.GeneratedMethodAccessor165.invoke(Unknown Source)
at sun.reflect.DelegatingMethodAccessorImpl.invoke(DelegatingMethodAccessorImpl.java:43)
at java.lang.reflect.Method.invoke(Method.java:498)
at org.testng.internal.MethodInvocationHelper.invokeMethod(MethodInvocationHelper.java:124)
at org.testng.internal.Invoker.invokeMethod(Invoker.java:583)
at org.testng.internal.Invoker.invokeTestMethod(Invoker.java:719)
at org.testng.internal.Invoker.invokeTestMethods(Invoker.java:989)
at org.testng.internal.TestMethodWorker.invokeTestMethods(TestMethodWorker.java:125)
at org.testng.internal.TestMethodWorker.run(TestMethodWorker.java:109)
at java.util.concurrent.ThreadPoolExecutor.runWorker(ThreadPoolExecutor.java:1149)
at java.util.concurrent.ThreadPoolExecutor$Worker.run(ThreadPoolExecutor.java:624)
at java.lang.Thread.run(Thread.java:748)
]]>
    </error>
  </testcase> <!-- testDestinationPage -->
  <testcase name="testDestinationPage" time="0.733" classname="org.traveloka.experience.test.api.DestinationDetailsApiTest">
    <error type="org.everit.json.schema.ValidationException" message="#/data: 4 schema violations found">
      <![CDATA[org.everit.json.schema.ValidationException: #/data: 4 schema violations found
at org.everit.json.schema.ValidationException.prepend(ValidationException.java:397)
at org.everit.json.schema.ValidationException.prepend(ValidationException.java:377)
at org.everit.json.schema.ObjectSchemaValidatingVisitor.visitPropertySchema(ObjectSchemaValidatingVisitor.java:160)
at org.everit.json.schema.Visitor.visitObjectSchema(Visitor.java:131)
at org.everit.json.schema.ObjectSchemaValidatingVisitor.visitObjectSchema(ObjectSchemaValidatingVisitor.java:36)
at org.everit.json.schema.ObjectSchema.accept(ObjectSchema.java:266)
at org.everit.json.schema.ValidatingVisitor.visitObjectSchema(ValidatingVisitor.java:143)
at org.everit.json.schema.ObjectSchema.accept(ObjectSchema.java:266)
at org.everit.json.schema.Visitor.visit(Visitor.java:43)
at org.everit.json.schema.ValidatingVisitor.visit(ValidatingVisitor.java:52)
at org.everit.json.schema.DefaultValidator.performValidation(Validator.java:69)
at org.everit.json.schema.Schema.validate(Schema.java:140)
at org.traveloka.commonUtils.Utils.validateJsonSchema(Utils.java:487)
at org.traveloka.experience.test.api.DestinationDetailsApiTest.testDestinationPage(DestinationDetailsApiTest.java:40)
at sun.reflect.GeneratedMethodAccessor165.invoke(Unknown Source)
at sun.reflect.DelegatingMethodAccessorImpl.invoke(DelegatingMethodAccessorImpl.java:43)
at java.lang.reflect.Method.invoke(Method.java:498)
at org.testng.internal.MethodInvocationHelper.invokeMethod(MethodInvocationHelper.java:124)
at org.testng.internal.Invoker.invokeMethod(Invoker.java:583)
at org.testng.internal.Invoker.invokeTestMethod(Invoker.java:719)
at org.testng.internal.Invoker.invokeTestMethods(Invoker.java:989)
at org.testng.internal.TestMethodWorker.invokeTestMethods(TestMethodWorker.java:125)
at org.testng.internal.TestMethodWorker.run(TestMethodWorker.java:109)
at java.util.concurrent.ThreadPoolExecutor.runWorker(ThreadPoolExecutor.java:1149)
at java.util.concurrent.ThreadPoolExecutor$Worker.run(ThreadPoolExecutor.java:624)
at java.lang.Thread.run(Thread.java:748)
]]>
    </error>
  </testcase> <!-- testDestinationPage -->
  <testcase name="testDestinationPage" time="0.464" classname="org.traveloka.experience.test.api.DestinationDetailsApiTest">
    <error type="java.lang.NullPointerException">
      <![CDATA[java.lang.NullPointerException
at org.traveloka.experience.test.api.DestinationDetailsApiTest.testDestinationPage(DestinationDetailsApiTest.java:39)
at sun.reflect.GeneratedMethodAccessor165.invoke(Unknown Source)
at sun.reflect.DelegatingMethodAccessorImpl.invoke(DelegatingMethodAccessorImpl.java:43)
at java.lang.reflect.Method.invoke(Method.java:498)
at org.testng.internal.MethodInvocationHelper.invokeMethod(MethodInvocationHelper.java:124)
at org.testng.internal.Invoker.invokeMethod(Invoker.java:583)
at org.testng.internal.Invoker.invokeTestMethod(Invoker.java:719)
at org.testng.internal.Invoker.invokeTestMethods(Invoker.java:989)
at org.testng.internal.TestMethodWorker.invokeTestMethods(TestMethodWorker.java:125)
at org.testng.internal.TestMethodWorker.run(TestMethodWorker.java:109)
at java.util.concurrent.ThreadPoolExecutor.runWorker(ThreadPoolExecutor.java:1149)
at java.util.concurrent.ThreadPoolExecutor$Worker.run(ThreadPoolExecutor.java:624)
at java.lang.Thread.run(Thread.java:748)
]]>
    </error>
  </testcase> <!-- testDestinationPage -->
  <testcase name="testDestinationPage" time="0.464" classname="org.traveloka.experience.test.api.DestinationDetailsApiTest">
    <error type="org.everit.json.schema.ValidationException" message="#/data: 4 schema violations found">
      <![CDATA[org.everit.json.schema.ValidationException: #/data: 4 schema violations found
at org.everit.json.schema.ValidationException.prepend(ValidationException.java:397)
at org.everit.json.schema.ValidationException.prepend(ValidationException.java:377)
at org.everit.json.schema.ObjectSchemaValidatingVisitor.visitPropertySchema(ObjectSchemaValidatingVisitor.java:160)
at org.everit.json.schema.Visitor.visitObjectSchema(Visitor.java:131)
at org.everit.json.schema.ObjectSchemaValidatingVisitor.visitObjectSchema(ObjectSchemaValidatingVisitor.java:36)
at org.everit.json.schema.ObjectSchema.accept(ObjectSchema.java:266)
at org.everit.json.schema.ValidatingVisitor.visitObjectSchema(ValidatingVisitor.java:143)
at org.everit.json.schema.ObjectSchema.accept(ObjectSchema.java:266)
at org.everit.json.schema.Visitor.visit(Visitor.java:43)
at org.everit.json.schema.ValidatingVisitor.visit(ValidatingVisitor.java:52)
at org.everit.json.schema.DefaultValidator.performValidation(Validator.java:69)
at org.everit.json.schema.Schema.validate(Schema.java:140)
at org.traveloka.commonUtils.Utils.validateJsonSchema(Utils.java:487)
at org.traveloka.experience.test.api.DestinationDetailsApiTest.testDestinationPage(DestinationDetailsApiTest.java:40)
at sun.reflect.GeneratedMethodAccessor165.invoke(Unknown Source)
at sun.reflect.DelegatingMethodAccessorImpl.invoke(DelegatingMethodAccessorImpl.java:43)
at java.lang.reflect.Method.invoke(Method.java:498)
at org.testng.internal.MethodInvocationHelper.invokeMethod(MethodInvocationHelper.java:124)
at org.testng.internal.Invoker.invokeMethod(Invoker.java:583)
at org.testng.internal.Invoker.invokeTestMethod(Invoker.java:719)
at org.testng.internal.Invoker.invokeTestMethods(Invoker.java:989)
at org.testng.internal.TestMethodWorker.invokeTestMethods(TestMethodWorker.java:125)
at org.testng.internal.TestMethodWorker.run(TestMethodWorker.java:109)
at java.util.concurrent.ThreadPoolExecutor.runWorker(ThreadPoolExecutor.java:1149)
at java.util.concurrent.ThreadPoolExecutor$Worker.run(ThreadPoolExecutor.java:624)
at java.lang.Thread.run(Thread.java:748)
]]>
    </error>
  </testcase> <!-- testDestinationPage -->
  <testcase name="testDestinationPage" time="0.463" classname="org.traveloka.experience.test.api.DestinationDetailsApiTest">
    <error type="org.everit.json.schema.ValidationException" message="#/data: 4 schema violations found">
      <![CDATA[org.everit.json.schema.ValidationException: #/data: 4 schema violations found
at org.everit.json.schema.ValidationException.prepend(ValidationException.java:397)
at org.everit.json.schema.ValidationException.prepend(ValidationException.java:377)
at org.everit.json.schema.ObjectSchemaValidatingVisitor.visitPropertySchema(ObjectSchemaValidatingVisitor.java:160)
at org.everit.json.schema.Visitor.visitObjectSchema(Visitor.java:131)
at org.everit.json.schema.ObjectSchemaValidatingVisitor.visitObjectSchema(ObjectSchemaValidatingVisitor.java:36)
at org.everit.json.schema.ObjectSchema.accept(ObjectSchema.java:266)
at org.everit.json.schema.ValidatingVisitor.visitObjectSchema(ValidatingVisitor.java:143)
at org.everit.json.schema.ObjectSchema.accept(ObjectSchema.java:266)
at org.everit.json.schema.Visitor.visit(Visitor.java:43)
at org.everit.json.schema.ValidatingVisitor.visit(ValidatingVisitor.java:52)
at org.everit.json.schema.DefaultValidator.performValidation(Validator.java:69)
at org.everit.json.schema.Schema.validate(Schema.java:140)
at org.traveloka.commonUtils.Utils.validateJsonSchema(Utils.java:487)
at org.traveloka.experience.test.api.DestinationDetailsApiTest.testDestinationPage(DestinationDetailsApiTest.java:40)
at sun.reflect.GeneratedMethodAccessor165.invoke(Unknown Source)
at sun.reflect.DelegatingMethodAccessorImpl.invoke(DelegatingMethodAccessorImpl.java:43)
at java.lang.reflect.Method.invoke(Method.java:498)
at org.testng.internal.MethodInvocationHelper.invokeMethod(MethodInvocationHelper.java:124)
at org.testng.internal.Invoker.invokeMethod(Invoker.java:583)
at org.testng.internal.Invoker.invokeTestMethod(Invoker.java:719)
at org.testng.internal.Invoker.invokeTestMethods(Invoker.java:989)
at org.testng.internal.TestMethodWorker.invokeTestMethods(TestMethodWorker.java:125)
at org.testng.internal.TestMethodWorker.run(TestMethodWorker.java:109)
at java.util.concurrent.ThreadPoolExecutor.runWorker(ThreadPoolExecutor.java:1149)
at java.util.concurrent.ThreadPoolExecutor$Worker.run(ThreadPoolExecutor.java:624)
at java.lang.Thread.run(Thread.java:748)
]]>
    </error>
  </testcase> <!-- testDestinationPage -->
  <testcase name="testDestinationPage" time="10.512" classname="org.traveloka.experience.test.api.DestinationDetailsApiTest">
    <error type="java.lang.NullPointerException">
      <![CDATA[java.lang.NullPointerException
at org.traveloka.experience.test.api.DestinationDetailsApiTest.testDestinationPage(DestinationDetailsApiTest.java:39)
at sun.reflect.GeneratedMethodAccessor165.invoke(Unknown Source)
at sun.reflect.DelegatingMethodAccessorImpl.invoke(DelegatingMethodAccessorImpl.java:43)
at java.lang.reflect.Method.invoke(Method.java:498)
at org.testng.internal.MethodInvocationHelper.invokeMethod(MethodInvocationHelper.java:124)
at org.testng.internal.Invoker.invokeMethod(Invoker.java:583)
at org.testng.internal.Invoker.invokeTestMethod(Invoker.java:719)
at org.testng.internal.Invoker.invokeTestMethods(Invoker.java:989)
at org.testng.internal.TestMethodWorker.invokeTestMethods(TestMethodWorker.java:125)
at org.testng.internal.TestMethodWorker.run(TestMethodWorker.java:109)
at java.util.concurrent.ThreadPoolExecutor.runWorker(ThreadPoolExecutor.java:1149)
at java.util.concurrent.ThreadPoolExecutor$Worker.run(ThreadPoolExecutor.java:624)
at java.lang.Thread.run(Thread.java:748)
]]>
    </error>
  </testcase> <!-- testDestinationPage -->
  <testcase name="testDestinationPage" time="0.488" classname="org.traveloka.experience.test.api.DestinationDetailsApiTest">
    <error type="org.everit.json.schema.ValidationException" message="#/data: 4 schema violations found">
      <![CDATA[org.everit.json.schema.ValidationException: #/data: 4 schema violations found
at org.everit.json.schema.ValidationException.prepend(ValidationException.java:397)
at org.everit.json.schema.ValidationException.prepend(ValidationException.java:377)
at org.everit.json.schema.ObjectSchemaValidatingVisitor.visitPropertySchema(ObjectSchemaValidatingVisitor.java:160)
at org.everit.json.schema.Visitor.visitObjectSchema(Visitor.java:131)
at org.everit.json.schema.ObjectSchemaValidatingVisitor.visitObjectSchema(ObjectSchemaValidatingVisitor.java:36)
at org.everit.json.schema.ObjectSchema.accept(ObjectSchema.java:266)
at org.everit.json.schema.ValidatingVisitor.visitObjectSchema(ValidatingVisitor.java:143)
at org.everit.json.schema.ObjectSchema.accept(ObjectSchema.java:266)
at org.everit.json.schema.Visitor.visit(Visitor.java:43)
at org.everit.json.schema.ValidatingVisitor.visit(ValidatingVisitor.java:52)
at org.everit.json.schema.DefaultValidator.performValidation(Validator.java:69)
at org.everit.json.schema.Schema.validate(Schema.java:140)
at org.traveloka.commonUtils.Utils.validateJsonSchema(Utils.java:487)
at org.traveloka.experience.test.api.DestinationDetailsApiTest.testDestinationPage(DestinationDetailsApiTest.java:40)
at sun.reflect.GeneratedMethodAccessor165.invoke(Unknown Source)
at sun.reflect.DelegatingMethodAccessorImpl.invoke(DelegatingMethodAccessorImpl.java:43)
at java.lang.reflect.Method.invoke(Method.java:498)
at org.testng.internal.MethodInvocationHelper.invokeMethod(MethodInvocationHelper.java:124)
at org.testng.internal.Invoker.invokeMethod(Invoker.java:583)
at org.testng.internal.Invoker.invokeTestMethod(Invoker.java:719)
at org.testng.internal.Invoker.invokeTestMethods(Invoker.java:989)
at org.testng.internal.TestMethodWorker.invokeTestMethods(TestMethodWorker.java:125)
at org.testng.internal.TestMethodWorker.run(TestMethodWorker.java:109)
at java.util.concurrent.ThreadPoolExecutor.runWorker(ThreadPoolExecutor.java:1149)
at java.util.concurrent.ThreadPoolExecutor$Worker.run(ThreadPoolExecutor.java:624)
at java.lang.Thread.run(Thread.java:748)
]]>
    </error>
  </testcase> <!-- testDestinationPage -->
  <testcase name="testDestinationPage" time="1.037" classname="org.traveloka.experience.test.api.DestinationDetailsApiTest">
    <error type="org.everit.json.schema.ValidationException" message="#/data: 4 schema violations found">
      <![CDATA[org.everit.json.schema.ValidationException: #/data: 4 schema violations found
at org.everit.json.schema.ValidationException.prepend(ValidationException.java:397)
at org.everit.json.schema.ValidationException.prepend(ValidationException.java:377)
at org.everit.json.schema.ObjectSchemaValidatingVisitor.visitPropertySchema(ObjectSchemaValidatingVisitor.java:160)
at org.everit.json.schema.Visitor.visitObjectSchema(Visitor.java:131)
at org.everit.json.schema.ObjectSchemaValidatingVisitor.visitObjectSchema(ObjectSchemaValidatingVisitor.java:36)
at org.everit.json.schema.ObjectSchema.accept(ObjectSchema.java:266)
at org.everit.json.schema.ValidatingVisitor.visitObjectSchema(ValidatingVisitor.java:143)
at org.everit.json.schema.ObjectSchema.accept(ObjectSchema.java:266)
at org.everit.json.schema.Visitor.visit(Visitor.java:43)
at org.everit.json.schema.ValidatingVisitor.visit(ValidatingVisitor.java:52)
at org.everit.json.schema.DefaultValidator.performValidation(Validator.java:69)
at org.everit.json.schema.Schema.validate(Schema.java:140)
at org.traveloka.commonUtils.Utils.validateJsonSchema(Utils.java:487)
at org.traveloka.experience.test.api.DestinationDetailsApiTest.testDestinationPage(DestinationDetailsApiTest.java:40)
at sun.reflect.GeneratedMethodAccessor165.invoke(Unknown Source)
at sun.reflect.DelegatingMethodAccessorImpl.invoke(DelegatingMethodAccessorImpl.java:43)
at java.lang.reflect.Method.invoke(Method.java:498)
at org.testng.internal.MethodInvocationHelper.invokeMethod(MethodInvocationHelper.java:124)
at org.testng.internal.Invoker.invokeMethod(Invoker.java:583)
at org.testng.internal.Invoker.invokeTestMethod(Invoker.java:719)
at org.testng.internal.Invoker.invokeTestMethods(Invoker.java:989)
at org.testng.internal.TestMethodWorker.invokeTestMethods(TestMethodWorker.java:125)
at org.testng.internal.TestMethodWorker.run(TestMethodWorker.java:109)
at java.util.concurrent.ThreadPoolExecutor.runWorker(ThreadPoolExecutor.java:1149)
at java.util.concurrent.ThreadPoolExecutor$Worker.run(ThreadPoolExecutor.java:624)
at java.lang.Thread.run(Thread.java:748)
]]>
    </error>
  </testcase> <!-- testDestinationPage -->
  <testcase name="testDestinationPage" time="0.507" classname="org.traveloka.experience.test.api.DestinationDetailsApiTest">
    <error type="org.everit.json.schema.ValidationException" message="#/data: 4 schema violations found">
      <![CDATA[org.everit.json.schema.ValidationException: #/data: 4 schema violations found
at org.everit.json.schema.ValidationException.prepend(ValidationException.java:397)
at org.everit.json.schema.ValidationException.prepend(ValidationException.java:377)
at org.everit.json.schema.ObjectSchemaValidatingVisitor.visitPropertySchema(ObjectSchemaValidatingVisitor.java:160)
at org.everit.json.schema.Visitor.visitObjectSchema(Visitor.java:131)
at org.everit.json.schema.ObjectSchemaValidatingVisitor.visitObjectSchema(ObjectSchemaValidatingVisitor.java:36)
at org.everit.json.schema.ObjectSchema.accept(ObjectSchema.java:266)
at org.everit.json.schema.ValidatingVisitor.visitObjectSchema(ValidatingVisitor.java:143)
at org.everit.json.schema.ObjectSchema.accept(ObjectSchema.java:266)
at org.everit.json.schema.Visitor.visit(Visitor.java:43)
at org.everit.json.schema.ValidatingVisitor.visit(ValidatingVisitor.java:52)
at org.everit.json.schema.DefaultValidator.performValidation(Validator.java:69)
at org.everit.json.schema.Schema.validate(Schema.java:140)
at org.traveloka.commonUtils.Utils.validateJsonSchema(Utils.java:487)
at org.traveloka.experience.test.api.DestinationDetailsApiTest.testDestinationPage(DestinationDetailsApiTest.java:40)
at sun.reflect.GeneratedMethodAccessor165.invoke(Unknown Source)
at sun.reflect.DelegatingMethodAccessorImpl.invoke(DelegatingMethodAccessorImpl.java:43)
at java.lang.reflect.Method.invoke(Method.java:498)
at org.testng.internal.MethodInvocationHelper.invokeMethod(MethodInvocationHelper.java:124)
at org.testng.internal.Invoker.invokeMethod(Invoker.java:583)
at org.testng.internal.Invoker.invokeTestMethod(Invoker.java:719)
at org.testng.internal.Invoker.invokeTestMethods(Invoker.java:989)
at org.testng.internal.TestMethodWorker.invokeTestMethods(TestMethodWorker.java:125)
at org.testng.internal.TestMethodWorker.run(TestMethodWorker.java:109)
at java.util.concurrent.ThreadPoolExecutor.runWorker(ThreadPoolExecutor.java:1149)
at java.util.concurrent.ThreadPoolExecutor$Worker.run(ThreadPoolExecutor.java:624)
at java.lang.Thread.run(Thread.java:748)
]]>
    </error>
  </testcase> <!-- testDestinationPage -->
  <testcase name="testDestinationPage" time="10.902" classname="org.traveloka.experience.test.api.DestinationDetailsApiTest">
    <error type="java.lang.NullPointerException">
      <![CDATA[java.lang.NullPointerException
at org.traveloka.experience.test.api.DestinationDetailsApiTest.testDestinationPage(DestinationDetailsApiTest.java:39)
at sun.reflect.GeneratedMethodAccessor165.invoke(Unknown Source)
at sun.reflect.DelegatingMethodAccessorImpl.invoke(DelegatingMethodAccessorImpl.java:43)
at java.lang.reflect.Method.invoke(Method.java:498)
at org.testng.internal.MethodInvocationHelper.invokeMethod(MethodInvocationHelper.java:124)
at org.testng.internal.Invoker.invokeMethod(Invoker.java:583)
at org.testng.internal.Invoker.invokeTestMethod(Invoker.java:719)
at org.testng.internal.Invoker.invokeTestMethods(Invoker.java:989)
at org.testng.internal.TestMethodWorker.invokeTestMethods(TestMethodWorker.java:125)
at org.testng.internal.TestMethodWorker.run(TestMethodWorker.java:109)
at java.util.concurrent.ThreadPoolExecutor.runWorker(ThreadPoolExecutor.java:1149)
at java.util.concurrent.ThreadPoolExecutor$Worker.run(ThreadPoolExecutor.java:624)
at java.lang.Thread.run(Thread.java:748)
]]>
    </error>
  </testcase> <!-- testDestinationPage -->
  <testcase name="testDestinationPage" time="10.477" classname="org.traveloka.experience.test.api.DestinationDetailsApiTest">
    <error type="java.lang.NullPointerException">
      <![CDATA[java.lang.NullPointerException
at org.traveloka.experience.test.api.DestinationDetailsApiTest.testDestinationPage(DestinationDetailsApiTest.java:39)
at sun.reflect.GeneratedMethodAccessor165.invoke(Unknown Source)
at sun.reflect.DelegatingMethodAccessorImpl.invoke(DelegatingMethodAccessorImpl.java:43)
at java.lang.reflect.Method.invoke(Method.java:498)
at org.testng.internal.MethodInvocationHelper.invokeMethod(MethodInvocationHelper.java:124)
at org.testng.internal.Invoker.invokeMethod(Invoker.java:583)
at org.testng.internal.Invoker.invokeTestMethod(Invoker.java:719)
at org.testng.internal.Invoker.invokeTestMethods(Invoker.java:989)
at org.testng.internal.TestMethodWorker.invokeTestMethods(TestMethodWorker.java:125)
at org.testng.internal.TestMethodWorker.run(TestMethodWorker.java:109)
at java.util.concurrent.ThreadPoolExecutor.runWorker(ThreadPoolExecutor.java:1149)
at java.util.concurrent.ThreadPoolExecutor$Worker.run(ThreadPoolExecutor.java:624)
at java.lang.Thread.run(Thread.java:748)
]]>
    </error>
  </testcase> <!-- testDestinationPage -->
  <testcase name="testDestinationPage" time="0.469" classname="org.traveloka.experience.test.api.DestinationDetailsApiTest">
    <error type="org.everit.json.schema.ValidationException" message="#/data: 4 schema violations found">
      <![CDATA[org.everit.json.schema.ValidationException: #/data: 4 schema violations found
at org.everit.json.schema.ValidationException.prepend(ValidationException.java:397)
at org.everit.json.schema.ValidationException.prepend(ValidationException.java:377)
at org.everit.json.schema.ObjectSchemaValidatingVisitor.visitPropertySchema(ObjectSchemaValidatingVisitor.java:160)
at org.everit.json.schema.Visitor.visitObjectSchema(Visitor.java:131)
at org.everit.json.schema.ObjectSchemaValidatingVisitor.visitObjectSchema(ObjectSchemaValidatingVisitor.java:36)
at org.everit.json.schema.ObjectSchema.accept(ObjectSchema.java:266)
at org.everit.json.schema.ValidatingVisitor.visitObjectSchema(ValidatingVisitor.java:143)
at org.everit.json.schema.ObjectSchema.accept(ObjectSchema.java:266)
at org.everit.json.schema.Visitor.visit(Visitor.java:43)
at org.everit.json.schema.ValidatingVisitor.visit(ValidatingVisitor.java:52)
at org.everit.json.schema.DefaultValidator.performValidation(Validator.java:69)
at org.everit.json.schema.Schema.validate(Schema.java:140)
at org.traveloka.commonUtils.Utils.validateJsonSchema(Utils.java:487)
at org.traveloka.experience.test.api.DestinationDetailsApiTest.testDestinationPage(DestinationDetailsApiTest.java:40)
at sun.reflect.GeneratedMethodAccessor165.invoke(Unknown Source)
at sun.reflect.DelegatingMethodAccessorImpl.invoke(DelegatingMethodAccessorImpl.java:43)
at java.lang.reflect.Method.invoke(Method.java:498)
at org.testng.internal.MethodInvocationHelper.invokeMethod(MethodInvocationHelper.java:124)
at org.testng.internal.Invoker.invokeMethod(Invoker.java:583)
at org.testng.internal.Invoker.invokeTestMethod(Invoker.java:719)
at org.testng.internal.Invoker.invokeTestMethods(Invoker.java:989)
at org.testng.internal.TestMethodWorker.invokeTestMethods(TestMethodWorker.java:125)
at org.testng.internal.TestMethodWorker.run(TestMethodWorker.java:109)
at java.util.concurrent.ThreadPoolExecutor.runWorker(ThreadPoolExecutor.java:1149)
at java.util.concurrent.ThreadPoolExecutor$Worker.run(ThreadPoolExecutor.java:624)
at java.lang.Thread.run(Thread.java:748)
]]>
    </error>
  </testcase> <!-- testDestinationPage -->
  <testcase name="testDestinationPage" time="0.579" classname="org.traveloka.experience.test.api.DestinationDetailsApiTest">
    <error type="org.everit.json.schema.ValidationException" message="#/data: 4 schema violations found">
      <![CDATA[org.everit.json.schema.ValidationException: #/data: 4 schema violations found
at org.everit.json.schema.ValidationException.prepend(ValidationException.java:397)
at org.everit.json.schema.ValidationException.prepend(ValidationException.java:377)
at org.everit.json.schema.ObjectSchemaValidatingVisitor.visitPropertySchema(ObjectSchemaValidatingVisitor.java:160)
at org.everit.json.schema.Visitor.visitObjectSchema(Visitor.java:131)
at org.everit.json.schema.ObjectSchemaValidatingVisitor.visitObjectSchema(ObjectSchemaValidatingVisitor.java:36)
at org.everit.json.schema.ObjectSchema.accept(ObjectSchema.java:266)
at org.everit.json.schema.ValidatingVisitor.visitObjectSchema(ValidatingVisitor.java:143)
at org.everit.json.schema.ObjectSchema.accept(ObjectSchema.java:266)
at org.everit.json.schema.Visitor.visit(Visitor.java:43)
at org.everit.json.schema.ValidatingVisitor.visit(ValidatingVisitor.java:52)
at org.everit.json.schema.DefaultValidator.performValidation(Validator.java:69)
at org.everit.json.schema.Schema.validate(Schema.java:140)
at org.traveloka.commonUtils.Utils.validateJsonSchema(Utils.java:487)
at org.traveloka.experience.test.api.DestinationDetailsApiTest.testDestinationPage(DestinationDetailsApiTest.java:40)
at sun.reflect.GeneratedMethodAccessor165.invoke(Unknown Source)
at sun.reflect.DelegatingMethodAccessorImpl.invoke(DelegatingMethodAccessorImpl.java:43)
at java.lang.reflect.Method.invoke(Method.java:498)
at org.testng.internal.MethodInvocationHelper.invokeMethod(MethodInvocationHelper.java:124)
at org.testng.internal.Invoker.invokeMethod(Invoker.java:583)
at org.testng.internal.Invoker.invokeTestMethod(Invoker.java:719)
at org.testng.internal.Invoker.invokeTestMethods(Invoker.java:989)
at org.testng.internal.TestMethodWorker.invokeTestMethods(TestMethodWorker.java:125)
at org.testng.internal.TestMethodWorker.run(TestMethodWorker.java:109)
at java.util.concurrent.ThreadPoolExecutor.runWorker(ThreadPoolExecutor.java:1149)
at java.util.concurrent.ThreadPoolExecutor$Worker.run(ThreadPoolExecutor.java:624)
at java.lang.Thread.run(Thread.java:748)
]]>
    </error>
  </testcase> <!-- testDestinationPage -->
  <testcase name="testDestinationPage" time="0.465" classname="org.traveloka.experience.test.api.DestinationDetailsApiTest">
    <error type="org.everit.json.schema.ValidationException" message="#/data: 4 schema violations found">
      <![CDATA[org.everit.json.schema.ValidationException: #/data: 4 schema violations found
at org.everit.json.schema.ValidationException.prepend(ValidationException.java:397)
at org.everit.json.schema.ValidationException.prepend(ValidationException.java:377)
at org.everit.json.schema.ObjectSchemaValidatingVisitor.visitPropertySchema(ObjectSchemaValidatingVisitor.java:160)
at org.everit.json.schema.Visitor.visitObjectSchema(Visitor.java:131)
at org.everit.json.schema.ObjectSchemaValidatingVisitor.visitObjectSchema(ObjectSchemaValidatingVisitor.java:36)
at org.everit.json.schema.ObjectSchema.accept(ObjectSchema.java:266)
at org.everit.json.schema.ValidatingVisitor.visitObjectSchema(ValidatingVisitor.java:143)
at org.everit.json.schema.ObjectSchema.accept(ObjectSchema.java:266)
at org.everit.json.schema.Visitor.visit(Visitor.java:43)
at org.everit.json.schema.ValidatingVisitor.visit(ValidatingVisitor.java:52)
at org.everit.json.schema.DefaultValidator.performValidation(Validator.java:69)
at org.everit.json.schema.Schema.validate(Schema.java:140)
at org.traveloka.commonUtils.Utils.validateJsonSchema(Utils.java:487)
at org.traveloka.experience.test.api.DestinationDetailsApiTest.testDestinationPage(DestinationDetailsApiTest.java:40)
at sun.reflect.GeneratedMethodAccessor165.invoke(Unknown Source)
at sun.reflect.DelegatingMethodAccessorImpl.invoke(DelegatingMethodAccessorImpl.java:43)
at java.lang.reflect.Method.invoke(Method.java:498)
at org.testng.internal.MethodInvocationHelper.invokeMethod(MethodInvocationHelper.java:124)
at org.testng.internal.Invoker.invokeMethod(Invoker.java:583)
at org.testng.internal.Invoker.invokeTestMethod(Invoker.java:719)
at org.testng.internal.Invoker.invokeTestMethods(Invoker.java:989)
at org.testng.internal.TestMethodWorker.invokeTestMethods(TestMethodWorker.java:125)
at org.testng.internal.TestMethodWorker.run(TestMethodWorker.java:109)
at java.util.concurrent.ThreadPoolExecutor.runWorker(ThreadPoolExecutor.java:1149)
at java.util.concurrent.ThreadPoolExecutor$Worker.run(ThreadPoolExecutor.java:624)
at java.lang.Thread.run(Thread.java:748)
]]>
    </error>
  </testcase> <!-- testDestinationPage -->
  <testcase name="testDestinationPage" time="0.468" classname="org.traveloka.experience.test.api.DestinationDetailsApiTest">
    <error type="org.everit.json.schema.ValidationException" message="#/data: 4 schema violations found">
      <![CDATA[org.everit.json.schema.ValidationException: #/data: 4 schema violations found
at org.everit.json.schema.ValidationException.prepend(ValidationException.java:397)
at org.everit.json.schema.ValidationException.prepend(ValidationException.java:377)
at org.everit.json.schema.ObjectSchemaValidatingVisitor.visitPropertySchema(ObjectSchemaValidatingVisitor.java:160)
at org.everit.json.schema.Visitor.visitObjectSchema(Visitor.java:131)
at org.everit.json.schema.ObjectSchemaValidatingVisitor.visitObjectSchema(ObjectSchemaValidatingVisitor.java:36)
at org.everit.json.schema.ObjectSchema.accept(ObjectSchema.java:266)
at org.everit.json.schema.ValidatingVisitor.visitObjectSchema(ValidatingVisitor.java:143)
at org.everit.json.schema.ObjectSchema.accept(ObjectSchema.java:266)
at org.everit.json.schema.Visitor.visit(Visitor.java:43)
at org.everit.json.schema.ValidatingVisitor.visit(ValidatingVisitor.java:52)
at org.everit.json.schema.DefaultValidator.performValidation(Validator.java:69)
at org.everit.json.schema.Schema.validate(Schema.java:140)
at org.traveloka.commonUtils.Utils.validateJsonSchema(Utils.java:487)
at org.traveloka.experience.test.api.DestinationDetailsApiTest.testDestinationPage(DestinationDetailsApiTest.java:40)
at sun.reflect.GeneratedMethodAccessor165.invoke(Unknown Source)
at sun.reflect.DelegatingMethodAccessorImpl.invoke(DelegatingMethodAccessorImpl.java:43)
at java.lang.reflect.Method.invoke(Method.java:498)
at org.testng.internal.MethodInvocationHelper.invokeMethod(MethodInvocationHelper.java:124)
at org.testng.internal.Invoker.invokeMethod(Invoker.java:583)
at org.testng.internal.Invoker.invokeTestMethod(Invoker.java:719)
at org.testng.internal.Invoker.invokeTestMethods(Invoker.java:989)
at org.testng.internal.TestMethodWorker.invokeTestMethods(TestMethodWorker.java:125)
at org.testng.internal.TestMethodWorker.run(TestMethodWorker.java:109)
at java.util.concurrent.ThreadPoolExecutor.runWorker(ThreadPoolExecutor.java:1149)
at java.util.concurrent.ThreadPoolExecutor$Worker.run(ThreadPoolExecutor.java:624)
at java.lang.Thread.run(Thread.java:748)
]]>
    </error>
  </testcase> <!-- testDestinationPage -->
  <testcase name="testDestinationPage" time="10.485" classname="org.traveloka.experience.test.api.DestinationDetailsApiTest">
    <error type="java.lang.NullPointerException">
      <![CDATA[java.lang.NullPointerException
at org.traveloka.experience.test.api.DestinationDetailsApiTest.testDestinationPage(DestinationDetailsApiTest.java:39)
at sun.reflect.GeneratedMethodAccessor165.invoke(Unknown Source)
at sun.reflect.DelegatingMethodAccessorImpl.invoke(DelegatingMethodAccessorImpl.java:43)
at java.lang.reflect.Method.invoke(Method.java:498)
at org.testng.internal.MethodInvocationHelper.invokeMethod(MethodInvocationHelper.java:124)
at org.testng.internal.Invoker.invokeMethod(Invoker.java:583)
at org.testng.internal.Invoker.invokeTestMethod(Invoker.java:719)
at org.testng.internal.Invoker.invokeTestMethods(Invoker.java:989)
at org.testng.internal.TestMethodWorker.invokeTestMethods(TestMethodWorker.java:125)
at org.testng.internal.TestMethodWorker.run(TestMethodWorker.java:109)
at java.util.concurrent.ThreadPoolExecutor.runWorker(ThreadPoolExecutor.java:1149)
at java.util.concurrent.ThreadPoolExecutor$Worker.run(ThreadPoolExecutor.java:624)
at java.lang.Thread.run(Thread.java:748)
]]>
    </error>
  </testcase> <!-- testDestinationPage -->
  <testcase name="testDestinationPage" time="0.464" classname="org.traveloka.experience.test.api.DestinationDetailsApiTest">
    <error type="org.everit.json.schema.ValidationException" message="#/data: 4 schema violations found">
      <![CDATA[org.everit.json.schema.ValidationException: #/data: 4 schema violations found
at org.everit.json.schema.ValidationException.prepend(ValidationException.java:397)
at org.everit.json.schema.ValidationException.prepend(ValidationException.java:377)
at org.everit.json.schema.ObjectSchemaValidatingVisitor.visitPropertySchema(ObjectSchemaValidatingVisitor.java:160)
at org.everit.json.schema.Visitor.visitObjectSchema(Visitor.java:131)
at org.everit.json.schema.ObjectSchemaValidatingVisitor.visitObjectSchema(ObjectSchemaValidatingVisitor.java:36)
at org.everit.json.schema.ObjectSchema.accept(ObjectSchema.java:266)
at org.everit.json.schema.ValidatingVisitor.visitObjectSchema(ValidatingVisitor.java:143)
at org.everit.json.schema.ObjectSchema.accept(ObjectSchema.java:266)
at org.everit.json.schema.Visitor.visit(Visitor.java:43)
at org.everit.json.schema.ValidatingVisitor.visit(ValidatingVisitor.java:52)
at org.everit.json.schema.DefaultValidator.performValidation(Validator.java:69)
at org.everit.json.schema.Schema.validate(Schema.java:140)
at org.traveloka.commonUtils.Utils.validateJsonSchema(Utils.java:487)
at org.traveloka.experience.test.api.DestinationDetailsApiTest.testDestinationPage(DestinationDetailsApiTest.java:40)
at sun.reflect.GeneratedMethodAccessor165.invoke(Unknown Source)
at sun.reflect.DelegatingMethodAccessorImpl.invoke(DelegatingMethodAccessorImpl.java:43)
at java.lang.reflect.Method.invoke(Method.java:498)
at org.testng.internal.MethodInvocationHelper.invokeMethod(MethodInvocationHelper.java:124)
at org.testng.internal.Invoker.invokeMethod(Invoker.java:583)
at org.testng.internal.Invoker.invokeTestMethod(Invoker.java:719)
at org.testng.internal.Invoker.invokeTestMethods(Invoker.java:989)
at org.testng.internal.TestMethodWorker.invokeTestMethods(TestMethodWorker.java:125)
at org.testng.internal.TestMethodWorker.run(TestMethodWorker.java:109)
at java.util.concurrent.ThreadPoolExecutor.runWorker(ThreadPoolExecutor.java:1149)
at java.util.concurrent.ThreadPoolExecutor$Worker.run(ThreadPoolExecutor.java:624)
at java.lang.Thread.run(Thread.java:748)
]]>
    </error>
  </testcase> <!-- testDestinationPage -->
  <testcase name="testDestinationPage" time="0.507" classname="org.traveloka.experience.test.api.DestinationDetailsApiTest">
    <error type="org.everit.json.schema.ValidationException" message="#/data: 4 schema violations found">
      <![CDATA[org.everit.json.schema.ValidationException: #/data: 4 schema violations found
at org.everit.json.schema.ValidationException.prepend(ValidationException.java:397)
at org.everit.json.schema.ValidationException.prepend(ValidationException.java:377)
at org.everit.json.schema.ObjectSchemaValidatingVisitor.visitPropertySchema(ObjectSchemaValidatingVisitor.java:160)
at org.everit.json.schema.Visitor.visitObjectSchema(Visitor.java:131)
at org.everit.json.schema.ObjectSchemaValidatingVisitor.visitObjectSchema(ObjectSchemaValidatingVisitor.java:36)
at org.everit.json.schema.ObjectSchema.accept(ObjectSchema.java:266)
at org.everit.json.schema.ValidatingVisitor.visitObjectSchema(ValidatingVisitor.java:143)
at org.everit.json.schema.ObjectSchema.accept(ObjectSchema.java:266)
at org.everit.json.schema.Visitor.visit(Visitor.java:43)
at org.everit.json.schema.ValidatingVisitor.visit(ValidatingVisitor.java:52)
at org.everit.json.schema.DefaultValidator.performValidation(Validator.java:69)
at org.everit.json.schema.Schema.validate(Schema.java:140)
at org.traveloka.commonUtils.Utils.validateJsonSchema(Utils.java:487)
at org.traveloka.experience.test.api.DestinationDetailsApiTest.testDestinationPage(DestinationDetailsApiTest.java:40)
at sun.reflect.GeneratedMethodAccessor165.invoke(Unknown Source)
at sun.reflect.DelegatingMethodAccessorImpl.invoke(DelegatingMethodAccessorImpl.java:43)
at java.lang.reflect.Method.invoke(Method.java:498)
at org.testng.internal.MethodInvocationHelper.invokeMethod(MethodInvocationHelper.java:124)
at org.testng.internal.Invoker.invokeMethod(Invoker.java:583)
at org.testng.internal.Invoker.invokeTestMethod(Invoker.java:719)
at org.testng.internal.Invoker.invokeTestMethods(Invoker.java:989)
at org.testng.internal.TestMethodWorker.invokeTestMethods(TestMethodWorker.java:125)
at org.testng.internal.TestMethodWorker.run(TestMethodWorker.java:109)
at java.util.concurrent.ThreadPoolExecutor.runWorker(ThreadPoolExecutor.java:1149)
at java.util.concurrent.ThreadPoolExecutor$Worker.run(ThreadPoolExecutor.java:624)
at java.lang.Thread.run(Thread.java:748)
]]>
    </error>
  </testcase> <!-- testDestinationPage -->
  <testcase name="testDestinationPage" time="1.469" classname="org.traveloka.experience.test.api.DestinationDetailsApiTest">
    <error type="java.lang.NullPointerException">
      <![CDATA[java.lang.NullPointerException
at org.traveloka.experience.test.api.DestinationDetailsApiTest.testDestinationPage(DestinationDetailsApiTest.java:39)
at sun.reflect.NativeMethodAccessorImpl.invoke0(Native Method)
at sun.reflect.NativeMethodAccessorImpl.invoke(NativeMethodAccessorImpl.java:62)
at sun.reflect.DelegatingMethodAccessorImpl.invoke(DelegatingMethodAccessorImpl.java:43)
at java.lang.reflect.Method.invoke(Method.java:498)
at org.testng.internal.MethodInvocationHelper.invokeMethod(MethodInvocationHelper.java:124)
at org.testng.internal.Invoker.invokeMethod(Invoker.java:583)
at org.testng.internal.Invoker.invokeTestMethod(Invoker.java:719)
at org.testng.internal.Invoker.invokeTestMethods(Invoker.java:989)
at org.testng.internal.TestMethodWorker.invokeTestMethods(TestMethodWorker.java:125)
at org.testng.internal.TestMethodWorker.run(TestMethodWorker.java:109)
at java.util.concurrent.ThreadPoolExecutor.runWorker(ThreadPoolExecutor.java:1149)
at java.util.concurrent.ThreadPoolExecutor$Worker.run(ThreadPoolExecutor.java:624)
at java.lang.Thread.run(Thread.java:748)
]]>
    </error>
  </testcase> <!-- testDestinationPage -->
  <testcase name="testDestinationPage" time="10.653" classname="org.traveloka.experience.test.api.DestinationDetailsApiTest">
    <error type="java.lang.NullPointerException">
      <![CDATA[java.lang.NullPointerException
at org.traveloka.experience.test.api.DestinationDetailsApiTest.testDestinationPage(DestinationDetailsApiTest.java:39)
at sun.reflect.GeneratedMethodAccessor165.invoke(Unknown Source)
at sun.reflect.DelegatingMethodAccessorImpl.invoke(DelegatingMethodAccessorImpl.java:43)
at java.lang.reflect.Method.invoke(Method.java:498)
at org.testng.internal.MethodInvocationHelper.invokeMethod(MethodInvocationHelper.java:124)
at org.testng.internal.Invoker.invokeMethod(Invoker.java:583)
at org.testng.internal.Invoker.invokeTestMethod(Invoker.java:719)
at org.testng.internal.Invoker.invokeTestMethods(Invoker.java:989)
at org.testng.internal.TestMethodWorker.invokeTestMethods(TestMethodWorker.java:125)
at org.testng.internal.TestMethodWorker.run(TestMethodWorker.java:109)
at java.util.concurrent.ThreadPoolExecutor.runWorker(ThreadPoolExecutor.java:1149)
at java.util.concurrent.ThreadPoolExecutor$Worker.run(ThreadPoolExecutor.java:624)
at java.lang.Thread.run(Thread.java:748)
]]>
    </error>
  </testcase> <!-- testDestinationPage -->
  <testcase name="testDestinationPage" time="0.480" classname="org.traveloka.experience.test.api.DestinationDetailsApiTest">
    <error type="org.everit.json.schema.ValidationException" message="#/data: 4 schema violations found">
      <![CDATA[org.everit.json.schema.ValidationException: #/data: 4 schema violations found
at org.everit.json.schema.ValidationException.prepend(ValidationException.java:397)
at org.everit.json.schema.ValidationException.prepend(ValidationException.java:377)
at org.everit.json.schema.ObjectSchemaValidatingVisitor.visitPropertySchema(ObjectSchemaValidatingVisitor.java:160)
at org.everit.json.schema.Visitor.visitObjectSchema(Visitor.java:131)
at org.everit.json.schema.ObjectSchemaValidatingVisitor.visitObjectSchema(ObjectSchemaValidatingVisitor.java:36)
at org.everit.json.schema.ObjectSchema.accept(ObjectSchema.java:266)
at org.everit.json.schema.ValidatingVisitor.visitObjectSchema(ValidatingVisitor.java:143)
at org.everit.json.schema.ObjectSchema.accept(ObjectSchema.java:266)
at org.everit.json.schema.Visitor.visit(Visitor.java:43)
at org.everit.json.schema.ValidatingVisitor.visit(ValidatingVisitor.java:52)
at org.everit.json.schema.DefaultValidator.performValidation(Validator.java:69)
at org.everit.json.schema.Schema.validate(Schema.java:140)
at org.traveloka.commonUtils.Utils.validateJsonSchema(Utils.java:487)
at org.traveloka.experience.test.api.DestinationDetailsApiTest.testDestinationPage(DestinationDetailsApiTest.java:40)
at sun.reflect.GeneratedMethodAccessor165.invoke(Unknown Source)
at sun.reflect.DelegatingMethodAccessorImpl.invoke(DelegatingMethodAccessorImpl.java:43)
at java.lang.reflect.Method.invoke(Method.java:498)
at org.testng.internal.MethodInvocationHelper.invokeMethod(MethodInvocationHelper.java:124)
at org.testng.internal.Invoker.invokeMethod(Invoker.java:583)
at org.testng.internal.Invoker.invokeTestMethod(Invoker.java:719)
at org.testng.internal.Invoker.invokeTestMethods(Invoker.java:989)
at org.testng.internal.TestMethodWorker.invokeTestMethods(TestMethodWorker.java:125)
at org.testng.internal.TestMethodWorker.run(TestMethodWorker.java:109)
at java.util.concurrent.ThreadPoolExecutor.runWorker(ThreadPoolExecutor.java:1149)
at java.util.concurrent.ThreadPoolExecutor$Worker.run(ThreadPoolExecutor.java:624)
at java.lang.Thread.run(Thread.java:748)
]]>
    </error>
  </testcase> <!-- testDestinationPage -->
  <testcase name="testDestinationPage" time="0.471" classname="org.traveloka.experience.test.api.DestinationDetailsApiTest">
    <error type="org.everit.json.schema.ValidationException" message="#/data: 4 schema violations found">
      <![CDATA[org.everit.json.schema.ValidationException: #/data: 4 schema violations found
at org.everit.json.schema.ValidationException.prepend(ValidationException.java:397)
at org.everit.json.schema.ValidationException.prepend(ValidationException.java:377)
at org.everit.json.schema.ObjectSchemaValidatingVisitor.visitPropertySchema(ObjectSchemaValidatingVisitor.java:160)
at org.everit.json.schema.Visitor.visitObjectSchema(Visitor.java:131)
at org.everit.json.schema.ObjectSchemaValidatingVisitor.visitObjectSchema(ObjectSchemaValidatingVisitor.java:36)
at org.everit.json.schema.ObjectSchema.accept(ObjectSchema.java:266)
at org.everit.json.schema.ValidatingVisitor.visitObjectSchema(ValidatingVisitor.java:143)
at org.everit.json.schema.ObjectSchema.accept(ObjectSchema.java:266)
at org.everit.json.schema.Visitor.visit(Visitor.java:43)
at org.everit.json.schema.ValidatingVisitor.visit(ValidatingVisitor.java:52)
at org.everit.json.schema.DefaultValidator.performValidation(Validator.java:69)
at org.everit.json.schema.Schema.validate(Schema.java:140)
at org.traveloka.commonUtils.Utils.validateJsonSchema(Utils.java:487)
at org.traveloka.experience.test.api.DestinationDetailsApiTest.testDestinationPage(DestinationDetailsApiTest.java:40)
at sun.reflect.GeneratedMethodAccessor165.invoke(Unknown Source)
at sun.reflect.DelegatingMethodAccessorImpl.invoke(DelegatingMethodAccessorImpl.java:43)
at java.lang.reflect.Method.invoke(Method.java:498)
at org.testng.internal.MethodInvocationHelper.invokeMethod(MethodInvocationHelper.java:124)
at org.testng.internal.Invoker.invokeMethod(Invoker.java:583)
at org.testng.internal.Invoker.invokeTestMethod(Invoker.java:719)
at org.testng.internal.Invoker.invokeTestMethods(Invoker.java:989)
at org.testng.internal.TestMethodWorker.invokeTestMethods(TestMethodWorker.java:125)
at org.testng.internal.TestMethodWorker.run(TestMethodWorker.java:109)
at java.util.concurrent.ThreadPoolExecutor.runWorker(ThreadPoolExecutor.java:1149)
at java.util.concurrent.ThreadPoolExecutor$Worker.run(ThreadPoolExecutor.java:624)
at java.lang.Thread.run(Thread.java:748)
]]>
    </error>
  </testcase> <!-- testDestinationPage -->
  <testcase name="testDestinationPage" time="11.511" classname="org.traveloka.experience.test.api.DestinationDetailsApiTest">
    <error type="java.lang.NullPointerException">
      <![CDATA[java.lang.NullPointerException
at org.traveloka.experience.test.api.DestinationDetailsApiTest.testDestinationPage(DestinationDetailsApiTest.java:39)
at sun.reflect.GeneratedMethodAccessor165.invoke(Unknown Source)
at sun.reflect.DelegatingMethodAccessorImpl.invoke(DelegatingMethodAccessorImpl.java:43)
at java.lang.reflect.Method.invoke(Method.java:498)
at org.testng.internal.MethodInvocationHelper.invokeMethod(MethodInvocationHelper.java:124)
at org.testng.internal.Invoker.invokeMethod(Invoker.java:583)
at org.testng.internal.Invoker.invokeTestMethod(Invoker.java:719)
at org.testng.internal.Invoker.invokeTestMethods(Invoker.java:989)
at org.testng.internal.TestMethodWorker.invokeTestMethods(TestMethodWorker.java:125)
at org.testng.internal.TestMethodWorker.run(TestMethodWorker.java:109)
at java.util.concurrent.ThreadPoolExecutor.runWorker(ThreadPoolExecutor.java:1149)
at java.util.concurrent.ThreadPoolExecutor$Worker.run(ThreadPoolExecutor.java:624)
at java.lang.Thread.run(Thread.java:748)
]]>
    </error>
  </testcase> <!-- testDestinationPage -->
  <testcase name="testDestinationPage" time="10.576" classname="org.traveloka.experience.test.api.DestinationDetailsApiTest">
    <error type="java.lang.NullPointerException">
      <![CDATA[java.lang.NullPointerException
at org.traveloka.experience.test.api.DestinationDetailsApiTest.testDestinationPage(DestinationDetailsApiTest.java:39)
at sun.reflect.GeneratedMethodAccessor165.invoke(Unknown Source)
at sun.reflect.DelegatingMethodAccessorImpl.invoke(DelegatingMethodAccessorImpl.java:43)
at java.lang.reflect.Method.invoke(Method.java:498)
at org.testng.internal.MethodInvocationHelper.invokeMethod(MethodInvocationHelper.java:124)
at org.testng.internal.Invoker.invokeMethod(Invoker.java:583)
at org.testng.internal.Invoker.invokeTestMethod(Invoker.java:719)
at org.testng.internal.Invoker.invokeTestMethods(Invoker.java:989)
at org.testng.internal.TestMethodWorker.invokeTestMethods(TestMethodWorker.java:125)
at org.testng.internal.TestMethodWorker.run(TestMethodWorker.java:109)
at java.util.concurrent.ThreadPoolExecutor.runWorker(ThreadPoolExecutor.java:1149)
at java.util.concurrent.ThreadPoolExecutor$Worker.run(ThreadPoolExecutor.java:624)
at java.lang.Thread.run(Thread.java:748)
]]>
    </error>
  </testcase> <!-- testDestinationPage -->
  <testcase name="testDestinationPage" time="0.467" classname="org.traveloka.experience.test.api.DestinationDetailsApiTest">
    <error type="org.everit.json.schema.ValidationException" message="#/data: 4 schema violations found">
      <![CDATA[org.everit.json.schema.ValidationException: #/data: 4 schema violations found
at org.everit.json.schema.ValidationException.prepend(ValidationException.java:397)
at org.everit.json.schema.ValidationException.prepend(ValidationException.java:377)
at org.everit.json.schema.ObjectSchemaValidatingVisitor.visitPropertySchema(ObjectSchemaValidatingVisitor.java:160)
at org.everit.json.schema.Visitor.visitObjectSchema(Visitor.java:131)
at org.everit.json.schema.ObjectSchemaValidatingVisitor.visitObjectSchema(ObjectSchemaValidatingVisitor.java:36)
at org.everit.json.schema.ObjectSchema.accept(ObjectSchema.java:266)
at org.everit.json.schema.ValidatingVisitor.visitObjectSchema(ValidatingVisitor.java:143)
at org.everit.json.schema.ObjectSchema.accept(ObjectSchema.java:266)
at org.everit.json.schema.Visitor.visit(Visitor.java:43)
at org.everit.json.schema.ValidatingVisitor.visit(ValidatingVisitor.java:52)
at org.everit.json.schema.DefaultValidator.performValidation(Validator.java:69)
at org.everit.json.schema.Schema.validate(Schema.java:140)
at org.traveloka.commonUtils.Utils.validateJsonSchema(Utils.java:487)
at org.traveloka.experience.test.api.DestinationDetailsApiTest.testDestinationPage(DestinationDetailsApiTest.java:40)
at sun.reflect.GeneratedMethodAccessor165.invoke(Unknown Source)
at sun.reflect.DelegatingMethodAccessorImpl.invoke(DelegatingMethodAccessorImpl.java:43)
at java.lang.reflect.Method.invoke(Method.java:498)
at org.testng.internal.MethodInvocationHelper.invokeMethod(MethodInvocationHelper.java:124)
at org.testng.internal.Invoker.invokeMethod(Invoker.java:583)
at org.testng.internal.Invoker.invokeTestMethod(Invoker.java:719)
at org.testng.internal.Invoker.invokeTestMethods(Invoker.java:989)
at org.testng.internal.TestMethodWorker.invokeTestMethods(TestMethodWorker.java:125)
at org.testng.internal.TestMethodWorker.run(TestMethodWorker.java:109)
at java.util.concurrent.ThreadPoolExecutor.runWorker(ThreadPoolExecutor.java:1149)
at java.util.concurrent.ThreadPoolExecutor$Worker.run(ThreadPoolExecutor.java:624)
at java.lang.Thread.run(Thread.java:748)
]]>
    </error>
  </testcase> <!-- testDestinationPage -->
  <testcase name="testDestinationPage" time="0.461" classname="org.traveloka.experience.test.api.DestinationDetailsApiTest">
    <error type="org.everit.json.schema.ValidationException" message="#/data: 4 schema violations found">
      <![CDATA[org.everit.json.schema.ValidationException: #/data: 4 schema violations found
at org.everit.json.schema.ValidationException.prepend(ValidationException.java:397)
at org.everit.json.schema.ValidationException.prepend(ValidationException.java:377)
at org.everit.json.schema.ObjectSchemaValidatingVisitor.visitPropertySchema(ObjectSchemaValidatingVisitor.java:160)
at org.everit.json.schema.Visitor.visitObjectSchema(Visitor.java:131)
at org.everit.json.schema.ObjectSchemaValidatingVisitor.visitObjectSchema(ObjectSchemaValidatingVisitor.java:36)
at org.everit.json.schema.ObjectSchema.accept(ObjectSchema.java:266)
at org.everit.json.schema.ValidatingVisitor.visitObjectSchema(ValidatingVisitor.java:143)
at org.everit.json.schema.ObjectSchema.accept(ObjectSchema.java:266)
at org.everit.json.schema.Visitor.visit(Visitor.java:43)
at org.everit.json.schema.ValidatingVisitor.visit(ValidatingVisitor.java:52)
at org.everit.json.schema.DefaultValidator.performValidation(Validator.java:69)
at org.everit.json.schema.Schema.validate(Schema.java:140)
at org.traveloka.commonUtils.Utils.validateJsonSchema(Utils.java:487)
at org.traveloka.experience.test.api.DestinationDetailsApiTest.testDestinationPage(DestinationDetailsApiTest.java:40)
at sun.reflect.GeneratedMethodAccessor165.invoke(Unknown Source)
at sun.reflect.DelegatingMethodAccessorImpl.invoke(DelegatingMethodAccessorImpl.java:43)
at java.lang.reflect.Method.invoke(Method.java:498)
at org.testng.internal.MethodInvocationHelper.invokeMethod(MethodInvocationHelper.java:124)
at org.testng.internal.Invoker.invokeMethod(Invoker.java:583)
at org.testng.internal.Invoker.invokeTestMethod(Invoker.java:719)
at org.testng.internal.Invoker.invokeTestMethods(Invoker.java:989)
at org.testng.internal.TestMethodWorker.invokeTestMethods(TestMethodWorker.java:125)
at org.testng.internal.TestMethodWorker.run(TestMethodWorker.java:109)
at java.util.concurrent.ThreadPoolExecutor.runWorker(ThreadPoolExecutor.java:1149)
at java.util.concurrent.ThreadPoolExecutor$Worker.run(ThreadPoolExecutor.java:624)
at java.lang.Thread.run(Thread.java:748)
]]>
    </error>
  </testcase> <!-- testDestinationPage -->
  <testcase name="testDestinationPage" time="0.467" classname="org.traveloka.experience.test.api.DestinationDetailsApiTest">
    <error type="org.everit.json.schema.ValidationException" message="#/data: 4 schema violations found">
      <![CDATA[org.everit.json.schema.ValidationException: #/data: 4 schema violations found
at org.everit.json.schema.ValidationException.prepend(ValidationException.java:397)
at org.everit.json.schema.ValidationException.prepend(ValidationException.java:377)
at org.everit.json.schema.ObjectSchemaValidatingVisitor.visitPropertySchema(ObjectSchemaValidatingVisitor.java:160)
at org.everit.json.schema.Visitor.visitObjectSchema(Visitor.java:131)
at org.everit.json.schema.ObjectSchemaValidatingVisitor.visitObjectSchema(ObjectSchemaValidatingVisitor.java:36)
at org.everit.json.schema.ObjectSchema.accept(ObjectSchema.java:266)
at org.everit.json.schema.ValidatingVisitor.visitObjectSchema(ValidatingVisitor.java:143)
at org.everit.json.schema.ObjectSchema.accept(ObjectSchema.java:266)
at org.everit.json.schema.Visitor.visit(Visitor.java:43)
at org.everit.json.schema.ValidatingVisitor.visit(ValidatingVisitor.java:52)
at org.everit.json.schema.DefaultValidator.performValidation(Validator.java:69)
at org.everit.json.schema.Schema.validate(Schema.java:140)
at org.traveloka.commonUtils.Utils.validateJsonSchema(Utils.java:487)
at org.traveloka.experience.test.api.DestinationDetailsApiTest.testDestinationPage(DestinationDetailsApiTest.java:40)
at sun.reflect.GeneratedMethodAccessor165.invoke(Unknown Source)
at sun.reflect.DelegatingMethodAccessorImpl.invoke(DelegatingMethodAccessorImpl.java:43)
at java.lang.reflect.Method.invoke(Method.java:498)
at org.testng.internal.MethodInvocationHelper.invokeMethod(MethodInvocationHelper.java:124)
at org.testng.internal.Invoker.invokeMethod(Invoker.java:583)
at org.testng.internal.Invoker.invokeTestMethod(Invoker.java:719)
at org.testng.internal.Invoker.invokeTestMethods(Invoker.java:989)
at org.testng.internal.TestMethodWorker.invokeTestMethods(TestMethodWorker.java:125)
at org.testng.internal.TestMethodWorker.run(TestMethodWorker.java:109)
at java.util.concurrent.ThreadPoolExecutor.runWorker(ThreadPoolExecutor.java:1149)
at java.util.concurrent.ThreadPoolExecutor$Worker.run(ThreadPoolExecutor.java:624)
at java.lang.Thread.run(Thread.java:748)
]]>
    </error>
  </testcase> <!-- testDestinationPage -->
  <testcase name="testDestinationPage" time="0.494" classname="org.traveloka.experience.test.api.DestinationDetailsApiTest">
    <error type="org.everit.json.schema.ValidationException" message="#/data: 4 schema violations found">
      <![CDATA[org.everit.json.schema.ValidationException: #/data: 4 schema violations found
at org.everit.json.schema.ValidationException.prepend(ValidationException.java:397)
at org.everit.json.schema.ValidationException.prepend(ValidationException.java:377)
at org.everit.json.schema.ObjectSchemaValidatingVisitor.visitPropertySchema(ObjectSchemaValidatingVisitor.java:160)
at org.everit.json.schema.Visitor.visitObjectSchema(Visitor.java:131)
at org.everit.json.schema.ObjectSchemaValidatingVisitor.visitObjectSchema(ObjectSchemaValidatingVisitor.java:36)
at org.everit.json.schema.ObjectSchema.accept(ObjectSchema.java:266)
at org.everit.json.schema.ValidatingVisitor.visitObjectSchema(ValidatingVisitor.java:143)
at org.everit.json.schema.ObjectSchema.accept(ObjectSchema.java:266)
at org.everit.json.schema.Visitor.visit(Visitor.java:43)
at org.everit.json.schema.ValidatingVisitor.visit(ValidatingVisitor.java:52)
at org.everit.json.schema.DefaultValidator.performValidation(Validator.java:69)
at org.everit.json.schema.Schema.validate(Schema.java:140)
at org.traveloka.commonUtils.Utils.validateJsonSchema(Utils.java:487)
at org.traveloka.experience.test.api.DestinationDetailsApiTest.testDestinationPage(DestinationDetailsApiTest.java:40)
at sun.reflect.NativeMethodAccessorImpl.invoke0(Native Method)
at sun.reflect.NativeMethodAccessorImpl.invoke(NativeMethodAccessorImpl.java:62)
at sun.reflect.DelegatingMethodAccessorImpl.invoke(DelegatingMethodAccessorImpl.java:43)
at java.lang.reflect.Method.invoke(Method.java:498)
at org.testng.internal.MethodInvocationHelper.invokeMethod(MethodInvocationHelper.java:124)
at org.testng.internal.Invoker.invokeMethod(Invoker.java:583)
at org.testng.internal.Invoker.invokeTestMethod(Invoker.java:719)
at org.testng.internal.Invoker.invokeTestMethods(Invoker.java:989)
at org.testng.internal.TestMethodWorker.invokeTestMethods(TestMethodWorker.java:125)
at org.testng.internal.TestMethodWorker.run(TestMethodWorker.java:109)
at java.util.concurrent.ThreadPoolExecutor.runWorker(ThreadPoolExecutor.java:1149)
at java.util.concurrent.ThreadPoolExecutor$Worker.run(ThreadPoolExecutor.java:624)
at java.lang.Thread.run(Thread.java:748)
]]>
    </error>
  </testcase> <!-- testDestinationPage -->
  <testcase name="testDestinationPage" time="0.463" classname="org.traveloka.experience.test.api.DestinationDetailsApiTest">
    <error type="org.everit.json.schema.ValidationException" message="#/data: 4 schema violations found">
      <![CDATA[org.everit.json.schema.ValidationException: #/data: 4 schema violations found
at org.everit.json.schema.ValidationException.prepend(ValidationException.java:397)
at org.everit.json.schema.ValidationException.prepend(ValidationException.java:377)
at org.everit.json.schema.ObjectSchemaValidatingVisitor.visitPropertySchema(ObjectSchemaValidatingVisitor.java:160)
at org.everit.json.schema.Visitor.visitObjectSchema(Visitor.java:131)
at org.everit.json.schema.ObjectSchemaValidatingVisitor.visitObjectSchema(ObjectSchemaValidatingVisitor.java:36)
at org.everit.json.schema.ObjectSchema.accept(ObjectSchema.java:266)
at org.everit.json.schema.ValidatingVisitor.visitObjectSchema(ValidatingVisitor.java:143)
at org.everit.json.schema.ObjectSchema.accept(ObjectSchema.java:266)
at org.everit.json.schema.Visitor.visit(Visitor.java:43)
at org.everit.json.schema.ValidatingVisitor.visit(ValidatingVisitor.java:52)
at org.everit.json.schema.DefaultValidator.performValidation(Validator.java:69)
at org.everit.json.schema.Schema.validate(Schema.java:140)
at org.traveloka.commonUtils.Utils.validateJsonSchema(Utils.java:487)
at org.traveloka.experience.test.api.DestinationDetailsApiTest.testDestinationPage(DestinationDetailsApiTest.java:40)
at sun.reflect.NativeMethodAccessorImpl.invoke0(Native Method)
at sun.reflect.NativeMethodAccessorImpl.invoke(NativeMethodAccessorImpl.java:62)
at sun.reflect.DelegatingMethodAccessorImpl.invoke(DelegatingMethodAccessorImpl.java:43)
at java.lang.reflect.Method.invoke(Method.java:498)
at org.testng.internal.MethodInvocationHelper.invokeMethod(MethodInvocationHelper.java:124)
at org.testng.internal.Invoker.invokeMethod(Invoker.java:583)
at org.testng.internal.Invoker.invokeTestMethod(Invoker.java:719)
at org.testng.internal.Invoker.invokeTestMethods(Invoker.java:989)
at org.testng.internal.TestMethodWorker.invokeTestMethods(TestMethodWorker.java:125)
at org.testng.internal.TestMethodWorker.run(TestMethodWorker.java:109)
at java.util.concurrent.ThreadPoolExecutor.runWorker(ThreadPoolExecutor.java:1149)
at java.util.concurrent.ThreadPoolExecutor$Worker.run(ThreadPoolExecutor.java:624)
at java.lang.Thread.run(Thread.java:748)
]]>
    </error>
  </testcase> <!-- testDestinationPage -->
  <testcase name="testDestinationPage" time="10.648" classname="org.traveloka.experience.test.api.DestinationDetailsApiTest">
    <error type="java.lang.NullPointerException">
      <![CDATA[java.lang.NullPointerException
at org.traveloka.experience.test.api.DestinationDetailsApiTest.testDestinationPage(DestinationDetailsApiTest.java:39)
at sun.reflect.GeneratedMethodAccessor165.invoke(Unknown Source)
at sun.reflect.DelegatingMethodAccessorImpl.invoke(DelegatingMethodAccessorImpl.java:43)
at java.lang.reflect.Method.invoke(Method.java:498)
at org.testng.internal.MethodInvocationHelper.invokeMethod(MethodInvocationHelper.java:124)
at org.testng.internal.Invoker.invokeMethod(Invoker.java:583)
at org.testng.internal.Invoker.invokeTestMethod(Invoker.java:719)
at org.testng.internal.Invoker.invokeTestMethods(Invoker.java:989)
at org.testng.internal.TestMethodWorker.invokeTestMethods(TestMethodWorker.java:125)
at org.testng.internal.TestMethodWorker.run(TestMethodWorker.java:109)
at java.util.concurrent.ThreadPoolExecutor.runWorker(ThreadPoolExecutor.java:1149)
at java.util.concurrent.ThreadPoolExecutor$Worker.run(ThreadPoolExecutor.java:624)
at java.lang.Thread.run(Thread.java:748)
]]>
    </error>
  </testcase> <!-- testDestinationPage -->
  <testcase name="testDestinationPage" time="0.463" classname="org.traveloka.experience.test.api.DestinationDetailsApiTest">
    <error type="org.everit.json.schema.ValidationException" message="#/data: 4 schema violations found">
      <![CDATA[org.everit.json.schema.ValidationException: #/data: 4 schema violations found
at org.everit.json.schema.ValidationException.prepend(ValidationException.java:397)
at org.everit.json.schema.ValidationException.prepend(ValidationException.java:377)
at org.everit.json.schema.ObjectSchemaValidatingVisitor.visitPropertySchema(ObjectSchemaValidatingVisitor.java:160)
at org.everit.json.schema.Visitor.visitObjectSchema(Visitor.java:131)
at org.everit.json.schema.ObjectSchemaValidatingVisitor.visitObjectSchema(ObjectSchemaValidatingVisitor.java:36)
at org.everit.json.schema.ObjectSchema.accept(ObjectSchema.java:266)
at org.everit.json.schema.ValidatingVisitor.visitObjectSchema(ValidatingVisitor.java:143)
at org.everit.json.schema.ObjectSchema.accept(ObjectSchema.java:266)
at org.everit.json.schema.Visitor.visit(Visitor.java:43)
at org.everit.json.schema.ValidatingVisitor.visit(ValidatingVisitor.java:52)
at org.everit.json.schema.DefaultValidator.performValidation(Validator.java:69)
at org.everit.json.schema.Schema.validate(Schema.java:140)
at org.traveloka.commonUtils.Utils.validateJsonSchema(Utils.java:487)
at org.traveloka.experience.test.api.DestinationDetailsApiTest.testDestinationPage(DestinationDetailsApiTest.java:40)
at sun.reflect.GeneratedMethodAccessor165.invoke(Unknown Source)
at sun.reflect.DelegatingMethodAccessorImpl.invoke(DelegatingMethodAccessorImpl.java:43)
at java.lang.reflect.Method.invoke(Method.java:498)
at org.testng.internal.MethodInvocationHelper.invokeMethod(MethodInvocationHelper.java:124)
at org.testng.internal.Invoker.invokeMethod(Invoker.java:583)
at org.testng.internal.Invoker.invokeTestMethod(Invoker.java:719)
at org.testng.internal.Invoker.invokeTestMethods(Invoker.java:989)
at org.testng.internal.TestMethodWorker.invokeTestMethods(TestMethodWorker.java:125)
at org.testng.internal.TestMethodWorker.run(TestMethodWorker.java:109)
at java.util.concurrent.ThreadPoolExecutor.runWorker(ThreadPoolExecutor.java:1149)
at java.util.concurrent.ThreadPoolExecutor$Worker.run(ThreadPoolExecutor.java:624)
at java.lang.Thread.run(Thread.java:748)
]]>
    </error>
  </testcase> <!-- testDestinationPage -->
  <testcase name="testDestinationPage" time="10.459" classname="org.traveloka.experience.test.api.DestinationDetailsApiTest">
    <error type="java.lang.NullPointerException">
      <![CDATA[java.lang.NullPointerException
at org.traveloka.experience.test.api.DestinationDetailsApiTest.testDestinationPage(DestinationDetailsApiTest.java:39)
at sun.reflect.GeneratedMethodAccessor165.invoke(Unknown Source)
at sun.reflect.DelegatingMethodAccessorImpl.invoke(DelegatingMethodAccessorImpl.java:43)
at java.lang.reflect.Method.invoke(Method.java:498)
at org.testng.internal.MethodInvocationHelper.invokeMethod(MethodInvocationHelper.java:124)
at org.testng.internal.Invoker.invokeMethod(Invoker.java:583)
at org.testng.internal.Invoker.invokeTestMethod(Invoker.java:719)
at org.testng.internal.Invoker.invokeTestMethods(Invoker.java:989)
at org.testng.internal.TestMethodWorker.invokeTestMethods(TestMethodWorker.java:125)
at org.testng.internal.TestMethodWorker.run(TestMethodWorker.java:109)
at java.util.concurrent.ThreadPoolExecutor.runWorker(ThreadPoolExecutor.java:1149)
at java.util.concurrent.ThreadPoolExecutor$Worker.run(ThreadPoolExecutor.java:624)
at java.lang.Thread.run(Thread.java:748)
]]>
    </error>
  </testcase> <!-- testDestinationPage -->
  <testcase name="testDestinationPage" time="0.464" classname="org.traveloka.experience.test.api.DestinationDetailsApiTest">
    <error type="org.everit.json.schema.ValidationException" message="#/data: 4 schema violations found">
      <![CDATA[org.everit.json.schema.ValidationException: #/data: 4 schema violations found
at org.everit.json.schema.ValidationException.prepend(ValidationException.java:397)
at org.everit.json.schema.ValidationException.prepend(ValidationException.java:377)
at org.everit.json.schema.ObjectSchemaValidatingVisitor.visitPropertySchema(ObjectSchemaValidatingVisitor.java:160)
at org.everit.json.schema.Visitor.visitObjectSchema(Visitor.java:131)
at org.everit.json.schema.ObjectSchemaValidatingVisitor.visitObjectSchema(ObjectSchemaValidatingVisitor.java:36)
at org.everit.json.schema.ObjectSchema.accept(ObjectSchema.java:266)
at org.everit.json.schema.ValidatingVisitor.visitObjectSchema(ValidatingVisitor.java:143)
at org.everit.json.schema.ObjectSchema.accept(ObjectSchema.java:266)
at org.everit.json.schema.Visitor.visit(Visitor.java:43)
at org.everit.json.schema.ValidatingVisitor.visit(ValidatingVisitor.java:52)
at org.everit.json.schema.DefaultValidator.performValidation(Validator.java:69)
at org.everit.json.schema.Schema.validate(Schema.java:140)
at org.traveloka.commonUtils.Utils.validateJsonSchema(Utils.java:487)
at org.traveloka.experience.test.api.DestinationDetailsApiTest.testDestinationPage(DestinationDetailsApiTest.java:40)
at sun.reflect.GeneratedMethodAccessor165.invoke(Unknown Source)
at sun.reflect.DelegatingMethodAccessorImpl.invoke(DelegatingMethodAccessorImpl.java:43)
at java.lang.reflect.Method.invoke(Method.java:498)
at org.testng.internal.MethodInvocationHelper.invokeMethod(MethodInvocationHelper.java:124)
at org.testng.internal.Invoker.invokeMethod(Invoker.java:583)
at org.testng.internal.Invoker.invokeTestMethod(Invoker.java:719)
at org.testng.internal.Invoker.invokeTestMethods(Invoker.java:989)
at org.testng.internal.TestMethodWorker.invokeTestMethods(TestMethodWorker.java:125)
at org.testng.internal.TestMethodWorker.run(TestMethodWorker.java:109)
at java.util.concurrent.ThreadPoolExecutor.runWorker(ThreadPoolExecutor.java:1149)
at java.util.concurrent.ThreadPoolExecutor$Worker.run(ThreadPoolExecutor.java:624)
at java.lang.Thread.run(Thread.java:748)
]]>
    </error>
  </testcase> <!-- testDestinationPage -->
  <testcase name="testDestinationPage" time="1.049" classname="org.traveloka.experience.test.api.DestinationDetailsApiTest">
    <error type="org.everit.json.schema.ValidationException" message="#/data: 4 schema violations found">
      <![CDATA[org.everit.json.schema.ValidationException: #/data: 4 schema violations found
at org.everit.json.schema.ValidationException.prepend(ValidationException.java:397)
at org.everit.json.schema.ValidationException.prepend(ValidationException.java:377)
at org.everit.json.schema.ObjectSchemaValidatingVisitor.visitPropertySchema(ObjectSchemaValidatingVisitor.java:160)
at org.everit.json.schema.Visitor.visitObjectSchema(Visitor.java:131)
at org.everit.json.schema.ObjectSchemaValidatingVisitor.visitObjectSchema(ObjectSchemaValidatingVisitor.java:36)
at org.everit.json.schema.ObjectSchema.accept(ObjectSchema.java:266)
at org.everit.json.schema.ValidatingVisitor.visitObjectSchema(ValidatingVisitor.java:143)
at org.everit.json.schema.ObjectSchema.accept(ObjectSchema.java:266)
at org.everit.json.schema.Visitor.visit(Visitor.java:43)
at org.everit.json.schema.ValidatingVisitor.visit(ValidatingVisitor.java:52)
at org.everit.json.schema.DefaultValidator.performValidation(Validator.java:69)
at org.everit.json.schema.Schema.validate(Schema.java:140)
at org.traveloka.commonUtils.Utils.validateJsonSchema(Utils.java:487)
at org.traveloka.experience.test.api.DestinationDetailsApiTest.testDestinationPage(DestinationDetailsApiTest.java:40)
at sun.reflect.GeneratedMethodAccessor165.invoke(Unknown Source)
at sun.reflect.DelegatingMethodAccessorImpl.invoke(DelegatingMethodAccessorImpl.java:43)
at java.lang.reflect.Method.invoke(Method.java:498)
at org.testng.internal.MethodInvocationHelper.invokeMethod(MethodInvocationHelper.java:124)
at org.testng.internal.Invoker.invokeMethod(Invoker.java:583)
at org.testng.internal.Invoker.invokeTestMethod(Invoker.java:719)
at org.testng.internal.Invoker.invokeTestMethods(Invoker.java:989)
at org.testng.internal.TestMethodWorker.invokeTestMethods(TestMethodWorker.java:125)
at org.testng.internal.TestMethodWorker.run(TestMethodWorker.java:109)
at java.util.concurrent.ThreadPoolExecutor.runWorker(ThreadPoolExecutor.java:1149)
at java.util.concurrent.ThreadPoolExecutor$Worker.run(ThreadPoolExecutor.java:624)
at java.lang.Thread.run(Thread.java:748)
]]>
    </error>
  </testcase> <!-- testDestinationPage -->
  <testcase name="testDestinationPage" time="0.475" classname="org.traveloka.experience.test.api.DestinationDetailsApiTest">
    <error type="org.everit.json.schema.ValidationException" message="#/data: 4 schema violations found">
      <![CDATA[org.everit.json.schema.ValidationException: #/data: 4 schema violations found
at org.everit.json.schema.ValidationException.prepend(ValidationException.java:397)
at org.everit.json.schema.ValidationException.prepend(ValidationException.java:377)
at org.everit.json.schema.ObjectSchemaValidatingVisitor.visitPropertySchema(ObjectSchemaValidatingVisitor.java:160)
at org.everit.json.schema.Visitor.visitObjectSchema(Visitor.java:131)
at org.everit.json.schema.ObjectSchemaValidatingVisitor.visitObjectSchema(ObjectSchemaValidatingVisitor.java:36)
at org.everit.json.schema.ObjectSchema.accept(ObjectSchema.java:266)
at org.everit.json.schema.ValidatingVisitor.visitObjectSchema(ValidatingVisitor.java:143)
at org.everit.json.schema.ObjectSchema.accept(ObjectSchema.java:266)
at org.everit.json.schema.Visitor.visit(Visitor.java:43)
at org.everit.json.schema.ValidatingVisitor.visit(ValidatingVisitor.java:52)
at org.everit.json.schema.DefaultValidator.performValidation(Validator.java:69)
at org.everit.json.schema.Schema.validate(Schema.java:140)
at org.traveloka.commonUtils.Utils.validateJsonSchema(Utils.java:487)
at org.traveloka.experience.test.api.DestinationDetailsApiTest.testDestinationPage(DestinationDetailsApiTest.java:40)
at sun.reflect.GeneratedMethodAccessor165.invoke(Unknown Source)
at sun.reflect.DelegatingMethodAccessorImpl.invoke(DelegatingMethodAccessorImpl.java:43)
at java.lang.reflect.Method.invoke(Method.java:498)
at org.testng.internal.MethodInvocationHelper.invokeMethod(MethodInvocationHelper.java:124)
at org.testng.internal.Invoker.invokeMethod(Invoker.java:583)
at org.testng.internal.Invoker.invokeTestMethod(Invoker.java:719)
at org.testng.internal.Invoker.invokeTestMethods(Invoker.java:989)
at org.testng.internal.TestMethodWorker.invokeTestMethods(TestMethodWorker.java:125)
at org.testng.internal.TestMethodWorker.run(TestMethodWorker.java:109)
at java.util.concurrent.ThreadPoolExecutor.runWorker(ThreadPoolExecutor.java:1149)
at java.util.concurrent.ThreadPoolExecutor$Worker.run(ThreadPoolExecutor.java:624)
at java.lang.Thread.run(Thread.java:748)
]]>
    </error>
  </testcase> <!-- testDestinationPage -->
  <testcase name="testDestinationPage" time="0.469" classname="org.traveloka.experience.test.api.DestinationDetailsApiTest">
    <error type="org.everit.json.schema.ValidationException" message="#/data: 4 schema violations found">
      <![CDATA[org.everit.json.schema.ValidationException: #/data: 4 schema violations found
at org.everit.json.schema.ValidationException.prepend(ValidationException.java:397)
at org.everit.json.schema.ValidationException.prepend(ValidationException.java:377)
at org.everit.json.schema.ObjectSchemaValidatingVisitor.visitPropertySchema(ObjectSchemaValidatingVisitor.java:160)
at org.everit.json.schema.Visitor.visitObjectSchema(Visitor.java:131)
at org.everit.json.schema.ObjectSchemaValidatingVisitor.visitObjectSchema(ObjectSchemaValidatingVisitor.java:36)
at org.everit.json.schema.ObjectSchema.accept(ObjectSchema.java:266)
at org.everit.json.schema.ValidatingVisitor.visitObjectSchema(ValidatingVisitor.java:143)
at org.everit.json.schema.ObjectSchema.accept(ObjectSchema.java:266)
at org.everit.json.schema.Visitor.visit(Visitor.java:43)
at org.everit.json.schema.ValidatingVisitor.visit(ValidatingVisitor.java:52)
at org.everit.json.schema.DefaultValidator.performValidation(Validator.java:69)
at org.everit.json.schema.Schema.validate(Schema.java:140)
at org.traveloka.commonUtils.Utils.validateJsonSchema(Utils.java:487)
at org.traveloka.experience.test.api.DestinationDetailsApiTest.testDestinationPage(DestinationDetailsApiTest.java:40)
at sun.reflect.GeneratedMethodAccessor165.invoke(Unknown Source)
at sun.reflect.DelegatingMethodAccessorImpl.invoke(DelegatingMethodAccessorImpl.java:43)
at java.lang.reflect.Method.invoke(Method.java:498)
at org.testng.internal.MethodInvocationHelper.invokeMethod(MethodInvocationHelper.java:124)
at org.testng.internal.Invoker.invokeMethod(Invoker.java:583)
at org.testng.internal.Invoker.invokeTestMethod(Invoker.java:719)
at org.testng.internal.Invoker.invokeTestMethods(Invoker.java:989)
at org.testng.internal.TestMethodWorker.invokeTestMethods(TestMethodWorker.java:125)
at org.testng.internal.TestMethodWorker.run(TestMethodWorker.java:109)
at java.util.concurrent.ThreadPoolExecutor.runWorker(ThreadPoolExecutor.java:1149)
at java.util.concurrent.ThreadPoolExecutor$Worker.run(ThreadPoolExecutor.java:624)
at java.lang.Thread.run(Thread.java:748)
]]>
    </error>
  </testcase> <!-- testDestinationPage -->
  <testcase name="testDestinationPage" time="0.460" classname="org.traveloka.experience.test.api.DestinationDetailsApiTest">
    <error type="org.everit.json.schema.ValidationException" message="#/data: 4 schema violations found">
      <![CDATA[org.everit.json.schema.ValidationException: #/data: 4 schema violations found
at org.everit.json.schema.ValidationException.prepend(ValidationException.java:397)
at org.everit.json.schema.ValidationException.prepend(ValidationException.java:377)
at org.everit.json.schema.ObjectSchemaValidatingVisitor.visitPropertySchema(ObjectSchemaValidatingVisitor.java:160)
at org.everit.json.schema.Visitor.visitObjectSchema(Visitor.java:131)
at org.everit.json.schema.ObjectSchemaValidatingVisitor.visitObjectSchema(ObjectSchemaValidatingVisitor.java:36)
at org.everit.json.schema.ObjectSchema.accept(ObjectSchema.java:266)
at org.everit.json.schema.ValidatingVisitor.visitObjectSchema(ValidatingVisitor.java:143)
at org.everit.json.schema.ObjectSchema.accept(ObjectSchema.java:266)
at org.everit.json.schema.Visitor.visit(Visitor.java:43)
at org.everit.json.schema.ValidatingVisitor.visit(ValidatingVisitor.java:52)
at org.everit.json.schema.DefaultValidator.performValidation(Validator.java:69)
at org.everit.json.schema.Schema.validate(Schema.java:140)
at org.traveloka.commonUtils.Utils.validateJsonSchema(Utils.java:487)
at org.traveloka.experience.test.api.DestinationDetailsApiTest.testDestinationPage(DestinationDetailsApiTest.java:40)
at sun.reflect.GeneratedMethodAccessor165.invoke(Unknown Source)
at sun.reflect.DelegatingMethodAccessorImpl.invoke(DelegatingMethodAccessorImpl.java:43)
at java.lang.reflect.Method.invoke(Method.java:498)
at org.testng.internal.MethodInvocationHelper.invokeMethod(MethodInvocationHelper.java:124)
at org.testng.internal.Invoker.invokeMethod(Invoker.java:583)
at org.testng.internal.Invoker.invokeTestMethod(Invoker.java:719)
at org.testng.internal.Invoker.invokeTestMethods(Invoker.java:989)
at org.testng.internal.TestMethodWorker.invokeTestMethods(TestMethodWorker.java:125)
at org.testng.internal.TestMethodWorker.run(TestMethodWorker.java:109)
at java.util.concurrent.ThreadPoolExecutor.runWorker(ThreadPoolExecutor.java:1149)
at java.util.concurrent.ThreadPoolExecutor$Worker.run(ThreadPoolExecutor.java:624)
at java.lang.Thread.run(Thread.java:748)
]]>
    </error>
  </testcase> <!-- testDestinationPage -->
  <testcase name="testDestinationPage" time="0.481" classname="org.traveloka.experience.test.api.DestinationDetailsApiTest">
    <error type="org.everit.json.schema.ValidationException" message="#/data: 4 schema violations found">
      <![CDATA[org.everit.json.schema.ValidationException: #/data: 4 schema violations found
at org.everit.json.schema.ValidationException.prepend(ValidationException.java:397)
at org.everit.json.schema.ValidationException.prepend(ValidationException.java:377)
at org.everit.json.schema.ObjectSchemaValidatingVisitor.visitPropertySchema(ObjectSchemaValidatingVisitor.java:160)
at org.everit.json.schema.Visitor.visitObjectSchema(Visitor.java:131)
at org.everit.json.schema.ObjectSchemaValidatingVisitor.visitObjectSchema(ObjectSchemaValidatingVisitor.java:36)
at org.everit.json.schema.ObjectSchema.accept(ObjectSchema.java:266)
at org.everit.json.schema.ValidatingVisitor.visitObjectSchema(ValidatingVisitor.java:143)
at org.everit.json.schema.ObjectSchema.accept(ObjectSchema.java:266)
at org.everit.json.schema.Visitor.visit(Visitor.java:43)
at org.everit.json.schema.ValidatingVisitor.visit(ValidatingVisitor.java:52)
at org.everit.json.schema.DefaultValidator.performValidation(Validator.java:69)
at org.everit.json.schema.Schema.validate(Schema.java:140)
at org.traveloka.commonUtils.Utils.validateJsonSchema(Utils.java:487)
at org.traveloka.experience.test.api.DestinationDetailsApiTest.testDestinationPage(DestinationDetailsApiTest.java:40)
at sun.reflect.GeneratedMethodAccessor165.invoke(Unknown Source)
at sun.reflect.DelegatingMethodAccessorImpl.invoke(DelegatingMethodAccessorImpl.java:43)
at java.lang.reflect.Method.invoke(Method.java:498)
at org.testng.internal.MethodInvocationHelper.invokeMethod(MethodInvocationHelper.java:124)
at org.testng.internal.Invoker.invokeMethod(Invoker.java:583)
at org.testng.internal.Invoker.invokeTestMethod(Invoker.java:719)
at org.testng.internal.Invoker.invokeTestMethods(Invoker.java:989)
at org.testng.internal.TestMethodWorker.invokeTestMethods(TestMethodWorker.java:125)
at org.testng.internal.TestMethodWorker.run(TestMethodWorker.java:109)
at java.util.concurrent.ThreadPoolExecutor.runWorker(ThreadPoolExecutor.java:1149)
at java.util.concurrent.ThreadPoolExecutor$Worker.run(ThreadPoolExecutor.java:624)
at java.lang.Thread.run(Thread.java:748)
]]>
    </error>
  </testcase> <!-- testDestinationPage -->
  <testcase name="testDestinationPage" time="10.463" classname="org.traveloka.experience.test.api.DestinationDetailsApiTest">
    <error type="java.lang.NullPointerException">
      <![CDATA[java.lang.NullPointerException
at org.traveloka.experience.test.api.DestinationDetailsApiTest.testDestinationPage(DestinationDetailsApiTest.java:39)
at sun.reflect.GeneratedMethodAccessor165.invoke(Unknown Source)
at sun.reflect.DelegatingMethodAccessorImpl.invoke(DelegatingMethodAccessorImpl.java:43)
at java.lang.reflect.Method.invoke(Method.java:498)
at org.testng.internal.MethodInvocationHelper.invokeMethod(MethodInvocationHelper.java:124)
at org.testng.internal.Invoker.invokeMethod(Invoker.java:583)
at org.testng.internal.Invoker.invokeTestMethod(Invoker.java:719)
at org.testng.internal.Invoker.invokeTestMethods(Invoker.java:989)
at org.testng.internal.TestMethodWorker.invokeTestMethods(TestMethodWorker.java:125)
at org.testng.internal.TestMethodWorker.run(TestMethodWorker.java:109)
at java.util.concurrent.ThreadPoolExecutor.runWorker(ThreadPoolExecutor.java:1149)
at java.util.concurrent.ThreadPoolExecutor$Worker.run(ThreadPoolExecutor.java:624)
at java.lang.Thread.run(Thread.java:748)
]]>
    </error>
  </testcase> <!-- testDestinationPage -->
  <testcase name="testDestinationPage" time="10.649" classname="org.traveloka.experience.test.api.DestinationDetailsApiTest">
    <error type="java.lang.NullPointerException">
      <![CDATA[java.lang.NullPointerException
at org.traveloka.experience.test.api.DestinationDetailsApiTest.testDestinationPage(DestinationDetailsApiTest.java:39)
at sun.reflect.GeneratedMethodAccessor165.invoke(Unknown Source)
at sun.reflect.DelegatingMethodAccessorImpl.invoke(DelegatingMethodAccessorImpl.java:43)
at java.lang.reflect.Method.invoke(Method.java:498)
at org.testng.internal.MethodInvocationHelper.invokeMethod(MethodInvocationHelper.java:124)
at org.testng.internal.Invoker.invokeMethod(Invoker.java:583)
at org.testng.internal.Invoker.invokeTestMethod(Invoker.java:719)
at org.testng.internal.Invoker.invokeTestMethods(Invoker.java:989)
at org.testng.internal.TestMethodWorker.invokeTestMethods(TestMethodWorker.java:125)
at org.testng.internal.TestMethodWorker.run(TestMethodWorker.java:109)
at java.util.concurrent.ThreadPoolExecutor.runWorker(ThreadPoolExecutor.java:1149)
at java.util.concurrent.ThreadPoolExecutor$Worker.run(ThreadPoolExecutor.java:624)
at java.lang.Thread.run(Thread.java:748)
]]>
    </error>
  </testcase> <!-- testDestinationPage -->
  <testcase name="testDestinationPage" time="0.551" classname="org.traveloka.experience.test.api.DestinationDetailsApiTest">
    <error type="org.everit.json.schema.ValidationException" message="#/data: 4 schema violations found">
      <![CDATA[org.everit.json.schema.ValidationException: #/data: 4 schema violations found
at org.everit.json.schema.ValidationException.prepend(ValidationException.java:397)
at org.everit.json.schema.ValidationException.prepend(ValidationException.java:377)
at org.everit.json.schema.ObjectSchemaValidatingVisitor.visitPropertySchema(ObjectSchemaValidatingVisitor.java:160)
at org.everit.json.schema.Visitor.visitObjectSchema(Visitor.java:131)
at org.everit.json.schema.ObjectSchemaValidatingVisitor.visitObjectSchema(ObjectSchemaValidatingVisitor.java:36)
at org.everit.json.schema.ObjectSchema.accept(ObjectSchema.java:266)
at org.everit.json.schema.ValidatingVisitor.visitObjectSchema(ValidatingVisitor.java:143)
at org.everit.json.schema.ObjectSchema.accept(ObjectSchema.java:266)
at org.everit.json.schema.Visitor.visit(Visitor.java:43)
at org.everit.json.schema.ValidatingVisitor.visit(ValidatingVisitor.java:52)
at org.everit.json.schema.DefaultValidator.performValidation(Validator.java:69)
at org.everit.json.schema.Schema.validate(Schema.java:140)
at org.traveloka.commonUtils.Utils.validateJsonSchema(Utils.java:487)
at org.traveloka.experience.test.api.DestinationDetailsApiTest.testDestinationPage(DestinationDetailsApiTest.java:40)
at sun.reflect.GeneratedMethodAccessor165.invoke(Unknown Source)
at sun.reflect.DelegatingMethodAccessorImpl.invoke(DelegatingMethodAccessorImpl.java:43)
at java.lang.reflect.Method.invoke(Method.java:498)
at org.testng.internal.MethodInvocationHelper.invokeMethod(MethodInvocationHelper.java:124)
at org.testng.internal.Invoker.invokeMethod(Invoker.java:583)
at org.testng.internal.Invoker.invokeTestMethod(Invoker.java:719)
at org.testng.internal.Invoker.invokeTestMethods(Invoker.java:989)
at org.testng.internal.TestMethodWorker.invokeTestMethods(TestMethodWorker.java:125)
at org.testng.internal.TestMethodWorker.run(TestMethodWorker.java:109)
at java.util.concurrent.ThreadPoolExecutor.runWorker(ThreadPoolExecutor.java:1149)
at java.util.concurrent.ThreadPoolExecutor$Worker.run(ThreadPoolExecutor.java:624)
at java.lang.Thread.run(Thread.java:748)
]]>
    </error>
  </testcase> <!-- testDestinationPage -->
  <testcase name="testDestinationPage" time="10.553" classname="org.traveloka.experience.test.api.DestinationDetailsApiTest">
    <error type="java.lang.NullPointerException">
      <![CDATA[java.lang.NullPointerException
at org.traveloka.experience.test.api.DestinationDetailsApiTest.testDestinationPage(DestinationDetailsApiTest.java:39)
at sun.reflect.GeneratedMethodAccessor165.invoke(Unknown Source)
at sun.reflect.DelegatingMethodAccessorImpl.invoke(DelegatingMethodAccessorImpl.java:43)
at java.lang.reflect.Method.invoke(Method.java:498)
at org.testng.internal.MethodInvocationHelper.invokeMethod(MethodInvocationHelper.java:124)
at org.testng.internal.Invoker.invokeMethod(Invoker.java:583)
at org.testng.internal.Invoker.invokeTestMethod(Invoker.java:719)
at org.testng.internal.Invoker.invokeTestMethods(Invoker.java:989)
at org.testng.internal.TestMethodWorker.invokeTestMethods(TestMethodWorker.java:125)
at org.testng.internal.TestMethodWorker.run(TestMethodWorker.java:109)
at java.util.concurrent.ThreadPoolExecutor.runWorker(ThreadPoolExecutor.java:1149)
at java.util.concurrent.ThreadPoolExecutor$Worker.run(ThreadPoolExecutor.java:624)
at java.lang.Thread.run(Thread.java:748)
]]>
    </error>
  </testcase> <!-- testDestinationPage -->
  <testcase name="testDestinationPage" time="0.467" classname="org.traveloka.experience.test.api.DestinationDetailsApiTest">
    <error type="org.everit.json.schema.ValidationException" message="#/data: 4 schema violations found">
      <![CDATA[org.everit.json.schema.ValidationException: #/data: 4 schema violations found
at org.everit.json.schema.ValidationException.prepend(ValidationException.java:397)
at org.everit.json.schema.ValidationException.prepend(ValidationException.java:377)
at org.everit.json.schema.ObjectSchemaValidatingVisitor.visitPropertySchema(ObjectSchemaValidatingVisitor.java:160)
at org.everit.json.schema.Visitor.visitObjectSchema(Visitor.java:131)
at org.everit.json.schema.ObjectSchemaValidatingVisitor.visitObjectSchema(ObjectSchemaValidatingVisitor.java:36)
at org.everit.json.schema.ObjectSchema.accept(ObjectSchema.java:266)
at org.everit.json.schema.ValidatingVisitor.visitObjectSchema(ValidatingVisitor.java:143)
at org.everit.json.schema.ObjectSchema.accept(ObjectSchema.java:266)
at org.everit.json.schema.Visitor.visit(Visitor.java:43)
at org.everit.json.schema.ValidatingVisitor.visit(ValidatingVisitor.java:52)
at org.everit.json.schema.DefaultValidator.performValidation(Validator.java:69)
at org.everit.json.schema.Schema.validate(Schema.java:140)
at org.traveloka.commonUtils.Utils.validateJsonSchema(Utils.java:487)
at org.traveloka.experience.test.api.DestinationDetailsApiTest.testDestinationPage(DestinationDetailsApiTest.java:40)
at sun.reflect.GeneratedMethodAccessor165.invoke(Unknown Source)
at sun.reflect.DelegatingMethodAccessorImpl.invoke(DelegatingMethodAccessorImpl.java:43)
at java.lang.reflect.Method.invoke(Method.java:498)
at org.testng.internal.MethodInvocationHelper.invokeMethod(MethodInvocationHelper.java:124)
at org.testng.internal.Invoker.invokeMethod(Invoker.java:583)
at org.testng.internal.Invoker.invokeTestMethod(Invoker.java:719)
at org.testng.internal.Invoker.invokeTestMethods(Invoker.java:989)
at org.testng.internal.TestMethodWorker.invokeTestMethods(TestMethodWorker.java:125)
at org.testng.internal.TestMethodWorker.run(TestMethodWorker.java:109)
at java.util.concurrent.ThreadPoolExecutor.runWorker(ThreadPoolExecutor.java:1149)
at java.util.concurrent.ThreadPoolExecutor$Worker.run(ThreadPoolExecutor.java:624)
at java.lang.Thread.run(Thread.java:748)
]]>
    </error>
  </testcase> <!-- testDestinationPage -->
  <testcase name="testDestinationPage" time="0.471" classname="org.traveloka.experience.test.api.DestinationDetailsApiTest">
    <error type="org.everit.json.schema.ValidationException" message="#/data: 4 schema violations found">
      <![CDATA[org.everit.json.schema.ValidationException: #/data: 4 schema violations found
at org.everit.json.schema.ValidationException.prepend(ValidationException.java:397)
at org.everit.json.schema.ValidationException.prepend(ValidationException.java:377)
at org.everit.json.schema.ObjectSchemaValidatingVisitor.visitPropertySchema(ObjectSchemaValidatingVisitor.java:160)
at org.everit.json.schema.Visitor.visitObjectSchema(Visitor.java:131)
at org.everit.json.schema.ObjectSchemaValidatingVisitor.visitObjectSchema(ObjectSchemaValidatingVisitor.java:36)
at org.everit.json.schema.ObjectSchema.accept(ObjectSchema.java:266)
at org.everit.json.schema.ValidatingVisitor.visitObjectSchema(ValidatingVisitor.java:143)
at org.everit.json.schema.ObjectSchema.accept(ObjectSchema.java:266)
at org.everit.json.schema.Visitor.visit(Visitor.java:43)
at org.everit.json.schema.ValidatingVisitor.visit(ValidatingVisitor.java:52)
at org.everit.json.schema.DefaultValidator.performValidation(Validator.java:69)
at org.everit.json.schema.Schema.validate(Schema.java:140)
at org.traveloka.commonUtils.Utils.validateJsonSchema(Utils.java:487)
at org.traveloka.experience.test.api.DestinationDetailsApiTest.testDestinationPage(DestinationDetailsApiTest.java:40)
at sun.reflect.GeneratedMethodAccessor165.invoke(Unknown Source)
at sun.reflect.DelegatingMethodAccessorImpl.invoke(DelegatingMethodAccessorImpl.java:43)
at java.lang.reflect.Method.invoke(Method.java:498)
at org.testng.internal.MethodInvocationHelper.invokeMethod(MethodInvocationHelper.java:124)
at org.testng.internal.Invoker.invokeMethod(Invoker.java:583)
at org.testng.internal.Invoker.invokeTestMethod(Invoker.java:719)
at org.testng.internal.Invoker.invokeTestMethods(Invoker.java:989)
at org.testng.internal.TestMethodWorker.invokeTestMethods(TestMethodWorker.java:125)
at org.testng.internal.TestMethodWorker.run(TestMethodWorker.java:109)
at java.util.concurrent.ThreadPoolExecutor.runWorker(ThreadPoolExecutor.java:1149)
at java.util.concurrent.ThreadPoolExecutor$Worker.run(ThreadPoolExecutor.java:624)
at java.lang.Thread.run(Thread.java:748)
]]>
    </error>
  </testcase> <!-- testDestinationPage -->
  <testcase name="testDestinationPage" time="10.549" classname="org.traveloka.experience.test.api.DestinationDetailsApiTest">
    <error type="java.lang.NullPointerException">
      <![CDATA[java.lang.NullPointerException
at org.traveloka.experience.test.api.DestinationDetailsApiTest.testDestinationPage(DestinationDetailsApiTest.java:39)
at sun.reflect.GeneratedMethodAccessor165.invoke(Unknown Source)
at sun.reflect.DelegatingMethodAccessorImpl.invoke(DelegatingMethodAccessorImpl.java:43)
at java.lang.reflect.Method.invoke(Method.java:498)
at org.testng.internal.MethodInvocationHelper.invokeMethod(MethodInvocationHelper.java:124)
at org.testng.internal.Invoker.invokeMethod(Invoker.java:583)
at org.testng.internal.Invoker.invokeTestMethod(Invoker.java:719)
at org.testng.internal.Invoker.invokeTestMethods(Invoker.java:989)
at org.testng.internal.TestMethodWorker.invokeTestMethods(TestMethodWorker.java:125)
at org.testng.internal.TestMethodWorker.run(TestMethodWorker.java:109)
at java.util.concurrent.ThreadPoolExecutor.runWorker(ThreadPoolExecutor.java:1149)
at java.util.concurrent.ThreadPoolExecutor$Worker.run(ThreadPoolExecutor.java:624)
at java.lang.Thread.run(Thread.java:748)
]]>
    </error>
  </testcase> <!-- testDestinationPage -->
  <testcase name="testDestinationPage" time="0.453" classname="org.traveloka.experience.test.api.DestinationDetailsApiTest">
    <error type="java.lang.NullPointerException">
      <![CDATA[java.lang.NullPointerException
at org.traveloka.experience.test.api.DestinationDetailsApiTest.testDestinationPage(DestinationDetailsApiTest.java:39)
at sun.reflect.NativeMethodAccessorImpl.invoke0(Native Method)
at sun.reflect.NativeMethodAccessorImpl.invoke(NativeMethodAccessorImpl.java:62)
at sun.reflect.DelegatingMethodAccessorImpl.invoke(DelegatingMethodAccessorImpl.java:43)
at java.lang.reflect.Method.invoke(Method.java:498)
at org.testng.internal.MethodInvocationHelper.invokeMethod(MethodInvocationHelper.java:124)
at org.testng.internal.Invoker.invokeMethod(Invoker.java:583)
at org.testng.internal.Invoker.invokeTestMethod(Invoker.java:719)
at org.testng.internal.Invoker.invokeTestMethods(Invoker.java:989)
at org.testng.internal.TestMethodWorker.invokeTestMethods(TestMethodWorker.java:125)
at org.testng.internal.TestMethodWorker.run(TestMethodWorker.java:109)
at java.util.concurrent.ThreadPoolExecutor.runWorker(ThreadPoolExecutor.java:1149)
at java.util.concurrent.ThreadPoolExecutor$Worker.run(ThreadPoolExecutor.java:624)
at java.lang.Thread.run(Thread.java:748)
]]>
    </error>
  </testcase> <!-- testDestinationPage -->
  <testcase name="testDestinationPage" time="0.463" classname="org.traveloka.experience.test.api.DestinationDetailsApiTest">
    <error type="org.everit.json.schema.ValidationException" message="#/data: 4 schema violations found">
      <![CDATA[org.everit.json.schema.ValidationException: #/data: 4 schema violations found
at org.everit.json.schema.ValidationException.prepend(ValidationException.java:397)
at org.everit.json.schema.ValidationException.prepend(ValidationException.java:377)
at org.everit.json.schema.ObjectSchemaValidatingVisitor.visitPropertySchema(ObjectSchemaValidatingVisitor.java:160)
at org.everit.json.schema.Visitor.visitObjectSchema(Visitor.java:131)
at org.everit.json.schema.ObjectSchemaValidatingVisitor.visitObjectSchema(ObjectSchemaValidatingVisitor.java:36)
at org.everit.json.schema.ObjectSchema.accept(ObjectSchema.java:266)
at org.everit.json.schema.ValidatingVisitor.visitObjectSchema(ValidatingVisitor.java:143)
at org.everit.json.schema.ObjectSchema.accept(ObjectSchema.java:266)
at org.everit.json.schema.Visitor.visit(Visitor.java:43)
at org.everit.json.schema.ValidatingVisitor.visit(ValidatingVisitor.java:52)
at org.everit.json.schema.DefaultValidator.performValidation(Validator.java:69)
at org.everit.json.schema.Schema.validate(Schema.java:140)
at org.traveloka.commonUtils.Utils.validateJsonSchema(Utils.java:487)
at org.traveloka.experience.test.api.DestinationDetailsApiTest.testDestinationPage(DestinationDetailsApiTest.java:40)
at sun.reflect.GeneratedMethodAccessor165.invoke(Unknown Source)
at sun.reflect.DelegatingMethodAccessorImpl.invoke(DelegatingMethodAccessorImpl.java:43)
at java.lang.reflect.Method.invoke(Method.java:498)
at org.testng.internal.MethodInvocationHelper.invokeMethod(MethodInvocationHelper.java:124)
at org.testng.internal.Invoker.invokeMethod(Invoker.java:583)
at org.testng.internal.Invoker.invokeTestMethod(Invoker.java:719)
at org.testng.internal.Invoker.invokeTestMethods(Invoker.java:989)
at org.testng.internal.TestMethodWorker.invokeTestMethods(TestMethodWorker.java:125)
at org.testng.internal.TestMethodWorker.run(TestMethodWorker.java:109)
at java.util.concurrent.ThreadPoolExecutor.runWorker(ThreadPoolExecutor.java:1149)
at java.util.concurrent.ThreadPoolExecutor$Worker.run(ThreadPoolExecutor.java:624)
at java.lang.Thread.run(Thread.java:748)
]]>
    </error>
  </testcase> <!-- testDestinationPage -->
  <testcase name="testDestinationPage" time="0.462" classname="org.traveloka.experience.test.api.DestinationDetailsApiTest">
    <error type="java.lang.NullPointerException">
      <![CDATA[java.lang.NullPointerException
at org.traveloka.experience.test.api.DestinationDetailsApiTest.testDestinationPage(DestinationDetailsApiTest.java:39)
at sun.reflect.NativeMethodAccessorImpl.invoke0(Native Method)
at sun.reflect.NativeMethodAccessorImpl.invoke(NativeMethodAccessorImpl.java:62)
at sun.reflect.DelegatingMethodAccessorImpl.invoke(DelegatingMethodAccessorImpl.java:43)
at java.lang.reflect.Method.invoke(Method.java:498)
at org.testng.internal.MethodInvocationHelper.invokeMethod(MethodInvocationHelper.java:124)
at org.testng.internal.Invoker.invokeMethod(Invoker.java:583)
at org.testng.internal.Invoker.invokeTestMethod(Invoker.java:719)
at org.testng.internal.Invoker.invokeTestMethods(Invoker.java:989)
at org.testng.internal.TestMethodWorker.invokeTestMethods(TestMethodWorker.java:125)
at org.testng.internal.TestMethodWorker.run(TestMethodWorker.java:109)
at java.util.concurrent.ThreadPoolExecutor.runWorker(ThreadPoolExecutor.java:1149)
at java.util.concurrent.ThreadPoolExecutor$Worker.run(ThreadPoolExecutor.java:624)
at java.lang.Thread.run(Thread.java:748)
]]>
    </error>
  </testcase> <!-- testDestinationPage -->
  <testcase name="testDestinationPage" time="0.462" classname="org.traveloka.experience.test.api.DestinationDetailsApiTest">
    <error type="org.everit.json.schema.ValidationException" message="#/data: 4 schema violations found">
      <![CDATA[org.everit.json.schema.ValidationException: #/data: 4 schema violations found
at org.everit.json.schema.ValidationException.prepend(ValidationException.java:397)
at org.everit.json.schema.ValidationException.prepend(ValidationException.java:377)
at org.everit.json.schema.ObjectSchemaValidatingVisitor.visitPropertySchema(ObjectSchemaValidatingVisitor.java:160)
at org.everit.json.schema.Visitor.visitObjectSchema(Visitor.java:131)
at org.everit.json.schema.ObjectSchemaValidatingVisitor.visitObjectSchema(ObjectSchemaValidatingVisitor.java:36)
at org.everit.json.schema.ObjectSchema.accept(ObjectSchema.java:266)
at org.everit.json.schema.ValidatingVisitor.visitObjectSchema(ValidatingVisitor.java:143)
at org.everit.json.schema.ObjectSchema.accept(ObjectSchema.java:266)
at org.everit.json.schema.Visitor.visit(Visitor.java:43)
at org.everit.json.schema.ValidatingVisitor.visit(ValidatingVisitor.java:52)
at org.everit.json.schema.DefaultValidator.performValidation(Validator.java:69)
at org.everit.json.schema.Schema.validate(Schema.java:140)
at org.traveloka.commonUtils.Utils.validateJsonSchema(Utils.java:487)
at org.traveloka.experience.test.api.DestinationDetailsApiTest.testDestinationPage(DestinationDetailsApiTest.java:40)
at sun.reflect.GeneratedMethodAccessor165.invoke(Unknown Source)
at sun.reflect.DelegatingMethodAccessorImpl.invoke(DelegatingMethodAccessorImpl.java:43)
at java.lang.reflect.Method.invoke(Method.java:498)
at org.testng.internal.MethodInvocationHelper.invokeMethod(MethodInvocationHelper.java:124)
at org.testng.internal.Invoker.invokeMethod(Invoker.java:583)
at org.testng.internal.Invoker.invokeTestMethod(Invoker.java:719)
at org.testng.internal.Invoker.invokeTestMethods(Invoker.java:989)
at org.testng.internal.TestMethodWorker.invokeTestMethods(TestMethodWorker.java:125)
at org.testng.internal.TestMethodWorker.run(TestMethodWorker.java:109)
at java.util.concurrent.ThreadPoolExecutor.runWorker(ThreadPoolExecutor.java:1149)
at java.util.concurrent.ThreadPoolExecutor$Worker.run(ThreadPoolExecutor.java:624)
at java.lang.Thread.run(Thread.java:748)
]]>
    </error>
  </testcase> <!-- testDestinationPage -->
  <testcase name="testDestinationPage" time="0.476" classname="org.traveloka.experience.test.api.DestinationDetailsApiTest">
    <error type="org.everit.json.schema.ValidationException" message="#/data: 4 schema violations found">
      <![CDATA[org.everit.json.schema.ValidationException: #/data: 4 schema violations found
at org.everit.json.schema.ValidationException.prepend(ValidationException.java:397)
at org.everit.json.schema.ValidationException.prepend(ValidationException.java:377)
at org.everit.json.schema.ObjectSchemaValidatingVisitor.visitPropertySchema(ObjectSchemaValidatingVisitor.java:160)
at org.everit.json.schema.Visitor.visitObjectSchema(Visitor.java:131)
at org.everit.json.schema.ObjectSchemaValidatingVisitor.visitObjectSchema(ObjectSchemaValidatingVisitor.java:36)
at org.everit.json.schema.ObjectSchema.accept(ObjectSchema.java:266)
at org.everit.json.schema.ValidatingVisitor.visitObjectSchema(ValidatingVisitor.java:143)
at org.everit.json.schema.ObjectSchema.accept(ObjectSchema.java:266)
at org.everit.json.schema.Visitor.visit(Visitor.java:43)
at org.everit.json.schema.ValidatingVisitor.visit(ValidatingVisitor.java:52)
at org.everit.json.schema.DefaultValidator.performValidation(Validator.java:69)
at org.everit.json.schema.Schema.validate(Schema.java:140)
at org.traveloka.commonUtils.Utils.validateJsonSchema(Utils.java:487)
at org.traveloka.experience.test.api.DestinationDetailsApiTest.testDestinationPage(DestinationDetailsApiTest.java:40)
at sun.reflect.GeneratedMethodAccessor165.invoke(Unknown Source)
at sun.reflect.DelegatingMethodAccessorImpl.invoke(DelegatingMethodAccessorImpl.java:43)
at java.lang.reflect.Method.invoke(Method.java:498)
at org.testng.internal.MethodInvocationHelper.invokeMethod(MethodInvocationHelper.java:124)
at org.testng.internal.Invoker.invokeMethod(Invoker.java:583)
at org.testng.internal.Invoker.invokeTestMethod(Invoker.java:719)
at org.testng.internal.Invoker.invokeTestMethods(Invoker.java:989)
at org.testng.internal.TestMethodWorker.invokeTestMethods(TestMethodWorker.java:125)
at org.testng.internal.TestMethodWorker.run(TestMethodWorker.java:109)
at java.util.concurrent.ThreadPoolExecutor.runWorker(ThreadPoolExecutor.java:1149)
at java.util.concurrent.ThreadPoolExecutor$Worker.run(ThreadPoolExecutor.java:624)
at java.lang.Thread.run(Thread.java:748)
]]>
    </error>
  </testcase> <!-- testDestinationPage -->
  <testcase name="testDestinationPage" time="10.652" classname="org.traveloka.experience.test.api.DestinationDetailsApiTest">
    <error type="java.lang.NullPointerException">
      <![CDATA[java.lang.NullPointerException
at org.traveloka.experience.test.api.DestinationDetailsApiTest.testDestinationPage(DestinationDetailsApiTest.java:39)
at sun.reflect.GeneratedMethodAccessor165.invoke(Unknown Source)
at sun.reflect.DelegatingMethodAccessorImpl.invoke(DelegatingMethodAccessorImpl.java:43)
at java.lang.reflect.Method.invoke(Method.java:498)
at org.testng.internal.MethodInvocationHelper.invokeMethod(MethodInvocationHelper.java:124)
at org.testng.internal.Invoker.invokeMethod(Invoker.java:583)
at org.testng.internal.Invoker.invokeTestMethod(Invoker.java:719)
at org.testng.internal.Invoker.invokeTestMethods(Invoker.java:989)
at org.testng.internal.TestMethodWorker.invokeTestMethods(TestMethodWorker.java:125)
at org.testng.internal.TestMethodWorker.run(TestMethodWorker.java:109)
at java.util.concurrent.ThreadPoolExecutor.runWorker(ThreadPoolExecutor.java:1149)
at java.util.concurrent.ThreadPoolExecutor$Worker.run(ThreadPoolExecutor.java:624)
at java.lang.Thread.run(Thread.java:748)
]]>
    </error>
  </testcase> <!-- testDestinationPage -->
  <testcase name="testDestinationPage" time="0.458" classname="org.traveloka.experience.test.api.DestinationDetailsApiTest">
    <error type="java.lang.NullPointerException">
      <![CDATA[java.lang.NullPointerException
at org.traveloka.experience.test.api.DestinationDetailsApiTest.testDestinationPage(DestinationDetailsApiTest.java:39)
at sun.reflect.GeneratedMethodAccessor165.invoke(Unknown Source)
at sun.reflect.DelegatingMethodAccessorImpl.invoke(DelegatingMethodAccessorImpl.java:43)
at java.lang.reflect.Method.invoke(Method.java:498)
at org.testng.internal.MethodInvocationHelper.invokeMethod(MethodInvocationHelper.java:124)
at org.testng.internal.Invoker.invokeMethod(Invoker.java:583)
at org.testng.internal.Invoker.invokeTestMethod(Invoker.java:719)
at org.testng.internal.Invoker.invokeTestMethods(Invoker.java:989)
at org.testng.internal.TestMethodWorker.invokeTestMethods(TestMethodWorker.java:125)
at org.testng.internal.TestMethodWorker.run(TestMethodWorker.java:109)
at java.util.concurrent.ThreadPoolExecutor.runWorker(ThreadPoolExecutor.java:1149)
at java.util.concurrent.ThreadPoolExecutor$Worker.run(ThreadPoolExecutor.java:624)
at java.lang.Thread.run(Thread.java:748)
]]>
    </error>
  </testcase> <!-- testDestinationPage -->
  <testcase name="testDestinationPage" time="0.462" classname="org.traveloka.experience.test.api.DestinationDetailsApiTest">
    <error type="org.everit.json.schema.ValidationException" message="#/data: 4 schema violations found">
      <![CDATA[org.everit.json.schema.ValidationException: #/data: 4 schema violations found
at org.everit.json.schema.ValidationException.prepend(ValidationException.java:397)
at org.everit.json.schema.ValidationException.prepend(ValidationException.java:377)
at org.everit.json.schema.ObjectSchemaValidatingVisitor.visitPropertySchema(ObjectSchemaValidatingVisitor.java:160)
at org.everit.json.schema.Visitor.visitObjectSchema(Visitor.java:131)
at org.everit.json.schema.ObjectSchemaValidatingVisitor.visitObjectSchema(ObjectSchemaValidatingVisitor.java:36)
at org.everit.json.schema.ObjectSchema.accept(ObjectSchema.java:266)
at org.everit.json.schema.ValidatingVisitor.visitObjectSchema(ValidatingVisitor.java:143)
at org.everit.json.schema.ObjectSchema.accept(ObjectSchema.java:266)
at org.everit.json.schema.Visitor.visit(Visitor.java:43)
at org.everit.json.schema.ValidatingVisitor.visit(ValidatingVisitor.java:52)
at org.everit.json.schema.DefaultValidator.performValidation(Validator.java:69)
at org.everit.json.schema.Schema.validate(Schema.java:140)
at org.traveloka.commonUtils.Utils.validateJsonSchema(Utils.java:487)
at org.traveloka.experience.test.api.DestinationDetailsApiTest.testDestinationPage(DestinationDetailsApiTest.java:40)
at sun.reflect.GeneratedMethodAccessor165.invoke(Unknown Source)
at sun.reflect.DelegatingMethodAccessorImpl.invoke(DelegatingMethodAccessorImpl.java:43)
at java.lang.reflect.Method.invoke(Method.java:498)
at org.testng.internal.MethodInvocationHelper.invokeMethod(MethodInvocationHelper.java:124)
at org.testng.internal.Invoker.invokeMethod(Invoker.java:583)
at org.testng.internal.Invoker.invokeTestMethod(Invoker.java:719)
at org.testng.internal.Invoker.invokeTestMethods(Invoker.java:989)
at org.testng.internal.TestMethodWorker.invokeTestMethods(TestMethodWorker.java:125)
at org.testng.internal.TestMethodWorker.run(TestMethodWorker.java:109)
at java.util.concurrent.ThreadPoolExecutor.runWorker(ThreadPoolExecutor.java:1149)
at java.util.concurrent.ThreadPoolExecutor$Worker.run(ThreadPoolExecutor.java:624)
at java.lang.Thread.run(Thread.java:748)
]]>
    </error>
  </testcase> <!-- testDestinationPage -->
  <testcase name="testDestinationPage" time="0.541" classname="org.traveloka.experience.test.api.DestinationDetailsApiTest">
    <error type="org.everit.json.schema.ValidationException" message="#/data: 4 schema violations found">
      <![CDATA[org.everit.json.schema.ValidationException: #/data: 4 schema violations found
at org.everit.json.schema.ValidationException.prepend(ValidationException.java:397)
at org.everit.json.schema.ValidationException.prepend(ValidationException.java:377)
at org.everit.json.schema.ObjectSchemaValidatingVisitor.visitPropertySchema(ObjectSchemaValidatingVisitor.java:160)
at org.everit.json.schema.Visitor.visitObjectSchema(Visitor.java:131)
at org.everit.json.schema.ObjectSchemaValidatingVisitor.visitObjectSchema(ObjectSchemaValidatingVisitor.java:36)
at org.everit.json.schema.ObjectSchema.accept(ObjectSchema.java:266)
at org.everit.json.schema.ValidatingVisitor.visitObjectSchema(ValidatingVisitor.java:143)
at org.everit.json.schema.ObjectSchema.accept(ObjectSchema.java:266)
at org.everit.json.schema.Visitor.visit(Visitor.java:43)
at org.everit.json.schema.ValidatingVisitor.visit(ValidatingVisitor.java:52)
at org.everit.json.schema.DefaultValidator.performValidation(Validator.java:69)
at org.everit.json.schema.Schema.validate(Schema.java:140)
at org.traveloka.commonUtils.Utils.validateJsonSchema(Utils.java:487)
at org.traveloka.experience.test.api.DestinationDetailsApiTest.testDestinationPage(DestinationDetailsApiTest.java:40)
at sun.reflect.GeneratedMethodAccessor165.invoke(Unknown Source)
at sun.reflect.DelegatingMethodAccessorImpl.invoke(DelegatingMethodAccessorImpl.java:43)
at java.lang.reflect.Method.invoke(Method.java:498)
at org.testng.internal.MethodInvocationHelper.invokeMethod(MethodInvocationHelper.java:124)
at org.testng.internal.Invoker.invokeMethod(Invoker.java:583)
at org.testng.internal.Invoker.invokeTestMethod(Invoker.java:719)
at org.testng.internal.Invoker.invokeTestMethods(Invoker.java:989)
at org.testng.internal.TestMethodWorker.invokeTestMethods(TestMethodWorker.java:125)
at org.testng.internal.TestMethodWorker.run(TestMethodWorker.java:109)
at java.util.concurrent.ThreadPoolExecutor.runWorker(ThreadPoolExecutor.java:1149)
at java.util.concurrent.ThreadPoolExecutor$Worker.run(ThreadPoolExecutor.java:624)
at java.lang.Thread.run(Thread.java:748)
]]>
    </error>
  </testcase> <!-- testDestinationPage -->
  <testcase name="testDestinationPage" time="0.713" classname="org.traveloka.experience.test.api.DestinationDetailsApiTest">
    <error type="org.everit.json.schema.ValidationException" message="#/data: 4 schema violations found">
      <![CDATA[org.everit.json.schema.ValidationException: #/data: 4 schema violations found
at org.everit.json.schema.ValidationException.prepend(ValidationException.java:397)
at org.everit.json.schema.ValidationException.prepend(ValidationException.java:377)
at org.everit.json.schema.ObjectSchemaValidatingVisitor.visitPropertySchema(ObjectSchemaValidatingVisitor.java:160)
at org.everit.json.schema.Visitor.visitObjectSchema(Visitor.java:131)
at org.everit.json.schema.ObjectSchemaValidatingVisitor.visitObjectSchema(ObjectSchemaValidatingVisitor.java:36)
at org.everit.json.schema.ObjectSchema.accept(ObjectSchema.java:266)
at org.everit.json.schema.ValidatingVisitor.visitObjectSchema(ValidatingVisitor.java:143)
at org.everit.json.schema.ObjectSchema.accept(ObjectSchema.java:266)
at org.everit.json.schema.Visitor.visit(Visitor.java:43)
at org.everit.json.schema.ValidatingVisitor.visit(ValidatingVisitor.java:52)
at org.everit.json.schema.DefaultValidator.performValidation(Validator.java:69)
at org.everit.json.schema.Schema.validate(Schema.java:140)
at org.traveloka.commonUtils.Utils.validateJsonSchema(Utils.java:487)
at org.traveloka.experience.test.api.DestinationDetailsApiTest.testDestinationPage(DestinationDetailsApiTest.java:40)
at sun.reflect.GeneratedMethodAccessor165.invoke(Unknown Source)
at sun.reflect.DelegatingMethodAccessorImpl.invoke(DelegatingMethodAccessorImpl.java:43)
at java.lang.reflect.Method.invoke(Method.java:498)
at org.testng.internal.MethodInvocationHelper.invokeMethod(MethodInvocationHelper.java:124)
at org.testng.internal.Invoker.invokeMethod(Invoker.java:583)
at org.testng.internal.Invoker.invokeTestMethod(Invoker.java:719)
at org.testng.internal.Invoker.invokeTestMethods(Invoker.java:989)
at org.testng.internal.TestMethodWorker.invokeTestMethods(TestMethodWorker.java:125)
at org.testng.internal.TestMethodWorker.run(TestMethodWorker.java:109)
at java.util.concurrent.ThreadPoolExecutor.runWorker(ThreadPoolExecutor.java:1149)
at java.util.concurrent.ThreadPoolExecutor$Worker.run(ThreadPoolExecutor.java:624)
at java.lang.Thread.run(Thread.java:748)
]]>
    </error>
  </testcase> <!-- testDestinationPage -->
  <testcase name="testDestinationPage" time="0.534" classname="org.traveloka.experience.test.api.DestinationDetailsApiTest">
    <error type="org.everit.json.schema.ValidationException" message="#/data: 4 schema violations found">
      <![CDATA[org.everit.json.schema.ValidationException: #/data: 4 schema violations found
at org.everit.json.schema.ValidationException.prepend(ValidationException.java:397)
at org.everit.json.schema.ValidationException.prepend(ValidationException.java:377)
at org.everit.json.schema.ObjectSchemaValidatingVisitor.visitPropertySchema(ObjectSchemaValidatingVisitor.java:160)
at org.everit.json.schema.Visitor.visitObjectSchema(Visitor.java:131)
at org.everit.json.schema.ObjectSchemaValidatingVisitor.visitObjectSchema(ObjectSchemaValidatingVisitor.java:36)
at org.everit.json.schema.ObjectSchema.accept(ObjectSchema.java:266)
at org.everit.json.schema.ValidatingVisitor.visitObjectSchema(ValidatingVisitor.java:143)
at org.everit.json.schema.ObjectSchema.accept(ObjectSchema.java:266)
at org.everit.json.schema.Visitor.visit(Visitor.java:43)
at org.everit.json.schema.ValidatingVisitor.visit(ValidatingVisitor.java:52)
at org.everit.json.schema.DefaultValidator.performValidation(Validator.java:69)
at org.everit.json.schema.Schema.validate(Schema.java:140)
at org.traveloka.commonUtils.Utils.validateJsonSchema(Utils.java:487)
at org.traveloka.experience.test.api.DestinationDetailsApiTest.testDestinationPage(DestinationDetailsApiTest.java:40)
at sun.reflect.GeneratedMethodAccessor165.invoke(Unknown Source)
at sun.reflect.DelegatingMethodAccessorImpl.invoke(DelegatingMethodAccessorImpl.java:43)
at java.lang.reflect.Method.invoke(Method.java:498)
at org.testng.internal.MethodInvocationHelper.invokeMethod(MethodInvocationHelper.java:124)
at org.testng.internal.Invoker.invokeMethod(Invoker.java:583)
at org.testng.internal.Invoker.invokeTestMethod(Invoker.java:719)
at org.testng.internal.Invoker.invokeTestMethods(Invoker.java:989)
at org.testng.internal.TestMethodWorker.invokeTestMethods(TestMethodWorker.java:125)
at org.testng.internal.TestMethodWorker.run(TestMethodWorker.java:109)
at java.util.concurrent.ThreadPoolExecutor.runWorker(ThreadPoolExecutor.java:1149)
at java.util.concurrent.ThreadPoolExecutor$Worker.run(ThreadPoolExecutor.java:624)
at java.lang.Thread.run(Thread.java:748)
]]>
    </error>
  </testcase> <!-- testDestinationPage -->
  <testcase name="testDestinationPage" time="10.581" classname="org.traveloka.experience.test.api.DestinationDetailsApiTest">
    <error type="java.lang.NullPointerException">
      <![CDATA[java.lang.NullPointerException
at org.traveloka.experience.test.api.DestinationDetailsApiTest.testDestinationPage(DestinationDetailsApiTest.java:39)
at sun.reflect.GeneratedMethodAccessor165.invoke(Unknown Source)
at sun.reflect.DelegatingMethodAccessorImpl.invoke(DelegatingMethodAccessorImpl.java:43)
at java.lang.reflect.Method.invoke(Method.java:498)
at org.testng.internal.MethodInvocationHelper.invokeMethod(MethodInvocationHelper.java:124)
at org.testng.internal.Invoker.invokeMethod(Invoker.java:583)
at org.testng.internal.Invoker.invokeTestMethod(Invoker.java:719)
at org.testng.internal.Invoker.invokeTestMethods(Invoker.java:989)
at org.testng.internal.TestMethodWorker.invokeTestMethods(TestMethodWorker.java:125)
at org.testng.internal.TestMethodWorker.run(TestMethodWorker.java:109)
at java.util.concurrent.ThreadPoolExecutor.runWorker(ThreadPoolExecutor.java:1149)
at java.util.concurrent.ThreadPoolExecutor$Worker.run(ThreadPoolExecutor.java:624)
at java.lang.Thread.run(Thread.java:748)
]]>
    </error>
  </testcase> <!-- testDestinationPage -->
  <testcase name="testDestinationPage" time="0.469" classname="org.traveloka.experience.test.api.DestinationDetailsApiTest">
    <error type="java.lang.NullPointerException">
      <![CDATA[java.lang.NullPointerException
at org.traveloka.experience.test.api.DestinationDetailsApiTest.testDestinationPage(DestinationDetailsApiTest.java:39)
at sun.reflect.GeneratedMethodAccessor165.invoke(Unknown Source)
at sun.reflect.DelegatingMethodAccessorImpl.invoke(DelegatingMethodAccessorImpl.java:43)
at java.lang.reflect.Method.invoke(Method.java:498)
at org.testng.internal.MethodInvocationHelper.invokeMethod(MethodInvocationHelper.java:124)
at org.testng.internal.Invoker.invokeMethod(Invoker.java:583)
at org.testng.internal.Invoker.invokeTestMethod(Invoker.java:719)
at org.testng.internal.Invoker.invokeTestMethods(Invoker.java:989)
at org.testng.internal.TestMethodWorker.invokeTestMethods(TestMethodWorker.java:125)
at org.testng.internal.TestMethodWorker.run(TestMethodWorker.java:109)
at java.util.concurrent.ThreadPoolExecutor.runWorker(ThreadPoolExecutor.java:1149)
at java.util.concurrent.ThreadPoolExecutor$Worker.run(ThreadPoolExecutor.java:624)
at java.lang.Thread.run(Thread.java:748)
]]>
    </error>
  </testcase> <!-- testDestinationPage -->
  <testcase name="testDestinationPage" time="10.590" classname="org.traveloka.experience.test.api.DestinationDetailsApiTest">
    <error type="java.lang.NullPointerException">
      <![CDATA[java.lang.NullPointerException
at org.traveloka.experience.test.api.DestinationDetailsApiTest.testDestinationPage(DestinationDetailsApiTest.java:39)
at sun.reflect.GeneratedMethodAccessor165.invoke(Unknown Source)
at sun.reflect.DelegatingMethodAccessorImpl.invoke(DelegatingMethodAccessorImpl.java:43)
at java.lang.reflect.Method.invoke(Method.java:498)
at org.testng.internal.MethodInvocationHelper.invokeMethod(MethodInvocationHelper.java:124)
at org.testng.internal.Invoker.invokeMethod(Invoker.java:583)
at org.testng.internal.Invoker.invokeTestMethod(Invoker.java:719)
at org.testng.internal.Invoker.invokeTestMethods(Invoker.java:989)
at org.testng.internal.TestMethodWorker.invokeTestMethods(TestMethodWorker.java:125)
at org.testng.internal.TestMethodWorker.run(TestMethodWorker.java:109)
at java.util.concurrent.ThreadPoolExecutor.runWorker(ThreadPoolExecutor.java:1149)
at java.util.concurrent.ThreadPoolExecutor$Worker.run(ThreadPoolExecutor.java:624)
at java.lang.Thread.run(Thread.java:748)
]]>
    </error>
  </testcase> <!-- testDestinationPage -->
  <testcase name="testDestinationPage" time="0.463" classname="org.traveloka.experience.test.api.DestinationDetailsApiTest">
    <error type="org.everit.json.schema.ValidationException" message="#/data: 4 schema violations found">
      <![CDATA[org.everit.json.schema.ValidationException: #/data: 4 schema violations found
at org.everit.json.schema.ValidationException.prepend(ValidationException.java:397)
at org.everit.json.schema.ValidationException.prepend(ValidationException.java:377)
at org.everit.json.schema.ObjectSchemaValidatingVisitor.visitPropertySchema(ObjectSchemaValidatingVisitor.java:160)
at org.everit.json.schema.Visitor.visitObjectSchema(Visitor.java:131)
at org.everit.json.schema.ObjectSchemaValidatingVisitor.visitObjectSchema(ObjectSchemaValidatingVisitor.java:36)
at org.everit.json.schema.ObjectSchema.accept(ObjectSchema.java:266)
at org.everit.json.schema.ValidatingVisitor.visitObjectSchema(ValidatingVisitor.java:143)
at org.everit.json.schema.ObjectSchema.accept(ObjectSchema.java:266)
at org.everit.json.schema.Visitor.visit(Visitor.java:43)
at org.everit.json.schema.ValidatingVisitor.visit(ValidatingVisitor.java:52)
at org.everit.json.schema.DefaultValidator.performValidation(Validator.java:69)
at org.everit.json.schema.Schema.validate(Schema.java:140)
at org.traveloka.commonUtils.Utils.validateJsonSchema(Utils.java:487)
at org.traveloka.experience.test.api.DestinationDetailsApiTest.testDestinationPage(DestinationDetailsApiTest.java:40)
at sun.reflect.NativeMethodAccessorImpl.invoke0(Native Method)
at sun.reflect.NativeMethodAccessorImpl.invoke(NativeMethodAccessorImpl.java:62)
at sun.reflect.DelegatingMethodAccessorImpl.invoke(DelegatingMethodAccessorImpl.java:43)
at java.lang.reflect.Method.invoke(Method.java:498)
at org.testng.internal.MethodInvocationHelper.invokeMethod(MethodInvocationHelper.java:124)
at org.testng.internal.Invoker.invokeMethod(Invoker.java:583)
at org.testng.internal.Invoker.invokeTestMethod(Invoker.java:719)
at org.testng.internal.Invoker.invokeTestMethods(Invoker.java:989)
at org.testng.internal.TestMethodWorker.invokeTestMethods(TestMethodWorker.java:125)
at org.testng.internal.TestMethodWorker.run(TestMethodWorker.java:109)
at java.util.concurrent.ThreadPoolExecutor.runWorker(ThreadPoolExecutor.java:1149)
at java.util.concurrent.ThreadPoolExecutor$Worker.run(ThreadPoolExecutor.java:624)
at java.lang.Thread.run(Thread.java:748)
]]>
    </error>
  </testcase> <!-- testDestinationPage -->
  <testcase name="testDestinationPage" time="0.467" classname="org.traveloka.experience.test.api.DestinationDetailsApiTest">
    <error type="org.everit.json.schema.ValidationException" message="#/data: 4 schema violations found">
      <![CDATA[org.everit.json.schema.ValidationException: #/data: 4 schema violations found
at org.everit.json.schema.ValidationException.prepend(ValidationException.java:397)
at org.everit.json.schema.ValidationException.prepend(ValidationException.java:377)
at org.everit.json.schema.ObjectSchemaValidatingVisitor.visitPropertySchema(ObjectSchemaValidatingVisitor.java:160)
at org.everit.json.schema.Visitor.visitObjectSchema(Visitor.java:131)
at org.everit.json.schema.ObjectSchemaValidatingVisitor.visitObjectSchema(ObjectSchemaValidatingVisitor.java:36)
at org.everit.json.schema.ObjectSchema.accept(ObjectSchema.java:266)
at org.everit.json.schema.ValidatingVisitor.visitObjectSchema(ValidatingVisitor.java:143)
at org.everit.json.schema.ObjectSchema.accept(ObjectSchema.java:266)
at org.everit.json.schema.Visitor.visit(Visitor.java:43)
at org.everit.json.schema.ValidatingVisitor.visit(ValidatingVisitor.java:52)
at org.everit.json.schema.DefaultValidator.performValidation(Validator.java:69)
at org.everit.json.schema.Schema.validate(Schema.java:140)
at org.traveloka.commonUtils.Utils.validateJsonSchema(Utils.java:487)
at org.traveloka.experience.test.api.DestinationDetailsApiTest.testDestinationPage(DestinationDetailsApiTest.java:40)
at sun.reflect.GeneratedMethodAccessor165.invoke(Unknown Source)
at sun.reflect.DelegatingMethodAccessorImpl.invoke(DelegatingMethodAccessorImpl.java:43)
at java.lang.reflect.Method.invoke(Method.java:498)
at org.testng.internal.MethodInvocationHelper.invokeMethod(MethodInvocationHelper.java:124)
at org.testng.internal.Invoker.invokeMethod(Invoker.java:583)
at org.testng.internal.Invoker.invokeTestMethod(Invoker.java:719)
at org.testng.internal.Invoker.invokeTestMethods(Invoker.java:989)
at org.testng.internal.TestMethodWorker.invokeTestMethods(TestMethodWorker.java:125)
at org.testng.internal.TestMethodWorker.run(TestMethodWorker.java:109)
at java.util.concurrent.ThreadPoolExecutor.runWorker(ThreadPoolExecutor.java:1149)
at java.util.concurrent.ThreadPoolExecutor$Worker.run(ThreadPoolExecutor.java:624)
at java.lang.Thread.run(Thread.java:748)
]]>
    </error>
  </testcase> <!-- testDestinationPage -->
</testsuite> <!-- org.traveloka.experience.test.api.DestinationDetailsApiTest -->
